*** Start analyzing build configuration ***
Auto-config - Scanning: D:\datenlord\code
Auto-config - VLOG: D:\datenlord\code
Auto-config - Wrote:
    D:\datenlord\code\.dvt\default.build.auto.1
*** List of included argument files ***
    Build configuration file:  D:\datenlord\code\.dvt\default.build
    -f D:\datenlord\code\.dvt\default.build.auto.1
*** List of invocations ***
Invocation #1 +dvt_init+dvt in D:\datenlord\code\.dvt\default.build.auto.1 at line 9
*** Done analyzing build configuration [91 ms] ***
*** Start SystemVerilog build ***
*** Loading top files ***
Loading (1) D:\datenlord\code\axi_stream_insert_header.v ...
Done D:\datenlord\code\axi_stream_insert_header.v [51 ms, 123 lines, Verilog_2001] ...
Loading (2) D:\datenlord\code\data_master.sv ...
Done D:\datenlord\code\data_master.sv [5 ms, 57 lines, SystemVerilog_2012] ...
Loading (3) D:\datenlord\code\header_master.sv ...
Done D:\datenlord\code\header_master.sv [3 ms, 41 lines, SystemVerilog_2012] ...
Loading (4) D:\datenlord\code\tb.sv ...
Done D:\datenlord\code\tb.sv [6 ms, 224 lines, SystemVerilog_2012] ...
*** Done parsing [LT 13.0 ms, PT 46.0 ms, SGT 14%, UGT 2%] ***
*** Total number of lines [445] ***
Performing post full build actions ...
Performing post full build step 1 (SRI) [0 ms] ...
Performing post full build step 2 (RI) [0 ms] ...
Performing post full build step 3 (RCP) [0 ms] ...
*** Done SystemVerilog build [69 ms] ***
*** Start mixed mode extension build ***
Performing mixed post full build step 1 (Verilog - RI) [0 ms] ...
Performing mixed post full build step 2 (Verilog - RC) [0 ms] ...
Performing mixed post full build step 3 (Verilog - RPC) [2 ms] ...
Performing mixed post full build step 4 (Verilog - RD) [1 ms] ...
Performing mixed post full build step 5 (Verilog - FSC) [57 ms] ...
Performing mixed post full build step 6 (Verilog - EV) [63 ms] ...
Performing mixed post full build step 7 (Verilog - US) [61 ms] ...
*** Done mixed mode extension build [267 ms] ***
*** Start adding/validating the DVT Auto-Linked resources ***
*** Done adding/validating the DVT Auto-Linked resources [2 ms] ***
*** Total build time [429 ms] ***
