#
# A fatal error has been detected by the Java Runtime Environment:
#
#  EXCEPTION_ACCESS_VIOLATION (0xc0000005) at pc=0x00007ffe2f70ed95, pid=16560, tid=17844
#
# JRE version: Java(TM) SE Runtime Environment (9.0+11) (build 9.0.4+11)
# Java VM: Java HotSpot(TM) 64-Bit Server VM (9.0.4+11, mixed mode, tiered, compressed oops, g1 gc, windows-amd64)
# Problematic frame:
# C  [librdi_common.dll+0x17ed95]
#
# No core dump will be written. Minidumps are not enabled by default on client versions of Windows
#
# If you would like to submit a bug report, please visit:
#   http://bugreport.java.com/bugreport/crash.jsp
# The crash happened outside the Java Virtual Machine in native code.
# See problematic frame for where to report the bug.
#

---------------  S U M M A R Y ------------

Command Line: -Dsun.java2d.pmoffscreen=false -Dsun.java2d.xrender=false -Dsun.java2d.d3d=false -Dsun.awt.nopixfmt=true -Dsun.java2d.dpiaware=true -Dsun.java2d.uiScale.enabled=false -Xverify:none -Dswing.aatext=true -XX:-UsePerfData -Djdk.map.althashing.threshold=512 -XX:StringTableSize=4072 --add-opens=java.base/java.nio=ALL-UNNAMED --add-opens=java.desktop/sun.swing=ALL-UNNAMED --add-opens=java.desktop/javax.swing=ALL-UNNAMED --add-opens=java.desktop/javax.swing.tree=ALL-UNNAMED --add-opens=java.desktop/javax.swing.plaf.basic=ALL-UNNAMED --add-opens=java.desktop/javax.swing.plaf.synth=ALL-UNNAMED --add-opens=java.desktop/com.sun.awt=ALL-UNNAMED -XX:NewSize=60m -XX:MaxNewSize=60m -Xms128m -Xmx3072m -Xss5m 

Host: Intel(R) Core(TM) i7-6700 CPU @ 3.40GHz, 8 cores, 31G,  Windows 10 , 64 bit Build 19041 (10.0.19041.1889)
Time: Sun Dec 25 11:16:44 2022 ?D1¨²¡À¨º¡Á?¨º¡À?? elapsed time: 2307 seconds (0d 0h 38m 27s)

---------------  T H R E A D  ---------------

Current thread (0x0000013f6036c800):  JavaThread "AWT-EventQueue-1" [_thread_in_native, id=17844, stack(0x0000000728400000,0x0000000728900000)]

Stack: [0x0000000728400000,0x0000000728900000],  sp=0x00000007288fafd0,  free space=5099k
Native frames: (J=compiled Java code, j=interpreted, Vv=VM code, C=native code)
C  [librdi_common.dll+0x17ed95]
C  [librdi_common.dll+0x173b75]
C  [librdi_common.dll+0x13cd4a]
C  [librdi_wavedata.dll+0x1e21df]
C  [librdi_wavedata.dll+0x2621ef]
C  [librdi_wavedata.dll+0x269f09]
C  [librdi_wavedata.dll+0x23a6cb]
C  [librdi_wavedata.dll+0x276e97]
C  0x0000013f6fd50eba

Java frames: (J=compiled Java code, j=interpreted, Vv=VM code)
J 15521  ui.views.waveform.waveformi.WVExecutive_getTooltipTextDelayed(J)Ljava/lang/String; (0 bytes) @ 0x0000013f6fd50e21 [0x0000013f6fd50de0+0x0000000000000041]
J 15939 c1 ui.views.waveform.b.a.bJ(Ljava/awt/event/MouseEvent;)V (135 bytes) @ 0x0000013f69e9c4a4 [0x0000013f69e9be00+0x00000000000006a4]
J 15510 c1 ui.views.waveform.b.a.mouseMoved(Ljava/awt/event/MouseEvent;)V (32 bytes) @ 0x0000013f68d41e6c [0x0000013f68d41920+0x000000000000054c]
J 18273 c2 java.awt.AWTEventMulticaster.mouseMoved(Ljava/awt/event/MouseEvent;)V java.desktop@9.0.4 (27 bytes) @ 0x0000013f70050b74 [0x0000013f70050ac0+0x00000000000000b4]
J 18273 c2 java.awt.AWTEventMulticaster.mouseMoved(Ljava/awt/event/MouseEvent;)V java.desktop@9.0.4 (27 bytes) @ 0x0000013f70050b34 [0x0000013f70050ac0+0x0000000000000074]
J 18723 c2 javax.swing.JComponent.processMouseMotionEvent(Ljava/awt/event/MouseEvent;)V java.desktop@9.0.4 (46 bytes) @ 0x0000013f700f825c [0x0000013f700f81c0+0x000000000000009c]
J 15433 c1 ui.frmwork.c.i.processMouseMotionEvent(Ljava/awt/event/MouseEvent;)V (131 bytes) @ 0x0000013f68cce744 [0x0000013f68ccd880+0x0000000000000ec4]
J 14262 c2 java.awt.Container.processEvent(Ljava/awt/AWTEvent;)V java.desktop@9.0.4 (22 bytes) @ 0x0000013f6fb78318 [0x0000013f6fb781a0+0x0000000000000178]
J 18624 c2 java.awt.Component.dispatchEventImpl(Ljava/awt/AWTEvent;)V java.desktop@9.0.4 (739 bytes) @ 0x0000013f700c202c [0x0000013f700c12a0+0x0000000000000d8c]
J 18379 c2 java.awt.Container.dispatchEventImpl(Ljava/awt/AWTEvent;)V java.desktop@9.0.4 (129 bytes) @ 0x0000013f7006a560 [0x0000013f7006a500+0x0000000000000060]
J 17023 c2 java.awt.LightweightDispatcher.retargetMouseEvent(Ljava/awt/Component;ILjava/awt/event/MouseEvent;)V java.desktop@9.0.4 (350 bytes) @ 0x0000013f6f61e98c [0x0000013f6f61e3a0+0x00000000000005ec]
J 18379 c2 java.awt.Container.dispatchEventImpl(Ljava/awt/AWTEvent;)V java.desktop@9.0.4 (129 bytes) @ 0x0000013f7006adfc [0x0000013f7006a500+0x00000000000008fc]
J 18631 c2 java.awt.Window.dispatchEventImpl(Ljava/awt/AWTEvent;)V java.desktop@9.0.4 (23 bytes) @ 0x0000013f700d1f0c [0x0000013f700d1ec0+0x000000000000004c]
J 16986 c2 java.awt.EventQueue.dispatchEventImpl(Ljava/awt/AWTEvent;Ljava/lang/Object;)V java.desktop@9.0.4 (136 bytes) @ 0x0000013f6f6215a8 [0x0000013f6f620fe0+0x00000000000005c8]
J 17019 c2 java.awt.EventQueue$3.run()Ljava/lang/Object; java.desktop@9.0.4 (5 bytes) @ 0x0000013f6f57f9ac [0x0000013f6f57f940+0x000000000000006c]
v  ~StubRoutines::call_stub
J 4180  java.security.AccessController.doPrivileged(Ljava/security/PrivilegedAction;Ljava/security/AccessControlContext;)Ljava/lang/Object; java.base@9.0.4 (0 bytes) @ 0x0000013f6f2343c6 [0x0000013f6f234360+0x0000000000000066]
J 18091 c2 java.awt.EventQueue$4.run()Ljava/lang/Object; java.desktop@9.0.4 (5 bytes) @ 0x0000013f6f965440 [0x0000013f6f9651e0+0x0000000000000260]
v  ~StubRoutines::call_stub
J 4180  java.security.AccessController.doPrivileged(Ljava/security/PrivilegedAction;Ljava/security/AccessControlContext;)Ljava/lang/Object; java.base@9.0.4 (0 bytes) @ 0x0000013f6f2343c6 [0x0000013f6f234360+0x0000000000000066]
J 15085 c2 ui.frmwork.b.d.dispatchEvent(Ljava/awt/AWTEvent;)V (34 bytes) @ 0x0000013f6fca3ba8 [0x0000013f6fca3780+0x0000000000000428]
J 17634 c2 java.awt.EventDispatchThread.pumpOneEventForFilters(I)V java.desktop@9.0.4 (218 bytes) @ 0x0000013f6f305028 [0x0000013f6f304d80+0x00000000000002a8]
J 19373% c2 java.awt.EventDispatchThread.pumpEventsForFilter(ILjava/awt/Conditional;Ljava/awt/EventFilter;)V java.desktop@9.0.4 (47 bytes) @ 0x0000013f6fdddb58 [0x0000013f6fddda40+0x0000000000000118]
j  java.awt.EventDispatchThread.pumpEventsForHierarchy(ILjava/awt/Conditional;Ljava/awt/Component;)V+11 java.desktop@9.0.4
j  java.awt.EventDispatchThread.pumpEvents(ILjava/awt/Conditional;)V+4 java.desktop@9.0.4
j  java.awt.EventDispatchThread.pumpEvents(Ljava/awt/Conditional;)V+3 java.desktop@9.0.4
j  java.awt.EventDispatchThread.run()V+9 java.desktop@9.0.4
v  ~StubRoutines::call_stub

siginfo: EXCEPTION_ACCESS_VIOLATION (0xc0000005), reading address 0xffffffffffffffff


Register to memory mapping:

RIP=0x00007ffe2f70ed95 librdi_common.dll
RAX=0x0000013f54976001 is an unknown value
RBX=0x9004400066d4c267 is an unknown value
RCX=0x0000013f54976040 is an unknown value
RDX=0x9004400066d4c267 is an unknown value
RSP=0x00000007288fafd0 is pointing into the stack for thread: 0x0000013f6036c800
RBP=0x00000007288fb100 is pointing into the stack for thread: 0x0000013f6036c800
RSI=0x0000013f07a75930 is an unknown value
RDI=0x00000007288fb1e8 is pointing into the stack for thread: 0x0000013f6036c800
R8 =0x00000007288fb1e8 is pointing into the stack for thread: 0x0000013f6036c800
R9 =0x0000000000000000 is an unknown value
R10=0x00007ffe50880000 VCRUNTIME140.dll
R11=0xe7f0099222290130 is an unknown value
R12=0x00000007288fb1e8 is pointing into the stack for thread: 0x0000013f6036c800
R13=0x0000000000000000 is an unknown value
R14=0x0000013f54d1e0e0 is an unknown value
R15=0x9004400066d4c267 is an unknown value


Registers:
RAX=0x0000013f54976001, RBX=0x9004400066d4c267, RCX=0x0000013f54976040, RDX=0x9004400066d4c267
RSP=0x00000007288fafd0, RBP=0x00000007288fb100, RSI=0x0000013f07a75930, RDI=0x00000007288fb1e8
R8 =0x00000007288fb1e8, R9 =0x0000000000000000, R10=0x00007ffe50880000, R11=0xe7f0099222290130
R12=0x00000007288fb1e8, R13=0x0000000000000000, R14=0x0000013f54d1e0e0, R15=0x9004400066d4c267
RIP=0x00007ffe2f70ed95, EFLAGS=0x0000000000010202

Top of Stack: (sp=0x00000007288fafd0)
0x00000007288fafd0:   00000007288fb380 00007ffe4e1b2cf7
0x00000007288fafe0:   0000000700000000 9004400066d4c267
0x00000007288faff0:   9004400066d4c267 00007ffe2f703b75
0x00000007288fb000:   000000000001da32 00007ffe4e1b2f5f
0x00000007288fb010:   00004275232723cb 0000000000000000
0x00000007288fb020:   0000013f164bc970 0000013f06dedba0
0x00000007288fb030:   0000000000000002 00007ffe2f76c825
0x00000007288fb040:   0000013f0792d9f0 0000013f06dedba8
0x00000007288fb050:   0000013f06dedbe8 0000013f06dedba0
0x00000007288fb060:   fffffffffffffffe 00007ffe2fd28aad
0x00000007288fb070:   fffffffffffffffe 00007ffe3041dbc0
0x00000007288fb080:   0000013f06dedba0 0000013f52e30038
0x00000007288fb090:   00000007288fb1e8 00007ffe2f76bb16
0x00000007288fb0a0:   0000013f06dedba0 00000007288fb1e8
0x00000007288fb0b0:   0000013f00000002 0000000000000000
0x00000007288fb0c0:   fffffffffffffffe 000000000000000f 

Instructions: (pc=0x00007ffe2f70ed95)
0x00007ffe2f70ed75:   20 48 8b d9 e8 22 c4 04 00 48 8b c8 48 8b d3 e8
0x00007ffe2f70ed85:   27 0d 05 00 84 c0 75 08 33 c0 48 83 c4 20 5b c3
0x00007ffe2f70ed95:   48 8b 4b 50 48 85 c9 74 0a 48 83 c4 20 5b e9 68
0x00007ffe2f70eda5:   e2 04 00 48 8b d3 48 8d 0d 66 ce 78 00 e8 59 b7 



---------------  P R O C E S S  ---------------

Java Threads: ( => current thread )
  0x0000013f153fb800 JavaThread "Relaunch Simulation Thread" [_thread_blocked, id=856, stack(0x000000072b900000,0x000000072be00000)]
  0x0000013f153f7000 JavaThread "Thread-1498" [_thread_in_native, id=16200, stack(0x0000000720900000,0x0000000720a00000)]
  0x0000013f153fd000 JavaThread "Image Animator 0" daemon [_thread_blocked, id=1408, stack(0x000000072d400000,0x000000072d900000)]
  0x0000013f153f7800 JavaThread "SyntheticaAnimation 50" daemon [_thread_blocked, id=9628, stack(0x0000000727500000,0x0000000727a00000)]
  0x0000013f153f5800 JavaThread "Update Runs Swing Worker Thread" [_thread_blocked, id=7304, stack(0x000000072be00000,0x000000072c300000)]
  0x0000013f153f2800 JavaThread "hw_ila_monitor" [_thread_blocked, id=11060, stack(0x000000072b400000,0x000000072b900000)]
  0x0000013f153f8800 JavaThread "Refresh Filesets Swing Worker Thread" [_thread_blocked, id=10844, stack(0x000000072af00000,0x000000072b400000)]
  0x0000013f5eaec000 JavaThread "SyntheticaAnimation 70" daemon [_thread_blocked, id=17108, stack(0x000000072aa00000,0x000000072af00000)]
  0x0000013f5eaef000 JavaThread "SyntheticaAnimation 25" daemon [_thread_blocked, id=8756, stack(0x000000072a000000,0x000000072a500000)]
  0x0000013f5eaea000 JavaThread "SyntheticaAnimation 50" daemon [_thread_blocked, id=5216, stack(0x0000000729b00000,0x000000072a000000)]
  0x0000013f5eaed800 JavaThread "Monitor HEventQueue Thread" [_thread_blocked, id=17648, stack(0x0000000729600000,0x0000000729b00000)]
  0x0000013f5eaed000 JavaThread "SyntheticaCleanerThread" daemon [_thread_blocked, id=14988, stack(0x0000000728e00000,0x0000000729300000)]
  0x0000013f5eaee800 JavaThread "Batik CleanerThread" daemon [_thread_blocked, id=1360, stack(0x0000000727a00000,0x0000000727f00000)]
=>0x0000013f6036c800 JavaThread "AWT-EventQueue-1" [_thread_in_native, id=17844, stack(0x0000000728400000,0x0000000728900000)]
  0x0000013f6038e000 JavaThread "Process Messages Thread" [_thread_blocked, id=14264, stack(0x0000000727f00000,0x0000000728400000)]
  0x0000013f02fbd800 JavaThread "Thread-1" [_thread_in_native, id=5184, stack(0x0000000720d00000,0x0000000722100000)]
  0x0000013f5dcd1000 JavaThread "TimerQueue" daemon [_thread_blocked, id=17180, stack(0x0000000727000000,0x0000000727500000)]
  0x0000013f5eab7000 JavaThread "AWT-Windows" daemon [_thread_in_native, id=16016, stack(0x0000000726b00000,0x0000000727000000)]
  0x0000013f5fcd0000 JavaThread "AWT-Shutdown" [_thread_blocked, id=15660, stack(0x0000000726600000,0x0000000726b00000)]
  0x0000013f5fccf800 JavaThread "Java2D Disposer" daemon [_thread_blocked, id=16912, stack(0x0000000726100000,0x0000000726600000)]
  0x0000013f5eb30000 JavaThread "Service Thread" daemon [_thread_blocked, id=7144, stack(0x0000000725b00000,0x0000000726000000)]
  0x0000013f5bf83800 JavaThread "Common-Cleaner" daemon [_thread_blocked, id=10132, stack(0x0000000725600000,0x0000000725b00000)]
  0x0000013f5eaeb800 JavaThread "Sweeper thread" daemon [_thread_blocked, id=6456, stack(0x0000000725100000,0x0000000725600000)]
  0x0000013f5b8ac000 JavaThread "C1 CompilerThread3" daemon [_thread_blocked, id=15460, stack(0x0000000725000000,0x0000000725100000)]
  0x0000013f5f1ce000 JavaThread "C2 CompilerThread2" daemon [_thread_blocked, id=9616, stack(0x0000000724f00000,0x0000000725000000)]
  0x0000013f5f1cd800 JavaThread "C2 CompilerThread1" daemon [_thread_blocked, id=12244, stack(0x0000000724e00000,0x0000000724f00000)]
  0x0000013f5f405000 JavaThread "C2 CompilerThread0" daemon [_thread_blocked, id=15656, stack(0x0000000724d00000,0x0000000724e00000)]
  0x0000013f5b6c7000 JavaThread "Attach Listener" daemon [_thread_blocked, id=15504, stack(0x0000000724800000,0x0000000724d00000)]
  0x0000013f57110800 JavaThread "Signal Dispatcher" daemon [_thread_blocked, id=15844, stack(0x0000000724300000,0x0000000724800000)]
  0x0000013f588c3000 JavaThread "Finalizer" daemon [_thread_blocked, id=8972, stack(0x0000000723e00000,0x0000000724300000)]
  0x0000013f588c2800 JavaThread "Reference Handler" daemon [_thread_blocked, id=12340, stack(0x0000000723900000,0x0000000723e00000)]
  0x0000013f5e4c6800 JavaThread "main" [_thread_blocked, id=13572, stack(0x0000000720c00000,0x0000000720d00000)]

Other Threads:
  0x0000013f58210800 VMThread "VM Thread" [stack: 0x0000000723800000,0x0000000723900000] [id=10496]
  0x0000013f5d63f000 WatcherThread [stack: 0x0000000726000000,0x0000000726100000] [id=9152]
  0x0000013f5d634800 GCTaskThread "GC Thread#0" [stack: 0x0000000722400000,0x0000000722500000] [id=416]
  0x0000013f5d63b800 GCTaskThread "GC Thread#1" [stack: 0x0000000722500000,0x0000000722600000] [id=3204]
  0x0000013f5d638800 GCTaskThread "GC Thread#2" [stack: 0x0000000722600000,0x0000000722700000] [id=2876]
  0x0000013f5d63c000 GCTaskThread "GC Thread#3" [stack: 0x0000000722700000,0x0000000722800000] [id=2132]
  0x0000013f5d635000 GCTaskThread "GC Thread#4" [stack: 0x0000000722800000,0x0000000722900000] [id=12464]
  0x0000013f5d63c800 GCTaskThread "GC Thread#5" [stack: 0x0000000722900000,0x0000000722a00000] [id=5300]
  0x0000013f5d636000 GCTaskThread "GC Thread#6" [stack: 0x0000000722a00000,0x0000000722b00000] [id=15892]
  0x0000013f5d63d800 GCTaskThread "GC Thread#7" [stack: 0x0000000722b00000,0x0000000722c00000] [id=2008]
  0x0000013f5ea18000 ConcurrentGCThread "G1 Main Marker" [stack: 0x0000000723500000,0x0000000723600000] [id=13640]
  0x0000013f5d63e000 ConcurrentGCThread "G1 Marker#0" [stack: 0x0000000723600000,0x0000000723700000] [id=13828]
  0x0000013f5d63e800 ConcurrentGCThread "G1 Marker#1" [stack: 0x0000000723700000,0x0000000723800000] [id=13024]
  0x0000013f5e834000 ConcurrentGCThread "G1 Refine#0" [stack: 0x0000000723300000,0x0000000723400000] [id=5512]
  0x0000013f5e833800 ConcurrentGCThread "G1 Refine#1" [stack: 0x0000000723200000,0x0000000723300000] [id=15708]
  0x0000013f5ee0f000 ConcurrentGCThread "G1 Refine#2" [stack: 0x0000000723100000,0x0000000723200000] [id=8040]
  0x0000013f585c2000 ConcurrentGCThread "G1 Refine#3" [stack: 0x0000000723000000,0x0000000723100000] [id=2024]
  0x0000013f5f5d1800 ConcurrentGCThread "G1 Refine#4" [stack: 0x0000000722f00000,0x0000000723000000] [id=17888]
  0x0000013f5f5d1000 ConcurrentGCThread "G1 Refine#5" [stack: 0x0000000722e00000,0x0000000722f00000] [id=16220]
  0x0000013f5f5d0800 ConcurrentGCThread "G1 Refine#6" [stack: 0x0000000722d00000,0x0000000722e00000] [id=9720]
  0x0000013f5ea10000 ConcurrentGCThread "G1 Refine#7" [stack: 0x0000000722c00000,0x0000000722d00000] [id=11124]
  0x0000013f5d945800 ConcurrentGCThread "G1 Young RemSet Sampling" [stack: 0x0000000723400000,0x0000000723500000] [id=3040]

Threads with active compile tasks:

VM state:not at safepoint (normal execution)

VM Mutex/Monitor currently owned by a thread: None

Heap address: 0x00000004d5400000, size: 3072 MB, Compressed Oops mode: Zero based, Oop shift amount: 3
Narrow klass base: 0x0000000000000000, Narrow klass shift: 3
Compressed class space size: 1073741824 Address: 0x0000000595400000

Heap:
 garbage-first heap   total 186368K, used 85497K [0x00000004d5400000, 0x00000004d55005b0, 0x0000000595400000)
  region size 1024K, 19 young (19456K), 1 survivors (1024K)
 Metaspace       used 80341K, capacity 85615K, committed 85808K, reserved 1124352K
  class space    used 10876K, capacity 11792K, committed 11824K, reserved 1048576K
Heap Regions: E=young(eden), S=young(survivor), O=old, HS=humongous(starts), HC=humongous(continues), CS=collection set, F=free, A=archive, TS=gc time stamp, AC=allocation context, TAMS=top-at-mark-start (previous, next)
|   0|0x00000004d5400000, 0x00000004d54fc2f0, 0x00000004d5500000| 98%| O|  |TS  0|AC  0|TAMS 0x00000004d5400000, 0x00000004d5400000|
|   1|0x00000004d5500000, 0x00000004d55ffff8, 0x00000004d5600000| 99%| O|  |TS  0|AC  0|TAMS 0x00000004d5500000, 0x00000004d5500000|
|   2|0x00000004d5600000, 0x00000004d56fa900, 0x00000004d5700000| 97%| O|  |TS  0|AC  0|TAMS 0x00000004d5600000, 0x00000004d5600000|
|   3|0x00000004d5700000, 0x00000004d57fdf38, 0x00000004d5800000| 99%| O|  |TS  0|AC  0|TAMS 0x00000004d5700000, 0x00000004d5700000|
|   4|0x00000004d5800000, 0x00000004d5900000, 0x00000004d5900000|100%|HS|  |TS  0|AC  0|TAMS 0x00000004d5800000, 0x00000004d5800000|
|   5|0x00000004d5900000, 0x00000004d5a00000, 0x00000004d5a00000|100%|HC|  |TS  0|AC  0|TAMS 0x00000004d5900000, 0x00000004d5900000|
|   6|0x00000004d5a00000, 0x00000004d5b00000, 0x00000004d5b00000|100%|HS|  |TS  0|AC  0|TAMS 0x00000004d5a00000, 0x00000004d5a00000|
|   7|0x00000004d5b00000, 0x00000004d5bfc280, 0x00000004d5c00000| 98%| O|  |TS  0|AC  0|TAMS 0x00000004d5b00000, 0x00000004d5b00000|
|   8|0x00000004d5c00000, 0x00000004d5cf16a0, 0x00000004d5d00000| 94%| O|  |TS  0|AC  0|TAMS 0x00000004d5c00000, 0x00000004d5c00000|
|   9|0x00000004d5d00000, 0x00000004d5df45b0, 0x00000004d5e00000| 95%| O|  |TS  0|AC  0|TAMS 0x00000004d5d00000, 0x00000004d5d00000|
|  10|0x00000004d5e00000, 0x00000004d5f00000, 0x00000004d5f00000|100%| O|  |TS  0|AC  0|TAMS 0x00000004d5e00000, 0x00000004d5e00000|
|  11|0x00000004d5f00000, 0x00000004d6000000, 0x00000004d6000000|100%| O|  |TS  0|AC  0|TAMS 0x00000004d5f00000, 0x00000004d5f00000|
|  12|0x00000004d6000000, 0x00000004d6100000, 0x00000004d6100000|100%| O|  |TS  0|AC  0|TAMS 0x00000004d6000000, 0x00000004d6000000|
|  13|0x00000004d6100000, 0x00000004d6200000, 0x00000004d6200000|100%| O|  |TS  0|AC  0|TAMS 0x00000004d6100000, 0x00000004d6100000|
|  14|0x00000004d6200000, 0x00000004d62fffb0, 0x00000004d6300000| 99%| O|  |TS  0|AC  0|TAMS 0x00000004d6200000, 0x00000004d6200000|
|  15|0x00000004d6300000, 0x00000004d63ec968, 0x00000004d6400000| 92%| O|  |TS  0|AC  0|TAMS 0x00000004d6300000, 0x00000004d6300000|
|  16|0x00000004d6400000, 0x00000004d64fca78, 0x00000004d6500000| 98%| O|  |TS  0|AC  0|TAMS 0x00000004d6400000, 0x00000004d6400000|
|  17|0x00000004d6500000, 0x00000004d65ffff0, 0x00000004d6600000| 99%| O|  |TS  0|AC  0|TAMS 0x00000004d6500000, 0x00000004d6500000|
|  18|0x00000004d6600000, 0x00000004d66ffff0, 0x00000004d6700000| 99%| O|  |TS  0|AC  0|TAMS 0x00000004d6600000, 0x00000004d6600000|
|  19|0x00000004d6700000, 0x00000004d67ffff8, 0x00000004d6800000| 99%| O|  |TS  0|AC  0|TAMS 0x00000004d6700000, 0x00000004d6700000|
|  20|0x00000004d6800000, 0x00000004d68fffd8, 0x00000004d6900000| 99%| O|  |TS  0|AC  0|TAMS 0x00000004d6800000, 0x00000004d6800000|
|  21|0x00000004d6900000, 0x00000004d69fffa8, 0x00000004d6a00000| 99%| O|  |TS  0|AC  0|TAMS 0x00000004d6900000, 0x00000004d6900000|
|  22|0x00000004d6a00000, 0x00000004d6abe950, 0x00000004d6b00000| 74%| O|  |TS  0|AC  0|TAMS 0x00000004d6a00000, 0x00000004d6a00000|
|  23|0x00000004d6b00000, 0x00000004d6bfffd0, 0x00000004d6c00000| 99%| O|  |TS  0|AC  0|TAMS 0x00000004d6b00000, 0x00000004d6b00000|
|  24|0x00000004d6c00000, 0x00000004d6cffff0, 0x00000004d6d00000| 99%| O|  |TS  0|AC  0|TAMS 0x00000004d6c00000, 0x00000004d6c00000|
|  25|0x00000004d6d00000, 0x00000004d6dffff0, 0x00000004d6e00000| 99%| O|  |TS  0|AC  0|TAMS 0x00000004d6d00000, 0x00000004d6d00000|
|  26|0x00000004d6e00000, 0x00000004d6effff0, 0x00000004d6f00000| 99%| O|  |TS  0|AC  0|TAMS 0x00000004d6e00000, 0x00000004d6e00000|
|  27|0x00000004d6f00000, 0x00000004d7000000, 0x00000004d7000000|100%| O|  |TS  0|AC  0|TAMS 0x00000004d6f00000, 0x00000004d6f00000|
|  28|0x00000004d7000000, 0x00000004d70ffdb8, 0x00000004d7100000| 99%| O|  |TS  0|AC  0|TAMS 0x00000004d7000000, 0x00000004d7000000|
|  29|0x00000004d7100000, 0x00000004d71fffb0, 0x00000004d7200000| 99%| O|  |TS  0|AC  0|TAMS 0x00000004d7100000, 0x00000004d7100000|
|  30|0x00000004d7200000, 0x00000004d72ffff8, 0x00000004d7300000| 99%| O|  |TS  0|AC  0|TAMS 0x00000004d7200000, 0x00000004d7200000|
|  31|0x00000004d7300000, 0x00000004d73ffff0, 0x00000004d7400000| 99%| O|  |TS  0|AC  0|TAMS 0x00000004d7300000, 0x00000004d7300000|
|  32|0x00000004d7400000, 0x00000004d74ffff8, 0x00000004d7500000| 99%| O|  |TS  0|AC  0|TAMS 0x00000004d7400000, 0x00000004d7400000|
|  33|0x00000004d7500000, 0x00000004d75fffd8, 0x00000004d7600000| 99%| O|  |TS  0|AC  0|TAMS 0x00000004d7500000, 0x00000004d7500000|
|  34|0x00000004d7600000, 0x00000004d76fffe8, 0x00000004d7700000| 99%| O|  |TS  0|AC  0|TAMS 0x00000004d7600000, 0x00000004d7600000|
|  35|0x00000004d7700000, 0x00000004d77ffef8, 0x00000004d7800000| 99%| O|  |TS  0|AC  0|TAMS 0x00000004d7700000, 0x00000004d7700000|
|  36|0x00000004d7800000, 0x00000004d78ffe60, 0x00000004d7900000| 99%| O|  |TS  0|AC  0|TAMS 0x00000004d7800000, 0x00000004d7800000|
|  37|0x00000004d7900000, 0x00000004d79ffff8, 0x00000004d7a00000| 99%| O|  |TS  0|AC  0|TAMS 0x00000004d7900000, 0x00000004d7900000|
|  38|0x00000004d7a00000, 0x00000004d7b00000, 0x00000004d7b00000|100%| O|  |TS  0|AC  0|TAMS 0x00000004d7a00000, 0x00000004d7a00000|
|  39|0x00000004d7b00000, 0x00000004d7bfffe8, 0x00000004d7c00000| 99%| O|  |TS  0|AC  0|TAMS 0x00000004d7b00000, 0x00000004d7b00000|
|  40|0x00000004d7c00000, 0x00000004d7cfef40, 0x00000004d7d00000| 99%| O|  |TS  0|AC  0|TAMS 0x00000004d7c00000, 0x00000004d7c00000|
|  41|0x00000004d7d00000, 0x00000004d7dffea0, 0x00000004d7e00000| 99%| O|  |TS  0|AC  0|TAMS 0x00000004d7d00000, 0x00000004d7d00000|
|  42|0x00000004d7e00000, 0x00000004d7effe58, 0x00000004d7f00000| 99%| O|  |TS  0|AC  0|TAMS 0x00000004d7e00000, 0x00000004d7e00000|
|  43|0x00000004d7f00000, 0x00000004d7fffd08, 0x00000004d8000000| 99%| O|  |TS  0|AC  0|TAMS 0x00000004d7f00000, 0x00000004d7f00000|
|  44|0x00000004d8000000, 0x00000004d8100000, 0x00000004d8100000|100%| O|  |TS  0|AC  0|TAMS 0x00000004d8000000, 0x00000004d8000000|
|  45|0x00000004d8100000, 0x00000004d81ffff0, 0x00000004d8200000| 99%| O|  |TS  0|AC  0|TAMS 0x00000004d8100000, 0x00000004d8100000|
|  46|0x00000004d8200000, 0x00000004d82ffff8, 0x00000004d8300000| 99%| O|  |TS  0|AC  0|TAMS 0x00000004d8200000, 0x00000004d8200000|
|  47|0x00000004d8300000, 0x00000004d83fffd8, 0x00000004d8400000| 99%| O|  |TS  0|AC  0|TAMS 0x00000004d8300000, 0x00000004d8300000|
|  48|0x00000004d8400000, 0x00000004d84ffff0, 0x00000004d8500000| 99%| O|  |TS  0|AC  0|TAMS 0x00000004d8400000, 0x00000004d8400000|
|  49|0x00000004d8500000, 0x00000004d85feb90, 0x00000004d8600000| 99%| O|  |TS  0|AC  0|TAMS 0x00000004d8500000, 0x00000004d8500000|
|  50|0x00000004d8600000, 0x00000004d8700000, 0x00000004d8700000|100%|HS|  |TS  0|AC  0|TAMS 0x00000004d8600000, 0x00000004d8600000|
|  51|0x00000004d8700000, 0x00000004d8800000, 0x00000004d8800000|100%|HC|  |TS  0|AC  0|TAMS 0x00000004d8700000, 0x00000004d8700000|
|  52|0x00000004d8800000, 0x00000004d8900000, 0x00000004d8900000|100%|HC|  |TS  0|AC  0|TAMS 0x00000004d8800000, 0x00000004d8800000|
|  53|0x00000004d8900000, 0x00000004d8a00000, 0x00000004d8a00000|100%|HC|  |TS  0|AC  0|TAMS 0x00000004d8900000, 0x00000004d8900000|
|  54|0x00000004d8a00000, 0x00000004d8b00000, 0x00000004d8b00000|100%|HC|  |TS  0|AC  0|TAMS 0x00000004d8a00000, 0x00000004d8a00000|
|  55|0x00000004d8b00000, 0x00000004d8c00000, 0x00000004d8c00000|100%|HC|  |TS  0|AC  0|TAMS 0x00000004d8b00000, 0x00000004d8b00000|
|  56|0x00000004d8c00000, 0x00000004d8d00000, 0x00000004d8d00000|100%|HC|  |TS  0|AC  0|TAMS 0x00000004d8c00000, 0x00000004d8c00000|
|  57|0x00000004d8d00000, 0x00000004d8e00000, 0x00000004d8e00000|100%|HC|  |TS  0|AC  0|TAMS 0x00000004d8d00000, 0x00000004d8d00000|
|  58|0x00000004d8e00000, 0x00000004d8effa88, 0x00000004d8f00000| 99%| O|  |TS  0|AC  0|TAMS 0x00000004d8e00000, 0x00000004d8e00000|
|  59|0x00000004d8f00000, 0x00000004d9000000, 0x00000004d9000000|100%| O|  |TS  0|AC  0|TAMS 0x00000004d8f00000, 0x00000004d8f00000|
|  60|0x00000004d9000000, 0x00000004d90fffe8, 0x00000004d9100000| 99%| O|  |TS  0|AC  0|TAMS 0x00000004d9000000, 0x00000004d9000000|
|  61|0x00000004d9100000, 0x00000004d91fffe8, 0x00000004d9200000| 99%| O|  |TS  0|AC  0|TAMS 0x00000004d9100000, 0x00000004d9100000|
|  62|0x00000004d9200000, 0x00000004d92ffe90, 0x00000004d9300000| 99%| O|  |TS  0|AC  0|TAMS 0x00000004d9200000, 0x00000004d9200000|
|  63|0x00000004d9300000, 0x00000004d9400000, 0x00000004d9400000|100%|HS|  |TS  0|AC  0|TAMS 0x00000004d9300000, 0x00000004d9300000|
|  64|0x00000004d9400000, 0x00000004d9500000, 0x00000004d9500000|100%|HC|  |TS  0|AC  0|TAMS 0x00000004d9400000, 0x00000004d9400000|
|  65|0x00000004d9500000, 0x00000004d955d4d8, 0x00000004d9600000| 36%| O|  |TS  0|AC  0|TAMS 0x00000004d9500000, 0x00000004d9500000|
|  66|0x00000004d9600000, 0x00000004d9700000, 0x00000004d9700000|100%|HS|  |TS  0|AC  0|TAMS 0x00000004d9600000, 0x00000004d9600000|
|  67|0x00000004d9700000, 0x00000004d9700000, 0x00000004d9800000|  0%| F|  |TS  0|AC  0|TAMS 0x00000004d9700000, 0x00000004d9700000|
|  68|0x00000004d9800000, 0x00000004d9800000, 0x00000004d9900000|  0%| F|  |TS  0|AC  0|TAMS 0x00000004d9800000, 0x00000004d9800000|
|  69|0x00000004d9900000, 0x00000004d9900000, 0x00000004d9a00000|  0%| F|  |TS  0|AC  0|TAMS 0x00000004d9900000, 0x00000004d9900000|
|  70|0x00000004d9a00000, 0x00000004d9a00000, 0x00000004d9b00000|  0%| F|  |TS  0|AC  0|TAMS 0x00000004d9a00000, 0x00000004d9a00000|
|  71|0x00000004d9b00000, 0x00000004d9b00000, 0x00000004d9c00000|  0%| F|  |TS  0|AC  0|TAMS 0x00000004d9b00000, 0x00000004d9b00000|
|  72|0x00000004d9c00000, 0x00000004d9c00000, 0x00000004d9d00000|  0%| F|  |TS  0|AC  0|TAMS 0x00000004d9c00000, 0x00000004d9c00000|
|  73|0x00000004d9d00000, 0x00000004d9d00000, 0x00000004d9e00000|  0%| F|  |TS  0|AC  0|TAMS 0x00000004d9d00000, 0x00000004d9d00000|
|  74|0x00000004d9e00000, 0x00000004d9e00000, 0x00000004d9f00000|  0%| F|  |TS  0|AC  0|TAMS 0x00000004d9e00000, 0x00000004d9e00000|
|  75|0x00000004d9f00000, 0x00000004d9f00000, 0x00000004da000000|  0%| F|  |TS  0|AC  0|TAMS 0x00000004d9f00000, 0x00000004d9f00000|
|  76|0x00000004da000000, 0x00000004da000000, 0x00000004da100000|  0%| F|  |TS  0|AC  0|TAMS 0x00000004da000000, 0x00000004da000000|
|  77|0x00000004da100000, 0x00000004da100000, 0x00000004da200000|  0%| F|  |TS  0|AC  0|TAMS 0x00000004da100000, 0x00000004da100000|
|  78|0x00000004da200000, 0x00000004da200000, 0x00000004da300000|  0%| F|  |TS  0|AC  0|TAMS 0x00000004da200000, 0x00000004da200000|
|  79|0x00000004da300000, 0x00000004da300000, 0x00000004da400000|  0%| F|  |TS  0|AC  0|TAMS 0x00000004da300000, 0x00000004da300000|
|  80|0x00000004da400000, 0x00000004da400000, 0x00000004da500000|  0%| F|  |TS  0|AC  0|TAMS 0x00000004da400000, 0x00000004da400000|
|  81|0x00000004da500000, 0x00000004da500000, 0x00000004da600000|  0%| F|  |TS  0|AC  0|TAMS 0x00000004da500000, 0x00000004da500000|
|  82|0x00000004da600000, 0x00000004da600000, 0x00000004da700000|  0%| F|  |TS  0|AC  0|TAMS 0x00000004da600000, 0x00000004da600000|
|  83|0x00000004da700000, 0x00000004da700000, 0x00000004da800000|  0%| F|  |TS  0|AC  0|TAMS 0x00000004da700000, 0x00000004da700000|
|  84|0x00000004da800000, 0x00000004da800000, 0x00000004da900000|  0%| F|  |TS  0|AC  0|TAMS 0x00000004da800000, 0x00000004da800000|
|  85|0x00000004da900000, 0x00000004da900000, 0x00000004daa00000|  0%| F|  |TS  0|AC  0|TAMS 0x00000004da900000, 0x00000004da900000|
|  86|0x00000004daa00000, 0x00000004daa00000, 0x00000004dab00000|  0%| F|  |TS  0|AC  0|TAMS 0x00000004daa00000, 0x00000004daa00000|
|  87|0x00000004dab00000, 0x00000004dab00000, 0x00000004dac00000|  0%| F|  |TS  0|AC  0|TAMS 0x00000004dab00000, 0x00000004dab00000|
|  88|0x00000004dac00000, 0x00000004dac00000, 0x00000004dad00000|  0%| F|  |TS  0|AC  0|TAMS 0x00000004dac00000, 0x00000004dac00000|
|  89|0x00000004dad00000, 0x00000004dad00000, 0x00000004dae00000|  0%| F|  |TS  0|AC  0|TAMS 0x00000004dad00000, 0x00000004dad00000|
|  90|0x00000004dae00000, 0x00000004dae00000, 0x00000004daf00000|  0%| F|  |TS  0|AC  0|TAMS 0x00000004dae00000, 0x00000004dae00000|
|  91|0x00000004daf00000, 0x00000004daf00000, 0x00000004db000000|  0%| F|  |TS  0|AC  0|TAMS 0x00000004daf00000, 0x00000004daf00000|
|  92|0x00000004db000000, 0x00000004db000000, 0x00000004db100000|  0%| F|  |TS  0|AC  0|TAMS 0x00000004db000000, 0x00000004db000000|
|  93|0x00000004db100000, 0x00000004db100000, 0x00000004db200000|  0%| F|  |TS  0|AC  0|TAMS 0x00000004db100000, 0x00000004db100000|
|  94|0x00000004db200000, 0x00000004db200000, 0x00000004db300000|  0%| F|  |TS  0|AC  0|TAMS 0x00000004db200000, 0x00000004db200000|
|  95|0x00000004db300000, 0x00000004db300000, 0x00000004db400000|  0%| F|  |TS  0|AC  0|TAMS 0x00000004db300000, 0x00000004db300000|
|  96|0x00000004db400000, 0x00000004db400000, 0x00000004db500000|  0%| F|  |TS  0|AC  0|TAMS 0x00000004db400000, 0x00000004db400000|
|  97|0x00000004db500000, 0x00000004db500000, 0x00000004db600000|  0%| F|  |TS  0|AC  0|TAMS 0x00000004db500000, 0x00000004db500000|
|  98|0x00000004db600000, 0x00000004db600000, 0x00000004db700000|  0%| F|  |TS  0|AC  0|TAMS 0x00000004db600000, 0x00000004db600000|
|  99|0x00000004db700000, 0x00000004db700000, 0x00000004db800000|  0%| F|  |TS  0|AC  0|TAMS 0x00000004db700000, 0x00000004db700000|
| 100|0x00000004db800000, 0x00000004db800000, 0x00000004db900000|  0%| F|  |TS  0|AC  0|TAMS 0x00000004db800000, 0x00000004db800000|
| 101|0x00000004db900000, 0x00000004db900000, 0x00000004dba00000|  0%| F|  |TS  0|AC  0|TAMS 0x00000004db900000, 0x00000004db900000|
| 102|0x00000004dba00000, 0x00000004dba00000, 0x00000004dbb00000|  0%| F|  |TS  0|AC  0|TAMS 0x00000004dba00000, 0x00000004dba00000|
| 103|0x00000004dbb00000, 0x00000004dbb00000, 0x00000004dbc00000|  0%| F|  |TS  0|AC  0|TAMS 0x00000004dbb00000, 0x00000004dbb00000|
| 104|0x00000004dbc00000, 0x00000004dbc00000, 0x00000004dbd00000|  0%| F|  |TS  0|AC  0|TAMS 0x00000004dbc00000, 0x00000004dbc00000|
| 105|0x00000004dbd00000, 0x00000004dbd00000, 0x00000004dbe00000|  0%| F|  |TS  0|AC  0|TAMS 0x00000004dbd00000, 0x00000004dbd00000|
| 106|0x00000004dbe00000, 0x00000004dbe00000, 0x00000004dbf00000|  0%| F|  |TS  0|AC  0|TAMS 0x00000004dbe00000, 0x00000004dbe00000|
| 107|0x00000004dbf00000, 0x00000004dbf00000, 0x00000004dc000000|  0%| F|  |TS  0|AC  0|TAMS 0x00000004dbf00000, 0x00000004dbf00000|
| 108|0x00000004dc000000, 0x00000004dc000000, 0x00000004dc100000|  0%| F|  |TS  0|AC  0|TAMS 0x00000004dc000000, 0x00000004dc000000|
| 109|0x00000004dc100000, 0x00000004dc100000, 0x00000004dc200000|  0%| F|  |TS  0|AC  0|TAMS 0x00000004dc100000, 0x00000004dc100000|
| 110|0x00000004dc200000, 0x00000004dc200000, 0x00000004dc300000|  0%| F|  |TS  0|AC  0|TAMS 0x00000004dc200000, 0x00000004dc200000|
| 111|0x00000004dc300000, 0x00000004dc300000, 0x00000004dc400000|  0%| F|  |TS  0|AC  0|TAMS 0x00000004dc300000, 0x00000004dc300000|
| 112|0x00000004dc400000, 0x00000004dc400000, 0x00000004dc500000|  0%| F|  |TS  0|AC  0|TAMS 0x00000004dc400000, 0x00000004dc400000|
| 113|0x00000004dc500000, 0x00000004dc500000, 0x00000004dc600000|  0%| F|  |TS  0|AC  0|TAMS 0x00000004dc500000, 0x00000004dc500000|
| 114|0x00000004dc600000, 0x00000004dc600000, 0x00000004dc700000|  0%| F|  |TS  0|AC  0|TAMS 0x00000004dc600000, 0x00000004dc600000|
| 115|0x00000004dc700000, 0x00000004dc700000, 0x00000004dc800000|  0%| F|  |TS  0|AC  0|TAMS 0x00000004dc700000, 0x00000004dc700000|
| 116|0x00000004dc800000, 0x00000004dc800000, 0x00000004dc900000|  0%| F|  |TS  0|AC  0|TAMS 0x00000004dc800000, 0x00000004dc800000|
| 117|0x00000004dc900000, 0x00000004dc900000, 0x00000004dca00000|  0%| F|  |TS  0|AC  0|TAMS 0x00000004dc900000, 0x00000004dc900000|
| 118|0x00000004dca00000, 0x00000004dca00000, 0x00000004dcb00000|  0%| F|  |TS  0|AC  0|TAMS 0x00000004dca00000, 0x00000004dca00000|
| 119|0x00000004dcb00000, 0x00000004dcb00000, 0x00000004dcc00000|  0%| F|  |TS  0|AC  0|TAMS 0x00000004dcb00000, 0x00000004dcb00000|
| 120|0x00000004dcc00000, 0x00000004dcc00000, 0x00000004dcd00000|  0%| F|  |TS  5|AC  0|TAMS 0x00000004dcc00000, 0x00000004dcc00000|
| 121|0x00000004dcd00000, 0x00000004dcd00000, 0x00000004dce00000|  0%| F|  |TS  3|AC  0|TAMS 0x00000004dcd00000, 0x00000004dcd00000|
| 122|0x00000004dce00000, 0x00000004dce00000, 0x00000004dcf00000|  0%| F|  |TS  5|AC  0|TAMS 0x00000004dce00000, 0x00000004dce00000|
| 123|0x00000004dcf00000, 0x00000004dcfa63e0, 0x00000004dd000000| 64%| S|CS|TS  5|AC  0|TAMS 0x00000004dcf00000, 0x00000004dcf00000|
| 124|0x00000004dd000000, 0x00000004dd000000, 0x00000004dd100000|  0%| F|  |TS  5|AC  0|TAMS 0x00000004dd000000, 0x00000004dd000000|
| 125|0x00000004dd100000, 0x00000004dd100000, 0x00000004dd200000|  0%| F|  |TS  5|AC  0|TAMS 0x00000004dd100000, 0x00000004dd100000|
| 126|0x00000004dd200000, 0x00000004dd200000, 0x00000004dd300000|  0%| F|  |TS  5|AC  0|TAMS 0x00000004dd200000, 0x00000004dd200000|
| 127|0x00000004dd300000, 0x00000004dd300000, 0x00000004dd400000|  0%| F|  |TS  5|AC  0|TAMS 0x00000004dd300000, 0x00000004dd300000|
| 128|0x00000004dd400000, 0x00000004dd400000, 0x00000004dd500000|  0%| F|  |TS  5|AC  0|TAMS 0x00000004dd400000, 0x00000004dd400000|
| 129|0x00000004dd500000, 0x00000004dd500000, 0x00000004dd600000|  0%| F|  |TS  5|AC  0|TAMS 0x00000004dd500000, 0x00000004dd500000|
| 130|0x00000004dd600000, 0x00000004dd600000, 0x00000004dd700000|  0%| F|  |TS  5|AC  0|TAMS 0x00000004dd600000, 0x00000004dd600000|
| 131|0x00000004dd700000, 0x00000004dd700000, 0x00000004dd800000|  0%| F|  |TS  5|AC  0|TAMS 0x00000004dd700000, 0x00000004dd700000|
| 132|0x00000004dd800000, 0x00000004dd800000, 0x00000004dd900000|  0%| F|  |TS  5|AC  0|TAMS 0x00000004dd800000, 0x00000004dd800000|
| 133|0x00000004dd900000, 0x00000004dd900000, 0x00000004dda00000|  0%| F|  |TS  5|AC  0|TAMS 0x00000004dd900000, 0x00000004dd900000|
| 134|0x00000004dda00000, 0x00000004dda00000, 0x00000004ddb00000|  0%| F|  |TS  5|AC  0|TAMS 0x00000004dda00000, 0x00000004dda00000|
| 135|0x00000004ddb00000, 0x00000004ddb00000, 0x00000004ddc00000|  0%| F|  |TS  5|AC  0|TAMS 0x00000004ddb00000, 0x00000004ddb00000|
| 136|0x00000004ddc00000, 0x00000004ddc00000, 0x00000004ddd00000|  0%| F|  |TS  5|AC  0|TAMS 0x00000004ddc00000, 0x00000004ddc00000|
| 137|0x00000004ddd00000, 0x00000004ddd00000, 0x00000004dde00000|  0%| F|  |TS  5|AC  0|TAMS 0x00000004ddd00000, 0x00000004ddd00000|
| 138|0x00000004dde00000, 0x00000004dde00000, 0x00000004ddf00000|  0%| F|  |TS  5|AC  0|TAMS 0x00000004dde00000, 0x00000004dde00000|
| 139|0x00000004ddf00000, 0x00000004ddf00000, 0x00000004de000000|  0%| F|  |TS  5|AC  0|TAMS 0x00000004ddf00000, 0x00000004ddf00000|
| 140|0x00000004de000000, 0x00000004de000000, 0x00000004de100000|  0%| F|  |TS  5|AC  0|TAMS 0x00000004de000000, 0x00000004de000000|
| 141|0x00000004de100000, 0x00000004de100000, 0x00000004de200000|  0%| F|  |TS  5|AC  0|TAMS 0x00000004de100000, 0x00000004de100000|
| 142|0x00000004de200000, 0x00000004de200000, 0x00000004de300000|  0%| F|  |TS  5|AC  0|TAMS 0x00000004de200000, 0x00000004de200000|
| 143|0x00000004de300000, 0x00000004de300000, 0x00000004de400000|  0%| F|  |TS  5|AC  0|TAMS 0x00000004de300000, 0x00000004de300000|
| 144|0x00000004de400000, 0x00000004de400000, 0x00000004de500000|  0%| F|  |TS  5|AC  0|TAMS 0x00000004de400000, 0x00000004de400000|
| 145|0x00000004de500000, 0x00000004de500000, 0x00000004de600000|  0%| F|  |TS  5|AC  0|TAMS 0x00000004de500000, 0x00000004de500000|
| 146|0x00000004de600000, 0x00000004de600000, 0x00000004de700000|  0%| F|  |TS  5|AC  0|TAMS 0x00000004de600000, 0x00000004de600000|
| 147|0x00000004de700000, 0x00000004de700000, 0x00000004de800000|  0%| F|  |TS  5|AC  0|TAMS 0x00000004de700000, 0x00000004de700000|
| 148|0x00000004de800000, 0x00000004de800000, 0x00000004de900000|  0%| F|  |TS  5|AC  0|TAMS 0x00000004de800000, 0x00000004de800000|
| 149|0x00000004de900000, 0x00000004de900000, 0x00000004dea00000|  0%| F|  |TS  5|AC  0|TAMS 0x00000004de900000, 0x00000004de900000|
| 150|0x00000004dea00000, 0x00000004dea00000, 0x00000004deb00000|  0%| F|  |TS  5|AC  0|TAMS 0x00000004dea00000, 0x00000004dea00000|
| 151|0x00000004deb00000, 0x00000004deb00000, 0x00000004dec00000|  0%| F|  |TS  5|AC  0|TAMS 0x00000004deb00000, 0x00000004deb00000|
| 152|0x00000004dec00000, 0x00000004dec00000, 0x00000004ded00000|  0%| F|  |TS  5|AC  0|TAMS 0x00000004dec00000, 0x00000004dec00000|
| 153|0x00000004ded00000, 0x00000004ded00000, 0x00000004dee00000|  0%| F|  |TS  5|AC  0|TAMS 0x00000004ded00000, 0x00000004ded00000|
| 154|0x00000004dee00000, 0x00000004dee00000, 0x00000004def00000|  0%| F|  |TS  5|AC  0|TAMS 0x00000004dee00000, 0x00000004dee00000|
| 155|0x00000004def00000, 0x00000004def00000, 0x00000004df000000|  0%| F|  |TS  5|AC  0|TAMS 0x00000004def00000, 0x00000004def00000|
| 156|0x00000004df000000, 0x00000004df000000, 0x00000004df100000|  0%| F|  |TS  5|AC  0|TAMS 0x00000004df000000, 0x00000004df000000|
| 157|0x00000004df100000, 0x00000004df100000, 0x00000004df200000|  0%| F|  |TS  5|AC  0|TAMS 0x00000004df100000, 0x00000004df100000|
| 158|0x00000004df200000, 0x00000004df200000, 0x00000004df300000|  0%| F|  |TS  5|AC  0|TAMS 0x00000004df200000, 0x00000004df200000|
| 159|0x00000004df300000, 0x00000004df300000, 0x00000004df400000|  0%| F|  |TS  5|AC  0|TAMS 0x00000004df300000, 0x00000004df300000|
| 160|0x00000004df400000, 0x00000004df400000, 0x00000004df500000|  0%| F|  |TS  5|AC  0|TAMS 0x00000004df400000, 0x00000004df400000|
| 161|0x00000004df500000, 0x00000004df500000, 0x00000004df600000|  0%| F|  |TS  5|AC  0|TAMS 0x00000004df500000, 0x00000004df500000|
| 162|0x00000004df600000, 0x00000004df600000, 0x00000004df700000|  0%| F|  |TS  5|AC  0|TAMS 0x00000004df600000, 0x00000004df600000|
| 163|0x00000004df700000, 0x00000004df700000, 0x00000004df800000|  0%| F|  |TS  5|AC  0|TAMS 0x00000004df700000, 0x00000004df700000|
| 164|0x00000004df800000, 0x00000004df812c68, 0x00000004df900000|  7%| E|  |TS  5|AC  0|TAMS 0x00000004df800000, 0x00000004df800000|
| 165|0x00000004df900000, 0x00000004dfa00000, 0x00000004dfa00000|100%| E|CS|TS  5|AC  0|TAMS 0x00000004df900000, 0x00000004df900000|
| 166|0x00000004dfa00000, 0x00000004dfb00000, 0x00000004dfb00000|100%| E|CS|TS  5|AC  0|TAMS 0x00000004dfa00000, 0x00000004dfa00000|
| 167|0x00000004dfb00000, 0x00000004dfc00000, 0x00000004dfc00000|100%| E|CS|TS  5|AC  0|TAMS 0x00000004dfb00000, 0x00000004dfb00000|
| 168|0x00000004dfc00000, 0x00000004dfd00000, 0x00000004dfd00000|100%| E|CS|TS  5|AC  0|TAMS 0x00000004dfc00000, 0x00000004dfc00000|
| 169|0x00000004dfd00000, 0x00000004dfe00000, 0x00000004dfe00000|100%| E|CS|TS  5|AC  0|TAMS 0x00000004dfd00000, 0x00000004dfd00000|
| 170|0x00000004dfe00000, 0x00000004dff00000, 0x00000004dff00000|100%| E|CS|TS  5|AC  0|TAMS 0x00000004dfe00000, 0x00000004dfe00000|
| 171|0x00000004dff00000, 0x00000004e0000000, 0x00000004e0000000|100%| E|CS|TS  5|AC  0|TAMS 0x00000004dff00000, 0x00000004dff00000|
| 172|0x00000004e0000000, 0x00000004e0100000, 0x00000004e0100000|100%| E|CS|TS  5|AC  0|TAMS 0x00000004e0000000, 0x00000004e0000000|
| 173|0x00000004e0100000, 0x00000004e0200000, 0x00000004e0200000|100%| E|CS|TS  5|AC  0|TAMS 0x00000004e0100000, 0x00000004e0100000|
| 174|0x00000004e0200000, 0x00000004e0300000, 0x00000004e0300000|100%| E|CS|TS  5|AC  0|TAMS 0x00000004e0200000, 0x00000004e0200000|
| 175|0x00000004e0300000, 0x00000004e0400000, 0x00000004e0400000|100%| E|CS|TS  5|AC  0|TAMS 0x00000004e0300000, 0x00000004e0300000|
| 176|0x00000004e0400000, 0x00000004e0500000, 0x00000004e0500000|100%| E|CS|TS  5|AC  0|TAMS 0x00000004e0400000, 0x00000004e0400000|
| 177|0x00000004e0500000, 0x00000004e0600000, 0x00000004e0600000|100%| E|CS|TS  5|AC  0|TAMS 0x00000004e0500000, 0x00000004e0500000|
| 178|0x00000004e0600000, 0x00000004e0700000, 0x00000004e0700000|100%| E|CS|TS  5|AC  0|TAMS 0x00000004e0600000, 0x00000004e0600000|
| 179|0x00000004e0700000, 0x00000004e0800000, 0x00000004e0800000|100%| E|CS|TS  5|AC  0|TAMS 0x00000004e0700000, 0x00000004e0700000|
| 180|0x00000004e0800000, 0x00000004e0900000, 0x00000004e0900000|100%| E|CS|TS  5|AC  0|TAMS 0x00000004e0800000, 0x00000004e0800000|
| 181|0x00000004e0900000, 0x00000004e0a00000, 0x00000004e0a00000|100%| E|CS|TS  5|AC  0|TAMS 0x00000004e0900000, 0x00000004e0900000|

Card table byte_map: [0x0000013f77100000,0x0000013f77700000] byte_map_base: 0x0000013f74a56000

Marking Bits (Prev, Next): (CMBitMap*) 0x0000013f5ea178e8, (CMBitMap*) 0x0000013f5ea178b0
 Prev Bits: [0x0000013f7ad00000, 0x0000013f7dd00000)
 Next Bits: [0x0000013f77d00000, 0x0000013f7ad00000)

Polling page: 0x0000013f530a0000

CodeHeap 'non-profiled nmethods': size=120000Kb used=18568Kb max_used=18568Kb free=101431Kb
 bounds [0x0000013f6efd0000, 0x0000013f70200000, 0x0000013f76500000]
CodeHeap 'profiled nmethods': size=120000Kb used=42803Kb max_used=42803Kb free=77196Kb
 bounds [0x0000013f67aa0000, 0x0000013f6a4c0000, 0x0000013f6efd0000]
CodeHeap 'non-nmethods': size=5760Kb used=1729Kb max_used=1788Kb free=4030Kb
 bounds [0x0000013f67500000, 0x0000013f67770000, 0x0000013f67aa0000]
 total_blobs=28482 nmethods=16516 adapters=1040
 compilation: enabled

Compilation events (10 events):
Event: 2307.665 Thread 0x0000013f5b8ac000 19816       3       org.jdesktop.swingx.painter.AbstractLayoutPainter::calculateY (76 bytes)
Event: 2307.665 Thread 0x0000013f5b8ac000 nmethod 19816 0x0000013f69697590 code [0x0000013f69697760, 0x0000013f69697bb8]
Event: 2307.665 Thread 0x0000013f5b8ac000 19817       3       org.jdesktop.swingx.painter.RectanglePainter::drawBackground (89 bytes)
Event: 2307.665 Thread 0x0000013f5b8ac000 nmethod 19817 0x0000013f69d94c10 code [0x0000013f69d94e60, 0x0000013f69d959c0]
Event: 2307.736 Thread 0x0000013f5b8ac000 19819       3       java.awt.geom.RoundRectangle2D$Double::getBounds2D (24 bytes)
Event: 2307.737 Thread 0x0000013f5b8ac000 nmethod 19819 0x0000013f69468b10 code [0x0000013f69468ce0, 0x0000013f69469098]
Event: 2307.737 Thread 0x0000013f5b8ac000 19820       3       de.javasoft.syntheticaaddons.ui.TitledPanelUI$2::paintComponent (324 bytes)
Event: 2307.738 Thread 0x0000013f5b8ac000 nmethod 19820 0x0000013f69e24310 code [0x0000013f69e24840, 0x0000013f69e273c0]
Event: 2307.738 Thread 0x0000013f5b8ac000 19821       3       javax.swing.plaf.basic.BasicInternalFrameUI::<init> (48 bytes)
Event: 2307.738 Thread 0x0000013f5b8ac000 nmethod 19821 0x0000013f696e6f90 code [0x0000013f696e71a0, 0x0000013f696e77b0]

GC Heap History (10 events):
Event: 2230.030 GC heap before
{Heap before GC invocations=142 (full 20):
 garbage-first heap   total 186368K, used 127612K [0x00000004d5400000, 0x00000004d55005b0, 0x0000000595400000)
  region size 1024K, 60 young (61440K), 2 survivors (2048K)
 Metaspace       used 80266K, capacity 85487K, committed 85552K, reserved 1122304K
  class space    used 10876K, capacity 11792K, committed 11824K, reserved 1048576K
}
Event: 2230.033 GC heap after
{Heap after GC invocations=143 (full 20):
 garbage-first heap   total 186368K, used 68179K [0x00000004d5400000, 0x00000004d55005b0, 0x0000000595400000)
  region size 1024K, 2 young (2048K), 2 survivors (2048K)
 Metaspace       used 80266K, capacity 85487K, committed 85552K, reserved 1122304K
  class space    used 10876K, capacity 11792K, committed 11824K, reserved 1048576K
}
Event: 2230.353 GC heap before
{Heap before GC invocations=143 (full 20):
 garbage-first heap   total 186368K, used 122451K [0x00000004d5400000, 0x00000004d55005b0, 0x0000000595400000)
  region size 1024K, 56 young (57344K), 2 survivors (2048K)
 Metaspace       used 80270K, capacity 85487K, committed 85552K, reserved 1122304K
  class space    used 10876K, capacity 11792K, committed 11824K, reserved 1048576K
}
Event: 2230.506 GC heap after
{Heap after GC invocations=144 (full 21):
 garbage-first heap   total 186368K, used 67424K [0x00000004d5400000, 0x00000004d55005b0, 0x0000000595400000)
  region size 1024K, 0 young (0K), 0 survivors (0K)
 Metaspace       used 80270K, capacity 85487K, committed 85552K, reserved 1122304K
  class space    used 10876K, capacity 11792K, committed 11824K, reserved 1048576K
}
Event: 2304.970 GC heap before
{Heap before GC invocations=144 (full 21):
 garbage-first heap   total 186368K, used 128864K [0x00000004d5400000, 0x00000004d55005b0, 0x0000000595400000)
  region size 1024K, 60 young (61440K), 0 survivors (0K)
 Metaspace       used 80275K, capacity 85487K, committed 85552K, reserved 1122304K
  class space    used 10876K, capacity 11792K, committed 11824K, reserved 1048576K
}
Event: 2304.974 GC heap after
{Heap after GC invocations=145 (full 21):
 garbage-first heap   total 186368K, used 67964K [0x00000004d5400000, 0x00000004d55005b0, 0x0000000595400000)
  region size 1024K, 1 young (1024K), 1 survivors (1024K)
 Metaspace       used 80275K, capacity 85487K, committed 85552K, reserved 1122304K
  class space    used 10876K, capacity 11792K, committed 11824K, reserved 1048576K
}
Event: 2306.214 GC heap before
{Heap before GC invocations=145 (full 21):
 garbage-first heap   total 186368K, used 128380K [0x00000004d5400000, 0x00000004d55005b0, 0x0000000595400000)
  region size 1024K, 60 young (61440K), 1 survivors (1024K)
 Metaspace       used 80289K, capacity 85487K, committed 85552K, reserved 1122304K
  class space    used 10876K, capacity 11792K, committed 11824K, reserved 1048576K
}
Event: 2306.216 GC heap after
{Heap after GC invocations=146 (full 21):
 garbage-first heap   total 186368K, used 68521K [0x00000004d5400000, 0x00000004d55005b0, 0x0000000595400000)
  region size 1024K, 2 young (2048K), 2 survivors (2048K)
 Metaspace       used 80289K, capacity 85487K, committed 85552K, reserved 1122304K
  class space    used 10876K, capacity 11792K, committed 11824K, reserved 1048576K
}
Event: 2307.624 GC heap before
{Heap before GC invocations=146 (full 21):
 garbage-first heap   total 186368K, used 127913K [0x00000004d5400000, 0x00000004d55005b0, 0x0000000595400000)
  region size 1024K, 60 young (61440K), 2 survivors (2048K)
 Metaspace       used 80338K, capacity 85615K, committed 85808K, reserved 1124352K
  class space    used 10876K, capacity 11792K, committed 11824K, reserved 1048576K
}
Event: 2307.626 GC heap after
{Heap after GC invocations=147 (full 21):
 garbage-first heap   total 186368K, used 68089K [0x00000004d5400000, 0x00000004d55005b0, 0x0000000595400000)
  region size 1024K, 1 young (1024K), 1 survivors (1024K)
 Metaspace       used 80338K, capacity 85615K, committed 85808K, reserved 1124352K
  class space    used 10876K, capacity 11792K, committed 11824K, reserved 1048576K
}

Deoptimization events (10 events):
Event: 2075.736 Thread 0x0000013f6036c800 Uncommon trap: reason=class_check action=maybe_recompile pc=0x0000013f70068bac method=sun.java2d.pipe.PixelToParallelogramConverter.drawGeneralLine(Lsun/java2d/SunGraphics2D;DDDD)Z @ 634 c2
Event: 2083.333 Thread 0x0000013f6036c800 Uncommon trap: reason=class_check action=maybe_recompile pc=0x0000013f6f775d24 method=ui.utils.k.j.V.b(Ljavax/swing/JTable;IIZ)I @ 3 c2
Event: 2083.333 Thread 0x0000013f6036c800 Uncommon trap: reason=class_check action=maybe_recompile pc=0x0000013f6f775d24 method=ui.utils.k.j.V.b(Ljavax/swing/JTable;IIZ)I @ 3 c2
Event: 2088.744 Thread 0x0000013f6036c800 Uncommon trap: reason=class_check action=maybe_recompile pc=0x0000013f70068bac method=sun.java2d.pipe.PixelToParallelogramConverter.drawGeneralLine(Lsun/java2d/SunGraphics2D;DDDD)Z @ 634 c2
Event: 2088.744 Thread 0x0000013f6036c800 Uncommon trap: reason=class_check action=maybe_recompile pc=0x0000013f70068bac method=sun.java2d.pipe.PixelToParallelogramConverter.drawGeneralLine(Lsun/java2d/SunGraphics2D;DDDD)Z @ 634 c2
Event: 2088.744 Thread 0x0000013f6036c800 Uncommon trap: reason=class_check action=maybe_recompile pc=0x0000013f70068bac method=sun.java2d.pipe.PixelToParallelogramConverter.drawGeneralLine(Lsun/java2d/SunGraphics2D;DDDD)Z @ 634 c2
Event: 2088.744 Thread 0x0000013f6036c800 Uncommon trap: reason=unstable_if action=reinterpret pc=0x0000013f6f4b12a8 method=sun.font.FontUtilities.isComplexText([CII)Z @ 13 c2
Event: 2088.744 Thread 0x0000013f6036c800 Uncommon trap: reason=unstable_if action=reinterpret pc=0x0000013f6f57d0fc method=sun.font.CompositeGlyphMapper.charsToGlyphsNS(I[C[I)Z @ 103 c2
Event: 2226.642 Thread 0x0000013f6036c800 Uncommon trap: reason=unstable_if action=reinterpret pc=0x0000013f6fecaf74 method=com.jidesoft.swing.FastGradientPainter.drawGradient(Ljava/awt/Graphics2D;Ljava/awt/Shape;Ljava/awt/Color;Ljava/awt/Color;Z)V @ 76 c2
Event: 2305.707 Thread 0x0000013f6036c800 Uncommon trap: reason=bimorphic_or_optimized_type_check action=maybe_recompile pc=0x0000013f6feab1ec method=com.jidesoft.plaf.basic.BasicJideButtonUI.getIcon(Ljavax/swing/AbstractButton;)Ljavax/swing/Icon; @ 134 c2

Classes redefined (0 events):
No events

Internal exceptions (10 events):
Event: 1381.794 Thread 0x0000013f6036c800 Exception <a 'java/lang/NoSuchMethodError'{0x00000004debccdd8}: java.lang.invoke.DirectMethodHandle$Holder.invokeStatic(Ljava/lang/Object;Ljava/lang/Object;Ljava/lang/Object;Ljava/lang/Object;Ljava/lang/Object;IILjava/lang/Object;Ljava/lang/Object;Ljava/l
Event: 1381.794 Thread 0x0000013f6036c800 Exception <a 'java/lang/NoSuchMethodError'{0x00000004debe9ff0}: method resolution failed> (0x00000004debe9ff0) thrown at [t:/workspace/hotspot/src/share/vm/prims/methodHandles.cpp, line 1256]
Event: 1381.795 Thread 0x0000013f6036c800 Exception <a 'java/lang/NoSuchMethodError'{0x00000004dea0b368}: method resolution failed> (0x00000004dea0b368) thrown at [t:/workspace/hotspot/src/share/vm/prims/methodHandles.cpp, line 1256]
Event: 1382.339 Thread 0x0000013f6036c800 Exception <a 'java/lang/NoSuchMethodError'{0x00000004df87e5c0}: method resolution failed> (0x00000004df87e5c0) thrown at [t:/workspace/hotspot/src/share/vm/prims/methodHandles.cpp, line 1256]
Event: 1382.404 Thread 0x0000013f6036c800 Implicit null exception at 0x0000013f6f61c1d3 to 0x0000013f6f61d229
Event: 1456.911 Thread 0x0000013f153fb800 Exception <a 'java/lang/InterruptedException'{0x00000004de600040}: sleep interrupted> (0x00000004de600040) thrown at [t:/workspace/hotspot/src/share/vm/prims/jvm.cpp, line 3023]
Event: 1457.620 Thread 0x0000013f5dcd1000 Implicit null exception at 0x0000013f6fd73e8c to 0x0000013f6fd73f19
Event: 2026.904 Thread 0x0000013f153fa800 Exception <a 'java/lang/InterruptedException'{0x00000004dd487648}: sleep interrupted> (0x00000004dd487648) thrown at [t:/workspace/hotspot/src/share/vm/prims/jvm.cpp, line 3023]
Event: 2069.520 Thread 0x0000013f153f4800 Exception <a 'java/lang/InterruptedException'{0x00000004de580840}: sleep interrupted> (0x00000004de580840) thrown at [t:/workspace/hotspot/src/share/vm/prims/jvm.cpp, line 3023]
Event: 2226.922 Thread 0x0000013f153fc000 Exception <a 'java/lang/InterruptedException'{0x00000004dd080840}: sleep interrupted> (0x00000004dd080840) thrown at [t:/workspace/hotspot/src/share/vm/prims/jvm.cpp, line 3023]

Events (10 events):
Event: 2306.216 Executing VM operation: G1IncCollectionPause done
Event: 2306.385 Thread 0x0000013f153fb800 Thread added: 0x0000013f153fb800
Event: 2306.388 Executing VM operation: RevokeBias
Event: 2306.388 Executing VM operation: RevokeBias done
Event: 2306.389 Executing VM operation: RevokeBias
Event: 2306.389 Executing VM operation: RevokeBias done
Event: 2307.081 Thread 0x0000013f153f4800 Thread added: 0x0000013f153f4800
Event: 2307.083 Thread 0x0000013f153f4800 Thread exited: 0x0000013f153f4800
Event: 2307.624 Executing VM operation: G1IncCollectionPause
Event: 2307.626 Executing VM operation: G1IncCollectionPause done


Dynamic libraries:
0x00007ff71c920000 - 0x00007ff71c950000 	F:\Xilinx\Vivado\2019.2\bin\unwrapped\win64.o\vivado.exe
0x00007ffe65bf0000 - 0x00007ffe65de8000 	C:\Windows\SYSTEM32\ntdll.dll
0x00007ffe65800000 - 0x00007ffe658bd000 	C:\Windows\System32\KERNEL32.DLL
0x00007ffe63310000 - 0x00007ffe635de000 	C:\Windows\System32\KERNELBASE.dll
0x00007ffe63940000 - 0x00007ffe63a40000 	C:\Windows\System32\ucrtbase.dll
0x00007ffe4e1a0000 - 0x00007ffe4e22d000 	C:\Windows\SYSTEM32\MSVCP140.dll
0x00007ffe5bc80000 - 0x00007ffe5bc96000 	F:\Xilinx\Vivado\2019.2\lib\win64.o\librdi_commonmain.dll
0x00007ffe2f590000 - 0x00007ffe304d3000 	F:\Xilinx\Vivado\2019.2\lib\win64.o\librdi_common.dll
0x00007ffe54c40000 - 0x00007ffe54c54000 	F:\Xilinx\Vivado\2019.2\lib\win64.o\libboost_signals.dll
0x00007ffe50880000 - 0x00007ffe5089a000 	C:\Windows\SYSTEM32\VCRUNTIME140.dll
0x00007ffe5edf0000 - 0x00007ffe5edfc000 	C:\Windows\SYSTEM32\VCRUNTIME140_1.dll
0x00007ffe658d0000 - 0x00007ffe65a70000 	C:\Windows\System32\USER32.dll
0x00007ffe635e0000 - 0x00007ffe63602000 	C:\Windows\System32\win32u.dll
0x00007ffe4e500000 - 0x00007ffe4e526000 	F:\Xilinx\Vivado\2019.2\lib\win64.o\libboost_filesystem.dll
0x00007ffe32360000 - 0x00007ffe32501000 	F:\Xilinx\Vivado\2019.2\lib\win64.o\librdi_commonxillic.dll
0x00007ffe5e460000 - 0x00007ffe5e46a000 	F:\Xilinx\Vivado\2019.2\lib\win64.o\librdi_commonversion.dll
0x00007ffe65570000 - 0x00007ffe6559a000 	C:\Windows\System32\GDI32.dll
0x00007ffe64ad0000 - 0x00007ffe64b7e000 	C:\Windows\System32\ADVAPI32.dll
0x00007ffe64a60000 - 0x00007ffe64acb000 	C:\Windows\System32\WS2_32.dll
0x00007ffe63800000 - 0x00007ffe6390b000 	C:\Windows\System32\gdi32full.dll
0x00007ffe63d20000 - 0x00007ffe63dbe000 	C:\Windows\System32\msvcrt.dll
0x00007ffe655a0000 - 0x00007ffe656c5000 	C:\Windows\System32\RPCRT4.dll
0x00007ffe63b40000 - 0x00007ffe63bdd000 	C:\Windows\System32\msvcp_win.dll
0x00007ffe641d0000 - 0x00007ffe6426c000 	C:\Windows\System32\sechost.dll
0x00000000540b0000 - 0x00000000541db000 	F:\Xilinx\Vivado\2019.2\lib\win64.o\tcl85t.dll
0x00007ffe63910000 - 0x00007ffe63937000 	C:\Windows\System32\bcrypt.dll
0x00007ffe64e20000 - 0x00007ffe65563000 	C:\Windows\System32\SHELL32.dll
0x00007ffe51f30000 - 0x00007ffe51f44000 	F:\Xilinx\Vivado\2019.2\lib\win64.o\libboost_date_time.dll
0x00007ffe2f220000 - 0x00007ffe2f58e000 	F:\Xilinx\Vivado\2019.2\lib\win64.o\libCOIN-all.dll
0x00007ffe4dc30000 - 0x00007ffe4dcaf000 	F:\Xilinx\Vivado\2019.2\lib\win64.o\libboost_program_options.dll
0x00007ffe36a80000 - 0x00007ffe36b94000 	F:\Xilinx\Vivado\2019.2\lib\win64.o\libboost_regex.dll
0x00007ffe5c940000 - 0x00007ffe5c94b000 	F:\Xilinx\Vivado\2019.2\lib\win64.o\libboost_system.dll
0x00007ffe4e170000 - 0x00007ffe4e191000 	F:\Xilinx\Vivado\2019.2\lib\win64.o\libboost_thread.dll
0x00007ffe5c560000 - 0x00007ffe5c56f000 	F:\Xilinx\Vivado\2019.2\lib\win64.o\libboost_xilinx.dll
0x00007ffe47e70000 - 0x00007ffe47ef2000 	F:\Xilinx\Vivado\2019.2\lib\win64.o\libhdlpsolve.dll
0x00007ffe43d40000 - 0x00007ffe43de5000 	F:\Xilinx\Vivado\2019.2\lib\win64.o\libhdxml.dll
0x00007ffe2e620000 - 0x00007ffe2f21c200 	F:\Xilinx\Vivado\2019.2\lib\win64.o\libisl_iostreams.dll
0x00007ffe4ce90000 - 0x00007ffe4cebe000 	F:\Xilinx\Vivado\2019.2\lib\win64.o\libisl_sysinfo.dll
0x00007ffe43b90000 - 0x00007ffe43bf5000 	F:\Xilinx\Vivado\2019.2\lib\win64.o\liblmx6.0.dll
0x00007ffe51b20000 - 0x00007ffe51b3a000 	F:\Xilinx\Vivado\2019.2\lib\win64.o\pthreadVC2.dll
0x00007ffe51a70000 - 0x00007ffe51a8c000 	F:\Xilinx\Vivado\2019.2\lib\win64.o\librdiconfig.dll
0x00007ffe4c9a0000 - 0x00007ffe4c9c1000 	F:\Xilinx\Vivado\2019.2\lib\win64.o\librdizlib.dll
0x0000000012000000 - 0x0000000012270000 	F:\Xilinx\Vivado\2019.2\lib\win64.o\xerces-c_3_1.dll
0x00007ffe2e340000 - 0x00007ffe2e61b000 	F:\Xilinx\Vivado\2019.2\lib\win64.o\libXil_lmgr11.dll
0x00007ffe64ba0000 - 0x00007ffe64c7a000 	C:\Windows\System32\COMDLG32.dll
0x00007ffe63dc0000 - 0x00007ffe64114000 	C:\Windows\System32\combase.dll
0x00007ffe64120000 - 0x00007ffe641cd000 	C:\Windows\System32\shcore.dll
0x00007ffe51b00000 - 0x00007ffe51b19000 	C:\Windows\SYSTEM32\NETAPI32.dll
0x00007ffe64530000 - 0x00007ffe64585000 	C:\Windows\System32\SHLWAPI.dll
0x00007ffe509b0000 - 0x00007ffe50e86000 	C:\Windows\SYSTEM32\WININET.dll
0x00007ffe57160000 - 0x00007ffe5726a000 	C:\Windows\SYSTEM32\WINHTTP.dll
0x00007ffe55b00000 - 0x00007ffe55cec000 	C:\Windows\SYSTEM32\urlmon.dll
0x00007ffe63c50000 - 0x00007ffe63d1d000 	C:\Windows\System32\OLEAUT32.dll
0x00007ffe656d0000 - 0x00007ffe657fa000 	C:\Windows\System32\ole32.dll
0x00007ffe5ee00000 - 0x00007ffe5ee09000 	C:\Windows\SYSTEM32\WSOCK32.dll
0x00007ffe63be0000 - 0x00007ffe63c49000 	C:\Windows\System32\WINTRUST.dll
0x00007ffe4c320000 - 0x00007ffe4c34e000 	C:\Windows\SYSTEM32\VCOMP140.DLL
0x00007ffe2d4a0000 - 0x00007ffe2e331000 	F:\Xilinx\Vivado\2019.2\lib\win64.o\gurobi65.dll
0x00007ffe636a0000 - 0x00007ffe637f6000 	C:\Windows\System32\CRYPT32.dll
0x00007ffe5c4f0000 - 0x00007ffe5c4fd000 	F:\Xilinx\Vivado\2019.2\lib\win64.o\libboost_chrono.dll
0x00007ffe4b6c0000 - 0x00007ffe4b6e5000 	F:\Xilinx\Vivado\2019.2\lib\win64.o\libisl_iosutils.dll
0x00007ffe4ecc0000 - 0x00007ffe4ecdb000 	F:\Xilinx\Vivado\2019.2\lib\win64.o\libboost_iostreams.dll
0x00007ffe4fad0000 - 0x00007ffe4fb80000 	C:\Windows\WinSxS\amd64_microsoft.windows.common-controls_6595b64144ccf1df_5.82.19041.1110_none_792d1c772443f647\COMCTL32.dll
0x00007ffe57300000 - 0x00007ffe575b1000 	C:\Windows\SYSTEM32\iertutil.dll
0x00007ffe55ad0000 - 0x00007ffe55af8000 	C:\Windows\SYSTEM32\srvcli.dll
0x00007ffe627b0000 - 0x00007ffe627bc000 	C:\Windows\SYSTEM32\netutils.dll
0x00007ffe5bdc0000 - 0x00007ffe5bddd000 	C:\Windows\SYSTEM32\dhcpcsvc.DLL
0x00007ffe65a70000 - 0x00007ffe65aa0000 	C:\Windows\System32\IMM32.DLL
0x00007ffe62f00000 - 0x00007ffe62f12000 	C:\Windows\SYSTEM32\MSASN1.dll
0x00007ffe61220000 - 0x00007ffe61232000 	C:\Windows\SYSTEM32\kernel.appcore.dll
0x00007ffe2cf80000 - 0x00007ffe2d497000 	F:\Xilinx\Vivado\2019.2\lib\win64.o\librdi_commontasks.dll
0x00007ffe57000000 - 0x00007ffe5700a000 	C:\Windows\SYSTEM32\VERSION.dll
0x00007ffe2cc90000 - 0x00007ffe2cf73000 	F:\Xilinx\Vivado\2019.2\lib\win64.o\librdi_sio.dll
0x0000000053680000 - 0x00000000540a5000 	F:\Xilinx\Vivado\2019.2\tps\win64\jre9.0.4\bin\server\jvm.dll
0x00007ffe64b90000 - 0x00007ffe64b98000 	C:\Windows\System32\PSAPI.DLL
0x00007ffe50f30000 - 0x00007ffe50f57000 	C:\Windows\SYSTEM32\WINMM.dll
0x00007ffe62770000 - 0x00007ffe627ab000 	C:\Windows\SYSTEM32\IPHLPAPI.DLL
0x00007ffe36660000 - 0x00007ffe3674f000 	F:\Xilinx\Vivado\2019.2\tps\win64\jre9.0.4\bin\MSVCR120.dll
0x00007ffe62ad0000 - 0x00007ffe62b3a000 	C:\Windows\SYSTEM32\MSWSOCK.DLL
0x00007ffe61420000 - 0x00007ffe61bb5000 	C:\Windows\SYSTEM32\windows.storage.dll
0x00007ffe62d70000 - 0x00007ffe62da0000 	C:\Windows\SYSTEM32\Wldp.dll
0x00007ffe2a540000 - 0x00007ffe2cc85000 	F:\Xilinx\Vivado\2019.2\lib\win64.o\librdi_tcltasks.dll
0x00007ffe31560000 - 0x00007ffe316fd000 	F:\Xilinx\Vivado\2019.2\lib\win64.o\librdi_board.dll
0x00007ffe3a660000 - 0x00007ffe3a6db000 	F:\Xilinx\Vivado\2019.2\lib\win64.o\librdi_boarddep.dll
0x00007ffe2a080000 - 0x00007ffe2a534000 	F:\Xilinx\Vivado\2019.2\lib\win64.o\librdi_bitstream.dll
0x00007ffe29f20000 - 0x00007ffe2a072000 	F:\Xilinx\Vivado\2019.2\lib\win64.o\librdi_cd_client.dll
0x00007ffe363e0000 - 0x00007ffe364cf000 	F:\Xilinx\Vivado\2019.2\lib\win64.o\librdi_chipscope.dll
0x00007ffe29d60000 - 0x00007ffe29f20000 	F:\Xilinx\Vivado\2019.2\lib\win64.o\librdi_chipscopeimpl.dll
0x00007ffe28280000 - 0x00007ffe29d5a000 	F:\Xilinx\Vivado\2019.2\lib\win64.o\librdi_constraints.dll
0x00007ffe26f00000 - 0x00007ffe27224000 	F:\Xilinx\Vivado\2019.2\lib\win64.o\librdi_containers.dll
0x00007ffe05d80000 - 0x00007ffe07d70000 	F:\Xilinx\Vivado\2019.2\lib\win64.o\librdi_coregen.dll
0x00007ffe1fc30000 - 0x00007ffe20309000 	F:\Xilinx\Vivado\2019.2\lib\win64.o\librdi_coregenipxact.dll
0x00007ffe01ab0000 - 0x00007ffe05d7b000 	F:\Xilinx\Vivado\2019.2\lib\win64.o\librdi_designutils.dll
0x00007ffdecf00000 - 0x00007ffe01aab000 	F:\Xilinx\Vivado\2019.2\lib\win64.o\librdi_device.dll
0x00007ffe26bb0000 - 0x00007ffe26efa000 	F:\Xilinx\Vivado\2019.2\lib\win64.o\librdi_dlyest.dll
0x00007ffe1e8a0000 - 0x00007ffe1ee6d000 	F:\Xilinx\Vivado\2019.2\lib\win64.o\librdi_drc.dll
0x00007ffdec890000 - 0x00007ffdecefb000 	F:\Xilinx\Vivado\2019.2\lib\win64.o\librdi_filemgmt.dll
0x00007ffe32b50000 - 0x00007ffe32c14000 	F:\Xilinx\Vivado\2019.2\lib\win64.o\librdi_dsp.dll
0x00007ffe16c40000 - 0x00007ffe16f50000 	F:\Xilinx\Vivado\2019.2\lib\win64.o\librdi_guitools.dll
0x00007ffe38200000 - 0x00007ffe3826a000 	F:\Xilinx\Vivado\2019.2\lib\win64.o\librdi_hdf.dll
0x00007ffe276a0000 - 0x00007ffe277e8000 	F:\Xilinx\Vivado\2019.2\lib\win64.o\librdi_hip_perf_analysis.dll
0x00007ffdeb120000 - 0x00007ffdec88d000 	F:\Xilinx\Vivado\2019.2\lib\win64.o\librdi_implflow.dll
0x00007ffdeaae0000 - 0x00007ffdeb111000 	F:\Xilinx\Vivado\2019.2\lib\win64.o\librdi_memdata.dll
0x00007ffe28060000 - 0x00007ffe28280000 	F:\Xilinx\Vivado\2019.2\lib\win64.o\librdi_hip_devdesign.dll
0x00007ffde7d10000 - 0x00007ffdeaadb000 	F:\Xilinx\Vivado\2019.2\lib\win64.o\librdi_mig.dll
0x00007ffe34260000 - 0x00007ffe342d4000 	F:\Xilinx\Vivado\2019.2\lib\win64.o\librdi_memoryarray.dll
0x00007ffde7620000 - 0x00007ffde7d03000 	F:\Xilinx\Vivado\2019.2\lib\win64.o\librdi_netlist.dll
0x00007ffe49df0000 - 0x00007ffe49e3c000 	F:\Xilinx\Vivado\2019.2\lib\win64.o\librdi_pfi.dll
0x00007ffe16050000 - 0x00007ffe1636b000 	F:\Xilinx\Vivado\2019.2\lib\win64.o\librdi_platform.dll
0x00007ffde4d50000 - 0x00007ffde7617000 	F:\Xilinx\Vivado\2019.2\lib\win64.o\librdi_place.dll
0x00007ffde4540000 - 0x00007ffde4d4b000 	F:\Xilinx\Vivado\2019.2\lib\win64.o\librdi_power.dll
0x00007ffde3f80000 - 0x00007ffde453a000 	F:\Xilinx\Vivado\2019.2\lib\win64.o\librdi_project.dll
0x00007ffde3840000 - 0x00007ffde3f73000 	F:\Xilinx\Vivado\2019.2\lib\win64.o\librdi_psta.dll
0x00007ffde3170000 - 0x00007ffde3831000 	F:\Xilinx\Vivado\2019.2\lib\win64.o\librdi_rsb.dll
0x00007ffe320a0000 - 0x00007ffe321a8000 	F:\Xilinx\Vivado\2019.2\lib\win64.o\librdi_runsbase.dll
0x00007ffe14960000 - 0x00007ffe14d83000 	F:\Xilinx\Vivado\2019.2\lib\win64.o\librdi_runs.dll
0x00007ffde2ef0000 - 0x00007ffde3165000 	F:\Xilinx\Vivado\2019.2\lib\win64.o\librdi_simdata.dll
0x00007ffde2060000 - 0x00007ffde2eed000 	F:\Xilinx\Vivado\2019.2\lib\win64.o\librdi_timing.dll
0x00007ffe23b40000 - 0x00007ffe23ce0000 	F:\Xilinx\Vivado\2019.2\lib\win64.o\librdi_cd_protocol.dll
0x00007ffe1cb40000 - 0x00007ffe1cce1000 	F:\Xilinx\Vivado\2019.2\lib\win64.o\librdi_advchipscopeimpl.dll
0x00007ffe48270000 - 0x00007ffe482bc000 	F:\Xilinx\Vivado\2019.2\lib\win64.o\libboost_serialization.dll
0x00007ffe31920000 - 0x00007ffe319f7000 	F:\Xilinx\Vivado\2019.2\lib\win64.o\librdi_ipconfig_readwrite.dll
0x00007ffe43cf0000 - 0x00007ffe43d3a000 	F:\Xilinx\Vivado\2019.2\lib\win64.o\librdi_noc_frameworks.dll
0x00007ffde0fc0000 - 0x00007ffde1b07000 	F:\Xilinx\Vivado\2019.2\lib\win64.o\libverific.dll
0x00007ffe17220000 - 0x00007ffe17404000 	F:\Xilinx\Vivado\2019.2\lib\win64.o\librdi_hip_config.dll
0x00007ffde1b10000 - 0x00007ffde205e000 	F:\Xilinx\Vivado\2019.2\lib\win64.o\librdi_xdm.dll
0x00007ffe31f30000 - 0x00007ffe31fce000 	F:\Xilinx\Vivado\2019.2\lib\win64.o\libise.dll
0x00007ffde09a0000 - 0x00007ffde0fbb000 	F:\Xilinx\Vivado\2019.2\lib\win64.o\librdi_wavedata.dll

VM Arguments:
jvm_args: -Dsun.java2d.pmoffscreen=false -Dsun.java2d.xrender=false -Dsun.java2d.d3d=false -Dsun.awt.nopixfmt=true -Dsun.java2d.dpiaware=true -Dsun.java2d.uiScale.enabled=false -Xverify:none -Dswing.aatext=true -XX:-UsePerfData -Djdk.map.althashing.threshold=512 -XX:StringTableSize=4072 --add-opens=java.base/java.nio=ALL-UNNAMED --add-opens=java.desktop/sun.swing=ALL-UNNAMED --add-opens=java.desktop/javax.swing=ALL-UNNAMED --add-opens=java.desktop/javax.swing.tree=ALL-UNNAMED --add-opens=java.desktop/javax.swing.plaf.basic=ALL-UNNAMED --add-opens=java.desktop/javax.swing.plaf.synth=ALL-UNNAMED --add-opens=java.desktop/com.sun.awt=ALL-UNNAMED -XX:NewSize=60m -XX:MaxNewSize=60m -Xms128m -Xmx3072m -Xss5m 
java_command: <unknown>
java_class_path (initial): F:/Xilinx/Vivado/2019.2\lib\classes\alloy.jar;F:/Xilinx/Vivado/2019.2\lib\classes\autoesl-common.jar;F:/Xilinx/Vivado/2019.2\lib\classes\autoesl-models.jar;F:/Xilinx/Vivado/2019.2\lib\classes\autoesl-report.jar;F:/Xilinx/Vivado/2019.2\lib\classes\autopilot.scelaborator.jar;F:/Xilinx/Vivado/2019.2\lib\classes\autopilot.sourceprocessor.jar;F:/Xilinx/Vivado/2019.2\lib\classes\autopilot.tbprocessor.jar;F:/Xilinx/Vivado/2019.2\lib\classes\batik-anim.jar;F:/Xilinx/Vivado/2019.2\lib\classes\batik-awt-util.jar;F:/Xilinx/Vivado/2019.2\lib\classes\batik-bridge.jar;F:/Xilinx/Vivado/2019.2\lib\classes\batik-codec.jar;F:/Xilinx/Vivado/2019.2\lib\classes\batik-css.jar;F:/Xilinx/Vivado/2019.2\lib\classes\batik-dom.jar;F:/Xilinx/Vivado/2019.2\lib\classes\batik-ext.jar;F:/Xilinx/Vivado/2019.2\lib\classes\batik-gui-util.jar;F:/Xilinx/Vivado/2019.2\lib\classes\batik-gvt.jar;F:/Xilinx/Vivado/2019.2\lib\classes\batik-parser.jar;F:/Xilinx/Vivado/2019.2\lib\classes\batik-script.jar;F:/Xilinx/Vivado/2019.2\lib\classes\batik-svg-dom.jar;F:/Xilinx/Vivado/2019.2\lib\classes\batik-swing.jar;F:/Xilinx/Vivado/2019.2\lib\classes\batik-transcoder.jar;F:/Xilinx/Vivado/2019.2\lib\classes\batik-util.jar;F:/Xilinx/Vivado/2019.2\lib\classes\batik-xml.jar;F:/Xilinx/Vivado/2019.2\lib\classes\com.google.gson_2.7.0.v20170129-0911.jar;F:/Xilinx/Vivado/2019.2\lib\classes\com.google.guava_21.0.0.v20170206-1425.jar;F:/Xilinx/Vivado/2019.2\lib\classes\com.ibm.icu_4.4.2.v20110208.jar;F:/Xilinx/Vivado/2019.2\lib\classes\com.sigasi.hdt.connection_4.5.0.201909241521.jar;F:/Xilinx/Vivado/2019.2\lib\classes\com.sigasi.hdt.epl_4.5.0.201909241521.jar;F:/Xilinx/Vivado/2019.2\lib\classes\com.sigasi.hdt.project_4.5.0.201909241521.jar;F:/Xilinx/Vivado/2019.2\lib\classes\com.sigasi.hdt.readonlyfilesystem_4.5.0.201909241521.jar;F:/Xilinx/Vivado/2019.2\lib\classes\com.sigasi.lcm_4.5.0.201909241521.jar;F:/Xilinx/Vivado/2019.2\lib\classes\com.sigasi.sdk.client_4.5.0.201909241521.jar;F:/Xilinx/Vivado
Launcher Type: generic

Logging:
Log output configuration:
#0: stdout all=warning uptime,level,tags
#1: stderr all=off uptime,level,tags

Environment Variables:
JAVA_HOME=F:\SpinalHDL\jdk-19
PATH=F:/Xilinx/Vivado/2019.2\gnuwin\bin;F:/Xilinx/Vivado/2019.2\gnu\microblaze\nt\bin;F:/Xilinx/Vivado/2019.2/bin;F:/Xilinx/Vivado/2019.2/lib/win64.o;F:/Xilinx/Vivado/2019.2/tps/win64/jre9.0.4/bin/server;F:/Xilinx/Vivado/2019.2/tps/win64/jre9.0.4/bin;F:/Xilinx/Vitis/2019.2/bin;F:/Xilinx/Vivado/2019.2/ids_lite/ISE/bin/nt64;F:/Xilinx/Vivado/2019.2/ids_lite/ISE/lib/nt64;C:\Program Files\Common Files\Oracle\Java\javapath;F:\VMware\VMware Workstation\bin\;C:\Windows\system32;C:\Windows;C:\Windows\System32\Wbem;C:\Windows\System32\WindowsPowerShell\v1.0\;C:\Windows\System32\OpenSSH\;F:\MATLAB\R2021a\bin;F:\Captura\ffmpeg\bin;F:\Git\cmd;F:\SpinalHDL\sbt\bin;F:\SpinalHDL\sbt_1.8.0\bin;F:\SpinalHDL\jdk-19\bin;F:\SpinalHDL\jdk-19\jre\bin;F:\Python\Python311\Scripts\;F:\Python\Python311\;C:\Users\Yuhan He\AppData\Local\Microsoft\WindowsApps;C:\Users\Yuhan He\AppData\Local\Programs\Microsoft VS Code\bin;F:\texlive\2021\bin\win32;F:\Modelsim\win64;F:\Bandizip\;F:\msys64\usr\bin;F:\msys64\mingw64\bin;F:\IntelliJ IDEA 2022.1.3\bin;;F:/Xilinx/Vivado/2019.2\tps\mingw\6.2.0\win64.o\nt\bin;F:/Xilinx/Vivado/2019.2\tps\mingw\6.2.0\win64.o\nt\libexec\gcc\x86_64-w64-mingw32\6.2.0;F:/Xilinx/Vivado/2019.2\tps\win64\python-2.7.5;F:/Xilinx/Vivado/2019.2\tps\win64\python-2.7.5\bin;F:/Xilinx/Vivado/2019.2\tps\win64\python-2.7.5\lib;F:/Xilinx/Vivado/2019.2\tps\win64\python-2.7.5\Lib\lib-tk;F:/Xilinx/Vivado/2019.2\tps\win64\python-2.7.5\lib\site-packages
USERNAME=Yuhan He
OS=Windows_NT
PROCESSOR_IDENTIFIER=Intel64 Family 6 Model 94 Stepping 3, GenuineIntel



---------------  S Y S T E M  ---------------

OS: Windows 10 , 64 bit Build 19041 (10.0.19041.1889)

CPU:total 8 (initial active 8) (4 cores per cpu, 2 threads per core) family 6 model 94 stepping 3, cmov, cx8, fxsr, mmx, sse, sse2, sse3, ssse3, sse4.1, sse4.2, popcnt, avx, avx2, aes, clmul, erms, rtm, 3dnowpref, lzcnt, ht, tsc, tscinvbit, bmi1, bmi2, adx, fma

Memory: 4k page, physical 33441912k(19371392k free), swap 38422648k(21859452k free)

vm_info: Java HotSpot(TM) 64-Bit Server VM (9.0.4+11) for windows-amd64 JRE (9.0.4+11), built on Dec 20 2017 02:18:54 by "mach5one" with MS VC++ 12.0 (VS2013)

END.
