#
# A fatal error has been detected by the Java Runtime Environment:
#
#  EXCEPTION_ACCESS_VIOLATION (0xc0000005) at pc=0x00007ffe2f70ed95, pid=16768, tid=16724
#
# JRE version: Java(TM) SE Runtime Environment (9.0+11) (build 9.0.4+11)
# Java VM: Java HotSpot(TM) 64-Bit Server VM (9.0.4+11, mixed mode, tiered, compressed oops, g1 gc, windows-amd64)
# Problematic frame:
# C  [librdi_common.dll+0x17ed95]
#
# No core dump will be written. Minidumps are not enabled by default on client versions of Windows
#
# If you would like to submit a bug report, please visit:
#   http://bugreport.java.com/bugreport/crash.jsp
# The crash happened outside the Java Virtual Machine in native code.
# See problematic frame for where to report the bug.
#

---------------  S U M M A R Y ------------

Command Line: -Dsun.java2d.pmoffscreen=false -Dsun.java2d.xrender=false -Dsun.java2d.d3d=false -Dsun.awt.nopixfmt=true -Dsun.java2d.dpiaware=true -Dsun.java2d.uiScale.enabled=false -Xverify:none -Dswing.aatext=true -XX:-UsePerfData -Djdk.map.althashing.threshold=512 -XX:StringTableSize=4072 --add-opens=java.base/java.nio=ALL-UNNAMED --add-opens=java.desktop/sun.swing=ALL-UNNAMED --add-opens=java.desktop/javax.swing=ALL-UNNAMED --add-opens=java.desktop/javax.swing.tree=ALL-UNNAMED --add-opens=java.desktop/javax.swing.plaf.basic=ALL-UNNAMED --add-opens=java.desktop/javax.swing.plaf.synth=ALL-UNNAMED --add-opens=java.desktop/com.sun.awt=ALL-UNNAMED -XX:NewSize=60m -XX:MaxNewSize=60m -Xms128m -Xmx3072m -Xss5m 

Host: Intel(R) Core(TM) i7-6700 CPU @ 3.40GHz, 8 cores, 31G,  Windows 10 , 64 bit Build 19041 (10.0.19041.1889)
Time: Sun Dec 25 22:46:59 2022 ?D1¨²¡À¨º¡Á?¨º¡À?? elapsed time: 5237 seconds (0d 1h 27m 17s)

---------------  T H R E A D  ---------------

Current thread (0x000002a0b5611800):  JavaThread "AWT-EventQueue-1" [_thread_in_native, id=16724, stack(0x000000a90ad00000,0x000000a90b200000)]

Stack: [0x000000a90ad00000,0x000000a90b200000],  sp=0x000000a90b1fb3a0,  free space=5100k
Native frames: (J=compiled Java code, j=interpreted, Vv=VM code, C=native code)
C  [librdi_common.dll+0x17ed95]
C  [librdi_common.dll+0x173b75]
C  [librdi_common.dll+0x13cd4a]
C  0x00007ffde0b821df
C  0x00007ffde0c021ef
C  0x00007ffde0c09f09
C  0x00007ffde0bda6cb
C  0x00007ffde0c16e97
C  0x000002a0a20a8b3a

Java frames: (J=compiled Java code, j=interpreted, Vv=VM code)
J 16317  ui.views.waveform.waveformi.WVExecutive_getTooltipTextDelayed(J)Ljava/lang/String; (0 bytes) @ 0x000002a0a20a8aa1 [0x000002a0a20a8a60+0x0000000000000041]
J 22074 c2 ui.views.waveform.b.a.mouseMoved(Ljava/awt/event/MouseEvent;)V (32 bytes) @ 0x000002a0a28c1acc [0x000002a0a28c1920+0x00000000000001ac]
J 17403 c2 java.awt.AWTEventMulticaster.mouseMoved(Ljava/awt/event/MouseEvent;)V java.desktop@9.0.4 (27 bytes) @ 0x000002a0a2993674 [0x000002a0a29935c0+0x00000000000000b4]
J 22067 c2 ui.frmwork.c.i.processMouseMotionEvent(Ljava/awt/event/MouseEvent;)V (131 bytes) @ 0x000002a0a28888d0 [0x000002a0a2888560+0x0000000000000370]
J 14776 c2 java.awt.Container.processEvent(Ljava/awt/AWTEvent;)V java.desktop@9.0.4 (22 bytes) @ 0x000002a0a1e4d098 [0x000002a0a1e4cf20+0x0000000000000178]
J 23973 c2 java.awt.Component.dispatchEventImpl(Ljava/awt/AWTEvent;)V java.desktop@9.0.4 (739 bytes) @ 0x000002a0a321a0cc [0x000002a0a3219240+0x0000000000000e8c]
J 21657 c2 java.awt.Container.dispatchEventImpl(Ljava/awt/AWTEvent;)V java.desktop@9.0.4 (129 bytes) @ 0x000002a0a2ea1718 [0x000002a0a2ea16c0+0x0000000000000058]
J 19886 c2 java.awt.LightweightDispatcher.retargetMouseEvent(Ljava/awt/Component;ILjava/awt/event/MouseEvent;)V java.desktop@9.0.4 (350 bytes) @ 0x000002a0a2c06454 [0x000002a0a2c05ea0+0x00000000000005b4]
J 21657 c2 java.awt.Container.dispatchEventImpl(Ljava/awt/AWTEvent;)V java.desktop@9.0.4 (129 bytes) @ 0x000002a0a2ea2070 [0x000002a0a2ea16c0+0x00000000000009b0]
J 18614 c2 java.awt.Window.dispatchEventImpl(Ljava/awt/AWTEvent;)V java.desktop@9.0.4 (23 bytes) @ 0x000002a0a2b00d0c [0x000002a0a2b00cc0+0x000000000000004c]
J 15731 c2 java.awt.EventQueue$3.run()Ljava/lang/Object; java.desktop@9.0.4 (5 bytes) @ 0x000002a0a280da3c [0x000002a0a280d880+0x00000000000001bc]
v  ~StubRoutines::call_stub
J 4661  java.security.AccessController.doPrivileged(Ljava/security/PrivilegedAction;Ljava/security/AccessControlContext;)Ljava/lang/Object; java.base@9.0.4 (0 bytes) @ 0x000002a0a1d1dac6 [0x000002a0a1d1da60+0x0000000000000066]
J 17776 c2 java.awt.EventQueue$4.run()Ljava/lang/Object; java.desktop@9.0.4 (5 bytes) @ 0x000002a0a24113c0 [0x000002a0a2411160+0x0000000000000260]
v  ~StubRoutines::call_stub
J 4661  java.security.AccessController.doPrivileged(Ljava/security/PrivilegedAction;Ljava/security/AccessControlContext;)Ljava/lang/Object; java.base@9.0.4 (0 bytes) @ 0x000002a0a1d1dac6 [0x000002a0a1d1da60+0x0000000000000066]
J 15683 c2 ui.frmwork.b.d.dispatchEvent(Ljava/awt/AWTEvent;)V (34 bytes) @ 0x000002a0a27e9128 [0x000002a0a27e8d00+0x0000000000000428]
J 20015 c2 java.awt.EventDispatchThread.pumpOneEventForFilters(I)V java.desktop@9.0.4 (218 bytes) @ 0x000002a0a2c33ad8 [0x000002a0a2c33800+0x00000000000002d8]
J 21901% c2 java.awt.EventDispatchThread.pumpEventsForFilter(ILjava/awt/Conditional;Ljava/awt/EventFilter;)V java.desktop@9.0.4 (47 bytes) @ 0x000002a0a1efbed8 [0x000002a0a1efbdc0+0x0000000000000118]
j  java.awt.EventDispatchThread.pumpEventsForHierarchy(ILjava/awt/Conditional;Ljava/awt/Component;)V+11 java.desktop@9.0.4
j  java.awt.EventDispatchThread.pumpEvents(ILjava/awt/Conditional;)V+4 java.desktop@9.0.4
j  java.awt.EventDispatchThread.pumpEvents(Ljava/awt/Conditional;)V+3 java.desktop@9.0.4
j  java.awt.EventDispatchThread.run()V+9 java.desktop@9.0.4
v  ~StubRoutines::call_stub

siginfo: EXCEPTION_ACCESS_VIOLATION (0xc0000005), reading address 0xffffffffffffffff


Register to memory mapping:

RIP=0x00007ffe2f70ed95 librdi_common.dll
RAX=0x000002a087019701 is an unknown value
RBX=0x9006d40091d70af5 is an unknown value
RCX=0x000002a087019740 is an unknown value
RDX=0x9006d40091d70af5 is an unknown value
RSP=0x000000a90b1fb3a0 is pointing into the stack for thread: 0x000002a0b5611800
RBP=0x000000a90b1fb4d0 is pointing into the stack for thread: 0x000002a0b5611800
RSI=0x000002a0c6f68c60 is an unknown value
RDI=0x000000a90b1fb5b8 is pointing into the stack for thread: 0x000002a0b5611800
R8 =0x000000a90b1fb5b8 is pointing into the stack for thread: 0x000002a0b5611800
R9 =0x0000000000000000 is an unknown value
R10=0x00007ffe50880000 VCRUNTIME140.dll
R11=0x0400a0000450007a is an unknown value
R12=0x000000a90b1fb5b8 is pointing into the stack for thread: 0x000002a0b5611800
R13=0x0000000000000000 is an unknown value
R14=0x000002a085551e30 is an unknown value
R15=0x9006d40091d70af5 is an unknown value


Registers:
RAX=0x000002a087019701, RBX=0x9006d40091d70af5, RCX=0x000002a087019740, RDX=0x9006d40091d70af5
RSP=0x000000a90b1fb3a0, RBP=0x000000a90b1fb4d0, RSI=0x000002a0c6f68c60, RDI=0x000000a90b1fb5b8
R8 =0x000000a90b1fb5b8, R9 =0x0000000000000000, R10=0x00007ffe50880000, R11=0x0400a0000450007a
R12=0x000000a90b1fb5b8, R13=0x0000000000000000, R14=0x000002a085551e30, R15=0x9006d40091d70af5
RIP=0x00007ffe2f70ed95, EFLAGS=0x0000000000010202

Top of Stack: (sp=0x000000a90b1fb3a0)
0x000000a90b1fb3a0:   000000a90b1fb750 00007ffe4e1b2cf7
0x000000a90b1fb3b0:   000000a900000000 9006d40091d70af5
0x000000a90b1fb3c0:   9006d40091d70af5 00007ffe2f703b75
0x000000a90b1fb3d0:   000000001a8ad78f 00007ffe4e1b2f5f
0x000000a90b1fb3e0:   00006f882173f0dd 0000000000000000
0x000000a90b1fb3f0:   000002a0c9277bd0 000002a0c766ac90
0x000000a90b1fb400:   0000000000000002 00007ffe2f76c825
0x000000a90b1fb410:   000002a08b074b40 000002a0c766ac98
0x000000a90b1fb420:   000002a0c766acd8 000002a0c766ac90
0x000000a90b1fb430:   fffffffffffffffe 00007ffe2fd28aad
0x000000a90b1fb440:   fffffffffffffffe 00007ffe3041dbc0
0x000000a90b1fb450:   000002a0c766ac90 000002a08559ec08
0x000000a90b1fb460:   000000a90b1fb5b8 00007ffe2f76bb16
0x000000a90b1fb470:   000002a0c766ac90 000000a90b1fb5b8
0x000000a90b1fb480:   000002a000000002 0000000000000000
0x000000a90b1fb490:   fffffffffffffffe 000000000000000f 

Instructions: (pc=0x00007ffe2f70ed95)
0x00007ffe2f70ed75:   20 48 8b d9 e8 22 c4 04 00 48 8b c8 48 8b d3 e8
0x00007ffe2f70ed85:   27 0d 05 00 84 c0 75 08 33 c0 48 83 c4 20 5b c3
0x00007ffe2f70ed95:   48 8b 4b 50 48 85 c9 74 0a 48 83 c4 20 5b e9 68
0x00007ffe2f70eda5:   e2 04 00 48 8b d3 48 8d 0d 66 ce 78 00 e8 59 b7 



---------------  P R O C E S S  ---------------

Java Threads: ( => current thread )
  0x000002a0c6c4e800 JavaThread "Relaunch Simulation Thread" [_thread_blocked, id=5124, stack(0x000000a90e200000,0x000000a90e700000)]
  0x000002a0c6c56000 JavaThread "Thread-4169" [_thread_in_native, id=924, stack(0x000000a903300000,0x000000a903400000)]
  0x000002a0c6c58800 JavaThread "Swing-Shell" daemon [_thread_blocked, id=11204, stack(0x000000a90ce00000,0x000000a90d300000)]
  0x000002a0c6c54800 JavaThread "Thread-3203" [_thread_in_native, id=12848, stack(0x000000a903300000,0x000000a903400000)]
  0x000002a0c6c57800 JavaThread "Thread-2742" [_thread_in_native, id=15540, stack(0x000000a903300000,0x000000a903400000)]
  0x000002a0c6c50000 JavaThread "SyntheticaAnimation 50" daemon [_thread_blocked, id=8904, stack(0x000000a909e00000,0x000000a90a300000)]
  0x000002a0c6c51000 JavaThread "Image Animator 0" daemon [_thread_blocked, id=17144, stack(0x000000a90fc00000,0x000000a910100000)]
  0x000002a0c6c4d000 JavaThread "Update Runs Swing Worker Thread" [_thread_blocked, id=9060, stack(0x000000a90e700000,0x000000a90ec00000)]
  0x000002a0c6c4f800 JavaThread "hw_ila_monitor" [_thread_blocked, id=10184, stack(0x000000a90dd00000,0x000000a90e200000)]
  0x000002a08e28a800 JavaThread "Refresh Filesets Swing Worker Thread" [_thread_blocked, id=5096, stack(0x000000a90d800000,0x000000a90dd00000)]
  0x000002a08e28a000 JavaThread "SyntheticaAnimation 70" daemon [_thread_blocked, id=10664, stack(0x000000a90d300000,0x000000a90d800000)]
  0x000002a08e287000 JavaThread "SyntheticaAnimation 25" daemon [_thread_blocked, id=15864, stack(0x000000a90c900000,0x000000a90ce00000)]
  0x000002a08e288800 JavaThread "SyntheticaAnimation 50" daemon [_thread_blocked, id=6136, stack(0x000000a90c400000,0x000000a90c900000)]
  0x000002a08e28c000 JavaThread "Monitor HEventQueue Thread" [_thread_blocked, id=12272, stack(0x000000a90bf00000,0x000000a90c400000)]
  0x000002a08e28d800 JavaThread "SyntheticaCleanerThread" daemon [_thread_blocked, id=18168, stack(0x000000a90b700000,0x000000a90bc00000)]
  0x000002a08e289000 JavaThread "Batik CleanerThread" daemon [_thread_blocked, id=7492, stack(0x000000a90a300000,0x000000a90a800000)]
=>0x000002a0b5611800 JavaThread "AWT-EventQueue-1" [_thread_in_native, id=16724, stack(0x000000a90ad00000,0x000000a90b200000)]
  0x000002a08ad40000 JavaThread "Process Messages Thread" [_thread_blocked, id=5184, stack(0x000000a90a800000,0x000000a90ad00000)]
  0x000002a092f96000 JavaThread "Thread-1" [_thread_in_native, id=11908, stack(0x000000a903600000,0x000000a904a00000)]
  0x000002a0b54e1800 JavaThread "TimerQueue" daemon [_thread_blocked, id=16692, stack(0x000000a909900000,0x000000a909e00000)]
  0x000002a0916e7000 JavaThread "AWT-Windows" daemon [_thread_in_native, id=9992, stack(0x000000a909400000,0x000000a909900000)]
  0x000002a092d61000 JavaThread "AWT-Shutdown" [_thread_blocked, id=15588, stack(0x000000a908f00000,0x000000a909400000)]
  0x000002a092d60800 JavaThread "Java2D Disposer" daemon [_thread_blocked, id=18416, stack(0x000000a908a00000,0x000000a908f00000)]
  0x000002a091049800 JavaThread "Service Thread" daemon [_thread_blocked, id=11584, stack(0x000000a908400000,0x000000a908900000)]
  0x000002a08e292800 JavaThread "Common-Cleaner" daemon [_thread_blocked, id=16840, stack(0x000000a907f00000,0x000000a908400000)]
  0x000002a08e28d000 JavaThread "Sweeper thread" daemon [_thread_blocked, id=11208, stack(0x000000a907a00000,0x000000a907f00000)]
  0x000002a08e286000 JavaThread "C1 CompilerThread3" daemon [_thread_blocked, id=5880, stack(0x000000a907900000,0x000000a907a00000)]
  0x000002a08e27d800 JavaThread "C2 CompilerThread2" daemon [_thread_blocked, id=1084, stack(0x000000a907800000,0x000000a907900000)]
  0x000002a091302000 JavaThread "C2 CompilerThread1" daemon [_thread_blocked, id=5512, stack(0x000000a907700000,0x000000a907800000)]
  0x000002a091301000 JavaThread "C2 CompilerThread0" daemon [_thread_blocked, id=7324, stack(0x000000a907600000,0x000000a907700000)]
  0x000002a091300000 JavaThread "Attach Listener" daemon [_thread_blocked, id=13100, stack(0x000000a907100000,0x000000a907600000)]
  0x000002a0912ff000 JavaThread "Signal Dispatcher" daemon [_thread_blocked, id=13940, stack(0x000000a906c00000,0x000000a907100000)]
  0x000002a0912f4800 JavaThread "Finalizer" daemon [_thread_blocked, id=10120, stack(0x000000a906700000,0x000000a906c00000)]
  0x000002a0912ef800 JavaThread "Reference Handler" daemon [_thread_blocked, id=9776, stack(0x000000a906200000,0x000000a906700000)]
  0x000002a091d54800 JavaThread "main" [_thread_blocked, id=11916, stack(0x000000a903500000,0x000000a903600000)]

Other Threads:
  0x000002a090207800 VMThread "VM Thread" [stack: 0x000000a906100000,0x000000a906200000] [id=12212]
  0x000002a08ff49800 WatcherThread [stack: 0x000000a908900000,0x000000a908a00000] [id=8896]
  0x000002a08ff44800 GCTaskThread "GC Thread#0" [stack: 0x000000a904d00000,0x000000a904e00000] [id=4720]
  0x000002a08ff43000 GCTaskThread "GC Thread#1" [stack: 0x000000a904e00000,0x000000a904f00000] [id=14052]
  0x000002a08ff41800 GCTaskThread "GC Thread#2" [stack: 0x000000a904f00000,0x000000a905000000] [id=10348]
  0x000002a08ff46800 GCTaskThread "GC Thread#3" [stack: 0x000000a905000000,0x000000a905100000] [id=15660]
  0x000002a08ff42800 GCTaskThread "GC Thread#4" [stack: 0x000000a905100000,0x000000a905200000] [id=13816]
  0x000002a08ff42000 GCTaskThread "GC Thread#5" [stack: 0x000000a905200000,0x000000a905300000] [id=7816]
  0x000002a08ff4c000 GCTaskThread "GC Thread#6" [stack: 0x000000a905300000,0x000000a905400000] [id=14088]
  0x000002a08ff45000 GCTaskThread "GC Thread#7" [stack: 0x000000a905400000,0x000000a905500000] [id=16488]
  0x000002a091e95800 ConcurrentGCThread "G1 Main Marker" [stack: 0x000000a905e00000,0x000000a905f00000] [id=17292]
  0x000002a08ff4f800 ConcurrentGCThread "G1 Marker#0" [stack: 0x000000a905f00000,0x000000a906000000] [id=16828]
  0x000002a08ff50800 ConcurrentGCThread "G1 Marker#1" [stack: 0x000000a906000000,0x000000a906100000] [id=15732]
  0x000002a090f18000 ConcurrentGCThread "G1 Refine#0" [stack: 0x000000a905c00000,0x000000a905d00000] [id=7556]
  0x000002a090f17000 ConcurrentGCThread "G1 Refine#1" [stack: 0x000000a905b00000,0x000000a905c00000] [id=18140]
  0x000002a08d57f800 ConcurrentGCThread "G1 Refine#2" [stack: 0x000000a905a00000,0x000000a905b00000] [id=17720]
  0x000002a08e977000 ConcurrentGCThread "G1 Refine#3" [stack: 0x000000a905900000,0x000000a905a00000] [id=14392]
  0x000002a091b7f000 ConcurrentGCThread "G1 Refine#4" [stack: 0x000000a905800000,0x000000a905900000] [id=10976]
  0x000002a091ddd000 ConcurrentGCThread "G1 Refine#5" [stack: 0x000000a905700000,0x000000a905800000] [id=13680]
  0x000002a0919ce800 ConcurrentGCThread "G1 Refine#6" [stack: 0x000000a905600000,0x000000a905700000] [id=5548]
  0x000002a09130a000 ConcurrentGCThread "G1 Refine#7" [stack: 0x000000a905500000,0x000000a905600000] [id=12344]
  0x000002a0901d8800 ConcurrentGCThread "G1 Young RemSet Sampling" [stack: 0x000000a905d00000,0x000000a905e00000] [id=16548]

Threads with active compile tasks:

VM state:not at safepoint (normal execution)

VM Mutex/Monitor currently owned by a thread: None

Heap address: 0x0000000700000000, size: 3072 MB, Compressed Oops mode: Zero based, Oop shift amount: 3
Narrow klass base: 0x0000000000000000, Narrow klass shift: 3
Compressed class space size: 1073741824 Address: 0x00000007c0000000

Heap:
 garbage-first heap   total 187392K, used 108038K [0x0000000700000000, 0x00000007001005b8, 0x00000007c0000000)
  region size 1024K, 30 young (30720K), 1 survivors (1024K)
 Metaspace       used 85679K, capacity 87851K, committed 94896K, reserved 1130496K
  class space    used 11282K, capacity 11750K, committed 13232K, reserved 1048576K
Heap Regions: E=young(eden), S=young(survivor), O=old, HS=humongous(starts), HC=humongous(continues), CS=collection set, F=free, A=archive, TS=gc time stamp, AC=allocation context, TAMS=top-at-mark-start (previous, next)
|   0|0x0000000700000000, 0x00000007000fdfe8, 0x0000000700100000| 99%| O|  |TS  0|AC  0|TAMS 0x0000000700000000, 0x0000000700000000|
|   1|0x0000000700100000, 0x00000007001f7bc8, 0x0000000700200000| 96%| O|  |TS  0|AC  0|TAMS 0x0000000700100000, 0x0000000700100000|
|   2|0x0000000700200000, 0x00000007002fb660, 0x0000000700300000| 98%| O|  |TS  0|AC  0|TAMS 0x0000000700200000, 0x0000000700200000|
|   3|0x0000000700300000, 0x00000007003fd438, 0x0000000700400000| 98%| O|  |TS  0|AC  0|TAMS 0x0000000700300000, 0x0000000700300000|
|   4|0x0000000700400000, 0x0000000700500000, 0x0000000700500000|100%|HS|  |TS  0|AC  0|TAMS 0x0000000700400000, 0x0000000700400000|
|   5|0x0000000700500000, 0x0000000700600000, 0x0000000700600000|100%|HC|  |TS  0|AC  0|TAMS 0x0000000700500000, 0x0000000700500000|
|   6|0x0000000700600000, 0x0000000700700000, 0x0000000700700000|100%|HS|  |TS  0|AC  0|TAMS 0x0000000700600000, 0x0000000700600000|
|   7|0x0000000700700000, 0x00000007007d1d48, 0x0000000700800000| 81%| O|  |TS  0|AC  0|TAMS 0x0000000700700000, 0x0000000700700000|
|   8|0x0000000700800000, 0x00000007008f22a8, 0x0000000700900000| 94%| O|  |TS  0|AC  0|TAMS 0x0000000700800000, 0x0000000700800000|
|   9|0x0000000700900000, 0x00000007009fffe0, 0x0000000700a00000| 99%| O|  |TS  0|AC  0|TAMS 0x0000000700900000, 0x0000000700900000|
|  10|0x0000000700a00000, 0x0000000700b00000, 0x0000000700b00000|100%| O|  |TS  0|AC  0|TAMS 0x0000000700a00000, 0x0000000700a00000|
|  11|0x0000000700b00000, 0x0000000700c00000, 0x0000000700c00000|100%| O|  |TS  0|AC  0|TAMS 0x0000000700b00000, 0x0000000700b00000|
|  12|0x0000000700c00000, 0x0000000700cffff0, 0x0000000700d00000| 99%| O|  |TS  0|AC  0|TAMS 0x0000000700c00000, 0x0000000700c00000|
|  13|0x0000000700d00000, 0x0000000700dffff0, 0x0000000700e00000| 99%| O|  |TS  0|AC  0|TAMS 0x0000000700d00000, 0x0000000700d00000|
|  14|0x0000000700e00000, 0x0000000700efc618, 0x0000000700f00000| 98%| O|  |TS  0|AC  0|TAMS 0x0000000700e00000, 0x0000000700e00000|
|  15|0x0000000700f00000, 0x0000000701000000, 0x0000000701000000|100%| O|  |TS  0|AC  0|TAMS 0x0000000700f00000, 0x0000000700f00000|
|  16|0x0000000701000000, 0x00000007010ffff0, 0x0000000701100000| 99%| O|  |TS  0|AC  0|TAMS 0x0000000701000000, 0x0000000701000000|
|  17|0x0000000701100000, 0x0000000701200000, 0x0000000701200000|100%| O|  |TS  0|AC  0|TAMS 0x0000000701100000, 0x0000000701100000|
|  18|0x0000000701200000, 0x00000007012fffe8, 0x0000000701300000| 99%| O|  |TS  0|AC  0|TAMS 0x0000000701200000, 0x0000000701200000|
|  19|0x0000000701300000, 0x00000007013ffe90, 0x0000000701400000| 99%| O|  |TS  0|AC  0|TAMS 0x0000000701300000, 0x0000000701300000|
|  20|0x0000000701400000, 0x00000007014ffff0, 0x0000000701500000| 99%| O|  |TS  0|AC  0|TAMS 0x0000000701400000, 0x0000000701400000|
|  21|0x0000000701500000, 0x00000007015fffe8, 0x0000000701600000| 99%| O|  |TS  0|AC  0|TAMS 0x0000000701500000, 0x0000000701500000|
|  22|0x0000000701600000, 0x00000007016ffff8, 0x0000000701700000| 99%| O|  |TS  0|AC  0|TAMS 0x0000000701600000, 0x0000000701600000|
|  23|0x0000000701700000, 0x00000007017ffff8, 0x0000000701800000| 99%| O|  |TS  0|AC  0|TAMS 0x0000000701700000, 0x0000000701700000|
|  24|0x0000000701800000, 0x00000007018ffff0, 0x0000000701900000| 99%| O|  |TS  0|AC  0|TAMS 0x0000000701800000, 0x0000000701800000|
|  25|0x0000000701900000, 0x00000007019fffe8, 0x0000000701a00000| 99%| O|  |TS  0|AC  0|TAMS 0x0000000701900000, 0x0000000701900000|
|  26|0x0000000701a00000, 0x0000000701afffe8, 0x0000000701b00000| 99%| O|  |TS  0|AC  0|TAMS 0x0000000701a00000, 0x0000000701a00000|
|  27|0x0000000701b00000, 0x0000000701bffff8, 0x0000000701c00000| 99%| O|  |TS  0|AC  0|TAMS 0x0000000701b00000, 0x0000000701b00000|
|  28|0x0000000701c00000, 0x0000000701cffff0, 0x0000000701d00000| 99%| O|  |TS  0|AC  0|TAMS 0x0000000701c00000, 0x0000000701c00000|
|  29|0x0000000701d00000, 0x0000000701dffff8, 0x0000000701e00000| 99%| O|  |TS  0|AC  0|TAMS 0x0000000701d00000, 0x0000000701d00000|
|  30|0x0000000701e00000, 0x0000000701efff28, 0x0000000701f00000| 99%| O|  |TS  0|AC  0|TAMS 0x0000000701e00000, 0x0000000701e00000|
|  31|0x0000000701f00000, 0x0000000701ffffe8, 0x0000000702000000| 99%| O|  |TS  0|AC  0|TAMS 0x0000000701f00000, 0x0000000701f00000|
|  32|0x0000000702000000, 0x00000007020fff38, 0x0000000702100000| 99%| O|  |TS  0|AC  0|TAMS 0x0000000702000000, 0x0000000702000000|
|  33|0x0000000702100000, 0x00000007021fff98, 0x0000000702200000| 99%| O|  |TS  0|AC  0|TAMS 0x0000000702100000, 0x0000000702100000|
|  34|0x0000000702200000, 0x00000007022fffe0, 0x0000000702300000| 99%| O|  |TS  0|AC  0|TAMS 0x0000000702200000, 0x0000000702200000|
|  35|0x0000000702300000, 0x00000007023ffff8, 0x0000000702400000| 99%| O|  |TS  0|AC  0|TAMS 0x0000000702300000, 0x0000000702300000|
|  36|0x0000000702400000, 0x00000007024ed878, 0x0000000702500000| 92%| O|  |TS  0|AC  0|TAMS 0x0000000702400000, 0x0000000702400000|
|  37|0x0000000702500000, 0x00000007025ffff8, 0x0000000702600000| 99%| O|  |TS  0|AC  0|TAMS 0x0000000702500000, 0x0000000702500000|
|  38|0x0000000702600000, 0x00000007026ffff0, 0x0000000702700000| 99%| O|  |TS  0|AC  0|TAMS 0x0000000702600000, 0x0000000702600000|
|  39|0x0000000702700000, 0x00000007027fffc0, 0x0000000702800000| 99%| O|  |TS  0|AC  0|TAMS 0x0000000702700000, 0x0000000702700000|
|  40|0x0000000702800000, 0x00000007028fff90, 0x0000000702900000| 99%| O|  |TS  0|AC  0|TAMS 0x0000000702800000, 0x0000000702800000|
|  41|0x0000000702900000, 0x00000007029ff9a8, 0x0000000702a00000| 99%| O|  |TS  0|AC  0|TAMS 0x0000000702900000, 0x0000000702900000|
|  42|0x0000000702a00000, 0x0000000702affef8, 0x0000000702b00000| 99%| O|  |TS  0|AC  0|TAMS 0x0000000702a00000, 0x0000000702a00000|
|  43|0x0000000702b00000, 0x0000000702bffff8, 0x0000000702c00000| 99%| O|  |TS  0|AC  0|TAMS 0x0000000702b00000, 0x0000000702b00000|
|  44|0x0000000702c00000, 0x0000000702d00000, 0x0000000702d00000|100%|HS|  |TS  0|AC  0|TAMS 0x0000000702c00000, 0x0000000702c00000|
|  45|0x0000000702d00000, 0x0000000702e00000, 0x0000000702e00000|100%|HC|  |TS  0|AC  0|TAMS 0x0000000702d00000, 0x0000000702d00000|
|  46|0x0000000702e00000, 0x0000000702f00000, 0x0000000702f00000|100%|HC|  |TS  0|AC  0|TAMS 0x0000000702e00000, 0x0000000702e00000|
|  47|0x0000000702f00000, 0x0000000703000000, 0x0000000703000000|100%|HC|  |TS  0|AC  0|TAMS 0x0000000702f00000, 0x0000000702f00000|
|  48|0x0000000703000000, 0x0000000703100000, 0x0000000703100000|100%|HC|  |TS  0|AC  0|TAMS 0x0000000703000000, 0x0000000703000000|
|  49|0x0000000703100000, 0x0000000703200000, 0x0000000703200000|100%|HC|  |TS  0|AC  0|TAMS 0x0000000703100000, 0x0000000703100000|
|  50|0x0000000703200000, 0x0000000703300000, 0x0000000703300000|100%|HC|  |TS  0|AC  0|TAMS 0x0000000703200000, 0x0000000703200000|
|  51|0x0000000703300000, 0x0000000703400000, 0x0000000703400000|100%|HC|  |TS  0|AC  0|TAMS 0x0000000703300000, 0x0000000703300000|
|  52|0x0000000703400000, 0x00000007034ffff8, 0x0000000703500000| 99%| O|  |TS  0|AC  0|TAMS 0x0000000703400000, 0x0000000703400000|
|  53|0x0000000703500000, 0x0000000703600000, 0x0000000703600000|100%| O|  |TS  0|AC  0|TAMS 0x0000000703500000, 0x0000000703500000|
|  54|0x0000000703600000, 0x00000007036ffff0, 0x0000000703700000| 99%| O|  |TS  0|AC  0|TAMS 0x0000000703600000, 0x0000000703600000|
|  55|0x0000000703700000, 0x00000007037fffe8, 0x0000000703800000| 99%| O|  |TS  0|AC  0|TAMS 0x0000000703700000, 0x0000000703700000|
|  56|0x0000000703800000, 0x00000007038ff4c0, 0x0000000703900000| 99%| O|  |TS  0|AC  0|TAMS 0x0000000703800000, 0x0000000703800000|
|  57|0x0000000703900000, 0x00000007039fff18, 0x0000000703a00000| 99%| O|  |TS  0|AC  0|TAMS 0x0000000703900000, 0x0000000703900000|
|  58|0x0000000703a00000, 0x0000000703afff88, 0x0000000703b00000| 99%| O|  |TS  0|AC  0|TAMS 0x0000000703a00000, 0x0000000703a00000|
|  59|0x0000000703b00000, 0x0000000703bfffe0, 0x0000000703c00000| 99%| O|  |TS  0|AC  0|TAMS 0x0000000703b00000, 0x0000000703b00000|
|  60|0x0000000703c00000, 0x0000000703d00000, 0x0000000703d00000|100%| O|  |TS  0|AC  0|TAMS 0x0000000703c00000, 0x0000000703c00000|
|  61|0x0000000703d00000, 0x0000000703dfff78, 0x0000000703e00000| 99%| O|  |TS  0|AC  0|TAMS 0x0000000703d00000, 0x0000000703d00000|
|  62|0x0000000703e00000, 0x0000000703ef1bf0, 0x0000000703f00000| 94%| O|  |TS  0|AC  0|TAMS 0x0000000703e00000, 0x0000000703e00000|
|  63|0x0000000703f00000, 0x0000000703ffffd8, 0x0000000704000000| 99%| O|  |TS  0|AC  0|TAMS 0x0000000703f00000, 0x0000000703f00000|
|  64|0x0000000704000000, 0x00000007040ffff8, 0x0000000704100000| 99%| O|  |TS  0|AC  0|TAMS 0x0000000704000000, 0x0000000704000000|
|  65|0x0000000704100000, 0x00000007041ffff0, 0x0000000704200000| 99%| O|  |TS  0|AC  0|TAMS 0x0000000704100000, 0x0000000704100000|
|  66|0x0000000704200000, 0x0000000704231d98, 0x0000000704300000| 19%| O|  |TS  0|AC  0|TAMS 0x0000000704200000, 0x0000000704200000|
|  67|0x0000000704300000, 0x0000000704400000, 0x0000000704400000|100%|HS|  |TS  0|AC  0|TAMS 0x0000000704300000, 0x0000000704300000|
|  68|0x0000000704400000, 0x0000000704400000, 0x0000000704500000|  0%| F|  |TS  0|AC  0|TAMS 0x0000000704400000, 0x0000000704400000|
|  69|0x0000000704500000, 0x0000000704500000, 0x0000000704600000|  0%| F|  |TS  0|AC  0|TAMS 0x0000000704500000, 0x0000000704500000|
|  70|0x0000000704600000, 0x0000000704700000, 0x0000000704700000|100%|HS|  |TS  0|AC  0|TAMS 0x0000000704600000, 0x0000000704600000|
|  71|0x0000000704700000, 0x0000000704800000, 0x0000000704800000|100%|HC|  |TS  0|AC  0|TAMS 0x0000000704700000, 0x0000000704700000|
|  72|0x0000000704800000, 0x0000000704900000, 0x0000000704900000|100%|HS|  |TS  0|AC  0|TAMS 0x0000000704800000, 0x0000000704800000|
|  73|0x0000000704900000, 0x0000000704a00000, 0x0000000704a00000|100%|HC|  |TS  0|AC  0|TAMS 0x0000000704900000, 0x0000000704900000|
|  74|0x0000000704a00000, 0x0000000704b00000, 0x0000000704b00000|100%|HC|  |TS  0|AC  0|TAMS 0x0000000704a00000, 0x0000000704a00000|
|  75|0x0000000704b00000, 0x0000000704c00000, 0x0000000704c00000|100%|HC|  |TS  0|AC  0|TAMS 0x0000000704b00000, 0x0000000704b00000|
|  76|0x0000000704c00000, 0x0000000704d00000, 0x0000000704d00000|100%|HC|  |TS  0|AC  0|TAMS 0x0000000704c00000, 0x0000000704c00000|
|  77|0x0000000704d00000, 0x0000000704e00000, 0x0000000704e00000|100%|HC|  |TS  0|AC  0|TAMS 0x0000000704d00000, 0x0000000704d00000|
|  78|0x0000000704e00000, 0x0000000704f00000, 0x0000000704f00000|100%|HC|  |TS  0|AC  0|TAMS 0x0000000704e00000, 0x0000000704e00000|
|  79|0x0000000704f00000, 0x0000000705000000, 0x0000000705000000|100%|HC|  |TS  0|AC  0|TAMS 0x0000000704f00000, 0x0000000704f00000|
|  80|0x0000000705000000, 0x0000000705000000, 0x0000000705100000|  0%| F|  |TS  0|AC  0|TAMS 0x0000000705000000, 0x0000000705000000|
|  81|0x0000000705100000, 0x0000000705100000, 0x0000000705200000|  0%| F|  |TS  0|AC  0|TAMS 0x0000000705100000, 0x0000000705100000|
|  82|0x0000000705200000, 0x0000000705200000, 0x0000000705300000|  0%| F|  |TS  0|AC  0|TAMS 0x0000000705200000, 0x0000000705200000|
|  83|0x0000000705300000, 0x0000000705300000, 0x0000000705400000|  0%| F|  |TS  0|AC  0|TAMS 0x0000000705300000, 0x0000000705300000|
|  84|0x0000000705400000, 0x0000000705400000, 0x0000000705500000|  0%| F|  |TS  0|AC  0|TAMS 0x0000000705400000, 0x0000000705400000|
|  85|0x0000000705500000, 0x0000000705500000, 0x0000000705600000|  0%| F|  |TS  0|AC  0|TAMS 0x0000000705500000, 0x0000000705500000|
|  86|0x0000000705600000, 0x0000000705600000, 0x0000000705700000|  0%| F|  |TS  0|AC  0|TAMS 0x0000000705600000, 0x0000000705600000|
|  87|0x0000000705700000, 0x0000000705700000, 0x0000000705800000|  0%| F|  |TS  0|AC  0|TAMS 0x0000000705700000, 0x0000000705700000|
|  88|0x0000000705800000, 0x0000000705800000, 0x0000000705900000|  0%| F|  |TS  0|AC  0|TAMS 0x0000000705800000, 0x0000000705800000|
|  89|0x0000000705900000, 0x0000000705900000, 0x0000000705a00000|  0%| F|  |TS  0|AC  0|TAMS 0x0000000705900000, 0x0000000705900000|
|  90|0x0000000705a00000, 0x0000000705a00000, 0x0000000705b00000|  0%| F|  |TS  0|AC  0|TAMS 0x0000000705a00000, 0x0000000705a00000|
|  91|0x0000000705b00000, 0x0000000705b00000, 0x0000000705c00000|  0%| F|  |TS  0|AC  0|TAMS 0x0000000705b00000, 0x0000000705b00000|
|  92|0x0000000705c00000, 0x0000000705c00000, 0x0000000705d00000|  0%| F|  |TS  0|AC  0|TAMS 0x0000000705c00000, 0x0000000705c00000|
|  93|0x0000000705d00000, 0x0000000705d00000, 0x0000000705e00000|  0%| F|  |TS  0|AC  0|TAMS 0x0000000705d00000, 0x0000000705d00000|
|  94|0x0000000705e00000, 0x0000000705e00000, 0x0000000705f00000|  0%| F|  |TS  0|AC  0|TAMS 0x0000000705e00000, 0x0000000705e00000|
|  95|0x0000000705f00000, 0x0000000705f00000, 0x0000000706000000|  0%| F|  |TS  0|AC  0|TAMS 0x0000000705f00000, 0x0000000705f00000|
|  96|0x0000000706000000, 0x0000000706000000, 0x0000000706100000|  0%| F|  |TS  0|AC  0|TAMS 0x0000000706000000, 0x0000000706000000|
|  97|0x0000000706100000, 0x0000000706100000, 0x0000000706200000|  0%| F|  |TS  0|AC  0|TAMS 0x0000000706100000, 0x0000000706100000|
|  98|0x0000000706200000, 0x0000000706200000, 0x0000000706300000|  0%| F|  |TS  0|AC  0|TAMS 0x0000000706200000, 0x0000000706200000|
|  99|0x0000000706300000, 0x0000000706300000, 0x0000000706400000|  0%| F|  |TS  0|AC  0|TAMS 0x0000000706300000, 0x0000000706300000|
| 100|0x0000000706400000, 0x0000000706400000, 0x0000000706500000|  0%| F|  |TS  0|AC  0|TAMS 0x0000000706400000, 0x0000000706400000|
| 101|0x0000000706500000, 0x0000000706500000, 0x0000000706600000|  0%| F|  |TS  0|AC  0|TAMS 0x0000000706500000, 0x0000000706500000|
| 102|0x0000000706600000, 0x0000000706600000, 0x0000000706700000|  0%| F|  |TS  0|AC  0|TAMS 0x0000000706600000, 0x0000000706600000|
| 103|0x0000000706700000, 0x0000000706700000, 0x0000000706800000|  0%| F|  |TS  0|AC  0|TAMS 0x0000000706700000, 0x0000000706700000|
| 104|0x0000000706800000, 0x0000000706800000, 0x0000000706900000|  0%| F|  |TS  0|AC  0|TAMS 0x0000000706800000, 0x0000000706800000|
| 105|0x0000000706900000, 0x0000000706900000, 0x0000000706a00000|  0%| F|  |TS  0|AC  0|TAMS 0x0000000706900000, 0x0000000706900000|
| 106|0x0000000706a00000, 0x0000000706a00000, 0x0000000706b00000|  0%| F|  |TS  0|AC  0|TAMS 0x0000000706a00000, 0x0000000706a00000|
| 107|0x0000000706b00000, 0x0000000706b00000, 0x0000000706c00000|  0%| F|  |TS  0|AC  0|TAMS 0x0000000706b00000, 0x0000000706b00000|
| 108|0x0000000706c00000, 0x0000000706c00000, 0x0000000706d00000|  0%| F|  |TS  0|AC  0|TAMS 0x0000000706c00000, 0x0000000706c00000|
| 109|0x0000000706d00000, 0x0000000706d00000, 0x0000000706e00000|  0%| F|  |TS  0|AC  0|TAMS 0x0000000706d00000, 0x0000000706d00000|
| 110|0x0000000706e00000, 0x0000000706e00000, 0x0000000706f00000|  0%| F|  |TS  0|AC  0|TAMS 0x0000000706e00000, 0x0000000706e00000|
| 111|0x0000000706f00000, 0x0000000706f00000, 0x0000000707000000|  0%| F|  |TS  0|AC  0|TAMS 0x0000000706f00000, 0x0000000706f00000|
| 112|0x0000000707000000, 0x0000000707000000, 0x0000000707100000|  0%| F|  |TS  0|AC  0|TAMS 0x0000000707000000, 0x0000000707000000|
| 113|0x0000000707100000, 0x0000000707100000, 0x0000000707200000|  0%| F|  |TS  0|AC  0|TAMS 0x0000000707100000, 0x0000000707100000|
| 114|0x0000000707200000, 0x0000000707200000, 0x0000000707300000|  0%| F|  |TS  0|AC  0|TAMS 0x0000000707200000, 0x0000000707200000|
| 115|0x0000000707300000, 0x0000000707300000, 0x0000000707400000|  0%| F|  |TS  0|AC  0|TAMS 0x0000000707300000, 0x0000000707300000|
| 116|0x0000000707400000, 0x0000000707400000, 0x0000000707500000|  0%| F|  |TS  0|AC  0|TAMS 0x0000000707400000, 0x0000000707400000|
| 117|0x0000000707500000, 0x0000000707500000, 0x0000000707600000|  0%| F|  |TS  0|AC  0|TAMS 0x0000000707500000, 0x0000000707500000|
| 118|0x0000000707600000, 0x0000000707600000, 0x0000000707700000|  0%| F|  |TS  0|AC  0|TAMS 0x0000000707600000, 0x0000000707600000|
| 119|0x0000000707700000, 0x0000000707700000, 0x0000000707800000|  0%| F|  |TS  0|AC  0|TAMS 0x0000000707700000, 0x0000000707700000|
| 120|0x0000000707800000, 0x0000000707800000, 0x0000000707900000|  0%| F|  |TS  0|AC  0|TAMS 0x0000000707800000, 0x0000000707800000|
| 121|0x0000000707900000, 0x0000000707900000, 0x0000000707a00000|  0%| F|  |TS  5|AC  0|TAMS 0x0000000707900000, 0x0000000707900000|
| 122|0x0000000707a00000, 0x0000000707ac34e0, 0x0000000707b00000| 76%| S|CS|TS  7|AC  0|TAMS 0x0000000707a00000, 0x0000000707a00000|
| 123|0x0000000707b00000, 0x0000000707b00000, 0x0000000707c00000|  0%| F|  |TS  7|AC  0|TAMS 0x0000000707b00000, 0x0000000707b00000|
| 124|0x0000000707c00000, 0x0000000707c00000, 0x0000000707d00000|  0%| F|  |TS  7|AC  0|TAMS 0x0000000707c00000, 0x0000000707c00000|
| 125|0x0000000707d00000, 0x0000000707d00000, 0x0000000707e00000|  0%| F|  |TS  7|AC  0|TAMS 0x0000000707d00000, 0x0000000707d00000|
| 126|0x0000000707e00000, 0x0000000707e00000, 0x0000000707f00000|  0%| F|  |TS  7|AC  0|TAMS 0x0000000707e00000, 0x0000000707e00000|
| 127|0x0000000707f00000, 0x0000000707f00000, 0x0000000708000000|  0%| F|  |TS  7|AC  0|TAMS 0x0000000707f00000, 0x0000000707f00000|
| 128|0x0000000708000000, 0x0000000708000000, 0x0000000708100000|  0%| F|  |TS  7|AC  0|TAMS 0x0000000708000000, 0x0000000708000000|
| 129|0x0000000708100000, 0x0000000708100000, 0x0000000708200000|  0%| F|  |TS  7|AC  0|TAMS 0x0000000708100000, 0x0000000708100000|
| 130|0x0000000708200000, 0x0000000708200000, 0x0000000708300000|  0%| F|  |TS  7|AC  0|TAMS 0x0000000708200000, 0x0000000708200000|
| 131|0x0000000708300000, 0x0000000708300000, 0x0000000708400000|  0%| F|  |TS  7|AC  0|TAMS 0x0000000708300000, 0x0000000708300000|
| 132|0x0000000708400000, 0x0000000708400000, 0x0000000708500000|  0%| F|  |TS  7|AC  0|TAMS 0x0000000708400000, 0x0000000708400000|
| 133|0x0000000708500000, 0x0000000708500000, 0x0000000708600000|  0%| F|  |TS  7|AC  0|TAMS 0x0000000708500000, 0x0000000708500000|
| 134|0x0000000708600000, 0x0000000708600000, 0x0000000708700000|  0%| F|  |TS  7|AC  0|TAMS 0x0000000708600000, 0x0000000708600000|
| 135|0x0000000708700000, 0x0000000708700000, 0x0000000708800000|  0%| F|  |TS  7|AC  0|TAMS 0x0000000708700000, 0x0000000708700000|
| 136|0x0000000708800000, 0x0000000708800000, 0x0000000708900000|  0%| F|  |TS  7|AC  0|TAMS 0x0000000708800000, 0x0000000708800000|
| 137|0x0000000708900000, 0x0000000708900000, 0x0000000708a00000|  0%| F|  |TS  7|AC  0|TAMS 0x0000000708900000, 0x0000000708900000|
| 138|0x0000000708a00000, 0x0000000708a00000, 0x0000000708b00000|  0%| F|  |TS  7|AC  0|TAMS 0x0000000708a00000, 0x0000000708a00000|
| 139|0x0000000708b00000, 0x0000000708b00000, 0x0000000708c00000|  0%| F|  |TS  7|AC  0|TAMS 0x0000000708b00000, 0x0000000708b00000|
| 140|0x0000000708c00000, 0x0000000708c00000, 0x0000000708d00000|  0%| F|  |TS  7|AC  0|TAMS 0x0000000708c00000, 0x0000000708c00000|
| 141|0x0000000708d00000, 0x0000000708d00000, 0x0000000708e00000|  0%| F|  |TS  7|AC  0|TAMS 0x0000000708d00000, 0x0000000708d00000|
| 142|0x0000000708e00000, 0x0000000708e00000, 0x0000000708f00000|  0%| F|  |TS  7|AC  0|TAMS 0x0000000708e00000, 0x0000000708e00000|
| 143|0x0000000708f00000, 0x0000000708f00000, 0x0000000709000000|  0%| F|  |TS  7|AC  0|TAMS 0x0000000708f00000, 0x0000000708f00000|
| 144|0x0000000709000000, 0x0000000709000000, 0x0000000709100000|  0%| F|  |TS  7|AC  0|TAMS 0x0000000709000000, 0x0000000709000000|
| 145|0x0000000709100000, 0x0000000709100000, 0x0000000709200000|  0%| F|  |TS  7|AC  0|TAMS 0x0000000709100000, 0x0000000709100000|
| 146|0x0000000709200000, 0x0000000709200000, 0x0000000709300000|  0%| F|  |TS  7|AC  0|TAMS 0x0000000709200000, 0x0000000709200000|
| 147|0x0000000709300000, 0x0000000709300000, 0x0000000709400000|  0%| F|  |TS  7|AC  0|TAMS 0x0000000709300000, 0x0000000709300000|
| 148|0x0000000709400000, 0x0000000709400000, 0x0000000709500000|  0%| F|  |TS  7|AC  0|TAMS 0x0000000709400000, 0x0000000709400000|
| 149|0x0000000709500000, 0x0000000709500000, 0x0000000709600000|  0%| F|  |TS  7|AC  0|TAMS 0x0000000709500000, 0x0000000709500000|
| 150|0x0000000709600000, 0x0000000709600000, 0x0000000709700000|  0%| F|  |TS  7|AC  0|TAMS 0x0000000709600000, 0x0000000709600000|
| 151|0x0000000709700000, 0x0000000709700000, 0x0000000709800000|  0%| F|  |TS  7|AC  0|TAMS 0x0000000709700000, 0x0000000709700000|
| 152|0x0000000709800000, 0x0000000709800000, 0x0000000709900000|  0%| F|  |TS  7|AC  0|TAMS 0x0000000709800000, 0x0000000709800000|
| 153|0x0000000709900000, 0x0000000709900000, 0x0000000709a00000|  0%| F|  |TS  7|AC  0|TAMS 0x0000000709900000, 0x0000000709900000|
| 154|0x0000000709a00000, 0x0000000709a2e4e8, 0x0000000709b00000| 18%| E|  |TS  7|AC  0|TAMS 0x0000000709a00000, 0x0000000709a00000|
| 155|0x0000000709b00000, 0x0000000709c00000, 0x0000000709c00000|100%| E|CS|TS  7|AC  0|TAMS 0x0000000709b00000, 0x0000000709b00000|
| 156|0x0000000709c00000, 0x0000000709d00000, 0x0000000709d00000|100%| E|CS|TS  7|AC  0|TAMS 0x0000000709c00000, 0x0000000709c00000|
| 157|0x0000000709d00000, 0x0000000709e00000, 0x0000000709e00000|100%| E|CS|TS  7|AC  0|TAMS 0x0000000709d00000, 0x0000000709d00000|
| 158|0x0000000709e00000, 0x0000000709f00000, 0x0000000709f00000|100%| E|CS|TS  7|AC  0|TAMS 0x0000000709e00000, 0x0000000709e00000|
| 159|0x0000000709f00000, 0x000000070a000000, 0x000000070a000000|100%| E|CS|TS  7|AC  0|TAMS 0x0000000709f00000, 0x0000000709f00000|
| 160|0x000000070a000000, 0x000000070a100000, 0x000000070a100000|100%| E|CS|TS  7|AC  0|TAMS 0x000000070a000000, 0x000000070a000000|
| 161|0x000000070a100000, 0x000000070a200000, 0x000000070a200000|100%| E|CS|TS  7|AC  0|TAMS 0x000000070a100000, 0x000000070a100000|
| 162|0x000000070a200000, 0x000000070a300000, 0x000000070a300000|100%| E|CS|TS  7|AC  0|TAMS 0x000000070a200000, 0x000000070a200000|
| 163|0x000000070a300000, 0x000000070a400000, 0x000000070a400000|100%| E|CS|TS  7|AC  0|TAMS 0x000000070a300000, 0x000000070a300000|
| 164|0x000000070a400000, 0x000000070a500000, 0x000000070a500000|100%| E|CS|TS  7|AC  0|TAMS 0x000000070a400000, 0x000000070a400000|
| 165|0x000000070a500000, 0x000000070a600000, 0x000000070a600000|100%| E|CS|TS  7|AC  0|TAMS 0x000000070a500000, 0x000000070a500000|
| 166|0x000000070a600000, 0x000000070a700000, 0x000000070a700000|100%| E|CS|TS  7|AC  0|TAMS 0x000000070a600000, 0x000000070a600000|
| 167|0x000000070a700000, 0x000000070a800000, 0x000000070a800000|100%| E|CS|TS  7|AC  0|TAMS 0x000000070a700000, 0x000000070a700000|
| 168|0x000000070a800000, 0x000000070a900000, 0x000000070a900000|100%| E|CS|TS  7|AC  0|TAMS 0x000000070a800000, 0x000000070a800000|
| 169|0x000000070a900000, 0x000000070aa00000, 0x000000070aa00000|100%| E|CS|TS  7|AC  0|TAMS 0x000000070a900000, 0x000000070a900000|
| 170|0x000000070aa00000, 0x000000070ab00000, 0x000000070ab00000|100%| E|CS|TS  7|AC  0|TAMS 0x000000070aa00000, 0x000000070aa00000|
| 171|0x000000070ab00000, 0x000000070ac00000, 0x000000070ac00000|100%| E|CS|TS  7|AC  0|TAMS 0x000000070ab00000, 0x000000070ab00000|
| 172|0x000000070ac00000, 0x000000070ad00000, 0x000000070ad00000|100%| E|CS|TS  7|AC  0|TAMS 0x000000070ac00000, 0x000000070ac00000|
| 173|0x000000070ad00000, 0x000000070ae00000, 0x000000070ae00000|100%| E|CS|TS  7|AC  0|TAMS 0x000000070ad00000, 0x000000070ad00000|
| 174|0x000000070ae00000, 0x000000070af00000, 0x000000070af00000|100%| E|CS|TS  7|AC  0|TAMS 0x000000070ae00000, 0x000000070ae00000|
| 175|0x000000070af00000, 0x000000070b000000, 0x000000070b000000|100%| E|CS|TS  7|AC  0|TAMS 0x000000070af00000, 0x000000070af00000|
| 176|0x000000070b000000, 0x000000070b100000, 0x000000070b100000|100%| E|CS|TS  7|AC  0|TAMS 0x000000070b000000, 0x000000070b000000|
| 177|0x000000070b100000, 0x000000070b200000, 0x000000070b200000|100%| E|CS|TS  7|AC  0|TAMS 0x000000070b100000, 0x000000070b100000|
| 178|0x000000070b200000, 0x000000070b300000, 0x000000070b300000|100%| E|CS|TS  7|AC  0|TAMS 0x000000070b200000, 0x000000070b200000|
| 179|0x000000070b300000, 0x000000070b400000, 0x000000070b400000|100%| E|CS|TS  7|AC  0|TAMS 0x000000070b300000, 0x000000070b300000|
| 180|0x000000070b400000, 0x000000070b500000, 0x000000070b500000|100%| E|CS|TS  7|AC  0|TAMS 0x000000070b400000, 0x000000070b400000|
| 181|0x000000070b500000, 0x000000070b600000, 0x000000070b600000|100%| E|CS|TS  7|AC  0|TAMS 0x000000070b500000, 0x000000070b500000|
| 182|0x000000070b600000, 0x000000070b700000, 0x000000070b700000|100%| E|CS|TS  7|AC  0|TAMS 0x000000070b600000, 0x000000070b600000|

Card table byte_map: [0x000002a0a95b0000,0x000002a0a9bb0000] byte_map_base: 0x000002a0a5db0000

Marking Bits (Prev, Next): (CMBitMap*) 0x000002a090f18950, (CMBitMap*) 0x000002a090f18988
 Prev Bits: [0x000002a0aa1b0000, 0x000002a0ad1b0000)
 Next Bits: [0x000002a0ad1b0000, 0x000002a0b01b0000)

Polling page: 0x000002a085770000

CodeHeap 'non-profiled nmethods': size=120000Kb used=24077Kb max_used=24499Kb free=95922Kb
 bounds [0x000002a0a1a80000, 0x000002a0a3270000, 0x000002a0a8fb0000]
CodeHeap 'profiled nmethods': size=120000Kb used=43563Kb max_used=45364Kb free=76437Kb
 bounds [0x000002a09a550000, 0x000002a09d2a0000, 0x000002a0a1a80000]
CodeHeap 'non-nmethods': size=5760Kb used=1785Kb max_used=1843Kb free=3974Kb
 bounds [0x000002a099fb0000, 0x000002a09a220000, 0x000002a09a550000]
 total_blobs=36911 nmethods=18862 adapters=1115
 compilation: enabled

Compilation events (10 events):
Event: 5235.923 Thread 0x000002a08e286000 25040   !   3       java.awt.DefaultKeyboardFocusManager$DefaultKeyboardFocusManagerSentEvent::dispatch (75 bytes)
Event: 5235.923 Thread 0x000002a08e286000 nmethod 25040 0x000002a09c701410 code [0x000002a09c701620, 0x000002a09c701f30]
Event: 5236.767 Thread 0x000002a08e286000 25041       1       ui.utils.p.b.a::sG (5 bytes)
Event: 5236.767 Thread 0x000002a08e286000 nmethod 25041 0x000002a0a2dd0990 code [0x000002a0a2dd0b40, 0x000002a0a2dd0c58]
Event: 5236.893 Thread 0x000002a08e27d800 25042       4       java.awt.Component::getLocale (36 bytes)
Event: 5236.893 Thread 0x000002a08e27d800 nmethod 25042 0x000002a0a295b410 code [0x000002a0a295b5a0, 0x000002a0a295b618]
Event: 5237.007 Thread 0x000002a091302000 25043       4       com.jidesoft.plaf.basic.BasicAutoFilterTableHeaderUIDelegate::paintCell (288 bytes)
Event: 5237.025 Thread 0x000002a091301000 25044       4       javax.swing.JComponent::processMouseEvent (27 bytes)
Event: 5237.027 Thread 0x000002a091302000 nmethod 25043 0x000002a0a2ec7110 code [0x000002a0a2ec73a0, 0x000002a0a2ec87a8]
Event: 5237.030 Thread 0x000002a091301000 nmethod 25044 0x000002a0a2e4d490 code [0x000002a0a2e4d6a0, 0x000002a0a2e4dde8]

GC Heap History (10 events):
Event: 5164.913 GC heap before
{Heap before GC invocations=687 (full 270):
 garbage-first heap   total 187392K, used 100579K [0x0000000700000000, 0x00000007001005b8, 0x00000007c0000000)
  region size 1024K, 23 young (23552K), 1 survivors (1024K)
 Metaspace       used 85678K, capacity 87851K, committed 94896K, reserved 1130496K
  class space    used 11282K, capacity 11750K, committed 13232K, reserved 1048576K
}
Event: 5165.073 GC heap after
{Heap after GC invocations=688 (full 271):
 garbage-first heap   total 187392K, used 78584K [0x0000000700000000, 0x00000007001005b8, 0x00000007c0000000)
  region size 1024K, 0 young (0K), 0 survivors (0K)
 Metaspace       used 85678K, capacity 87851K, committed 94896K, reserved 1130496K
  class space    used 11282K, capacity 11750K, committed 13232K, reserved 1048576K
}
Event: 5166.535 GC heap before
{Heap before GC invocations=688 (full 271):
 garbage-first heap   total 187392K, used 140024K [0x0000000700000000, 0x00000007001005b8, 0x00000007c0000000)
  region size 1024K, 60 young (61440K), 0 survivors (0K)
 Metaspace       used 85679K, capacity 87851K, committed 94896K, reserved 1130496K
  class space    used 11282K, capacity 11750K, committed 13232K, reserved 1048576K
}
Event: 5166.536 GC heap after
{Heap after GC invocations=689 (full 271):
 garbage-first heap   total 187392K, used 78988K [0x0000000700000000, 0x00000007001005b8, 0x00000007c0000000)
  region size 1024K, 1 young (1024K), 1 survivors (1024K)
 Metaspace       used 85679K, capacity 87851K, committed 94896K, reserved 1130496K
  class space    used 11282K, capacity 11750K, committed 13232K, reserved 1048576K
}
Event: 5235.385 GC heap before
{Heap before GC invocations=689 (full 271):
 garbage-first heap   total 187392K, used 139404K [0x0000000700000000, 0x00000007001005b8, 0x00000007c0000000)
  region size 1024K, 60 young (61440K), 1 survivors (1024K)
 Metaspace       used 85679K, capacity 87851K, committed 94896K, reserved 1130496K
  class space    used 11282K, capacity 11750K, committed 13232K, reserved 1048576K
}
Event: 5235.387 GC heap after
{Heap after GC invocations=690 (full 271):
 garbage-first heap   total 187392K, used 79628K [0x0000000700000000, 0x00000007001005b8, 0x00000007c0000000)
  region size 1024K, 2 young (2048K), 2 survivors (2048K)
 Metaspace       used 85679K, capacity 87851K, committed 94896K, reserved 1130496K
  class space    used 11282K, capacity 11750K, committed 13232K, reserved 1048576K
}
Event: 5235.558 GC heap before
{Heap before GC invocations=690 (full 271):
 garbage-first heap   total 187392K, used 139020K [0x0000000700000000, 0x00000007001005b8, 0x00000007c0000000)
  region size 1024K, 60 young (61440K), 2 survivors (2048K)
 Metaspace       used 85679K, capacity 87851K, committed 94896K, reserved 1130496K
  class space    used 11282K, capacity 11750K, committed 13232K, reserved 1048576K
}
Event: 5235.560 GC heap after
{Heap after GC invocations=691 (full 271):
 garbage-first heap   total 187392K, used 79137K [0x0000000700000000, 0x00000007001005b8, 0x00000007c0000000)
  region size 1024K, 1 young (1024K), 1 survivors (1024K)
 Metaspace       used 85679K, capacity 87851K, committed 94896K, reserved 1130496K
  class space    used 11282K, capacity 11750K, committed 13232K, reserved 1048576K
}
Event: 5236.916 GC heap before
{Heap before GC invocations=691 (full 271):
 garbage-first heap   total 187392K, used 139553K [0x0000000700000000, 0x00000007001005b8, 0x00000007c0000000)
  region size 1024K, 60 young (61440K), 1 survivors (1024K)
 Metaspace       used 85679K, capacity 87851K, committed 94896K, reserved 1130496K
  class space    used 11282K, capacity 11750K, committed 13232K, reserved 1048576K
}
Event: 5236.918 GC heap after
{Heap after GC invocations=692 (full 271):
 garbage-first heap   total 187392K, used 79366K [0x0000000700000000, 0x00000007001005b8, 0x00000007c0000000)
  region size 1024K, 1 young (1024K), 1 survivors (1024K)
 Metaspace       used 85679K, capacity 87851K, committed 94896K, reserved 1130496K
  class space    used 11282K, capacity 11750K, committed 13232K, reserved 1048576K
}

Deoptimization events (10 events):
Event: 3727.819 Thread 0x000002a0b5611800 Uncommon trap: reason=unstable_if action=reinterpret pc=0x000002a0a2c7864c method=sun.java2d.pipe.Region.clipBoxToBounds([I)V @ 7 c2
Event: 3794.478 Thread 0x000002a0b5611800 Uncommon trap: reason=bimorphic_or_optimized_type_check action=maybe_recompile pc=0x000002a0a3119458 method=java.awt.Component.processEvent(Ljava/awt/AWTEvent;)V @ 103 c2
Event: 3927.814 Thread 0x000002a0b5611800 Uncommon trap: reason=unstable_if action=reinterpret pc=0x000002a0a2081904 method=sun.java2d.pipe.PixelToParallelogramConverter.draw(Lsun/java2d/SunGraphics2D;Ljava/awt/Shape;)V @ 75 c2
Event: 4709.043 Thread 0x000002a0b5611800 Uncommon trap: reason=unstable_if action=reinterpret pc=0x000002a0a2fc2c4c method=com.jidesoft.editor.CodeEditorPainter.paintLine(Ljava/awt/Graphics;Lcom/jidesoft/editor/tokenmarker/TokenMarker;IILcom/jidesoft/editor/caret/CaretPosition;Lcom/jidesoft/edit
Event: 4789.501 Thread 0x000002a0b5611800 Uncommon trap: reason=bimorphic_or_optimized_type_check action=maybe_recompile pc=0x000002a0a30f5f14 method=java.awt.LightweightDispatcher.eventDispatched(Ljava/awt/AWTEvent;)V @ 247 c2
Event: 4789.510 Thread 0x000002a0b5611800 Uncommon trap: reason=bimorphic_or_optimized_type_check action=maybe_recompile pc=0x000002a0a30f5f14 method=java.awt.LightweightDispatcher.eventDispatched(Ljava/awt/AWTEvent;)V @ 247 c2
Event: 5154.582 Thread 0x000002a0b5611800 Uncommon trap: reason=bimorphic_or_optimized_type_check action=maybe_recompile pc=0x000002a0a3269dc4 method=javax.swing.JComponent.getObscuredState(IIIII)I @ 47 c2
Event: 5164.350 Thread 0x000002a0b5611800 Uncommon trap: reason=bimorphic_or_optimized_type_check action=maybe_recompile pc=0x000002a0a3119458 method=java.awt.Component.processEvent(Ljava/awt/AWTEvent;)V @ 103 c2
Event: 5164.412 Thread 0x000002a0b5611800 Uncommon trap: reason=bimorphic_or_optimized_type_check action=maybe_recompile pc=0x000002a0a3119458 method=java.awt.Component.processEvent(Ljava/awt/AWTEvent;)V @ 103 c2
Event: 5164.892 Thread 0x000002a0b5611800 Uncommon trap: reason=bimorphic_or_optimized_type_check action=maybe_recompile pc=0x000002a0a3119458 method=java.awt.Component.processEvent(Ljava/awt/AWTEvent;)V @ 103 c2

Classes redefined (0 events):
No events

Internal exceptions (10 events):
Event: 3171.359 Thread 0x000002a0c6c51800 Exception <a 'java/lang/InterruptedException'{0x0000000708600040}: sleep interrupted> (0x0000000708600040) thrown at [t:/workspace/hotspot/src/share/vm/prims/jvm.cpp, line 3023]
Event: 3172.469 Thread 0x000002a0b5611800 Exception <a 'java/lang/NoSuchMethodError'{0x0000000709af3640}: method resolution failed> (0x0000000709af3640) thrown at [t:/workspace/hotspot/src/share/vm/prims/methodHandles.cpp, line 1256]
Event: 3923.967 Thread 0x000002a0b5611800 Exception <a 'java/awt/IllegalComponentStateException'{0x0000000707eb02c8}> (0x0000000707eb02c8) thrown at [t:/workspace/hotspot/src/share/vm/prims/jvm.cpp, line 1314]
Event: 3925.101 Thread 0x000002a0c6c53000 Exception <a 'java/lang/InterruptedException'{0x000000070b580840}: sleep interrupted> (0x000000070b580840) thrown at [t:/workspace/hotspot/src/share/vm/prims/jvm.cpp, line 3023]
Event: 4709.341 Thread 0x000002a0c6c53000 Exception <a 'ui/frmwork/CommandFailedException'{0x0000000707f80a08}> (0x0000000707f80a08) thrown at [t:/workspace/hotspot/src/share/vm/prims/jni.cpp, line 604]
Event: 4709.343 Thread 0x000002a0b5611800 Exception <a 'java/awt/IllegalComponentStateException'{0x0000000707e226a0}> (0x0000000707e226a0) thrown at [t:/workspace/hotspot/src/share/vm/prims/jvm.cpp, line 1314]
Event: 4795.908 Thread 0x000002a0c6c57000 Exception <a 'java/lang/InterruptedException'{0x0000000709584c58}: sleep interrupted> (0x0000000709584c58) thrown at [t:/workspace/hotspot/src/share/vm/prims/jvm.cpp, line 3023]
Event: 4812.773 Thread 0x000002a0b5611800 Exception <a 'java/awt/IllegalComponentStateException'{0x0000000708414ca8}> (0x0000000708414ca8) thrown at [t:/workspace/hotspot/src/share/vm/prims/jvm.cpp, line 1314]
Event: 4812.937 Thread 0x000002a0c6c53000 Exception <a 'ui/frmwork/CommandFailedException'{0x000000070a000fa8}> (0x000000070a000fa8) thrown at [t:/workspace/hotspot/src/share/vm/prims/jni.cpp, line 604]
Event: 4877.724 Thread 0x000002a0c6c57000 Exception <a 'java/lang/InterruptedException'{0x000000070b18a428}: sleep interrupted> (0x000000070b18a428) thrown at [t:/workspace/hotspot/src/share/vm/prims/jvm.cpp, line 3023]

Events (10 events):
Event: 5235.567 Thread 0x000002a0c6c4e800 Thread exited: 0x000002a0c6c4e800
Event: 5236.007 Thread 0x000002a0c6c4e800 Thread added: 0x000002a0c6c4e800
Event: 5236.013 Executing VM operation: RevokeBias
Event: 5236.013 Executing VM operation: RevokeBias done
Event: 5236.014 Executing VM operation: RevokeBias
Event: 5236.014 Executing VM operation: RevokeBias done
Event: 5236.480 Thread 0x000002a0c6c57000 Thread added: 0x000002a0c6c57000
Event: 5236.483 Thread 0x000002a0c6c57000 Thread exited: 0x000002a0c6c57000
Event: 5236.916 Executing VM operation: G1IncCollectionPause
Event: 5236.918 Executing VM operation: G1IncCollectionPause done


Dynamic libraries:
0x00007ff71c920000 - 0x00007ff71c950000 	F:\Xilinx\Vivado\2019.2\bin\unwrapped\win64.o\vivado.exe
0x00007ffe65bf0000 - 0x00007ffe65de8000 	C:\Windows\SYSTEM32\ntdll.dll
0x00007ffe65800000 - 0x00007ffe658bd000 	C:\Windows\System32\KERNEL32.DLL
0x00007ffe63310000 - 0x00007ffe635de000 	C:\Windows\System32\KERNELBASE.dll
0x00007ffe63940000 - 0x00007ffe63a40000 	C:\Windows\System32\ucrtbase.dll
0x00007ffe4e1a0000 - 0x00007ffe4e22d000 	C:\Windows\SYSTEM32\MSVCP140.dll
0x00007ffe5bc80000 - 0x00007ffe5bc96000 	F:\Xilinx\Vivado\2019.2\lib\win64.o\librdi_commonmain.dll
0x00007ffe54c40000 - 0x00007ffe54c54000 	F:\Xilinx\Vivado\2019.2\lib\win64.o\libboost_signals.dll
0x00007ffe2f590000 - 0x00007ffe304d3000 	F:\Xilinx\Vivado\2019.2\lib\win64.o\librdi_common.dll
0x00007ffe50880000 - 0x00007ffe5089a000 	C:\Windows\SYSTEM32\VCRUNTIME140.dll
0x00007ffe5edf0000 - 0x00007ffe5edfc000 	C:\Windows\SYSTEM32\VCRUNTIME140_1.dll
0x00007ffe658d0000 - 0x00007ffe65a70000 	C:\Windows\System32\USER32.dll
0x00007ffe635e0000 - 0x00007ffe63602000 	C:\Windows\System32\win32u.dll
0x00007ffe4e500000 - 0x00007ffe4e526000 	F:\Xilinx\Vivado\2019.2\lib\win64.o\libboost_filesystem.dll
0x00007ffe5e460000 - 0x00007ffe5e46a000 	F:\Xilinx\Vivado\2019.2\lib\win64.o\librdi_commonversion.dll
0x00007ffe65570000 - 0x00007ffe6559a000 	C:\Windows\System32\GDI32.dll
0x00007ffe64ad0000 - 0x00007ffe64b7e000 	C:\Windows\System32\ADVAPI32.dll
0x00007ffe63d20000 - 0x00007ffe63dbe000 	C:\Windows\System32\msvcrt.dll
0x00007ffe32360000 - 0x00007ffe32501000 	F:\Xilinx\Vivado\2019.2\lib\win64.o\librdi_commonxillic.dll
0x00007ffe63800000 - 0x00007ffe6390b000 	C:\Windows\System32\gdi32full.dll
0x00000000540b0000 - 0x00000000541db000 	F:\Xilinx\Vivado\2019.2\lib\win64.o\tcl85t.dll
0x00007ffe641d0000 - 0x00007ffe6426c000 	C:\Windows\System32\sechost.dll
0x00007ffe64a60000 - 0x00007ffe64acb000 	C:\Windows\System32\WS2_32.dll
0x00007ffe63b40000 - 0x00007ffe63bdd000 	C:\Windows\System32\msvcp_win.dll
0x00007ffe655a0000 - 0x00007ffe656c5000 	C:\Windows\System32\RPCRT4.dll
0x00007ffe63910000 - 0x00007ffe63937000 	C:\Windows\System32\bcrypt.dll
0x00007ffe64e20000 - 0x00007ffe65563000 	C:\Windows\System32\SHELL32.dll
0x00007ffe2f220000 - 0x00007ffe2f58e000 	F:\Xilinx\Vivado\2019.2\lib\win64.o\libCOIN-all.dll
0x00007ffe51f30000 - 0x00007ffe51f44000 	F:\Xilinx\Vivado\2019.2\lib\win64.o\libboost_date_time.dll
0x00007ffe4dc30000 - 0x00007ffe4dcaf000 	F:\Xilinx\Vivado\2019.2\lib\win64.o\libboost_program_options.dll
0x00007ffe36a80000 - 0x00007ffe36b94000 	F:\Xilinx\Vivado\2019.2\lib\win64.o\libboost_regex.dll
0x00007ffe5c940000 - 0x00007ffe5c94b000 	F:\Xilinx\Vivado\2019.2\lib\win64.o\libboost_system.dll
0x00007ffe4e170000 - 0x00007ffe4e191000 	F:\Xilinx\Vivado\2019.2\lib\win64.o\libboost_thread.dll
0x00007ffe5c560000 - 0x00007ffe5c56f000 	F:\Xilinx\Vivado\2019.2\lib\win64.o\libboost_xilinx.dll
0x00007ffe47e70000 - 0x00007ffe47ef2000 	F:\Xilinx\Vivado\2019.2\lib\win64.o\libhdlpsolve.dll
0x00007ffe43d40000 - 0x00007ffe43de5000 	F:\Xilinx\Vivado\2019.2\lib\win64.o\libhdxml.dll
0x00007ffe2e620000 - 0x00007ffe2f21c200 	F:\Xilinx\Vivado\2019.2\lib\win64.o\libisl_iostreams.dll
0x00007ffe4ce90000 - 0x00007ffe4cebe000 	F:\Xilinx\Vivado\2019.2\lib\win64.o\libisl_sysinfo.dll
0x00007ffe43b90000 - 0x00007ffe43bf5000 	F:\Xilinx\Vivado\2019.2\lib\win64.o\liblmx6.0.dll
0x00007ffe51b20000 - 0x00007ffe51b3a000 	F:\Xilinx\Vivado\2019.2\lib\win64.o\pthreadVC2.dll
0x00007ffe51a70000 - 0x00007ffe51a8c000 	F:\Xilinx\Vivado\2019.2\lib\win64.o\librdiconfig.dll
0x00007ffe4c9a0000 - 0x00007ffe4c9c1000 	F:\Xilinx\Vivado\2019.2\lib\win64.o\librdizlib.dll
0x0000000012000000 - 0x0000000012270000 	F:\Xilinx\Vivado\2019.2\lib\win64.o\xerces-c_3_1.dll
0x00007ffe2e340000 - 0x00007ffe2e61b000 	F:\Xilinx\Vivado\2019.2\lib\win64.o\libXil_lmgr11.dll
0x00007ffe64ba0000 - 0x00007ffe64c7a000 	C:\Windows\System32\COMDLG32.dll
0x00007ffe63dc0000 - 0x00007ffe64114000 	C:\Windows\System32\combase.dll
0x00007ffe64120000 - 0x00007ffe641cd000 	C:\Windows\System32\shcore.dll
0x00007ffe51b00000 - 0x00007ffe51b19000 	C:\Windows\SYSTEM32\NETAPI32.dll
0x00007ffe64530000 - 0x00007ffe64585000 	C:\Windows\System32\SHLWAPI.dll
0x00007ffe509b0000 - 0x00007ffe50e86000 	C:\Windows\SYSTEM32\WININET.dll
0x00007ffe57160000 - 0x00007ffe5726a000 	C:\Windows\SYSTEM32\WINHTTP.dll
0x00007ffe55b00000 - 0x00007ffe55cec000 	C:\Windows\SYSTEM32\urlmon.dll
0x00007ffe63c50000 - 0x00007ffe63d1d000 	C:\Windows\System32\OLEAUT32.dll
0x00007ffe656d0000 - 0x00007ffe657fa000 	C:\Windows\System32\ole32.dll
0x00007ffe5ee00000 - 0x00007ffe5ee09000 	C:\Windows\SYSTEM32\WSOCK32.dll
0x00007ffe63be0000 - 0x00007ffe63c49000 	C:\Windows\System32\WINTRUST.dll
0x00007ffe2d4a0000 - 0x00007ffe2e331000 	F:\Xilinx\Vivado\2019.2\lib\win64.o\gurobi65.dll
0x00007ffe4c320000 - 0x00007ffe4c34e000 	C:\Windows\SYSTEM32\VCOMP140.DLL
0x00007ffe636a0000 - 0x00007ffe637f6000 	C:\Windows\System32\CRYPT32.dll
0x00007ffe4ecc0000 - 0x00007ffe4ecdb000 	F:\Xilinx\Vivado\2019.2\lib\win64.o\libboost_iostreams.dll
0x00007ffe5c4f0000 - 0x00007ffe5c4fd000 	F:\Xilinx\Vivado\2019.2\lib\win64.o\libboost_chrono.dll
0x00007ffe4b6c0000 - 0x00007ffe4b6e5000 	F:\Xilinx\Vivado\2019.2\lib\win64.o\libisl_iosutils.dll
0x00007ffe4fad0000 - 0x00007ffe4fb80000 	C:\Windows\WinSxS\amd64_microsoft.windows.common-controls_6595b64144ccf1df_5.82.19041.1110_none_792d1c772443f647\COMCTL32.dll
0x00007ffe57300000 - 0x00007ffe575b1000 	C:\Windows\SYSTEM32\iertutil.dll
0x00007ffe55ad0000 - 0x00007ffe55af8000 	C:\Windows\SYSTEM32\srvcli.dll
0x00007ffe627b0000 - 0x00007ffe627bc000 	C:\Windows\SYSTEM32\netutils.dll
0x00007ffe5bdc0000 - 0x00007ffe5bddd000 	C:\Windows\SYSTEM32\dhcpcsvc.DLL
0x00007ffe65a70000 - 0x00007ffe65aa0000 	C:\Windows\System32\IMM32.DLL
0x00007ffe62f00000 - 0x00007ffe62f12000 	C:\Windows\SYSTEM32\MSASN1.dll
0x00007ffe61220000 - 0x00007ffe61232000 	C:\Windows\SYSTEM32\kernel.appcore.dll
0x00007ffe2cf80000 - 0x00007ffe2d497000 	F:\Xilinx\Vivado\2019.2\lib\win64.o\librdi_commontasks.dll
0x00007ffe57000000 - 0x00007ffe5700a000 	C:\Windows\SYSTEM32\VERSION.dll
0x0000000053680000 - 0x00000000540a5000 	F:\Xilinx\Vivado\2019.2\tps\win64\jre9.0.4\bin\server\jvm.dll
0x00007ffe2cc90000 - 0x00007ffe2cf73000 	F:\Xilinx\Vivado\2019.2\lib\win64.o\librdi_sio.dll
0x00007ffe64b90000 - 0x00007ffe64b98000 	C:\Windows\System32\PSAPI.DLL
0x00007ffe50f30000 - 0x00007ffe50f57000 	C:\Windows\SYSTEM32\WINMM.dll
0x00007ffe62770000 - 0x00007ffe627ab000 	C:\Windows\SYSTEM32\IPHLPAPI.DLL
0x00007ffe36660000 - 0x00007ffe3674f000 	F:\Xilinx\Vivado\2019.2\tps\win64\jre9.0.4\bin\MSVCR120.dll
0x00007ffe62ad0000 - 0x00007ffe62b3a000 	C:\Windows\SYSTEM32\MSWSOCK.DLL
0x00007ffe61420000 - 0x00007ffe61bb5000 	C:\Windows\SYSTEM32\windows.storage.dll
0x00007ffe62d70000 - 0x00007ffe62da0000 	C:\Windows\SYSTEM32\Wldp.dll
0x00007ffe2a540000 - 0x00007ffe2cc85000 	F:\Xilinx\Vivado\2019.2\lib\win64.o\librdi_tcltasks.dll
0x00007ffe2a080000 - 0x00007ffe2a534000 	F:\Xilinx\Vivado\2019.2\lib\win64.o\librdi_bitstream.dll
0x00007ffe3a660000 - 0x00007ffe3a6db000 	F:\Xilinx\Vivado\2019.2\lib\win64.o\librdi_boarddep.dll
0x00007ffe31560000 - 0x00007ffe316fd000 	F:\Xilinx\Vivado\2019.2\lib\win64.o\librdi_board.dll
0x00007ffe29f20000 - 0x00007ffe2a072000 	F:\Xilinx\Vivado\2019.2\lib\win64.o\librdi_cd_client.dll
0x00007ffe363e0000 - 0x00007ffe364cf000 	F:\Xilinx\Vivado\2019.2\lib\win64.o\librdi_chipscope.dll
0x00007ffe29d60000 - 0x00007ffe29f20000 	F:\Xilinx\Vivado\2019.2\lib\win64.o\librdi_chipscopeimpl.dll
0x00007ffe28280000 - 0x00007ffe29d5a000 	F:\Xilinx\Vivado\2019.2\lib\win64.o\librdi_constraints.dll
0x00007ffe05d80000 - 0x00007ffe07d70000 	F:\Xilinx\Vivado\2019.2\lib\win64.o\librdi_coregen.dll
0x00007ffe1fc30000 - 0x00007ffe20309000 	F:\Xilinx\Vivado\2019.2\lib\win64.o\librdi_coregenipxact.dll
0x00007ffe26f00000 - 0x00007ffe27224000 	F:\Xilinx\Vivado\2019.2\lib\win64.o\librdi_containers.dll
0x00007ffe01ab0000 - 0x00007ffe05d7b000 	F:\Xilinx\Vivado\2019.2\lib\win64.o\librdi_designutils.dll
0x00007ffdecf00000 - 0x00007ffe01aab000 	F:\Xilinx\Vivado\2019.2\lib\win64.o\librdi_device.dll
0x00007ffe1e8a0000 - 0x00007ffe1ee6d000 	F:\Xilinx\Vivado\2019.2\lib\win64.o\librdi_drc.dll
0x00007ffe26bb0000 - 0x00007ffe26efa000 	F:\Xilinx\Vivado\2019.2\lib\win64.o\librdi_dlyest.dll
0x00007ffe32b50000 - 0x00007ffe32c14000 	F:\Xilinx\Vivado\2019.2\lib\win64.o\librdi_dsp.dll
0x00007ffdec890000 - 0x00007ffdecefb000 	F:\Xilinx\Vivado\2019.2\lib\win64.o\librdi_filemgmt.dll
0x00007ffe38200000 - 0x00007ffe3826a000 	F:\Xilinx\Vivado\2019.2\lib\win64.o\librdi_hdf.dll
0x00007ffe16c40000 - 0x00007ffe16f50000 	F:\Xilinx\Vivado\2019.2\lib\win64.o\librdi_guitools.dll
0x00007ffe28060000 - 0x00007ffe28280000 	F:\Xilinx\Vivado\2019.2\lib\win64.o\librdi_hip_devdesign.dll
0x00007ffe276a0000 - 0x00007ffe277e8000 	F:\Xilinx\Vivado\2019.2\lib\win64.o\librdi_hip_perf_analysis.dll
0x00007ffdeb120000 - 0x00007ffdec88d000 	F:\Xilinx\Vivado\2019.2\lib\win64.o\librdi_implflow.dll
0x00007ffe34260000 - 0x00007ffe342d4000 	F:\Xilinx\Vivado\2019.2\lib\win64.o\librdi_memoryarray.dll
0x00007ffdeaae0000 - 0x00007ffdeb111000 	F:\Xilinx\Vivado\2019.2\lib\win64.o\librdi_memdata.dll
0x00007ffde7d10000 - 0x00007ffdeaadb000 	F:\Xilinx\Vivado\2019.2\lib\win64.o\librdi_mig.dll
0x00007ffe49df0000 - 0x00007ffe49e3c000 	F:\Xilinx\Vivado\2019.2\lib\win64.o\librdi_pfi.dll
0x00007ffde7620000 - 0x00007ffde7d03000 	F:\Xilinx\Vivado\2019.2\lib\win64.o\librdi_netlist.dll
0x00007ffde4d50000 - 0x00007ffde7617000 	F:\Xilinx\Vivado\2019.2\lib\win64.o\librdi_place.dll
0x00007ffe16050000 - 0x00007ffe1636b000 	F:\Xilinx\Vivado\2019.2\lib\win64.o\librdi_platform.dll
0x00007ffde4540000 - 0x00007ffde4d4b000 	F:\Xilinx\Vivado\2019.2\lib\win64.o\librdi_power.dll
0x00007ffde3f80000 - 0x00007ffde453a000 	F:\Xilinx\Vivado\2019.2\lib\win64.o\librdi_project.dll
0x00007ffde3840000 - 0x00007ffde3f73000 	F:\Xilinx\Vivado\2019.2\lib\win64.o\librdi_psta.dll
0x00007ffe14960000 - 0x00007ffe14d83000 	F:\Xilinx\Vivado\2019.2\lib\win64.o\librdi_runs.dll
0x00007ffde3170000 - 0x00007ffde3831000 	F:\Xilinx\Vivado\2019.2\lib\win64.o\librdi_rsb.dll
0x00007ffe320a0000 - 0x00007ffe321a8000 	F:\Xilinx\Vivado\2019.2\lib\win64.o\librdi_runsbase.dll
0x00007ffde2060000 - 0x00007ffde2eed000 	F:\Xilinx\Vivado\2019.2\lib\win64.o\librdi_timing.dll
0x00007ffde2ef0000 - 0x00007ffde3165000 	F:\Xilinx\Vivado\2019.2\lib\win64.o\librdi_simdata.dll
0x00007ffe23b40000 - 0x00007ffe23ce0000 	F:\Xilinx\Vivado\2019.2\lib\win64.o\librdi_cd_protocol.dll
0x00007ffe1cb40000 - 0x00007ffe1cce1000 	F:\Xilinx\Vivado\2019.2\lib\win64.o\librdi_advchipscopeimpl.dll
0x00007ffe48270000 - 0x00007ffe482bc000 	F:\Xilinx\Vivado\2019.2\lib\win64.o\libboost_serialization.dll
0x00007ffe31920000 - 0x00007ffe319f7000 	F:\Xilinx\Vivado\2019.2\lib\win64.o\librdi_ipconfig_readwrite.dll
0x00007ffe43cf0000 - 0x00007ffe43d3a000 	F:\Xilinx\Vivado\2019.2\lib\win64.o\librdi_noc_frameworks.dll
0x00007ffde0fc0000 - 0x00007ffde1b07000 	F:\Xilinx\Vivado\2019.2\lib\win64.o\libverific.dll
0x00007ffe17220000 - 0x00007ffe17404000 	F:\Xilinx\Vivado\2019.2\lib\win64.o\librdi_hip_config.dll
0x00007ffde1b10000 - 0x00007ffde205e000 	F:\Xilinx\Vivado\2019.2\lib\win64.o\librdi_xdm.dll
0x00007ffe31f30000 - 0x00007ffe31fce000 	F:\Xilinx\Vivado\2019.2\lib\win64.o\libise.dll
0x00007ffe43b40000 - 0x00007ffe43b8a000 	F:\Xilinx\Vivado\2019.2\lib\win64.o\librdi_wavedata_SimpleApi.dll

VM Arguments:
jvm_args: -Dsun.java2d.pmoffscreen=false -Dsun.java2d.xrender=false -Dsun.java2d.d3d=false -Dsun.awt.nopixfmt=true -Dsun.java2d.dpiaware=true -Dsun.java2d.uiScale.enabled=false -Xverify:none -Dswing.aatext=true -XX:-UsePerfData -Djdk.map.althashing.threshold=512 -XX:StringTableSize=4072 --add-opens=java.base/java.nio=ALL-UNNAMED --add-opens=java.desktop/sun.swing=ALL-UNNAMED --add-opens=java.desktop/javax.swing=ALL-UNNAMED --add-opens=java.desktop/javax.swing.tree=ALL-UNNAMED --add-opens=java.desktop/javax.swing.plaf.basic=ALL-UNNAMED --add-opens=java.desktop/javax.swing.plaf.synth=ALL-UNNAMED --add-opens=java.desktop/com.sun.awt=ALL-UNNAMED -XX:NewSize=60m -XX:MaxNewSize=60m -Xms128m -Xmx3072m -Xss5m 
java_command: <unknown>
java_class_path (initial): F:/Xilinx/Vivado/2019.2\lib\classes\alloy.jar;F:/Xilinx/Vivado/2019.2\lib\classes\autoesl-common.jar;F:/Xilinx/Vivado/2019.2\lib\classes\autoesl-models.jar;F:/Xilinx/Vivado/2019.2\lib\classes\autoesl-report.jar;F:/Xilinx/Vivado/2019.2\lib\classes\autopilot.scelaborator.jar;F:/Xilinx/Vivado/2019.2\lib\classes\autopilot.sourceprocessor.jar;F:/Xilinx/Vivado/2019.2\lib\classes\autopilot.tbprocessor.jar;F:/Xilinx/Vivado/2019.2\lib\classes\batik-anim.jar;F:/Xilinx/Vivado/2019.2\lib\classes\batik-awt-util.jar;F:/Xilinx/Vivado/2019.2\lib\classes\batik-bridge.jar;F:/Xilinx/Vivado/2019.2\lib\classes\batik-codec.jar;F:/Xilinx/Vivado/2019.2\lib\classes\batik-css.jar;F:/Xilinx/Vivado/2019.2\lib\classes\batik-dom.jar;F:/Xilinx/Vivado/2019.2\lib\classes\batik-ext.jar;F:/Xilinx/Vivado/2019.2\lib\classes\batik-gui-util.jar;F:/Xilinx/Vivado/2019.2\lib\classes\batik-gvt.jar;F:/Xilinx/Vivado/2019.2\lib\classes\batik-parser.jar;F:/Xilinx/Vivado/2019.2\lib\classes\batik-script.jar;F:/Xilinx/Vivado/2019.2\lib\classes\batik-svg-dom.jar;F:/Xilinx/Vivado/2019.2\lib\classes\batik-swing.jar;F:/Xilinx/Vivado/2019.2\lib\classes\batik-transcoder.jar;F:/Xilinx/Vivado/2019.2\lib\classes\batik-util.jar;F:/Xilinx/Vivado/2019.2\lib\classes\batik-xml.jar;F:/Xilinx/Vivado/2019.2\lib\classes\com.google.gson_2.7.0.v20170129-0911.jar;F:/Xilinx/Vivado/2019.2\lib\classes\com.google.guava_21.0.0.v20170206-1425.jar;F:/Xilinx/Vivado/2019.2\lib\classes\com.ibm.icu_4.4.2.v20110208.jar;F:/Xilinx/Vivado/2019.2\lib\classes\com.sigasi.hdt.connection_4.5.0.201909241521.jar;F:/Xilinx/Vivado/2019.2\lib\classes\com.sigasi.hdt.epl_4.5.0.201909241521.jar;F:/Xilinx/Vivado/2019.2\lib\classes\com.sigasi.hdt.project_4.5.0.201909241521.jar;F:/Xilinx/Vivado/2019.2\lib\classes\com.sigasi.hdt.readonlyfilesystem_4.5.0.201909241521.jar;F:/Xilinx/Vivado/2019.2\lib\classes\com.sigasi.lcm_4.5.0.201909241521.jar;F:/Xilinx/Vivado/2019.2\lib\classes\com.sigasi.sdk.client_4.5.0.201909241521.jar;F:/Xilinx/Vivado
Launcher Type: generic

Logging:
Log output configuration:
#0: stdout all=warning uptime,level,tags
#1: stderr all=off uptime,level,tags

Environment Variables:
JAVA_HOME=F:\SpinalHDL\jdk-19
PATH=F:/Xilinx/Vivado/2019.2\gnuwin\bin;F:/Xilinx/Vivado/2019.2\gnu\microblaze\nt\bin;F:/Xilinx/Vivado/2019.2/bin;F:/Xilinx/Vivado/2019.2/lib/win64.o;F:/Xilinx/Vivado/2019.2/tps/win64/jre9.0.4/bin/server;F:/Xilinx/Vivado/2019.2/tps/win64/jre9.0.4/bin;F:/Xilinx/Vitis/2019.2/bin;F:/Xilinx/Vivado/2019.2/ids_lite/ISE/bin/nt64;F:/Xilinx/Vivado/2019.2/ids_lite/ISE/lib/nt64;C:\Program Files\Common Files\Oracle\Java\javapath;F:\VMware\VMware Workstation\bin\;C:\Windows\system32;C:\Windows;C:\Windows\System32\Wbem;C:\Windows\System32\WindowsPowerShell\v1.0\;C:\Windows\System32\OpenSSH\;F:\MATLAB\R2021a\bin;F:\Captura\ffmpeg\bin;F:\Git\cmd;F:\SpinalHDL\sbt\bin;F:\SpinalHDL\sbt_1.8.0\bin;F:\SpinalHDL\jdk-19\bin;F:\SpinalHDL\jdk-19\jre\bin;F:\Python\Python311\Scripts\;F:\Python\Python311\;C:\Users\Yuhan He\AppData\Local\Microsoft\WindowsApps;C:\Users\Yuhan He\AppData\Local\Programs\Microsoft VS Code\bin;F:\texlive\2021\bin\win32;F:\Modelsim\win64;F:\Bandizip\;F:\msys64\usr\bin;F:\msys64\mingw64\bin;F:\IntelliJ IDEA 2022.1.3\bin;;F:/Xilinx/Vivado/2019.2\tps\mingw\6.2.0\win64.o\nt\bin;F:/Xilinx/Vivado/2019.2\tps\mingw\6.2.0\win64.o\nt\libexec\gcc\x86_64-w64-mingw32\6.2.0;F:/Xilinx/Vivado/2019.2\tps\win64\python-2.7.5;F:/Xilinx/Vivado/2019.2\tps\win64\python-2.7.5\bin;F:/Xilinx/Vivado/2019.2\tps\win64\python-2.7.5\lib;F:/Xilinx/Vivado/2019.2\tps\win64\python-2.7.5\Lib\lib-tk;F:/Xilinx/Vivado/2019.2\tps\win64\python-2.7.5\lib\site-packages
USERNAME=Yuhan He
OS=Windows_NT
PROCESSOR_IDENTIFIER=Intel64 Family 6 Model 94 Stepping 3, GenuineIntel



---------------  S Y S T E M  ---------------

OS: Windows 10 , 64 bit Build 19041 (10.0.19041.1889)

CPU:total 8 (initial active 8) (4 cores per cpu, 2 threads per core) family 6 model 94 stepping 3, cmov, cx8, fxsr, mmx, sse, sse2, sse3, ssse3, sse4.1, sse4.2, popcnt, avx, avx2, aes, clmul, erms, rtm, 3dnowpref, lzcnt, ht, tsc, tscinvbit, bmi1, bmi2, adx, fma

Memory: 4k page, physical 33441912k(21843792k free), swap 38422648k(19817132k free)

vm_info: Java HotSpot(TM) 64-Bit Server VM (9.0.4+11) for windows-amd64 JRE (9.0.4+11), built on Dec 20 2017 02:18:54 by "mach5one" with MS VC++ 12.0 (VS2013)

END.
