#
# A fatal error has been detected by the Java Runtime Environment:
#
#  EXCEPTION_ACCESS_VIOLATION (0xc0000005) at pc=0x00007ffe2f70ed95, pid=17724, tid=4648
#
# JRE version: Java(TM) SE Runtime Environment (9.0+11) (build 9.0.4+11)
# Java VM: Java HotSpot(TM) 64-Bit Server VM (9.0.4+11, mixed mode, tiered, compressed oops, g1 gc, windows-amd64)
# Problematic frame:
# C  [librdi_common.dll+0x17ed95]
#
# No core dump will be written. Minidumps are not enabled by default on client versions of Windows
#
# If you would like to submit a bug report, please visit:
#   http://bugreport.java.com/bugreport/crash.jsp
# The crash happened outside the Java Virtual Machine in native code.
# See problematic frame for where to report the bug.
#

---------------  S U M M A R Y ------------

Command Line: -Dsun.java2d.pmoffscreen=false -Dsun.java2d.xrender=false -Dsun.java2d.d3d=false -Dsun.awt.nopixfmt=true -Dsun.java2d.dpiaware=true -Dsun.java2d.uiScale.enabled=false -Xverify:none -Dswing.aatext=true -XX:-UsePerfData -Djdk.map.althashing.threshold=512 -XX:StringTableSize=4072 --add-opens=java.base/java.nio=ALL-UNNAMED --add-opens=java.desktop/sun.swing=ALL-UNNAMED --add-opens=java.desktop/javax.swing=ALL-UNNAMED --add-opens=java.desktop/javax.swing.tree=ALL-UNNAMED --add-opens=java.desktop/javax.swing.plaf.basic=ALL-UNNAMED --add-opens=java.desktop/javax.swing.plaf.synth=ALL-UNNAMED --add-opens=java.desktop/com.sun.awt=ALL-UNNAMED -XX:NewSize=60m -XX:MaxNewSize=60m -Xms128m -Xmx3072m -Xss5m 

Host: Intel(R) Core(TM) i7-6700 CPU @ 3.40GHz, 8 cores, 31G,  Windows 10 , 64 bit Build 19041 (10.0.19041.1889)
Time: Mon Dec 26 09:26:27 2022 ?D1¨²¡À¨º¡Á?¨º¡À?? elapsed time: 38353 seconds (0d 10h 39m 13s)

---------------  T H R E A D  ---------------

Current thread (0x000001355ab1b800):  JavaThread "AWT-EventQueue-1" [_thread_in_native, id=4648, stack(0x0000000c52100000,0x0000000c52600000)]

Stack: [0x0000000c52100000,0x0000000c52600000],  sp=0x0000000c525fb160,  free space=5100k
Native frames: (J=compiled Java code, j=interpreted, Vv=VM code, C=native code)
C  [librdi_common.dll+0x17ed95]
C  [librdi_common.dll+0x173b75]
C  [librdi_common.dll+0x13cd4a]
C  [librdi_wavedata.dll+0x1e21df]
C  [librdi_wavedata.dll+0x2621ef]
C  [librdi_wavedata.dll+0x269f09]
C  [librdi_wavedata.dll+0x23a6cb]
C  [librdi_wavedata.dll+0x276e97]
C  0x000001356c4e60ba

Java frames: (J=compiled Java code, j=interpreted, Vv=VM code)
J 15637  ui.views.waveform.waveformi.WVExecutive_getTooltipTextDelayed(J)Ljava/lang/String; (0 bytes) @ 0x000001356c4e6021 [0x000001356c4e5fe0+0x0000000000000041]
J 18942 c2 ui.views.waveform.b.a.mouseMoved(Ljava/awt/event/MouseEvent;)V (32 bytes) @ 0x000001356c880144 [0x000001356c87ffa0+0x00000000000001a4]
J 16722 c2 java.awt.AWTEventMulticaster.mouseMoved(Ljava/awt/event/MouseEvent;)V java.desktop@9.0.4 (27 bytes) @ 0x000001356c641674 [0x000001356c6415c0+0x00000000000000b4]
J 20368 c2 javax.swing.JComponent.processMouseMotionEvent(Ljava/awt/event/MouseEvent;)V java.desktop@9.0.4 (46 bytes) @ 0x000001356ca9e1bc [0x000001356ca9e0e0+0x00000000000000dc]
J 20310 c1 ui.frmwork.c.i.processMouseMotionEvent(Ljava/awt/event/MouseEvent;)V (131 bytes) @ 0x0000013565da59b4 [0x0000013565da4b00+0x0000000000000eb4]
J 13210 c2 java.awt.Container.processEvent(Ljava/awt/AWTEvent;)V java.desktop@9.0.4 (22 bytes) @ 0x000001356c1dae18 [0x000001356c1daca0+0x0000000000000178]
J 16641 c2 java.awt.Component.dispatchEventImpl(Ljava/awt/AWTEvent;)V java.desktop@9.0.4 (739 bytes) @ 0x000001356c62a600 [0x000001356c629540+0x00000000000010c0]
J 16607 c2 java.awt.Container.dispatchEventImpl(Ljava/awt/AWTEvent;)V java.desktop@9.0.4 (129 bytes) @ 0x000001356c621dd8 [0x000001356c621d80+0x0000000000000058]
J 16713 c2 java.awt.LightweightDispatcher.retargetMouseEvent(Ljava/awt/Component;ILjava/awt/event/MouseEvent;)V java.desktop@9.0.4 (350 bytes) @ 0x000001356c63d6e4 [0x000001356c63d040+0x00000000000006a4]
J 16607 c2 java.awt.Container.dispatchEventImpl(Ljava/awt/AWTEvent;)V java.desktop@9.0.4 (129 bytes) @ 0x000001356c622708 [0x000001356c621d80+0x0000000000000988]
J 19207 c2 java.awt.Window.dispatchEventImpl(Ljava/awt/AWTEvent;)V java.desktop@9.0.4 (23 bytes) @ 0x000001356c90160c [0x000001356c9015c0+0x000000000000004c]
J 15662 c2 java.awt.EventQueue.dispatchEventImpl(Ljava/awt/AWTEvent;Ljava/lang/Object;)V java.desktop@9.0.4 (136 bytes) @ 0x000001356c4e9a28 [0x000001356c4e9460+0x00000000000005c8]
J 15898 c2 java.awt.EventQueue$3.run()Ljava/lang/Object; java.desktop@9.0.4 (5 bytes) @ 0x000001356c52dc2c [0x000001356c52dbc0+0x000000000000006c]
v  ~StubRoutines::call_stub
J 4237  java.security.AccessController.doPrivileged(Ljava/security/PrivilegedAction;Ljava/security/AccessControlContext;)Ljava/lang/Object; java.base@9.0.4 (0 bytes) @ 0x000001356ba13a46 [0x000001356ba139e0+0x0000000000000066]
J 16846 c2 java.awt.EventQueue$4.run()Ljava/lang/Object; java.desktop@9.0.4 (5 bytes) @ 0x000001356c698ec0 [0x000001356c698c60+0x0000000000000260]
v  ~StubRoutines::call_stub
J 4237  java.security.AccessController.doPrivileged(Ljava/security/PrivilegedAction;Ljava/security/AccessControlContext;)Ljava/lang/Object; java.base@9.0.4 (0 bytes) @ 0x000001356ba13a46 [0x000001356ba139e0+0x0000000000000066]
J 15519 c2 ui.frmwork.b.d.dispatchEvent(Ljava/awt/AWTEvent;)V (34 bytes) @ 0x000001356c4a6c84 [0x000001356c4a6860+0x0000000000000424]
J 16738 c2 java.awt.EventDispatchThread.pumpOneEventForFilters(I)V java.desktop@9.0.4 (218 bytes) @ 0x000001356c6461cc [0x000001356c645f00+0x00000000000002cc]
J 17591% c2 java.awt.EventDispatchThread.pumpEventsForFilter(ILjava/awt/Conditional;Ljava/awt/EventFilter;)V java.desktop@9.0.4 (47 bytes) @ 0x000001356beddec0 [0x000001356bedddc0+0x0000000000000100]
j  java.awt.EventDispatchThread.pumpEventsForHierarchy(ILjava/awt/Conditional;Ljava/awt/Component;)V+11 java.desktop@9.0.4
j  java.awt.EventDispatchThread.pumpEvents(ILjava/awt/Conditional;)V+4 java.desktop@9.0.4
j  java.awt.EventDispatchThread.pumpEvents(Ljava/awt/Conditional;)V+3 java.desktop@9.0.4
j  java.awt.EventDispatchThread.run()V+9 java.desktop@9.0.4
v  ~StubRoutines::call_stub

siginfo: EXCEPTION_ACCESS_VIOLATION (0xc0000005), reading address 0xffffffffffffffff


Register to memory mapping:

RIP=0x00007ffe2f70ed95 librdi_common.dll
RAX=0x0000013551069601 is an unknown value
RBX=0x880800006d9a7a12 is an unknown value
RCX=0x00000135510696d0 is an unknown value
RDX=0x880800006d9a7a12 is an unknown value
RSP=0x0000000c525fb160 is pointing into the stack for thread: 0x000001355ab1b800
RBP=0x0000000c525fb290 is pointing into the stack for thread: 0x000001355ab1b800
RSI=0x0000013502681c20 is an unknown value
RDI=0x0000000c525fb378 is pointing into the stack for thread: 0x000001355ab1b800
R8 =0x0000000c525fb378 is pointing into the stack for thread: 0x000001355ab1b800
R9 =0x0000000000000000 is an unknown value
R10=0x00007ffe50880000 VCRUNTIME140.dll
R11=0x489120c1c8512411 is an unknown value
R12=0x0000000c525fb378 is pointing into the stack for thread: 0x000001355ab1b800
R13=0x0000000000000000 is an unknown value
R14=0x0000013551010080 is an unknown value
R15=0x880800006d9a7a12 is an unknown value


Registers:
RAX=0x0000013551069601, RBX=0x880800006d9a7a12, RCX=0x00000135510696d0, RDX=0x880800006d9a7a12
RSP=0x0000000c525fb160, RBP=0x0000000c525fb290, RSI=0x0000013502681c20, RDI=0x0000000c525fb378
R8 =0x0000000c525fb378, R9 =0x0000000000000000, R10=0x00007ffe50880000, R11=0x489120c1c8512411
R12=0x0000000c525fb378, R13=0x0000000000000000, R14=0x0000013551010080, R15=0x880800006d9a7a12
RIP=0x00007ffe2f70ed95, EFLAGS=0x0000000000010202

Top of Stack: (sp=0x0000000c525fb160)
0x0000000c525fb160:   0000000c525fb510 00007ffe4e1b2cf7
0x0000000c525fb170:   0000000c00000000 880800006d9a7a12
0x0000000c525fb180:   880800006d9a7a12 00007ffe2f703b75
0x0000000c525fb190:   00000000006b4b52 00007ffe4e1b2f5f
0x0000000c525fb1a0:   00003d6e92b07906 0000000000000000
0x0000000c525fb1b0:   000001357e865530 00000135136efb90
0x0000000c525fb1c0:   0000000000000002 00007ffe2f76c825
0x0000000c525fb1d0:   0000013500a3ff30 00000135136efb98
0x0000000c525fb1e0:   00000135136efbd8 00000135136efb90
0x0000000c525fb1f0:   fffffffffffffffe 00007ffe2fd28aad
0x0000000c525fb200:   fffffffffffffffe 00007ffe3041dbc0
0x0000000c525fb210:   00000135136efb90 000001354e8e28f8
0x0000000c525fb220:   0000000c525fb378 00007ffe2f76bb16
0x0000000c525fb230:   00000135136efb90 0000000c525fb378
0x0000000c525fb240:   0000013500000002 0000000000000000
0x0000000c525fb250:   fffffffffffffffe 000000000000000f 

Instructions: (pc=0x00007ffe2f70ed95)
0x00007ffe2f70ed75:   20 48 8b d9 e8 22 c4 04 00 48 8b c8 48 8b d3 e8
0x00007ffe2f70ed85:   27 0d 05 00 84 c0 75 08 33 c0 48 83 c4 20 5b c3
0x00007ffe2f70ed95:   48 8b 4b 50 48 85 c9 74 0a 48 83 c4 20 5b e9 68
0x00007ffe2f70eda5:   e2 04 00 48 8b d3 48 8d 0d 66 ce 78 00 e8 59 b7 



---------------  P R O C E S S  ---------------

Java Threads: ( => current thread )
  0x0000013501ccb800 JavaThread "Relaunch Simulation Thread" [_thread_blocked, id=12924, stack(0x0000000c54200000,0x0000000c54700000)]
  0x0000013501cca000 JavaThread "Monitor File Timestamp Swing Worker Thread" [_thread_blocked, id=17788, stack(0x0000000c56500000,0x0000000c56a00000)]
  0x0000013501cd0000 JavaThread "Timer-1" [_thread_blocked, id=12244, stack(0x0000000c56000000,0x0000000c56500000)]
  0x0000013501ccf800 JavaThread "Image Animator 0" daemon [_thread_blocked, id=8828, stack(0x0000000c57100000,0x0000000c57600000)]
  0x0000013501cc4000 JavaThread "SyntheticaAnimation 50" daemon [_thread_blocked, id=8040, stack(0x0000000c51200000,0x0000000c51700000)]
  0x0000013501cc6800 JavaThread "Update Runs Swing Worker Thread" [_thread_blocked, id=13344, stack(0x0000000c55b00000,0x0000000c56000000)]
  0x0000013501cc8000 JavaThread "hw_ila_monitor" [_thread_blocked, id=5176, stack(0x0000000c55100000,0x0000000c55600000)]
  0x0000013501cc5800 JavaThread "Refresh Filesets Swing Worker Thread" [_thread_blocked, id=13040, stack(0x0000000c54c00000,0x0000000c55100000)]
  0x0000013501cc5000 JavaThread "SyntheticaAnimation 70" daemon [_thread_blocked, id=17852, stack(0x0000000c54700000,0x0000000c54c00000)]
  0x000001355ab20000 JavaThread "SyntheticaAnimation 25" daemon [_thread_blocked, id=652, stack(0x0000000c53d00000,0x0000000c54200000)]
  0x000001355ab18800 JavaThread "SyntheticaAnimation 50" daemon [_thread_blocked, id=7864, stack(0x0000000c53800000,0x0000000c53d00000)]
  0x000001355ab1f000 JavaThread "Monitor HEventQueue Thread" [_thread_blocked, id=17264, stack(0x0000000c53300000,0x0000000c53800000)]
  0x000001355ab1d800 JavaThread "SyntheticaCleanerThread" daemon [_thread_blocked, id=10228, stack(0x0000000c52b00000,0x0000000c53000000)]
  0x000001355ab1c000 JavaThread "Batik CleanerThread" daemon [_thread_blocked, id=15020, stack(0x0000000c51700000,0x0000000c51c00000)]
=>0x000001355ab1b800 JavaThread "AWT-EventQueue-1" [_thread_in_native, id=4648, stack(0x0000000c52100000,0x0000000c52600000)]
  0x000001355ab1e800 JavaThread "Process Messages Thread" [_thread_blocked, id=1988, stack(0x0000000c51c00000,0x0000000c52100000)]
  0x000001357e2d7000 JavaThread "Thread-1" [_thread_in_native, id=8948, stack(0x0000000c4aa00000,0x0000000c4be00000)]
  0x000001355cad6000 JavaThread "TimerQueue" daemon [_thread_blocked, id=8848, stack(0x0000000c50d00000,0x0000000c51200000)]
  0x000001355c8ee800 JavaThread "AWT-Windows" daemon [_thread_in_native, id=15548, stack(0x0000000c50800000,0x0000000c50d00000)]
  0x000001355c611000 JavaThread "AWT-Shutdown" [_thread_blocked, id=2104, stack(0x0000000c50300000,0x0000000c50800000)]
  0x000001355c528000 JavaThread "Java2D Disposer" daemon [_thread_blocked, id=18224, stack(0x0000000c4fe00000,0x0000000c50300000)]
  0x00000135540e6000 JavaThread "Service Thread" daemon [_thread_blocked, id=15044, stack(0x0000000c4f800000,0x0000000c4fd00000)]
  0x000001355b1f4000 JavaThread "Common-Cleaner" daemon [_thread_blocked, id=2132, stack(0x0000000c4f300000,0x0000000c4f800000)]
  0x000001355ab1a800 JavaThread "Sweeper thread" daemon [_thread_blocked, id=3712, stack(0x0000000c4ee00000,0x0000000c4f300000)]
  0x00000135542c0000 JavaThread "C1 CompilerThread3" daemon [_thread_blocked, id=18100, stack(0x0000000c4ed00000,0x0000000c4ee00000)]
  0x0000013557950800 JavaThread "C2 CompilerThread2" daemon [_thread_blocked, id=12004, stack(0x0000000c4ec00000,0x0000000c4ed00000)]
  0x0000013554622000 JavaThread "C2 CompilerThread1" daemon [_thread_blocked, id=13604, stack(0x0000000c4eb00000,0x0000000c4ec00000)]
  0x000001355ab23000 JavaThread "C2 CompilerThread0" daemon [_thread_blocked, id=7660, stack(0x0000000c4ea00000,0x0000000c4eb00000)]
  0x000001355ab22800 JavaThread "Attach Listener" daemon [_thread_blocked, id=10376, stack(0x0000000c4e500000,0x0000000c4ea00000)]
  0x000001355ab27000 JavaThread "Signal Dispatcher" daemon [_thread_blocked, id=14748, stack(0x0000000c4e000000,0x0000000c4e500000)]
  0x0000013557160800 JavaThread "Finalizer" daemon [_thread_blocked, id=15744, stack(0x0000000c4db00000,0x0000000c4e000000)]
  0x0000013557144800 JavaThread "Reference Handler" daemon [_thread_blocked, id=18092, stack(0x0000000c4d600000,0x0000000c4db00000)]
  0x0000013557636000 JavaThread "main" [_thread_blocked, id=12880, stack(0x0000000c4a900000,0x0000000c4aa00000)]

Other Threads:
  0x0000013557924800 VMThread "VM Thread" [stack: 0x0000000c4d500000,0x0000000c4d600000] [id=8036]
  0x00000135545e7800 WatcherThread [stack: 0x0000000c4fd00000,0x0000000c4fe00000] [id=15584]
  0x000001355b350800 GCTaskThread "GC Thread#0" [stack: 0x0000000c4c100000,0x0000000c4c200000] [id=1832]
  0x000001355b351000 GCTaskThread "GC Thread#1" [stack: 0x0000000c4c200000,0x0000000c4c300000] [id=9792]
  0x0000013557264800 GCTaskThread "GC Thread#2" [stack: 0x0000000c4c300000,0x0000000c4c400000] [id=10616]
  0x0000013557265000 GCTaskThread "GC Thread#3" [stack: 0x0000000c4c400000,0x0000000c4c500000] [id=5852]
  0x000001355bcb7000 GCTaskThread "GC Thread#4" [stack: 0x0000000c4c500000,0x0000000c4c600000] [id=3388]
  0x00000135545e8000 GCTaskThread "GC Thread#5" [stack: 0x0000000c4c600000,0x0000000c4c700000] [id=14904]
  0x00000135545ed000 GCTaskThread "GC Thread#6" [stack: 0x0000000c4c700000,0x0000000c4c800000] [id=2524]
  0x00000135545ed800 GCTaskThread "GC Thread#7" [stack: 0x0000000c4c800000,0x0000000c4c900000] [id=17580]
  0x0000013556d7d000 ConcurrentGCThread "G1 Main Marker" [stack: 0x0000000c4d200000,0x0000000c4d300000] [id=6912]
  0x00000135545ee000 ConcurrentGCThread "G1 Marker#0" [stack: 0x0000000c4d300000,0x0000000c4d400000] [id=14260]
  0x00000135545eb000 ConcurrentGCThread "G1 Marker#1" [stack: 0x0000000c4d400000,0x0000000c4d500000] [id=12292]
  0x00000135565ff800 ConcurrentGCThread "G1 Refine#0" [stack: 0x0000000c4d000000,0x0000000c4d100000] [id=14668]
  0x0000013558eb2800 ConcurrentGCThread "G1 Refine#1" [stack: 0x0000000c4cf00000,0x0000000c4d000000] [id=15736]
  0x0000013558eb2000 ConcurrentGCThread "G1 Refine#2" [stack: 0x0000000c4ce00000,0x0000000c4cf00000] [id=14720]
  0x0000013558eb1800 ConcurrentGCThread "G1 Refine#3" [stack: 0x0000000c4cd00000,0x0000000c4ce00000] [id=17208]
  0x0000013559230800 ConcurrentGCThread "G1 Refine#4" [stack: 0x0000000c4cc00000,0x0000000c4cd00000] [id=12220]
  0x000001355953e000 ConcurrentGCThread "G1 Refine#5" [stack: 0x0000000c4cb00000,0x0000000c4cc00000] [id=12640]
  0x000001355bb1c800 ConcurrentGCThread "G1 Refine#6" [stack: 0x0000000c4ca00000,0x0000000c4cb00000] [id=15500]
  0x000001355bb1c000 ConcurrentGCThread "G1 Refine#7" [stack: 0x0000000c4c900000,0x0000000c4ca00000] [id=12400]
  0x000001355724a800 ConcurrentGCThread "G1 Young RemSet Sampling" [stack: 0x0000000c4d100000,0x0000000c4d200000] [id=17472]

Threads with active compile tasks:

VM state:not at safepoint (normal execution)

VM Mutex/Monitor currently owned by a thread: None

Heap address: 0x0000000700000000, size: 3072 MB, Compressed Oops mode: Zero based, Oop shift amount: 3
Narrow klass base: 0x0000000000000000, Narrow klass shift: 3
Compressed class space size: 1073741824 Address: 0x00000007c0000000

Heap:
 garbage-first heap   total 187392K, used 64516K [0x0000000700000000, 0x00000007001005b8, 0x00000007c0000000)
  region size 1024K, 8 young (8192K), 1 survivors (1024K)
 Metaspace       used 79244K, capacity 80985K, committed 87376K, reserved 1124352K
  class space    used 10354K, capacity 10737K, committed 12112K, reserved 1048576K
Heap Regions: E=young(eden), S=young(survivor), O=old, HS=humongous(starts), HC=humongous(continues), CS=collection set, F=free, A=archive, TS=gc time stamp, AC=allocation context, TAMS=top-at-mark-start (previous, next)
|   0|0x0000000700000000, 0x00000007000ffff0, 0x0000000700100000| 99%| O|  |TS  0|AC  0|TAMS 0x0000000700000000, 0x0000000700000000|
|   1|0x0000000700100000, 0x00000007001fffe0, 0x0000000700200000| 99%| O|  |TS  0|AC  0|TAMS 0x0000000700100000, 0x0000000700100000|
|   2|0x0000000700200000, 0x00000007002ffff0, 0x0000000700300000| 99%| O|  |TS  0|AC  0|TAMS 0x0000000700200000, 0x0000000700200000|
|   3|0x0000000700300000, 0x00000007003fffb0, 0x0000000700400000| 99%| O|  |TS  0|AC  0|TAMS 0x0000000700300000, 0x0000000700300000|
|   4|0x0000000700400000, 0x0000000700500000, 0x0000000700500000|100%|HS|  |TS  0|AC  0|TAMS 0x0000000700400000, 0x0000000700400000|
|   5|0x0000000700500000, 0x0000000700600000, 0x0000000700600000|100%|HC|  |TS  0|AC  0|TAMS 0x0000000700500000, 0x0000000700500000|
|   6|0x0000000700600000, 0x0000000700700000, 0x0000000700700000|100%|HS|  |TS  0|AC  0|TAMS 0x0000000700600000, 0x0000000700600000|
|   7|0x0000000700700000, 0x00000007007fae28, 0x0000000700800000| 98%| O|  |TS  0|AC  0|TAMS 0x0000000700700000, 0x0000000700700000|
|   8|0x0000000700800000, 0x00000007008f5a88, 0x0000000700900000| 95%| O|  |TS  0|AC  0|TAMS 0x0000000700800000, 0x0000000700800000|
|   9|0x0000000700900000, 0x00000007009fffe0, 0x0000000700a00000| 99%| O|  |TS  0|AC  0|TAMS 0x0000000700900000, 0x0000000700900000|
|  10|0x0000000700a00000, 0x0000000700b00000, 0x0000000700b00000|100%| O|  |TS  0|AC  0|TAMS 0x0000000700a00000, 0x0000000700a00000|
|  11|0x0000000700b00000, 0x0000000700bfffd8, 0x0000000700c00000| 99%| O|  |TS  0|AC  0|TAMS 0x0000000700b00000, 0x0000000700b00000|
|  12|0x0000000700c00000, 0x0000000700cfffa0, 0x0000000700d00000| 99%| O|  |TS  0|AC  0|TAMS 0x0000000700c00000, 0x0000000700c00000|
|  13|0x0000000700d00000, 0x0000000700dffff0, 0x0000000700e00000| 99%| O|  |TS  0|AC  0|TAMS 0x0000000700d00000, 0x0000000700d00000|
|  14|0x0000000700e00000, 0x0000000700effff0, 0x0000000700f00000| 99%| O|  |TS  0|AC  0|TAMS 0x0000000700e00000, 0x0000000700e00000|
|  15|0x0000000700f00000, 0x0000000700ffffd0, 0x0000000701000000| 99%| O|  |TS  0|AC  0|TAMS 0x0000000700f00000, 0x0000000700f00000|
|  16|0x0000000701000000, 0x00000007010f7988, 0x0000000701100000| 96%| O|  |TS  0|AC  0|TAMS 0x0000000701000000, 0x0000000701000000|
|  17|0x0000000701100000, 0x0000000701200000, 0x0000000701200000|100%| O|  |TS  0|AC  0|TAMS 0x0000000701100000, 0x0000000701100000|
|  18|0x0000000701200000, 0x00000007012ffff0, 0x0000000701300000| 99%| O|  |TS  0|AC  0|TAMS 0x0000000701200000, 0x0000000701200000|
|  19|0x0000000701300000, 0x00000007013feff8, 0x0000000701400000| 99%| O|  |TS  0|AC  0|TAMS 0x0000000701300000, 0x0000000701300000|
|  20|0x0000000701400000, 0x00000007014fffd8, 0x0000000701500000| 99%| O|  |TS  0|AC  0|TAMS 0x0000000701400000, 0x0000000701400000|
|  21|0x0000000701500000, 0x0000000701600000, 0x0000000701600000|100%| O|  |TS  0|AC  0|TAMS 0x0000000701500000, 0x0000000701500000|
|  22|0x0000000701600000, 0x00000007016ff098, 0x0000000701700000| 99%| O|  |TS  0|AC  0|TAMS 0x0000000701600000, 0x0000000701600000|
|  23|0x0000000701700000, 0x00000007017ffff0, 0x0000000701800000| 99%| O|  |TS  0|AC  0|TAMS 0x0000000701700000, 0x0000000701700000|
|  24|0x0000000701800000, 0x00000007018ffff0, 0x0000000701900000| 99%| O|  |TS  0|AC  0|TAMS 0x0000000701800000, 0x0000000701800000|
|  25|0x0000000701900000, 0x00000007019fffe8, 0x0000000701a00000| 99%| O|  |TS  0|AC  0|TAMS 0x0000000701900000, 0x0000000701900000|
|  26|0x0000000701a00000, 0x0000000701afffe0, 0x0000000701b00000| 99%| O|  |TS  0|AC  0|TAMS 0x0000000701a00000, 0x0000000701a00000|
|  27|0x0000000701b00000, 0x0000000701bffe20, 0x0000000701c00000| 99%| O|  |TS  0|AC  0|TAMS 0x0000000701b00000, 0x0000000701b00000|
|  28|0x0000000701c00000, 0x0000000701cffff0, 0x0000000701d00000| 99%| O|  |TS  0|AC  0|TAMS 0x0000000701c00000, 0x0000000701c00000|
|  29|0x0000000701d00000, 0x0000000701dffff0, 0x0000000701e00000| 99%| O|  |TS  0|AC  0|TAMS 0x0000000701d00000, 0x0000000701d00000|
|  30|0x0000000701e00000, 0x0000000701f00000, 0x0000000701f00000|100%| O|  |TS  0|AC  0|TAMS 0x0000000701e00000, 0x0000000701e00000|
|  31|0x0000000701f00000, 0x0000000701fffe10, 0x0000000702000000| 99%| O|  |TS  0|AC  0|TAMS 0x0000000701f00000, 0x0000000701f00000|
|  32|0x0000000702000000, 0x0000000702100000, 0x0000000702100000|100%| O|  |TS  0|AC  0|TAMS 0x0000000702000000, 0x0000000702000000|
|  33|0x0000000702100000, 0x00000007021ffff0, 0x0000000702200000| 99%| O|  |TS  0|AC  0|TAMS 0x0000000702100000, 0x0000000702100000|
|  34|0x0000000702200000, 0x00000007022fffd8, 0x0000000702300000| 99%| O|  |TS  0|AC  0|TAMS 0x0000000702200000, 0x0000000702200000|
|  35|0x0000000702300000, 0x00000007023ffc60, 0x0000000702400000| 99%| O|  |TS  0|AC  0|TAMS 0x0000000702300000, 0x0000000702300000|
|  36|0x0000000702400000, 0x00000007024fff30, 0x0000000702500000| 99%| O|  |TS  0|AC  0|TAMS 0x0000000702400000, 0x0000000702400000|
|  37|0x0000000702500000, 0x00000007025fffb8, 0x0000000702600000| 99%| O|  |TS  0|AC  0|TAMS 0x0000000702500000, 0x0000000702500000|
|  38|0x0000000702600000, 0x00000007026fffe0, 0x0000000702700000| 99%| O|  |TS  0|AC  0|TAMS 0x0000000702600000, 0x0000000702600000|
|  39|0x0000000702700000, 0x00000007027ffee8, 0x0000000702800000| 99%| O|  |TS  0|AC  0|TAMS 0x0000000702700000, 0x0000000702700000|
|  40|0x0000000702800000, 0x00000007028ffff8, 0x0000000702900000| 99%| O|  |TS  0|AC  0|TAMS 0x0000000702800000, 0x0000000702800000|
|  41|0x0000000702900000, 0x00000007029ffff0, 0x0000000702a00000| 99%| O|  |TS  0|AC  0|TAMS 0x0000000702900000, 0x0000000702900000|
|  42|0x0000000702a00000, 0x0000000702b00000, 0x0000000702b00000|100%|HS|  |TS  0|AC  0|TAMS 0x0000000702a00000, 0x0000000702a00000|
|  43|0x0000000702b00000, 0x0000000702c00000, 0x0000000702c00000|100%|HC|  |TS  0|AC  0|TAMS 0x0000000702b00000, 0x0000000702b00000|
|  44|0x0000000702c00000, 0x0000000702d00000, 0x0000000702d00000|100%|HC|  |TS  0|AC  0|TAMS 0x0000000702c00000, 0x0000000702c00000|
|  45|0x0000000702d00000, 0x0000000702e00000, 0x0000000702e00000|100%|HC|  |TS  0|AC  0|TAMS 0x0000000702d00000, 0x0000000702d00000|
|  46|0x0000000702e00000, 0x0000000702f00000, 0x0000000702f00000|100%|HC|  |TS  0|AC  0|TAMS 0x0000000702e00000, 0x0000000702e00000|
|  47|0x0000000702f00000, 0x0000000703000000, 0x0000000703000000|100%|HC|  |TS  0|AC  0|TAMS 0x0000000702f00000, 0x0000000702f00000|
|  48|0x0000000703000000, 0x0000000703100000, 0x0000000703100000|100%|HC|  |TS  0|AC  0|TAMS 0x0000000703000000, 0x0000000703000000|
|  49|0x0000000703100000, 0x0000000703200000, 0x0000000703200000|100%|HC|  |TS  0|AC  0|TAMS 0x0000000703100000, 0x0000000703100000|
|  50|0x0000000703200000, 0x00000007032ff750, 0x0000000703300000| 99%| O|  |TS  0|AC  0|TAMS 0x0000000703200000, 0x0000000703200000|
|  51|0x0000000703300000, 0x00000007033fffe8, 0x0000000703400000| 99%| O|  |TS  0|AC  0|TAMS 0x0000000703300000, 0x0000000703300000|
|  52|0x0000000703400000, 0x00000007034f60c0, 0x0000000703500000| 96%| O|  |TS  0|AC  0|TAMS 0x0000000703400000, 0x0000000703400000|
|  53|0x0000000703500000, 0x00000007035ffff0, 0x0000000703600000| 99%| O|  |TS  0|AC  0|TAMS 0x0000000703500000, 0x0000000703500000|
|  54|0x0000000703600000, 0x0000000703645970, 0x0000000703700000| 27%| O|  |TS  0|AC  0|TAMS 0x0000000703600000, 0x0000000703600000|
|  55|0x0000000703700000, 0x0000000703700000, 0x0000000703800000|  0%| F|  |TS  0|AC  0|TAMS 0x0000000703700000, 0x0000000703700000|
|  56|0x0000000703800000, 0x0000000703800000, 0x0000000703900000|  0%| F|  |TS  0|AC  0|TAMS 0x0000000703800000, 0x0000000703800000|
|  57|0x0000000703900000, 0x0000000703900000, 0x0000000703a00000|  0%| F|  |TS  0|AC  0|TAMS 0x0000000703900000, 0x0000000703900000|
|  58|0x0000000703a00000, 0x0000000703a00000, 0x0000000703b00000|  0%| F|  |TS  0|AC  0|TAMS 0x0000000703a00000, 0x0000000703a00000|
|  59|0x0000000703b00000, 0x0000000703c00000, 0x0000000703c00000|100%|HS|  |TS  0|AC  0|TAMS 0x0000000703b00000, 0x0000000703b00000|
|  60|0x0000000703c00000, 0x0000000703d00000, 0x0000000703d00000|100%|HC|  |TS  0|AC  0|TAMS 0x0000000703c00000, 0x0000000703c00000|
|  61|0x0000000703d00000, 0x0000000703d00000, 0x0000000703e00000|  0%| F|  |TS  0|AC  0|TAMS 0x0000000703d00000, 0x0000000703d00000|
|  62|0x0000000703e00000, 0x0000000703e00000, 0x0000000703f00000|  0%| F|  |TS  0|AC  0|TAMS 0x0000000703e00000, 0x0000000703e00000|
|  63|0x0000000703f00000, 0x0000000703f00000, 0x0000000704000000|  0%| F|  |TS  0|AC  0|TAMS 0x0000000703f00000, 0x0000000703f00000|
|  64|0x0000000704000000, 0x0000000704000000, 0x0000000704100000|  0%| F|  |TS  0|AC  0|TAMS 0x0000000704000000, 0x0000000704000000|
|  65|0x0000000704100000, 0x0000000704100000, 0x0000000704200000|  0%| F|  |TS  0|AC  0|TAMS 0x0000000704100000, 0x0000000704100000|
|  66|0x0000000704200000, 0x0000000704200000, 0x0000000704300000|  0%| F|  |TS  0|AC  0|TAMS 0x0000000704200000, 0x0000000704200000|
|  67|0x0000000704300000, 0x0000000704300000, 0x0000000704400000|  0%| F|  |TS  0|AC  0|TAMS 0x0000000704300000, 0x0000000704300000|
|  68|0x0000000704400000, 0x0000000704400000, 0x0000000704500000|  0%| F|  |TS  0|AC  0|TAMS 0x0000000704400000, 0x0000000704400000|
|  69|0x0000000704500000, 0x0000000704500000, 0x0000000704600000|  0%| F|  |TS  0|AC  0|TAMS 0x0000000704500000, 0x0000000704500000|
|  70|0x0000000704600000, 0x0000000704600000, 0x0000000704700000|  0%| F|  |TS  0|AC  0|TAMS 0x0000000704600000, 0x0000000704600000|
|  71|0x0000000704700000, 0x0000000704700000, 0x0000000704800000|  0%| F|  |TS  0|AC  0|TAMS 0x0000000704700000, 0x0000000704700000|
|  72|0x0000000704800000, 0x0000000704800000, 0x0000000704900000|  0%| F|  |TS  0|AC  0|TAMS 0x0000000704800000, 0x0000000704800000|
|  73|0x0000000704900000, 0x0000000704900000, 0x0000000704a00000|  0%| F|  |TS  0|AC  0|TAMS 0x0000000704900000, 0x0000000704900000|
|  74|0x0000000704a00000, 0x0000000704a00000, 0x0000000704b00000|  0%| F|  |TS  0|AC  0|TAMS 0x0000000704a00000, 0x0000000704a00000|
|  75|0x0000000704b00000, 0x0000000704b00000, 0x0000000704c00000|  0%| F|  |TS  0|AC  0|TAMS 0x0000000704b00000, 0x0000000704b00000|
|  76|0x0000000704c00000, 0x0000000704c00000, 0x0000000704d00000|  0%| F|  |TS  0|AC  0|TAMS 0x0000000704c00000, 0x0000000704c00000|
|  77|0x0000000704d00000, 0x0000000704d00000, 0x0000000704e00000|  0%| F|  |TS  0|AC  0|TAMS 0x0000000704d00000, 0x0000000704d00000|
|  78|0x0000000704e00000, 0x0000000704e00000, 0x0000000704f00000|  0%| F|  |TS  0|AC  0|TAMS 0x0000000704e00000, 0x0000000704e00000|
|  79|0x0000000704f00000, 0x0000000704f00000, 0x0000000705000000|  0%| F|  |TS  0|AC  0|TAMS 0x0000000704f00000, 0x0000000704f00000|
|  80|0x0000000705000000, 0x0000000705000000, 0x0000000705100000|  0%| F|  |TS  0|AC  0|TAMS 0x0000000705000000, 0x0000000705000000|
|  81|0x0000000705100000, 0x0000000705100000, 0x0000000705200000|  0%| F|  |TS  0|AC  0|TAMS 0x0000000705100000, 0x0000000705100000|
|  82|0x0000000705200000, 0x0000000705200000, 0x0000000705300000|  0%| F|  |TS  0|AC  0|TAMS 0x0000000705200000, 0x0000000705200000|
|  83|0x0000000705300000, 0x0000000705300000, 0x0000000705400000|  0%| F|  |TS  0|AC  0|TAMS 0x0000000705300000, 0x0000000705300000|
|  84|0x0000000705400000, 0x0000000705400000, 0x0000000705500000|  0%| F|  |TS  0|AC  0|TAMS 0x0000000705400000, 0x0000000705400000|
|  85|0x0000000705500000, 0x0000000705500000, 0x0000000705600000|  0%| F|  |TS  0|AC  0|TAMS 0x0000000705500000, 0x0000000705500000|
|  86|0x0000000705600000, 0x0000000705600000, 0x0000000705700000|  0%| F|  |TS  0|AC  0|TAMS 0x0000000705600000, 0x0000000705600000|
|  87|0x0000000705700000, 0x0000000705700000, 0x0000000705800000|  0%| F|  |TS  0|AC  0|TAMS 0x0000000705700000, 0x0000000705700000|
|  88|0x0000000705800000, 0x0000000705800000, 0x0000000705900000|  0%| F|  |TS  0|AC  0|TAMS 0x0000000705800000, 0x0000000705800000|
|  89|0x0000000705900000, 0x0000000705900000, 0x0000000705a00000|  0%| F|  |TS  0|AC  0|TAMS 0x0000000705900000, 0x0000000705900000|
|  90|0x0000000705a00000, 0x0000000705a00000, 0x0000000705b00000|  0%| F|  |TS  0|AC  0|TAMS 0x0000000705a00000, 0x0000000705a00000|
|  91|0x0000000705b00000, 0x0000000705b00000, 0x0000000705c00000|  0%| F|  |TS  0|AC  0|TAMS 0x0000000705b00000, 0x0000000705b00000|
|  92|0x0000000705c00000, 0x0000000705c00000, 0x0000000705d00000|  0%| F|  |TS  0|AC  0|TAMS 0x0000000705c00000, 0x0000000705c00000|
|  93|0x0000000705d00000, 0x0000000705d00000, 0x0000000705e00000|  0%| F|  |TS  0|AC  0|TAMS 0x0000000705d00000, 0x0000000705d00000|
|  94|0x0000000705e00000, 0x0000000705e00000, 0x0000000705f00000|  0%| F|  |TS  0|AC  0|TAMS 0x0000000705e00000, 0x0000000705e00000|
|  95|0x0000000705f00000, 0x0000000705f00000, 0x0000000706000000|  0%| F|  |TS  0|AC  0|TAMS 0x0000000705f00000, 0x0000000705f00000|
|  96|0x0000000706000000, 0x0000000706000000, 0x0000000706100000|  0%| F|  |TS  0|AC  0|TAMS 0x0000000706000000, 0x0000000706000000|
|  97|0x0000000706100000, 0x0000000706100000, 0x0000000706200000|  0%| F|  |TS  0|AC  0|TAMS 0x0000000706100000, 0x0000000706100000|
|  98|0x0000000706200000, 0x0000000706200000, 0x0000000706300000|  0%| F|  |TS  0|AC  0|TAMS 0x0000000706200000, 0x0000000706200000|
|  99|0x0000000706300000, 0x0000000706300000, 0x0000000706400000|  0%| F|  |TS  0|AC  0|TAMS 0x0000000706300000, 0x0000000706300000|
| 100|0x0000000706400000, 0x0000000706400000, 0x0000000706500000|  0%| F|  |TS  0|AC  0|TAMS 0x0000000706400000, 0x0000000706400000|
| 101|0x0000000706500000, 0x0000000706500000, 0x0000000706600000|  0%| F|  |TS  0|AC  0|TAMS 0x0000000706500000, 0x0000000706500000|
| 102|0x0000000706600000, 0x0000000706600000, 0x0000000706700000|  0%| F|  |TS  0|AC  0|TAMS 0x0000000706600000, 0x0000000706600000|
| 103|0x0000000706700000, 0x0000000706700000, 0x0000000706800000|  0%| F|  |TS  0|AC  0|TAMS 0x0000000706700000, 0x0000000706700000|
| 104|0x0000000706800000, 0x0000000706800000, 0x0000000706900000|  0%| F|  |TS  0|AC  0|TAMS 0x0000000706800000, 0x0000000706800000|
| 105|0x0000000706900000, 0x0000000706900000, 0x0000000706a00000|  0%| F|  |TS  0|AC  0|TAMS 0x0000000706900000, 0x0000000706900000|
| 106|0x0000000706a00000, 0x0000000706a00000, 0x0000000706b00000|  0%| F|  |TS  0|AC  0|TAMS 0x0000000706a00000, 0x0000000706a00000|
| 107|0x0000000706b00000, 0x0000000706b00000, 0x0000000706c00000|  0%| F|  |TS  0|AC  0|TAMS 0x0000000706b00000, 0x0000000706b00000|
| 108|0x0000000706c00000, 0x0000000706c00000, 0x0000000706d00000|  0%| F|  |TS  0|AC  0|TAMS 0x0000000706c00000, 0x0000000706c00000|
| 109|0x0000000706d00000, 0x0000000706d00000, 0x0000000706e00000|  0%| F|  |TS  0|AC  0|TAMS 0x0000000706d00000, 0x0000000706d00000|
| 110|0x0000000706e00000, 0x0000000706e00000, 0x0000000706f00000|  0%| F|  |TS  0|AC  0|TAMS 0x0000000706e00000, 0x0000000706e00000|
| 111|0x0000000706f00000, 0x0000000706f00000, 0x0000000707000000|  0%| F|  |TS  0|AC  0|TAMS 0x0000000706f00000, 0x0000000706f00000|
| 112|0x0000000707000000, 0x0000000707000000, 0x0000000707100000|  0%| F|  |TS  0|AC  0|TAMS 0x0000000707000000, 0x0000000707000000|
| 113|0x0000000707100000, 0x0000000707100000, 0x0000000707200000|  0%| F|  |TS  0|AC  0|TAMS 0x0000000707100000, 0x0000000707100000|
| 114|0x0000000707200000, 0x0000000707200000, 0x0000000707300000|  0%| F|  |TS  0|AC  0|TAMS 0x0000000707200000, 0x0000000707200000|
| 115|0x0000000707300000, 0x0000000707300000, 0x0000000707400000|  0%| F|  |TS  0|AC  0|TAMS 0x0000000707300000, 0x0000000707300000|
| 116|0x0000000707400000, 0x0000000707400000, 0x0000000707500000|  0%| F|  |TS  0|AC  0|TAMS 0x0000000707400000, 0x0000000707400000|
| 117|0x0000000707500000, 0x0000000707500000, 0x0000000707600000|  0%| F|  |TS  0|AC  0|TAMS 0x0000000707500000, 0x0000000707500000|
| 118|0x0000000707600000, 0x0000000707600000, 0x0000000707700000|  0%| F|  |TS  0|AC  0|TAMS 0x0000000707600000, 0x0000000707600000|
| 119|0x0000000707700000, 0x0000000707700000, 0x0000000707800000|  0%| F|  |TS  0|AC  0|TAMS 0x0000000707700000, 0x0000000707700000|
| 120|0x0000000707800000, 0x0000000707800000, 0x0000000707900000|  0%| F|  |TS  0|AC  0|TAMS 0x0000000707800000, 0x0000000707800000|
| 121|0x0000000707900000, 0x0000000707900000, 0x0000000707a00000|  0%| F|  |TS  0|AC  0|TAMS 0x0000000707900000, 0x0000000707900000|
| 122|0x0000000707a00000, 0x0000000707ae0938, 0x0000000707b00000| 87%| S|CS|TS  5|AC  0|TAMS 0x0000000707a00000, 0x0000000707a00000|
| 123|0x0000000707b00000, 0x0000000707b00000, 0x0000000707c00000|  0%| F|  |TS  5|AC  0|TAMS 0x0000000707b00000, 0x0000000707b00000|
| 124|0x0000000707c00000, 0x0000000707c00000, 0x0000000707d00000|  0%| F|  |TS  5|AC  0|TAMS 0x0000000707c00000, 0x0000000707c00000|
| 125|0x0000000707d00000, 0x0000000707d00000, 0x0000000707e00000|  0%| F|  |TS  5|AC  0|TAMS 0x0000000707d00000, 0x0000000707d00000|
| 126|0x0000000707e00000, 0x0000000707e00000, 0x0000000707f00000|  0%| F|  |TS  5|AC  0|TAMS 0x0000000707e00000, 0x0000000707e00000|
| 127|0x0000000707f00000, 0x0000000707f00000, 0x0000000708000000|  0%| F|  |TS  5|AC  0|TAMS 0x0000000707f00000, 0x0000000707f00000|
| 128|0x0000000708000000, 0x0000000708000000, 0x0000000708100000|  0%| F|  |TS  5|AC  0|TAMS 0x0000000708000000, 0x0000000708000000|
| 129|0x0000000708100000, 0x0000000708100000, 0x0000000708200000|  0%| F|  |TS  5|AC  0|TAMS 0x0000000708100000, 0x0000000708100000|
| 130|0x0000000708200000, 0x0000000708200000, 0x0000000708300000|  0%| F|  |TS  5|AC  0|TAMS 0x0000000708200000, 0x0000000708200000|
| 131|0x0000000708300000, 0x0000000708300000, 0x0000000708400000|  0%| F|  |TS  5|AC  0|TAMS 0x0000000708300000, 0x0000000708300000|
| 132|0x0000000708400000, 0x0000000708400000, 0x0000000708500000|  0%| F|  |TS  5|AC  0|TAMS 0x0000000708400000, 0x0000000708400000|
| 133|0x0000000708500000, 0x0000000708500000, 0x0000000708600000|  0%| F|  |TS  5|AC  0|TAMS 0x0000000708500000, 0x0000000708500000|
| 134|0x0000000708600000, 0x0000000708600000, 0x0000000708700000|  0%| F|  |TS  5|AC  0|TAMS 0x0000000708600000, 0x0000000708600000|
| 135|0x0000000708700000, 0x0000000708700000, 0x0000000708800000|  0%| F|  |TS  5|AC  0|TAMS 0x0000000708700000, 0x0000000708700000|
| 136|0x0000000708800000, 0x0000000708800000, 0x0000000708900000|  0%| F|  |TS  5|AC  0|TAMS 0x0000000708800000, 0x0000000708800000|
| 137|0x0000000708900000, 0x0000000708900000, 0x0000000708a00000|  0%| F|  |TS  5|AC  0|TAMS 0x0000000708900000, 0x0000000708900000|
| 138|0x0000000708a00000, 0x0000000708a00000, 0x0000000708b00000|  0%| F|  |TS  5|AC  0|TAMS 0x0000000708a00000, 0x0000000708a00000|
| 139|0x0000000708b00000, 0x0000000708b00000, 0x0000000708c00000|  0%| F|  |TS  5|AC  0|TAMS 0x0000000708b00000, 0x0000000708b00000|
| 140|0x0000000708c00000, 0x0000000708c00000, 0x0000000708d00000|  0%| F|  |TS  5|AC  0|TAMS 0x0000000708c00000, 0x0000000708c00000|
| 141|0x0000000708d00000, 0x0000000708d00000, 0x0000000708e00000|  0%| F|  |TS  5|AC  0|TAMS 0x0000000708d00000, 0x0000000708d00000|
| 142|0x0000000708e00000, 0x0000000708e00000, 0x0000000708f00000|  0%| F|  |TS  5|AC  0|TAMS 0x0000000708e00000, 0x0000000708e00000|
| 143|0x0000000708f00000, 0x0000000708f00000, 0x0000000709000000|  0%| F|  |TS  5|AC  0|TAMS 0x0000000708f00000, 0x0000000708f00000|
| 144|0x0000000709000000, 0x0000000709000000, 0x0000000709100000|  0%| F|  |TS  5|AC  0|TAMS 0x0000000709000000, 0x0000000709000000|
| 145|0x0000000709100000, 0x0000000709100000, 0x0000000709200000|  0%| F|  |TS  5|AC  0|TAMS 0x0000000709100000, 0x0000000709100000|
| 146|0x0000000709200000, 0x0000000709200000, 0x0000000709300000|  0%| F|  |TS  5|AC  0|TAMS 0x0000000709200000, 0x0000000709200000|
| 147|0x0000000709300000, 0x0000000709300000, 0x0000000709400000|  0%| F|  |TS  5|AC  0|TAMS 0x0000000709300000, 0x0000000709300000|
| 148|0x0000000709400000, 0x0000000709400000, 0x0000000709500000|  0%| F|  |TS  5|AC  0|TAMS 0x0000000709400000, 0x0000000709400000|
| 149|0x0000000709500000, 0x0000000709500000, 0x0000000709600000|  0%| F|  |TS  5|AC  0|TAMS 0x0000000709500000, 0x0000000709500000|
| 150|0x0000000709600000, 0x0000000709600000, 0x0000000709700000|  0%| F|  |TS  5|AC  0|TAMS 0x0000000709600000, 0x0000000709600000|
| 151|0x0000000709700000, 0x0000000709700000, 0x0000000709800000|  0%| F|  |TS  5|AC  0|TAMS 0x0000000709700000, 0x0000000709700000|
| 152|0x0000000709800000, 0x0000000709800000, 0x0000000709900000|  0%| F|  |TS  5|AC  0|TAMS 0x0000000709800000, 0x0000000709800000|
| 153|0x0000000709900000, 0x0000000709900000, 0x0000000709a00000|  0%| F|  |TS  5|AC  0|TAMS 0x0000000709900000, 0x0000000709900000|
| 154|0x0000000709a00000, 0x0000000709a00000, 0x0000000709b00000|  0%| F|  |TS  5|AC  0|TAMS 0x0000000709a00000, 0x0000000709a00000|
| 155|0x0000000709b00000, 0x0000000709b00000, 0x0000000709c00000|  0%| F|  |TS  5|AC  0|TAMS 0x0000000709b00000, 0x0000000709b00000|
| 156|0x0000000709c00000, 0x0000000709c00000, 0x0000000709d00000|  0%| F|  |TS  5|AC  0|TAMS 0x0000000709c00000, 0x0000000709c00000|
| 157|0x0000000709d00000, 0x0000000709d00000, 0x0000000709e00000|  0%| F|  |TS  5|AC  0|TAMS 0x0000000709d00000, 0x0000000709d00000|
| 158|0x0000000709e00000, 0x0000000709e00000, 0x0000000709f00000|  0%| F|  |TS  5|AC  0|TAMS 0x0000000709e00000, 0x0000000709e00000|
| 159|0x0000000709f00000, 0x0000000709f00000, 0x000000070a000000|  0%| F|  |TS  5|AC  0|TAMS 0x0000000709f00000, 0x0000000709f00000|
| 160|0x000000070a000000, 0x000000070a000000, 0x000000070a100000|  0%| F|  |TS  5|AC  0|TAMS 0x000000070a000000, 0x000000070a000000|
| 161|0x000000070a100000, 0x000000070a100000, 0x000000070a200000|  0%| F|  |TS  5|AC  0|TAMS 0x000000070a100000, 0x000000070a100000|
| 162|0x000000070a200000, 0x000000070a200000, 0x000000070a300000|  0%| F|  |TS  5|AC  0|TAMS 0x000000070a200000, 0x000000070a200000|
| 163|0x000000070a300000, 0x000000070a300000, 0x000000070a400000|  0%| F|  |TS  5|AC  0|TAMS 0x000000070a300000, 0x000000070a300000|
| 164|0x000000070a400000, 0x000000070a400000, 0x000000070a500000|  0%| F|  |TS  5|AC  0|TAMS 0x000000070a400000, 0x000000070a400000|
| 165|0x000000070a500000, 0x000000070a500000, 0x000000070a600000|  0%| F|  |TS  5|AC  0|TAMS 0x000000070a500000, 0x000000070a500000|
| 166|0x000000070a600000, 0x000000070a600000, 0x000000070a700000|  0%| F|  |TS  5|AC  0|TAMS 0x000000070a600000, 0x000000070a600000|
| 167|0x000000070a700000, 0x000000070a700000, 0x000000070a800000|  0%| F|  |TS  5|AC  0|TAMS 0x000000070a700000, 0x000000070a700000|
| 168|0x000000070a800000, 0x000000070a800000, 0x000000070a900000|  0%| F|  |TS  5|AC  0|TAMS 0x000000070a800000, 0x000000070a800000|
| 169|0x000000070a900000, 0x000000070a900000, 0x000000070aa00000|  0%| F|  |TS  5|AC  0|TAMS 0x000000070a900000, 0x000000070a900000|
| 170|0x000000070aa00000, 0x000000070aa00000, 0x000000070ab00000|  0%| F|  |TS  5|AC  0|TAMS 0x000000070aa00000, 0x000000070aa00000|
| 171|0x000000070ab00000, 0x000000070ab00000, 0x000000070ac00000|  0%| F|  |TS  5|AC  0|TAMS 0x000000070ab00000, 0x000000070ab00000|
| 172|0x000000070ac00000, 0x000000070ac00000, 0x000000070ad00000|  0%| F|  |TS  5|AC  0|TAMS 0x000000070ac00000, 0x000000070ac00000|
| 173|0x000000070ad00000, 0x000000070ad00000, 0x000000070ae00000|  0%| F|  |TS  5|AC  0|TAMS 0x000000070ad00000, 0x000000070ad00000|
| 174|0x000000070ae00000, 0x000000070ae00000, 0x000000070af00000|  0%| F|  |TS  5|AC  0|TAMS 0x000000070ae00000, 0x000000070ae00000|
| 175|0x000000070af00000, 0x000000070af00000, 0x000000070b000000|  0%| F|  |TS  5|AC  0|TAMS 0x000000070af00000, 0x000000070af00000|
| 176|0x000000070b000000, 0x000000070b01ee80, 0x000000070b100000| 12%| E|  |TS  5|AC  0|TAMS 0x000000070b000000, 0x000000070b000000|
| 177|0x000000070b100000, 0x000000070b200000, 0x000000070b200000|100%| E|CS|TS  5|AC  0|TAMS 0x000000070b100000, 0x000000070b100000|
| 178|0x000000070b200000, 0x000000070b300000, 0x000000070b300000|100%| E|CS|TS  5|AC  0|TAMS 0x000000070b200000, 0x000000070b200000|
| 179|0x000000070b300000, 0x000000070b400000, 0x000000070b400000|100%| E|CS|TS  5|AC  0|TAMS 0x000000070b300000, 0x000000070b300000|
| 180|0x000000070b400000, 0x000000070b500000, 0x000000070b500000|100%| E|CS|TS  5|AC  0|TAMS 0x000000070b400000, 0x000000070b400000|
| 181|0x000000070b500000, 0x000000070b600000, 0x000000070b600000|100%| E|CS|TS  5|AC  0|TAMS 0x000000070b500000, 0x000000070b500000|
| 182|0x000000070b600000, 0x000000070b700000, 0x000000070b700000|100%| E|CS|TS  5|AC  0|TAMS 0x000000070b600000, 0x000000070b600000|

Card table byte_map: [0x0000013572cf0000,0x00000135732f0000] byte_map_base: 0x000001356f4f0000

Marking Bits (Prev, Next): (CMBitMap*) 0x0000013556d7c090, (CMBitMap*) 0x0000013556d7c0c8
 Prev Bits: [0x00000135738f0000, 0x00000135768f0000)
 Next Bits: [0x00000135768f0000, 0x00000135798f0000)

Polling page: 0x000001354eb60000

CodeHeap 'non-profiled nmethods': size=120000Kb used=19498Kb max_used=19498Kb free=100501Kb
 bounds [0x000001356b7c0000, 0x000001356cad0000, 0x0000013572cf0000]
CodeHeap 'profiled nmethods': size=120000Kb used=37303Kb max_used=39253Kb free=82696Kb
 bounds [0x0000013564290000, 0x0000013566910000, 0x000001356b7c0000]
CodeHeap 'non-nmethods': size=5760Kb used=1756Kb max_used=1820Kb free=4003Kb
 bounds [0x0000013563cf0000, 0x0000013563f60000, 0x0000013564290000]
 total_blobs=29663 nmethods=16061 adapters=1071
 compilation: enabled

Compilation events (10 events):
Event: 38352.926 Thread 0x0000013554622000 20454   !   4       java.awt.DefaultKeyboardFocusManager::dispatchEvent (1616 bytes)
Event: 38352.939 Thread 0x00000135542c0000 20455       3       com.jidesoft.editor.margin.CodeFoldingMargin::paintMargin (300 bytes)
Event: 38352.941 Thread 0x00000135542c0000 nmethod 20455 0x0000013566013b10 code [0x0000013566013f20, 0x0000013566016f10]
Event: 38352.967 Thread 0x000001355ab23000 20456       4       de.javasoft.plaf.synthetica.styles.MenuStyle::getIcon (73 bytes)
Event: 38352.972 Thread 0x000001355ab23000 nmethod 20456 0x000001356cabf810 code [0x000001356cabfa20, 0x000001356cabff18]
Event: 38353.006 Thread 0x00000135542c0000 20457       3       javax.swing.plaf.synth.SynthButtonUI::paintBackground (30 bytes)
Event: 38353.007 Thread 0x00000135542c0000 nmethod 20457 0x0000013565f38610 code [0x0000013565f38820, 0x0000013565f38fe0]
Event: 38353.012 Thread 0x0000013557950800 20458       4       com.jidesoft.editor.CodeEditor::modelToViewPosition (489 bytes)
Event: 38353.022 Thread 0x0000013557950800 nmethod 20458 0x000001356cac0310 code [0x000001356cac0520, 0x000001356cac15b8]
Event: 38353.077 Thread 0x0000013554622000 nmethod 20454 0x000001356cac2090 code [0x000001356cac2ae0, 0x000001356cac8570]

GC Heap History (10 events):
Event: 38324.776 GC heap before
{Heap before GC invocations=490 (full 248):
 garbage-first heap   total 187392K, used 62551K [0x0000000700000000, 0x00000007001005b8, 0x00000007c0000000)
  region size 1024K, 4 young (4096K), 0 survivors (0K)
 Metaspace       used 79181K, capacity 80915K, committed 87376K, reserved 1124352K
  class space    used 10354K, capacity 10736K, committed 12112K, reserved 1048576K
}
Event: 38324.890 GC heap after
{Heap after GC invocations=491 (full 249):
 garbage-first heap   total 187392K, used 57432K [0x0000000700000000, 0x00000007001005b8, 0x00000007c0000000)
  region size 1024K, 0 young (0K), 0 survivors (0K)
 Metaspace       used 79181K, capacity 80915K, committed 87376K, reserved 1124352K
  class space    used 10354K, capacity 10736K, committed 12112K, reserved 1048576K
}
Event: 38333.324 GC heap before
{Heap before GC invocations=491 (full 249):
 garbage-first heap   total 187392K, used 66648K [0x0000000700000000, 0x00000007001005b8, 0x00000007c0000000)
  region size 1024K, 6 young (6144K), 0 survivors (0K)
 Metaspace       used 79181K, capacity 80915K, committed 87376K, reserved 1124352K
  class space    used 10354K, capacity 10736K, committed 12112K, reserved 1048576K
}
Event: 38333.440 GC heap after
{Heap after GC invocations=492 (full 250):
 garbage-first heap   total 187392K, used 57473K [0x0000000700000000, 0x00000007001005b8, 0x00000007c0000000)
  region size 1024K, 0 young (0K), 0 survivors (0K)
 Metaspace       used 79181K, capacity 80915K, committed 87376K, reserved 1124352K
  class space    used 10354K, capacity 10736K, committed 12112K, reserved 1048576K
}
Event: 38350.307 GC heap before
{Heap before GC invocations=492 (full 250):
 garbage-first heap   total 187392K, used 118913K [0x0000000700000000, 0x00000007001005b8, 0x00000007c0000000)
  region size 1024K, 60 young (61440K), 0 survivors (0K)
 Metaspace       used 79216K, capacity 80921K, committed 87376K, reserved 1124352K
  class space    used 10354K, capacity 10737K, committed 12112K, reserved 1048576K
}
Event: 38350.312 GC heap after
{Heap after GC invocations=493 (full 250):
 garbage-first heap   total 187392K, used 58399K [0x0000000700000000, 0x00000007001005b8, 0x00000007c0000000)
  region size 1024K, 1 young (1024K), 1 survivors (1024K)
 Metaspace       used 79216K, capacity 80921K, committed 87376K, reserved 1124352K
  class space    used 10354K, capacity 10737K, committed 12112K, reserved 1048576K
}
Event: 38351.817 GC heap before
{Heap before GC invocations=493 (full 250):
 garbage-first heap   total 187392K, used 118815K [0x0000000700000000, 0x00000007001005b8, 0x00000007c0000000)
  region size 1024K, 60 young (61440K), 1 survivors (1024K)
 Metaspace       used 79218K, capacity 80921K, committed 87376K, reserved 1124352K
  class space    used 10354K, capacity 10737K, committed 12112K, reserved 1048576K
}
Event: 38351.819 GC heap after
{Heap after GC invocations=494 (full 250):
 garbage-first heap   total 187392K, used 58171K [0x0000000700000000, 0x00000007001005b8, 0x00000007c0000000)
  region size 1024K, 1 young (1024K), 1 survivors (1024K)
 Metaspace       used 79218K, capacity 80921K, committed 87376K, reserved 1124352K
  class space    used 10354K, capacity 10737K, committed 12112K, reserved 1048576K
}
Event: 38353.026 GC heap before
{Heap before GC invocations=494 (full 250):
 garbage-first heap   total 187392K, used 118587K [0x0000000700000000, 0x00000007001005b8, 0x00000007c0000000)
  region size 1024K, 60 young (61440K), 1 survivors (1024K)
 Metaspace       used 79244K, capacity 80985K, committed 87376K, reserved 1124352K
  class space    used 10354K, capacity 10737K, committed 12112K, reserved 1048576K
}
Event: 38353.029 GC heap after
{Heap after GC invocations=495 (full 250):
 garbage-first heap   total 187392K, used 58372K [0x0000000700000000, 0x00000007001005b8, 0x00000007c0000000)
  region size 1024K, 1 young (1024K), 1 survivors (1024K)
 Metaspace       used 79244K, capacity 80985K, committed 87376K, reserved 1124352K
  class space    used 10354K, capacity 10737K, committed 12112K, reserved 1048576K
}

Deoptimization events (10 events):
Event: 38298.373 Thread 0x000001355ab1b800 Uncommon trap: reason=class_check action=maybe_recompile pc=0x000001356c502028 method=java.awt.Component.processMouseMotionEvent(Ljava/awt/event/MouseEvent;)V @ 52 c2
Event: 38298.382 Thread 0x000001355ab1b800 Uncommon trap: reason=class_check action=maybe_recompile pc=0x000001356c502028 method=java.awt.Component.processMouseMotionEvent(Ljava/awt/event/MouseEvent;)V @ 52 c2
Event: 38298.392 Thread 0x000001355ab1b800 Uncommon trap: reason=class_check action=maybe_recompile pc=0x000001356c502028 method=java.awt.Component.processMouseMotionEvent(Ljava/awt/event/MouseEvent;)V @ 52 c2
Event: 38298.402 Thread 0x000001355ab1b800 Uncommon trap: reason=class_check action=maybe_recompile pc=0x000001356c3bc21c method=java.awt.Component.processMouseMotionEvent(Ljava/awt/event/MouseEvent;)V @ 52 c2
Event: 38301.765 Thread 0x000001355ab1b800 Uncommon trap: reason=unstable_if action=reinterpret pc=0x000001356c638484 method=sun.java2d.pipe.Region.clipBoxToBounds([I)V @ 7 c2
Event: 38301.765 Thread 0x000001355ab1b800 Uncommon trap: reason=unstable_if action=reinterpret pc=0x000001356b8261f0 method=sun.java2d.pipe.Region.clipBoxToBounds([I)V @ 7 c2
Event: 38302.049 Thread 0x000001355ab1b800 Uncommon trap: reason=unstable_if action=reinterpret pc=0x000001356c3ad6c4 method=sun.java2d.pipe.Region.clipBoxToBounds([I)V @ 7 c2
Event: 38349.447 Thread 0x0000013501cca000 Uncommon trap: reason=unstable_if action=reinterpret pc=0x000001356ca788fc method=ui.views.a.rO(Z)Z @ 60 c2
Event: 38351.891 Thread 0x000001355ab1b800 Uncommon trap: reason=class_check action=maybe_recompile pc=0x000001356c74a164 method=javax.swing.RepaintManager$4.run()Ljava/lang/Void; @ 91 c2
Event: 38351.893 Thread 0x000001355ab1b800 Uncommon trap: reason=bimorphic_or_optimized_type_check action=maybe_recompile pc=0x000001356c1f1310 method=java.awt.DefaultKeyboardFocusManager.dispatchEvent(Ljava/awt/AWTEvent;)Z @ 1467 c2

Classes redefined (0 events):
No events

Internal exceptions (10 events):
Event: 37411.256 Thread 0x000001355ab1b800 Implicit null exception at 0x000001356b9c1803 to 0x000001356b9c204d
Event: 37531.314 Thread 0x000001355ab1b800 Implicit null exception at 0x000001356bcbd99b to 0x000001356bcbe439
Event: 37531.453 Thread 0x0000013501cca000 Exception <a 'java/lang/InterruptedException'{0x0000000709780840}: sleep interrupted> (0x0000000709780840) thrown at [t:/workspace/hotspot/src/share/vm/prims/jvm.cpp, line 3023]
Event: 37536.291 Thread 0x0000013501cc4000 Implicit null exception at 0x000001356c14a994 to 0x000001356c14c859
Event: 37920.574 Thread 0x000001355ab1b800 Exception <a 'java/lang/NoSuchMethodError'{0x000000070b58ebe0}: java.lang.invoke.DelegatingMethodHandle$Holder.reinvoke_L(Ljava/lang/Object;IIILjava/lang/Object;Ljava/lang/Object;ILjava/lang/Object;Ljava/lang/Object;)Ljava/lang/Object;> (0x000000070b58ebe
Event: 37941.577 Thread 0x000001355ab1b800 Implicit null exception at 0x000001356c1ab687 to 0x000001356c1acb95
Event: 38109.215 Thread 0x000001355ab1b800 Implicit null exception at 0x000001356c8380d0 to 0x000001356c838115
Event: 38298.154 Thread 0x000001355ab1b800 Exception <a 'java/lang/NoSuchMethodError'{0x000000070b1e49e0}: java.lang.invoke.DirectMethodHandle$Holder.invokeSpecial(Ljava/lang/Object;Ljava/lang/Object;IILjava/lang/Object;ILjava/lang/Object;I)Ljava/lang/Object;> (0x000000070b1e49e0) thrown at [t:/wo
Event: 38298.154 Thread 0x000001355ab1b800 Exception <a 'java/lang/NoSuchMethodError'{0x000000070b1e8090}: java.lang.invoke.DelegatingMethodHandle$Holder.reinvoke_L(Ljava/lang/Object;IILjava/lang/Object;ILjava/lang/Object;I)Ljava/lang/Object;> (0x000000070b1e8090) thrown at [t:/workspace/hotspot/s
Event: 38298.154 Thread 0x000001355ab1b800 Exception <a 'java/lang/NoSuchMethodError'{0x000000070b017af0}: method resolution failed> (0x000000070b017af0) thrown at [t:/workspace/hotspot/src/share/vm/prims/methodHandles.cpp, line 1256]

Events (10 events):
Event: 38351.891 Thread 0x000001355ab1b800 Uncommon trap: trap_request=0xffffffde fr.pc=0x000001356c74a164 relative=0x00000000000005c4
Event: 38351.891 Thread 0x000001355ab1b800 DEOPT PACKING pc=0x000001356c74a164 sp=0x0000000c525f6030
Event: 38351.891 Thread 0x000001355ab1b800 DEOPT UNPACKING pc=0x0000013563d3df29 sp=0x0000000c525f5f88 mode 2
Event: 38351.893 Thread 0x000001355ab1b800 Uncommon trap: trap_request=0xffffffc6 fr.pc=0x000001356c1f1310 relative=0x0000000000003a10
Event: 38351.893 Thread 0x000001355ab1b800 DEOPT PACKING pc=0x000001356c1f1310 sp=0x0000000c525f2c10
Event: 38351.893 Thread 0x000001355ab1b800 DEOPT UNPACKING pc=0x0000013563d3df29 sp=0x0000000c525f2bd0 mode 2
Event: 38352.472 Thread 0x0000013501cd1000 Thread added: 0x0000013501cd1000
Event: 38352.475 Thread 0x0000013501cd1000 Thread exited: 0x0000013501cd1000
Event: 38353.026 Executing VM operation: G1IncCollectionPause
Event: 38353.029 Executing VM operation: G1IncCollectionPause done


Dynamic libraries:
0x00007ff71c920000 - 0x00007ff71c950000 	F:\Xilinx\Vivado\2019.2\bin\unwrapped\win64.o\vivado.exe
0x00007ffe65bf0000 - 0x00007ffe65de8000 	C:\Windows\SYSTEM32\ntdll.dll
0x00007ffe65800000 - 0x00007ffe658bd000 	C:\Windows\System32\KERNEL32.DLL
0x00007ffe63310000 - 0x00007ffe635de000 	C:\Windows\System32\KERNELBASE.dll
0x00007ffe63940000 - 0x00007ffe63a40000 	C:\Windows\System32\ucrtbase.dll
0x00007ffe4e1a0000 - 0x00007ffe4e22d000 	C:\Windows\SYSTEM32\MSVCP140.dll
0x00007ffe54c40000 - 0x00007ffe54c54000 	F:\Xilinx\Vivado\2019.2\lib\win64.o\libboost_signals.dll
0x00007ffe5bc80000 - 0x00007ffe5bc96000 	F:\Xilinx\Vivado\2019.2\lib\win64.o\librdi_commonmain.dll
0x00007ffe2f590000 - 0x00007ffe304d3000 	F:\Xilinx\Vivado\2019.2\lib\win64.o\librdi_common.dll
0x00007ffe50880000 - 0x00007ffe5089a000 	C:\Windows\SYSTEM32\VCRUNTIME140.dll
0x00007ffe5edf0000 - 0x00007ffe5edfc000 	C:\Windows\SYSTEM32\VCRUNTIME140_1.dll
0x00007ffe658d0000 - 0x00007ffe65a70000 	C:\Windows\System32\USER32.dll
0x00007ffe635e0000 - 0x00007ffe63602000 	C:\Windows\System32\win32u.dll
0x00007ffe65570000 - 0x00007ffe6559a000 	C:\Windows\System32\GDI32.dll
0x00007ffe5e460000 - 0x00007ffe5e46a000 	F:\Xilinx\Vivado\2019.2\lib\win64.o\librdi_commonversion.dll
0x00007ffe4e500000 - 0x00007ffe4e526000 	F:\Xilinx\Vivado\2019.2\lib\win64.o\libboost_filesystem.dll
0x00007ffe32360000 - 0x00007ffe32501000 	F:\Xilinx\Vivado\2019.2\lib\win64.o\librdi_commonxillic.dll
0x00007ffe63800000 - 0x00007ffe6390b000 	C:\Windows\System32\gdi32full.dll
0x00007ffe64ad0000 - 0x00007ffe64b7e000 	C:\Windows\System32\ADVAPI32.dll
0x00007ffe63b40000 - 0x00007ffe63bdd000 	C:\Windows\System32\msvcp_win.dll
0x00007ffe64a60000 - 0x00007ffe64acb000 	C:\Windows\System32\WS2_32.dll
0x00007ffe63d20000 - 0x00007ffe63dbe000 	C:\Windows\System32\msvcrt.dll
0x00000000540b0000 - 0x00000000541db000 	F:\Xilinx\Vivado\2019.2\lib\win64.o\tcl85t.dll
0x00007ffe655a0000 - 0x00007ffe656c5000 	C:\Windows\System32\RPCRT4.dll
0x00007ffe64e20000 - 0x00007ffe65563000 	C:\Windows\System32\SHELL32.dll
0x00007ffe641d0000 - 0x00007ffe6426c000 	C:\Windows\System32\sechost.dll
0x00007ffe63910000 - 0x00007ffe63937000 	C:\Windows\System32\bcrypt.dll
0x00007ffe2f220000 - 0x00007ffe2f58e000 	F:\Xilinx\Vivado\2019.2\lib\win64.o\libCOIN-all.dll
0x00007ffe51f30000 - 0x00007ffe51f44000 	F:\Xilinx\Vivado\2019.2\lib\win64.o\libboost_date_time.dll
0x00007ffe36a80000 - 0x00007ffe36b94000 	F:\Xilinx\Vivado\2019.2\lib\win64.o\libboost_regex.dll
0x00007ffe4dc30000 - 0x00007ffe4dcaf000 	F:\Xilinx\Vivado\2019.2\lib\win64.o\libboost_program_options.dll
0x00007ffe5c560000 - 0x00007ffe5c56f000 	F:\Xilinx\Vivado\2019.2\lib\win64.o\libboost_xilinx.dll
0x00007ffe5c940000 - 0x00007ffe5c94b000 	F:\Xilinx\Vivado\2019.2\lib\win64.o\libboost_system.dll
0x00007ffe4e170000 - 0x00007ffe4e191000 	F:\Xilinx\Vivado\2019.2\lib\win64.o\libboost_thread.dll
0x00007ffe47e70000 - 0x00007ffe47ef2000 	F:\Xilinx\Vivado\2019.2\lib\win64.o\libhdlpsolve.dll
0x00007ffe43d40000 - 0x00007ffe43de5000 	F:\Xilinx\Vivado\2019.2\lib\win64.o\libhdxml.dll
0x00007ffe2e620000 - 0x00007ffe2f21c200 	F:\Xilinx\Vivado\2019.2\lib\win64.o\libisl_iostreams.dll
0x00007ffe4ce90000 - 0x00007ffe4cebe000 	F:\Xilinx\Vivado\2019.2\lib\win64.o\libisl_sysinfo.dll
0x00007ffe43b90000 - 0x00007ffe43bf5000 	F:\Xilinx\Vivado\2019.2\lib\win64.o\liblmx6.0.dll
0x00007ffe51b20000 - 0x00007ffe51b3a000 	F:\Xilinx\Vivado\2019.2\lib\win64.o\pthreadVC2.dll
0x00007ffe51a70000 - 0x00007ffe51a8c000 	F:\Xilinx\Vivado\2019.2\lib\win64.o\librdiconfig.dll
0x00007ffe4c9a0000 - 0x00007ffe4c9c1000 	F:\Xilinx\Vivado\2019.2\lib\win64.o\librdizlib.dll
0x0000000012000000 - 0x0000000012270000 	F:\Xilinx\Vivado\2019.2\lib\win64.o\xerces-c_3_1.dll
0x00007ffe2e340000 - 0x00007ffe2e61b000 	F:\Xilinx\Vivado\2019.2\lib\win64.o\libXil_lmgr11.dll
0x00007ffe64ba0000 - 0x00007ffe64c7a000 	C:\Windows\System32\COMDLG32.dll
0x00007ffe63dc0000 - 0x00007ffe64114000 	C:\Windows\System32\combase.dll
0x00007ffe509b0000 - 0x00007ffe50e86000 	C:\Windows\SYSTEM32\WININET.dll
0x00007ffe51b00000 - 0x00007ffe51b19000 	C:\Windows\SYSTEM32\NETAPI32.dll
0x00007ffe64120000 - 0x00007ffe641cd000 	C:\Windows\System32\shcore.dll
0x00007ffe57160000 - 0x00007ffe5726a000 	C:\Windows\SYSTEM32\WINHTTP.dll
0x00007ffe55b00000 - 0x00007ffe55cec000 	C:\Windows\SYSTEM32\urlmon.dll
0x00007ffe64530000 - 0x00007ffe64585000 	C:\Windows\System32\SHLWAPI.dll
0x00007ffe63c50000 - 0x00007ffe63d1d000 	C:\Windows\System32\OLEAUT32.dll
0x00007ffe5ee00000 - 0x00007ffe5ee09000 	C:\Windows\SYSTEM32\WSOCK32.dll
0x00007ffe2d4a0000 - 0x00007ffe2e331000 	F:\Xilinx\Vivado\2019.2\lib\win64.o\gurobi65.dll
0x00007ffe656d0000 - 0x00007ffe657fa000 	C:\Windows\System32\ole32.dll
0x00007ffe4c320000 - 0x00007ffe4c34e000 	C:\Windows\SYSTEM32\VCOMP140.DLL
0x00007ffe63be0000 - 0x00007ffe63c49000 	C:\Windows\System32\WINTRUST.dll
0x00007ffe636a0000 - 0x00007ffe637f6000 	C:\Windows\System32\CRYPT32.dll
0x00007ffe5c4f0000 - 0x00007ffe5c4fd000 	F:\Xilinx\Vivado\2019.2\lib\win64.o\libboost_chrono.dll
0x00007ffe4ecc0000 - 0x00007ffe4ecdb000 	F:\Xilinx\Vivado\2019.2\lib\win64.o\libboost_iostreams.dll
0x00007ffe4b6c0000 - 0x00007ffe4b6e5000 	F:\Xilinx\Vivado\2019.2\lib\win64.o\libisl_iosutils.dll
0x00007ffe57300000 - 0x00007ffe575b1000 	C:\Windows\SYSTEM32\iertutil.dll
0x00007ffe55ad0000 - 0x00007ffe55af8000 	C:\Windows\SYSTEM32\srvcli.dll
0x00007ffe627b0000 - 0x00007ffe627bc000 	C:\Windows\SYSTEM32\netutils.dll
0x00007ffe4fad0000 - 0x00007ffe4fb80000 	C:\Windows\WinSxS\amd64_microsoft.windows.common-controls_6595b64144ccf1df_5.82.19041.1110_none_792d1c772443f647\COMCTL32.dll
0x00007ffe5bdc0000 - 0x00007ffe5bddd000 	C:\Windows\SYSTEM32\dhcpcsvc.DLL
0x00007ffe65a70000 - 0x00007ffe65aa0000 	C:\Windows\System32\IMM32.DLL
0x00007ffe62f00000 - 0x00007ffe62f12000 	C:\Windows\SYSTEM32\MSASN1.dll
0x00007ffe61220000 - 0x00007ffe61232000 	C:\Windows\SYSTEM32\kernel.appcore.dll
0x00007ffe2cf80000 - 0x00007ffe2d497000 	F:\Xilinx\Vivado\2019.2\lib\win64.o\librdi_commontasks.dll
0x00007ffe57000000 - 0x00007ffe5700a000 	C:\Windows\SYSTEM32\VERSION.dll
0x0000000053680000 - 0x00000000540a5000 	F:\Xilinx\Vivado\2019.2\tps\win64\jre9.0.4\bin\server\jvm.dll
0x00007ffe2cc90000 - 0x00007ffe2cf73000 	F:\Xilinx\Vivado\2019.2\lib\win64.o\librdi_sio.dll
0x00007ffe64b90000 - 0x00007ffe64b98000 	C:\Windows\System32\PSAPI.DLL
0x00007ffe50f30000 - 0x00007ffe50f57000 	C:\Windows\SYSTEM32\WINMM.dll
0x00007ffe62770000 - 0x00007ffe627ab000 	C:\Windows\SYSTEM32\IPHLPAPI.DLL
0x00007ffe36660000 - 0x00007ffe3674f000 	F:\Xilinx\Vivado\2019.2\tps\win64\jre9.0.4\bin\MSVCR120.dll
0x00007ffe62ad0000 - 0x00007ffe62b3a000 	C:\Windows\SYSTEM32\MSWSOCK.DLL
0x00007ffe61420000 - 0x00007ffe61bb5000 	C:\Windows\SYSTEM32\windows.storage.dll
0x00007ffe62d70000 - 0x00007ffe62da0000 	C:\Windows\SYSTEM32\Wldp.dll
0x00007ffe2a540000 - 0x00007ffe2cc85000 	F:\Xilinx\Vivado\2019.2\lib\win64.o\librdi_tcltasks.dll
0x00007ffe2a080000 - 0x00007ffe2a534000 	F:\Xilinx\Vivado\2019.2\lib\win64.o\librdi_bitstream.dll
0x00007ffe31560000 - 0x00007ffe316fd000 	F:\Xilinx\Vivado\2019.2\lib\win64.o\librdi_board.dll
0x00007ffe3a660000 - 0x00007ffe3a6db000 	F:\Xilinx\Vivado\2019.2\lib\win64.o\librdi_boarddep.dll
0x00007ffe363e0000 - 0x00007ffe364cf000 	F:\Xilinx\Vivado\2019.2\lib\win64.o\librdi_chipscope.dll
0x00007ffe29d60000 - 0x00007ffe29f20000 	F:\Xilinx\Vivado\2019.2\lib\win64.o\librdi_chipscopeimpl.dll
0x00007ffe29f20000 - 0x00007ffe2a072000 	F:\Xilinx\Vivado\2019.2\lib\win64.o\librdi_cd_client.dll
0x00007ffe28280000 - 0x00007ffe29d5a000 	F:\Xilinx\Vivado\2019.2\lib\win64.o\librdi_constraints.dll
0x00007ffe26f00000 - 0x00007ffe27224000 	F:\Xilinx\Vivado\2019.2\lib\win64.o\librdi_containers.dll
0x00007ffe05d80000 - 0x00007ffe07d70000 	F:\Xilinx\Vivado\2019.2\lib\win64.o\librdi_coregen.dll
0x00007ffe1fc30000 - 0x00007ffe20309000 	F:\Xilinx\Vivado\2019.2\lib\win64.o\librdi_coregenipxact.dll
0x00007ffe01ab0000 - 0x00007ffe05d7b000 	F:\Xilinx\Vivado\2019.2\lib\win64.o\librdi_designutils.dll
0x00007ffe26bb0000 - 0x00007ffe26efa000 	F:\Xilinx\Vivado\2019.2\lib\win64.o\librdi_dlyest.dll
0x00007ffdecf00000 - 0x00007ffe01aab000 	F:\Xilinx\Vivado\2019.2\lib\win64.o\librdi_device.dll
0x00007ffe1e8a0000 - 0x00007ffe1ee6d000 	F:\Xilinx\Vivado\2019.2\lib\win64.o\librdi_drc.dll
0x00007ffe32b50000 - 0x00007ffe32c14000 	F:\Xilinx\Vivado\2019.2\lib\win64.o\librdi_dsp.dll
0x00007ffdec890000 - 0x00007ffdecefb000 	F:\Xilinx\Vivado\2019.2\lib\win64.o\librdi_filemgmt.dll
0x00007ffe16c40000 - 0x00007ffe16f50000 	F:\Xilinx\Vivado\2019.2\lib\win64.o\librdi_guitools.dll
0x00007ffe38200000 - 0x00007ffe3826a000 	F:\Xilinx\Vivado\2019.2\lib\win64.o\librdi_hdf.dll
0x00007ffe28060000 - 0x00007ffe28280000 	F:\Xilinx\Vivado\2019.2\lib\win64.o\librdi_hip_devdesign.dll
0x00007ffe276a0000 - 0x00007ffe277e8000 	F:\Xilinx\Vivado\2019.2\lib\win64.o\librdi_hip_perf_analysis.dll
0x00007ffdeb120000 - 0x00007ffdec88d000 	F:\Xilinx\Vivado\2019.2\lib\win64.o\librdi_implflow.dll
0x00007ffdeaae0000 - 0x00007ffdeb111000 	F:\Xilinx\Vivado\2019.2\lib\win64.o\librdi_memdata.dll
0x00007ffe34260000 - 0x00007ffe342d4000 	F:\Xilinx\Vivado\2019.2\lib\win64.o\librdi_memoryarray.dll
0x00007ffde7620000 - 0x00007ffde7d03000 	F:\Xilinx\Vivado\2019.2\lib\win64.o\librdi_netlist.dll
0x00007ffde7d10000 - 0x00007ffdeaadb000 	F:\Xilinx\Vivado\2019.2\lib\win64.o\librdi_mig.dll
0x00007ffe49df0000 - 0x00007ffe49e3c000 	F:\Xilinx\Vivado\2019.2\lib\win64.o\librdi_pfi.dll
0x00007ffde4d50000 - 0x00007ffde7617000 	F:\Xilinx\Vivado\2019.2\lib\win64.o\librdi_place.dll
0x00007ffe16050000 - 0x00007ffe1636b000 	F:\Xilinx\Vivado\2019.2\lib\win64.o\librdi_platform.dll
0x00007ffde3f80000 - 0x00007ffde453a000 	F:\Xilinx\Vivado\2019.2\lib\win64.o\librdi_project.dll
0x00007ffde4540000 - 0x00007ffde4d4b000 	F:\Xilinx\Vivado\2019.2\lib\win64.o\librdi_power.dll
0x00007ffde3840000 - 0x00007ffde3f73000 	F:\Xilinx\Vivado\2019.2\lib\win64.o\librdi_psta.dll
0x00007ffde3170000 - 0x00007ffde3831000 	F:\Xilinx\Vivado\2019.2\lib\win64.o\librdi_rsb.dll
0x00007ffe14960000 - 0x00007ffe14d83000 	F:\Xilinx\Vivado\2019.2\lib\win64.o\librdi_runs.dll
0x00007ffe320a0000 - 0x00007ffe321a8000 	F:\Xilinx\Vivado\2019.2\lib\win64.o\librdi_runsbase.dll
0x00007ffde2ef0000 - 0x00007ffde3165000 	F:\Xilinx\Vivado\2019.2\lib\win64.o\librdi_simdata.dll
0x00007ffde2060000 - 0x00007ffde2eed000 	F:\Xilinx\Vivado\2019.2\lib\win64.o\librdi_timing.dll
0x00007ffe1cb40000 - 0x00007ffe1cce1000 	F:\Xilinx\Vivado\2019.2\lib\win64.o\librdi_advchipscopeimpl.dll
0x00007ffe23b40000 - 0x00007ffe23ce0000 	F:\Xilinx\Vivado\2019.2\lib\win64.o\librdi_cd_protocol.dll
0x00007ffe48270000 - 0x00007ffe482bc000 	F:\Xilinx\Vivado\2019.2\lib\win64.o\libboost_serialization.dll
0x00007ffe31920000 - 0x00007ffe319f7000 	F:\Xilinx\Vivado\2019.2\lib\win64.o\librdi_ipconfig_readwrite.dll
0x00007ffe43cf0000 - 0x00007ffe43d3a000 	F:\Xilinx\Vivado\2019.2\lib\win64.o\librdi_noc_frameworks.dll
0x00007ffde0fc0000 - 0x00007ffde1b07000 	F:\Xilinx\Vivado\2019.2\lib\win64.o\libverific.dll
0x00007ffe17220000 - 0x00007ffe17404000 	F:\Xilinx\Vivado\2019.2\lib\win64.o\librdi_hip_config.dll
0x00007ffde1b10000 - 0x00007ffde205e000 	F:\Xilinx\Vivado\2019.2\lib\win64.o\librdi_xdm.dll
0x00007ffe31f30000 - 0x00007ffe31fce000 	F:\Xilinx\Vivado\2019.2\lib\win64.o\libise.dll
0x00007ffde09a0000 - 0x00007ffde0fbb000 	F:\Xilinx\Vivado\2019.2\lib\win64.o\librdi_wavedata.dll

VM Arguments:
jvm_args: -Dsun.java2d.pmoffscreen=false -Dsun.java2d.xrender=false -Dsun.java2d.d3d=false -Dsun.awt.nopixfmt=true -Dsun.java2d.dpiaware=true -Dsun.java2d.uiScale.enabled=false -Xverify:none -Dswing.aatext=true -XX:-UsePerfData -Djdk.map.althashing.threshold=512 -XX:StringTableSize=4072 --add-opens=java.base/java.nio=ALL-UNNAMED --add-opens=java.desktop/sun.swing=ALL-UNNAMED --add-opens=java.desktop/javax.swing=ALL-UNNAMED --add-opens=java.desktop/javax.swing.tree=ALL-UNNAMED --add-opens=java.desktop/javax.swing.plaf.basic=ALL-UNNAMED --add-opens=java.desktop/javax.swing.plaf.synth=ALL-UNNAMED --add-opens=java.desktop/com.sun.awt=ALL-UNNAMED -XX:NewSize=60m -XX:MaxNewSize=60m -Xms128m -Xmx3072m -Xss5m 
java_command: <unknown>
java_class_path (initial): F:/Xilinx/Vivado/2019.2\lib\classes\alloy.jar;F:/Xilinx/Vivado/2019.2\lib\classes\autoesl-common.jar;F:/Xilinx/Vivado/2019.2\lib\classes\autoesl-models.jar;F:/Xilinx/Vivado/2019.2\lib\classes\autoesl-report.jar;F:/Xilinx/Vivado/2019.2\lib\classes\autopilot.scelaborator.jar;F:/Xilinx/Vivado/2019.2\lib\classes\autopilot.sourceprocessor.jar;F:/Xilinx/Vivado/2019.2\lib\classes\autopilot.tbprocessor.jar;F:/Xilinx/Vivado/2019.2\lib\classes\batik-anim.jar;F:/Xilinx/Vivado/2019.2\lib\classes\batik-awt-util.jar;F:/Xilinx/Vivado/2019.2\lib\classes\batik-bridge.jar;F:/Xilinx/Vivado/2019.2\lib\classes\batik-codec.jar;F:/Xilinx/Vivado/2019.2\lib\classes\batik-css.jar;F:/Xilinx/Vivado/2019.2\lib\classes\batik-dom.jar;F:/Xilinx/Vivado/2019.2\lib\classes\batik-ext.jar;F:/Xilinx/Vivado/2019.2\lib\classes\batik-gui-util.jar;F:/Xilinx/Vivado/2019.2\lib\classes\batik-gvt.jar;F:/Xilinx/Vivado/2019.2\lib\classes\batik-parser.jar;F:/Xilinx/Vivado/2019.2\lib\classes\batik-script.jar;F:/Xilinx/Vivado/2019.2\lib\classes\batik-svg-dom.jar;F:/Xilinx/Vivado/2019.2\lib\classes\batik-swing.jar;F:/Xilinx/Vivado/2019.2\lib\classes\batik-transcoder.jar;F:/Xilinx/Vivado/2019.2\lib\classes\batik-util.jar;F:/Xilinx/Vivado/2019.2\lib\classes\batik-xml.jar;F:/Xilinx/Vivado/2019.2\lib\classes\com.google.gson_2.7.0.v20170129-0911.jar;F:/Xilinx/Vivado/2019.2\lib\classes\com.google.guava_21.0.0.v20170206-1425.jar;F:/Xilinx/Vivado/2019.2\lib\classes\com.ibm.icu_4.4.2.v20110208.jar;F:/Xilinx/Vivado/2019.2\lib\classes\com.sigasi.hdt.connection_4.5.0.201909241521.jar;F:/Xilinx/Vivado/2019.2\lib\classes\com.sigasi.hdt.epl_4.5.0.201909241521.jar;F:/Xilinx/Vivado/2019.2\lib\classes\com.sigasi.hdt.project_4.5.0.201909241521.jar;F:/Xilinx/Vivado/2019.2\lib\classes\com.sigasi.hdt.readonlyfilesystem_4.5.0.201909241521.jar;F:/Xilinx/Vivado/2019.2\lib\classes\com.sigasi.lcm_4.5.0.201909241521.jar;F:/Xilinx/Vivado/2019.2\lib\classes\com.sigasi.sdk.client_4.5.0.201909241521.jar;F:/Xilinx/Vivado
Launcher Type: generic

Logging:
Log output configuration:
#0: stdout all=warning uptime,level,tags
#1: stderr all=off uptime,level,tags

Environment Variables:
JAVA_HOME=F:\SpinalHDL\jdk-19
PATH=F:/Xilinx/Vivado/2019.2\gnuwin\bin;F:/Xilinx/Vivado/2019.2\gnu\microblaze\nt\bin;F:/Xilinx/Vivado/2019.2/bin;F:/Xilinx/Vivado/2019.2/lib/win64.o;F:/Xilinx/Vivado/2019.2/tps/win64/jre9.0.4/bin/server;F:/Xilinx/Vivado/2019.2/tps/win64/jre9.0.4/bin;F:/Xilinx/Vitis/2019.2/bin;F:/Xilinx/Vivado/2019.2/ids_lite/ISE/bin/nt64;F:/Xilinx/Vivado/2019.2/ids_lite/ISE/lib/nt64;C:\Program Files\Common Files\Oracle\Java\javapath;F:\VMware\VMware Workstation\bin\;C:\Windows\system32;C:\Windows;C:\Windows\System32\Wbem;C:\Windows\System32\WindowsPowerShell\v1.0\;C:\Windows\System32\OpenSSH\;F:\MATLAB\R2021a\bin;F:\Captura\ffmpeg\bin;F:\Git\cmd;F:\SpinalHDL\sbt\bin;F:\SpinalHDL\sbt_1.8.0\bin;F:\SpinalHDL\jdk-19\bin;F:\SpinalHDL\jdk-19\jre\bin;F:\Python\Python311\Scripts\;F:\Python\Python311\;C:\Users\Yuhan He\AppData\Local\Microsoft\WindowsApps;C:\Users\Yuhan He\AppData\Local\Programs\Microsoft VS Code\bin;F:\texlive\2021\bin\win32;F:\Modelsim\win64;F:\Bandizip\;F:\msys64\usr\bin;F:\msys64\mingw64\bin;F:\IntelliJ IDEA 2022.1.3\bin;;F:/Xilinx/Vivado/2019.2\tps\mingw\6.2.0\win64.o\nt\bin;F:/Xilinx/Vivado/2019.2\tps\mingw\6.2.0\win64.o\nt\libexec\gcc\x86_64-w64-mingw32\6.2.0;F:/Xilinx/Vivado/2019.2\tps\win64\python-2.7.5;F:/Xilinx/Vivado/2019.2\tps\win64\python-2.7.5\bin;F:/Xilinx/Vivado/2019.2\tps\win64\python-2.7.5\lib;F:/Xilinx/Vivado/2019.2\tps\win64\python-2.7.5\Lib\lib-tk;F:/Xilinx/Vivado/2019.2\tps\win64\python-2.7.5\lib\site-packages
USERNAME=Yuhan He
OS=Windows_NT
PROCESSOR_IDENTIFIER=Intel64 Family 6 Model 94 Stepping 3, GenuineIntel



---------------  S Y S T E M  ---------------

OS: Windows 10 , 64 bit Build 19041 (10.0.19041.1889)

CPU:total 8 (initial active 8) (4 cores per cpu, 2 threads per core) family 6 model 94 stepping 3, cmov, cx8, fxsr, mmx, sse, sse2, sse3, ssse3, sse4.1, sse4.2, popcnt, avx, avx2, aes, clmul, erms, rtm, 3dnowpref, lzcnt, ht, tsc, tscinvbit, bmi1, bmi2, adx, fma

Memory: 4k page, physical 33441912k(20644984k free), swap 38422648k(19855840k free)

vm_info: Java HotSpot(TM) 64-Bit Server VM (9.0.4+11) for windows-amd64 JRE (9.0.4+11), built on Dec 20 2017 02:18:54 by "mach5one" with MS VC++ 12.0 (VS2013)

END.
