#
# A fatal error has been detected by the Java Runtime Environment:
#
#  EXCEPTION_ACCESS_VIOLATION (0xc0000005) at pc=0x00007ffe2f70ed95, pid=8072, tid=6416
#
# JRE version: Java(TM) SE Runtime Environment (9.0+11) (build 9.0.4+11)
# Java VM: Java HotSpot(TM) 64-Bit Server VM (9.0.4+11, mixed mode, tiered, compressed oops, g1 gc, windows-amd64)
# Problematic frame:
# C  [librdi_common.dll+0x17ed95]
#
# No core dump will be written. Minidumps are not enabled by default on client versions of Windows
#
# If you would like to submit a bug report, please visit:
#   http://bugreport.java.com/bugreport/crash.jsp
# The crash happened outside the Java Virtual Machine in native code.
# See problematic frame for where to report the bug.
#

---------------  S U M M A R Y ------------

Command Line: -Dsun.java2d.pmoffscreen=false -Dsun.java2d.xrender=false -Dsun.java2d.d3d=false -Dsun.awt.nopixfmt=true -Dsun.java2d.dpiaware=true -Dsun.java2d.uiScale.enabled=false -Xverify:none -Dswing.aatext=true -XX:-UsePerfData -Djdk.map.althashing.threshold=512 -XX:StringTableSize=4072 --add-opens=java.base/java.nio=ALL-UNNAMED --add-opens=java.desktop/sun.swing=ALL-UNNAMED --add-opens=java.desktop/javax.swing=ALL-UNNAMED --add-opens=java.desktop/javax.swing.tree=ALL-UNNAMED --add-opens=java.desktop/javax.swing.plaf.basic=ALL-UNNAMED --add-opens=java.desktop/javax.swing.plaf.synth=ALL-UNNAMED --add-opens=java.desktop/com.sun.awt=ALL-UNNAMED -XX:NewSize=60m -XX:MaxNewSize=60m -Xms128m -Xmx3072m -Xss5m 

Host: Intel(R) Core(TM) i7-6700 CPU @ 3.40GHz, 8 cores, 31G,  Windows 10 , 64 bit Build 19041 (10.0.19041.1889)
Time: Sun Dec 25 11:49:18 2022 ?D1¨²¡À¨º¡Á?¨º¡À?? elapsed time: 1943 seconds (0d 0h 32m 23s)

---------------  T H R E A D  ---------------

Current thread (0x00000169de05a800):  JavaThread "AWT-EventQueue-1" [_thread_in_native, id=6416, stack(0x0000005197400000,0x0000005197900000)]

Stack: [0x0000005197400000,0x0000005197900000],  sp=0x00000051978fae50,  free space=5099k
Native frames: (J=compiled Java code, j=interpreted, Vv=VM code, C=native code)
C  [librdi_common.dll+0x17ed95]
C  [librdi_common.dll+0x173b75]
C  [librdi_common.dll+0x13cd4a]
C  [librdi_wavedata.dll+0x1e21df]
C  [librdi_wavedata.dll+0x2621ef]
C  [librdi_wavedata.dll+0x269f09]
C  [librdi_wavedata.dll+0x23a6cb]
C  [librdi_wavedata.dll+0x276e97]
C  0x00000169cb0d353a

Java frames: (J=compiled Java code, j=interpreted, Vv=VM code)
J 14744  ui.views.waveform.waveformi.WVExecutive_getTooltipTextDelayed(J)Ljava/lang/String; (0 bytes) @ 0x00000169cb0d34a1 [0x00000169cb0d3460+0x0000000000000041]
J 14739 c1 ui.views.waveform.b.a.bJ(Ljava/awt/event/MouseEvent;)V (135 bytes) @ 0x00000169c3b9eba4 [0x00000169c3b9e500+0x00000000000006a4]
J 14751 c1 ui.views.waveform.b.a.mouseMoved(Ljava/awt/event/MouseEvent;)V (32 bytes) @ 0x00000169c3b9254c [0x00000169c3b92020+0x000000000000052c]
J 17733 c2 java.awt.AWTEventMulticaster.mouseMoved(Ljava/awt/event/MouseEvent;)V java.desktop@9.0.4 (27 bytes) @ 0x00000169cb02cbf4 [0x00000169cb02cb40+0x00000000000000b4]
J 18661 c2 ui.frmwork.c.i.processMouseMotionEvent(Ljava/awt/event/MouseEvent;)V (131 bytes) @ 0x00000169cbee9d2c [0x00000169cbee99c0+0x000000000000036c]
J 13266 c2 java.awt.Container.processEvent(Ljava/awt/AWTEvent;)V java.desktop@9.0.4 (22 bytes) @ 0x00000169cb35ce98 [0x00000169cb35cd20+0x0000000000000178]
J 18953 c2 java.awt.Component.dispatchEventImpl(Ljava/awt/AWTEvent;)V java.desktop@9.0.4 (739 bytes) @ 0x00000169cbfdf7e4 [0x00000169cbfde940+0x0000000000000ea4]
J 18016 c2 java.awt.Container.dispatchEventImpl(Ljava/awt/AWTEvent;)V java.desktop@9.0.4 (129 bytes) @ 0x00000169cb7e3338 [0x00000169cb7e32e0+0x0000000000000058]
J 18126 c2 java.awt.LightweightDispatcher.retargetMouseEvent(Ljava/awt/Component;ILjava/awt/event/MouseEvent;)V java.desktop@9.0.4 (350 bytes) @ 0x00000169cb96b978 [0x00000169cb96b3a0+0x00000000000005d8]
J 18016 c2 java.awt.Container.dispatchEventImpl(Ljava/awt/AWTEvent;)V java.desktop@9.0.4 (129 bytes) @ 0x00000169cb7e3c10 [0x00000169cb7e32e0+0x0000000000000930]
J 18055 c2 java.awt.Window.dispatchEventImpl(Ljava/awt/AWTEvent;)V java.desktop@9.0.4 (23 bytes) @ 0x00000169cb6b270c [0x00000169cb6b26c0+0x000000000000004c]
J 14949 c2 java.awt.EventQueue$3.run()Ljava/lang/Object; java.desktop@9.0.4 (5 bytes) @ 0x00000169cb46797c [0x00000169cb467380+0x00000000000005fc]
v  ~StubRoutines::call_stub
J 4226  java.security.AccessController.doPrivileged(Ljava/security/PrivilegedAction;Ljava/security/AccessControlContext;)Ljava/lang/Object; java.base@9.0.4 (0 bytes) @ 0x00000169cb1eca46 [0x00000169cb1ec9e0+0x0000000000000066]
J 17812 c2 java.awt.EventQueue$4.run()Ljava/lang/Object; java.desktop@9.0.4 (5 bytes) @ 0x00000169cb10d3c0 [0x00000169cb10d160+0x0000000000000260]
v  ~StubRoutines::call_stub
J 4226  java.security.AccessController.doPrivileged(Ljava/security/PrivilegedAction;Ljava/security/AccessControlContext;)Ljava/lang/Object; java.base@9.0.4 (0 bytes) @ 0x00000169cb1eca46 [0x00000169cb1ec9e0+0x0000000000000066]
J 14930 c2 ui.frmwork.b.d.dispatchEvent(Ljava/awt/AWTEvent;)V (34 bytes) @ 0x00000169cb3ec528 [0x00000169cb3ec100+0x0000000000000428]
J 18059 c2 java.awt.EventDispatchThread.pumpOneEventForFilters(I)V java.desktop@9.0.4 (218 bytes) @ 0x00000169cb9048c8 [0x00000169cb9045a0+0x0000000000000328]
J 18060% c1 java.awt.EventDispatchThread.pumpEventsForFilter(ILjava/awt/Conditional;Ljava/awt/EventFilter;)V java.desktop@9.0.4 (47 bytes) @ 0x00000169c3da52e4 [0x00000169c3da4fa0+0x0000000000000344]
j  java.awt.EventDispatchThread.pumpEventsForHierarchy(ILjava/awt/Conditional;Ljava/awt/Component;)V+11 java.desktop@9.0.4
j  java.awt.EventDispatchThread.pumpEvents(ILjava/awt/Conditional;)V+4 java.desktop@9.0.4
j  java.awt.EventDispatchThread.pumpEvents(Ljava/awt/Conditional;)V+3 java.desktop@9.0.4
j  java.awt.EventDispatchThread.run()V+9 java.desktop@9.0.4
v  ~StubRoutines::call_stub

siginfo: EXCEPTION_ACCESS_VIOLATION (0xc0000005), reading address 0xffffffffffffffff


Register to memory mapping:

RIP=0x00007ffe2f70ed95 librdi_common.dll
RAX=0x00000169afbeeb01 is an unknown value
RBX=0x88053d69e6313235 is an unknown value
RCX=0x00000169afbeeb00 is an unknown value
RDX=0x88053d69e6313235 is an unknown value
RSP=0x00000051978fae50 is pointing into the stack for thread: 0x00000169de05a800
RBP=0x00000051978faf80 is pointing into the stack for thread: 0x00000169de05a800
RSI=0x00000169e09fb8c0 is an unknown value
RDI=0x00000051978fb068 is pointing into the stack for thread: 0x00000169de05a800
R8 =0x00000051978fb068 is pointing into the stack for thread: 0x00000169de05a800
R9 =0x0000000000000000 is an unknown value
R10=0x00007ffe50880000 VCRUNTIME140.dll
R11=0x0800000002400c00 is an unknown value
R12=0x00000051978fb068 is pointing into the stack for thread: 0x00000169de05a800
R13=0x0000000000000000 is an unknown value
R14=0x00000169adfc2f10 is an unknown value
R15=0x88053d69e6313235 is an unknown value


Registers:
RAX=0x00000169afbeeb01, RBX=0x88053d69e6313235, RCX=0x00000169afbeeb00, RDX=0x88053d69e6313235
RSP=0x00000051978fae50, RBP=0x00000051978faf80, RSI=0x00000169e09fb8c0, RDI=0x00000051978fb068
R8 =0x00000051978fb068, R9 =0x0000000000000000, R10=0x00007ffe50880000, R11=0x0800000002400c00
R12=0x00000051978fb068, R13=0x0000000000000000, R14=0x00000169adfc2f10, R15=0x88053d69e6313235
RIP=0x00007ffe2f70ed95, EFLAGS=0x0000000000010202

Top of Stack: (sp=0x00000051978fae50)
0x00000051978fae50:   00000051978fb200 00007ffe4e1b2cf7
0x00000051978fae60:   0000005100000000 88053d69e6313235
0x00000051978fae70:   88053d69e6313235 00007ffe2f703b75
0x00000051978fae80:   000000000001d61e 00007ffe4e1b2f5f
0x00000051978fae90:   0000d8d8d6df3305 0000000000000000
0x00000051978faea0:   00000169eef54900 00000169e0b09130
0x00000051978faeb0:   0000000000000002 00007ffe2f76c825
0x00000051978faec0:   00000169de76e3e0 00000169e0b09138
0x00000051978faed0:   00000169e0b09178 00000169e0b09130
0x00000051978faee0:   fffffffffffffffe 00007ffe2fd28aad
0x00000051978faef0:   fffffffffffffffe 00007ffe3041dbc0
0x00000051978faf00:   00000169e0b09130 00000169ae0118e8
0x00000051978faf10:   00000051978fb068 00007ffe2f76bb16
0x00000051978faf20:   00000169e0b09130 00000051978fb068
0x00000051978faf30:   0000016900000002 0000000000000000
0x00000051978faf40:   fffffffffffffffe 000000000000000f 

Instructions: (pc=0x00007ffe2f70ed95)
0x00007ffe2f70ed75:   20 48 8b d9 e8 22 c4 04 00 48 8b c8 48 8b d3 e8
0x00007ffe2f70ed85:   27 0d 05 00 84 c0 75 08 33 c0 48 83 c4 20 5b c3
0x00007ffe2f70ed95:   48 8b 4b 50 48 85 c9 74 0a 48 83 c4 20 5b e9 68
0x00007ffe2f70eda5:   e2 04 00 48 8b d3 48 8d 0d 66 ce 78 00 e8 59 b7 



---------------  P R O C E S S  ---------------

Java Threads: ( => current thread )
  0x00000169e1d11800 JavaThread "Relaunch Simulation Thread" [_thread_blocked, id=18216, stack(0x000000519a900000,0x000000519ae00000)]
  0x00000169b8b82000 JavaThread "Image Animator 0" daemon [_thread_blocked, id=9748, stack(0x000000519c200000,0x000000519c700000)]
  0x00000169e1d15000 JavaThread "Thread-428" [_thread_in_native, id=4504, stack(0x0000005197c00000,0x0000005197d00000)]
  0x00000169e1d12000 JavaThread "SyntheticaAnimation 50" daemon [_thread_blocked, id=16452, stack(0x0000005196500000,0x0000005196a00000)]
  0x00000169e1d18000 JavaThread "Update Runs Swing Worker Thread" [_thread_blocked, id=3032, stack(0x000000519ae00000,0x000000519b300000)]
  0x00000169e1d16800 JavaThread "hw_ila_monitor" [_thread_blocked, id=16084, stack(0x000000519a400000,0x000000519a900000)]
  0x00000169b8b85000 JavaThread "Refresh Filesets Swing Worker Thread" [_thread_blocked, id=18044, stack(0x0000005199f00000,0x000000519a400000)]
  0x00000169b8b83800 JavaThread "SyntheticaAnimation 70" daemon [_thread_blocked, id=3292, stack(0x0000005199a00000,0x0000005199f00000)]
  0x00000169b8b80800 JavaThread "SyntheticaAnimation 25" daemon [_thread_blocked, id=13452, stack(0x0000005199000000,0x0000005199500000)]
  0x00000169b8b87000 JavaThread "SyntheticaAnimation 50" daemon [_thread_blocked, id=11164, stack(0x0000005198b00000,0x0000005199000000)]
  0x00000169b8b84000 JavaThread "Monitor HEventQueue Thread" [_thread_blocked, id=4472, stack(0x0000005198600000,0x0000005198b00000)]
  0x00000169b8b82800 JavaThread "SyntheticaCleanerThread" daemon [_thread_blocked, id=7392, stack(0x0000005197e00000,0x0000005198300000)]
  0x00000169b8b85800 JavaThread "Batik CleanerThread" daemon [_thread_blocked, id=14724, stack(0x0000005196a00000,0x0000005196f00000)]
=>0x00000169de05a800 JavaThread "AWT-EventQueue-1" [_thread_in_native, id=6416, stack(0x0000005197400000,0x0000005197900000)]
  0x00000169bc636800 JavaThread "Process Messages Thread" [_thread_blocked, id=15540, stack(0x0000005196f00000,0x0000005197400000)]
  0x00000169ddfb9800 JavaThread "Thread-1" [_thread_in_native, id=17148, stack(0x000000518fd00000,0x0000005191100000)]
  0x00000169ddfba800 JavaThread "TimerQueue" daemon [_thread_blocked, id=16796, stack(0x0000005196000000,0x0000005196500000)]
  0x00000169b398a800 JavaThread "AWT-Windows" daemon [_thread_in_native, id=17800, stack(0x0000005195b00000,0x0000005196000000)]
  0x00000169bbd01000 JavaThread "AWT-Shutdown" [_thread_blocked, id=16336, stack(0x0000005195600000,0x0000005195b00000)]
  0x00000169bbdb5800 JavaThread "Java2D Disposer" daemon [_thread_blocked, id=14464, stack(0x0000005195100000,0x0000005195600000)]
  0x00000169b3bad000 JavaThread "Service Thread" daemon [_thread_blocked, id=536, stack(0x0000005194b00000,0x0000005195000000)]
  0x00000169bb239000 JavaThread "Common-Cleaner" daemon [_thread_blocked, id=16432, stack(0x0000005194600000,0x0000005194b00000)]
  0x00000169b8b81000 JavaThread "Sweeper thread" daemon [_thread_blocked, id=14688, stack(0x0000005194100000,0x0000005194600000)]
  0x00000169bad3c000 JavaThread "C1 CompilerThread3" daemon [_thread_blocked, id=18064, stack(0x0000005194000000,0x0000005194100000)]
  0x00000169bad3b800 JavaThread "C2 CompilerThread2" daemon [_thread_blocked, id=11896, stack(0x0000005193f00000,0x0000005194000000)]
  0x00000169b692d800 JavaThread "C2 CompilerThread1" daemon [_thread_blocked, id=17916, stack(0x0000005193e00000,0x0000005193f00000)]
  0x00000169b6679000 JavaThread "C2 CompilerThread0" daemon [_thread_blocked, id=16040, stack(0x0000005193d00000,0x0000005193e00000)]
  0x00000169b6678800 JavaThread "Attach Listener" daemon [_thread_blocked, id=11240, stack(0x0000005193800000,0x0000005193d00000)]
  0x00000169b8a9f000 JavaThread "Signal Dispatcher" daemon [_thread_blocked, id=9584, stack(0x0000005193300000,0x0000005193800000)]
  0x00000169b85ab800 JavaThread "Finalizer" daemon [_thread_blocked, id=17548, stack(0x0000005192e00000,0x0000005193300000)]
  0x00000169b85aa800 JavaThread "Reference Handler" daemon [_thread_blocked, id=14680, stack(0x0000005192900000,0x0000005192e00000)]
  0x00000169b9228800 JavaThread "main" [_thread_blocked, id=9492, stack(0x000000518fc00000,0x000000518fd00000)]

Other Threads:
  0x00000169bb055000 VMThread "VM Thread" [stack: 0x0000005192800000,0x0000005192900000] [id=12688]
  0x00000169b39ef800 WatcherThread [stack: 0x0000005195000000,0x0000005195100000] [id=16972]
  0x00000169b39f0800 GCTaskThread "GC Thread#0" [stack: 0x0000005191400000,0x0000005191500000] [id=17440]
  0x00000169b39f1000 GCTaskThread "GC Thread#1" [stack: 0x0000005191500000,0x0000005191600000] [id=15072]
  0x00000169b39f2000 GCTaskThread "GC Thread#2" [stack: 0x0000005191600000,0x0000005191700000] [id=10996]
  0x00000169b39f3800 GCTaskThread "GC Thread#3" [stack: 0x0000005191700000,0x0000005191800000] [id=16964]
  0x00000169b39f4800 GCTaskThread "GC Thread#4" [stack: 0x0000005191800000,0x0000005191900000] [id=8044]
  0x00000169b39f5000 GCTaskThread "GC Thread#5" [stack: 0x0000005191900000,0x0000005191a00000] [id=10260]
  0x00000169b39f0000 GCTaskThread "GC Thread#6" [stack: 0x0000005191a00000,0x0000005191b00000] [id=7632]
  0x00000169b39f2800 GCTaskThread "GC Thread#7" [stack: 0x0000005191b00000,0x0000005191c00000] [id=8732]
  0x00000169b3b5d800 ConcurrentGCThread "G1 Main Marker" [stack: 0x0000005192500000,0x0000005192600000] [id=14556]
  0x00000169b39f5800 ConcurrentGCThread "G1 Marker#0" [stack: 0x0000005192600000,0x0000005192700000] [id=17908]
  0x00000169b39f6000 ConcurrentGCThread "G1 Marker#1" [stack: 0x0000005192700000,0x0000005192800000] [id=10836]
  0x00000169b9c3b000 ConcurrentGCThread "G1 Refine#0" [stack: 0x0000005192300000,0x0000005192400000] [id=7008]
  0x00000169b3b6d800 ConcurrentGCThread "G1 Refine#1" [stack: 0x0000005192200000,0x0000005192300000] [id=16584]
  0x00000169b9251800 ConcurrentGCThread "G1 Refine#2" [stack: 0x0000005192100000,0x0000005192200000] [id=9428]
  0x00000169b9251000 ConcurrentGCThread "G1 Refine#3" [stack: 0x0000005192000000,0x0000005192100000] [id=3968]
  0x00000169ba106800 ConcurrentGCThread "G1 Refine#4" [stack: 0x0000005191f00000,0x0000005192000000] [id=10284]
  0x00000169ba105800 ConcurrentGCThread "G1 Refine#5" [stack: 0x0000005191e00000,0x0000005191f00000] [id=7816]
  0x00000169bb255800 ConcurrentGCThread "G1 Refine#6" [stack: 0x0000005191d00000,0x0000005191e00000] [id=17568]
  0x00000169bb255000 ConcurrentGCThread "G1 Refine#7" [stack: 0x0000005191c00000,0x0000005191d00000] [id=13256]
  0x00000169b9c3b800 ConcurrentGCThread "G1 Young RemSet Sampling" [stack: 0x0000005192400000,0x0000005192500000] [id=16932]

Threads with active compile tasks:

VM state:not at safepoint (normal execution)

VM Mutex/Monitor currently owned by a thread: None

Heap address: 0x0000000700000000, size: 3072 MB, Compressed Oops mode: Zero based, Oop shift amount: 3
Narrow klass base: 0x0000000000000000, Narrow klass shift: 3
Compressed class space size: 1073741824 Address: 0x00000007c0000000

Heap:
 garbage-first heap   total 205824K, used 118793K [0x0000000700000000, 0x0000000700100648, 0x00000007c0000000)
  region size 1024K, 47 young (48128K), 1 survivors (1024K)
 Metaspace       used 79805K, capacity 85067K, committed 85296K, reserved 1122304K
  class space    used 10883K, capacity 11816K, committed 11824K, reserved 1048576K
Heap Regions: E=young(eden), S=young(survivor), O=old, HS=humongous(starts), HC=humongous(continues), CS=collection set, F=free, A=archive, TS=gc time stamp, AC=allocation context, TAMS=top-at-mark-start (previous, next)
|   0|0x0000000700000000, 0x00000007000ff620, 0x0000000700100000| 99%| O|  |TS  0|AC  0|TAMS 0x0000000700000000, 0x0000000700000000|
|   1|0x0000000700100000, 0x00000007001ffef8, 0x0000000700200000| 99%| O|  |TS  0|AC  0|TAMS 0x0000000700100000, 0x0000000700100000|
|   2|0x0000000700200000, 0x00000007002e5538, 0x0000000700300000| 89%| O|  |TS  0|AC  0|TAMS 0x0000000700200000, 0x0000000700200000|
|   3|0x0000000700300000, 0x00000007003e1e18, 0x0000000700400000| 88%| O|  |TS  0|AC  0|TAMS 0x0000000700300000, 0x0000000700300000|
|   4|0x0000000700400000, 0x0000000700500000, 0x0000000700500000|100%|HS|  |TS  0|AC  0|TAMS 0x0000000700400000, 0x0000000700400000|
|   5|0x0000000700500000, 0x0000000700600000, 0x0000000700600000|100%|HC|  |TS  0|AC  0|TAMS 0x0000000700500000, 0x0000000700500000|
|   6|0x0000000700600000, 0x0000000700700000, 0x0000000700700000|100%|HS|  |TS  0|AC  0|TAMS 0x0000000700600000, 0x0000000700600000|
|   7|0x0000000700700000, 0x00000007007fc660, 0x0000000700800000| 98%| O|  |TS  0|AC  0|TAMS 0x0000000700700000, 0x0000000700700000|
|   8|0x0000000700800000, 0x00000007008ff038, 0x0000000700900000| 99%| O|  |TS  0|AC  0|TAMS 0x0000000700800000, 0x0000000700800000|
|   9|0x0000000700900000, 0x00000007009ffff8, 0x0000000700a00000| 99%| O|  |TS  0|AC  0|TAMS 0x0000000700900000, 0x0000000700900000|
|  10|0x0000000700a00000, 0x0000000700affff8, 0x0000000700b00000| 99%| O|  |TS  0|AC  0|TAMS 0x0000000700a00000, 0x0000000700a00000|
|  11|0x0000000700b00000, 0x0000000700bfffd0, 0x0000000700c00000| 99%| O|  |TS  0|AC  0|TAMS 0x0000000700b00000, 0x0000000700b00000|
|  12|0x0000000700c00000, 0x0000000700cfffc0, 0x0000000700d00000| 99%| O|  |TS  0|AC  0|TAMS 0x0000000700c00000, 0x0000000700c00000|
|  13|0x0000000700d00000, 0x0000000700e00000, 0x0000000700e00000|100%| O|  |TS  0|AC  0|TAMS 0x0000000700d00000, 0x0000000700d00000|
|  14|0x0000000700e00000, 0x0000000700effff8, 0x0000000700f00000| 99%| O|  |TS  0|AC  0|TAMS 0x0000000700e00000, 0x0000000700e00000|
|  15|0x0000000700f00000, 0x0000000700fffad8, 0x0000000701000000| 99%| O|  |TS  0|AC  0|TAMS 0x0000000700f00000, 0x0000000700f00000|
|  16|0x0000000701000000, 0x00000007010fde30, 0x0000000701100000| 99%| O|  |TS  0|AC  0|TAMS 0x0000000701000000, 0x0000000701000000|
|  17|0x0000000701100000, 0x00000007011ffff0, 0x0000000701200000| 99%| O|  |TS  0|AC  0|TAMS 0x0000000701100000, 0x0000000701100000|
|  18|0x0000000701200000, 0x00000007012fff70, 0x0000000701300000| 99%| O|  |TS  0|AC  0|TAMS 0x0000000701200000, 0x0000000701200000|
|  19|0x0000000701300000, 0x0000000701400000, 0x0000000701400000|100%| O|  |TS  0|AC  0|TAMS 0x0000000701300000, 0x0000000701300000|
|  20|0x0000000701400000, 0x00000007014ffff8, 0x0000000701500000| 99%| O|  |TS  0|AC  0|TAMS 0x0000000701400000, 0x0000000701400000|
|  21|0x0000000701500000, 0x00000007015fff58, 0x0000000701600000| 99%| O|  |TS  0|AC  0|TAMS 0x0000000701500000, 0x0000000701500000|
|  22|0x0000000701600000, 0x00000007016c8cd0, 0x0000000701700000| 78%| O|  |TS  0|AC  0|TAMS 0x0000000701600000, 0x0000000701600000|
|  23|0x0000000701700000, 0x00000007017fffe8, 0x0000000701800000| 99%| O|  |TS  0|AC  0|TAMS 0x0000000701700000, 0x0000000701700000|
|  24|0x0000000701800000, 0x00000007018ffff0, 0x0000000701900000| 99%| O|  |TS  0|AC  0|TAMS 0x0000000701800000, 0x0000000701800000|
|  25|0x0000000701900000, 0x00000007019fd620, 0x0000000701a00000| 98%| O|  |TS  0|AC  0|TAMS 0x0000000701900000, 0x0000000701900000|
|  26|0x0000000701a00000, 0x0000000701affff0, 0x0000000701b00000| 99%| O|  |TS  0|AC  0|TAMS 0x0000000701a00000, 0x0000000701a00000|
|  27|0x0000000701b00000, 0x0000000701bfffd0, 0x0000000701c00000| 99%| O|  |TS  0|AC  0|TAMS 0x0000000701b00000, 0x0000000701b00000|
|  28|0x0000000701c00000, 0x0000000701cffff0, 0x0000000701d00000| 99%| O|  |TS  0|AC  0|TAMS 0x0000000701c00000, 0x0000000701c00000|
|  29|0x0000000701d00000, 0x0000000701dffff0, 0x0000000701e00000| 99%| O|  |TS  0|AC  0|TAMS 0x0000000701d00000, 0x0000000701d00000|
|  30|0x0000000701e00000, 0x0000000701efffe0, 0x0000000701f00000| 99%| O|  |TS  0|AC  0|TAMS 0x0000000701e00000, 0x0000000701e00000|
|  31|0x0000000701f00000, 0x0000000701ffffe8, 0x0000000702000000| 99%| O|  |TS  0|AC  0|TAMS 0x0000000701f00000, 0x0000000701f00000|
|  32|0x0000000702000000, 0x00000007020fffe0, 0x0000000702100000| 99%| O|  |TS  0|AC  0|TAMS 0x0000000702000000, 0x0000000702000000|
|  33|0x0000000702100000, 0x00000007021fffd0, 0x0000000702200000| 99%| O|  |TS  0|AC  0|TAMS 0x0000000702100000, 0x0000000702100000|
|  34|0x0000000702200000, 0x0000000702300000, 0x0000000702300000|100%| O|  |TS  0|AC  0|TAMS 0x0000000702200000, 0x0000000702200000|
|  35|0x0000000702300000, 0x00000007023ffff8, 0x0000000702400000| 99%| O|  |TS  0|AC  0|TAMS 0x0000000702300000, 0x0000000702300000|
|  36|0x0000000702400000, 0x0000000702500000, 0x0000000702500000|100%| O|  |TS  0|AC  0|TAMS 0x0000000702400000, 0x0000000702400000|
|  37|0x0000000702500000, 0x00000007025fffe8, 0x0000000702600000| 99%| O|  |TS  0|AC  0|TAMS 0x0000000702500000, 0x0000000702500000|
|  38|0x0000000702600000, 0x00000007026ffff0, 0x0000000702700000| 99%| O|  |TS  0|AC  0|TAMS 0x0000000702600000, 0x0000000702600000|
|  39|0x0000000702700000, 0x00000007027fffb0, 0x0000000702800000| 99%| O|  |TS  0|AC  0|TAMS 0x0000000702700000, 0x0000000702700000|
|  40|0x0000000702800000, 0x00000007028fffd0, 0x0000000702900000| 99%| O|  |TS  0|AC  0|TAMS 0x0000000702800000, 0x0000000702800000|
|  41|0x0000000702900000, 0x00000007029c8480, 0x0000000702a00000| 78%| O|  |TS  0|AC  0|TAMS 0x0000000702900000, 0x0000000702900000|
|  42|0x0000000702a00000, 0x0000000702b00000, 0x0000000702b00000|100%|HS|  |TS  0|AC  0|TAMS 0x0000000702a00000, 0x0000000702a00000|
|  43|0x0000000702b00000, 0x0000000702c00000, 0x0000000702c00000|100%|HC|  |TS  0|AC  0|TAMS 0x0000000702b00000, 0x0000000702b00000|
|  44|0x0000000702c00000, 0x0000000702d00000, 0x0000000702d00000|100%|HC|  |TS  0|AC  0|TAMS 0x0000000702c00000, 0x0000000702c00000|
|  45|0x0000000702d00000, 0x0000000702e00000, 0x0000000702e00000|100%|HC|  |TS  0|AC  0|TAMS 0x0000000702d00000, 0x0000000702d00000|
|  46|0x0000000702e00000, 0x0000000702f00000, 0x0000000702f00000|100%|HC|  |TS  0|AC  0|TAMS 0x0000000702e00000, 0x0000000702e00000|
|  47|0x0000000702f00000, 0x0000000703000000, 0x0000000703000000|100%|HC|  |TS  0|AC  0|TAMS 0x0000000702f00000, 0x0000000702f00000|
|  48|0x0000000703000000, 0x0000000703100000, 0x0000000703100000|100%|HC|  |TS  0|AC  0|TAMS 0x0000000703000000, 0x0000000703000000|
|  49|0x0000000703100000, 0x0000000703200000, 0x0000000703200000|100%|HC|  |TS  0|AC  0|TAMS 0x0000000703100000, 0x0000000703100000|
|  50|0x0000000703200000, 0x00000007032ff8f0, 0x0000000703300000| 99%| O|  |TS  0|AC  0|TAMS 0x0000000703200000, 0x0000000703200000|
|  51|0x0000000703300000, 0x00000007033ffff0, 0x0000000703400000| 99%| O|  |TS  0|AC  0|TAMS 0x0000000703300000, 0x0000000703300000|
|  52|0x0000000703400000, 0x00000007034ffff0, 0x0000000703500000| 99%| O|  |TS  0|AC  0|TAMS 0x0000000703400000, 0x0000000703400000|
|  53|0x0000000703500000, 0x00000007035ffe00, 0x0000000703600000| 99%| O|  |TS  0|AC  0|TAMS 0x0000000703500000, 0x0000000703500000|
|  54|0x0000000703600000, 0x00000007036fffe8, 0x0000000703700000| 99%| O|  |TS  0|AC  0|TAMS 0x0000000703600000, 0x0000000703600000|
|  55|0x0000000703700000, 0x00000007037ffff0, 0x0000000703800000| 99%| O|  |TS  0|AC  0|TAMS 0x0000000703700000, 0x0000000703700000|
|  56|0x0000000703800000, 0x0000000703900000, 0x0000000703900000|100%| O|  |TS  0|AC  0|TAMS 0x0000000703800000, 0x0000000703800000|
|  57|0x0000000703900000, 0x00000007039fdc50, 0x0000000703a00000| 99%| O|  |TS  0|AC  0|TAMS 0x0000000703900000, 0x0000000703900000|
|  58|0x0000000703a00000, 0x0000000703affff8, 0x0000000703b00000| 99%| O|  |TS  0|AC  0|TAMS 0x0000000703a00000, 0x0000000703a00000|
|  59|0x0000000703b00000, 0x0000000703c00000, 0x0000000703c00000|100%| O|  |TS  0|AC  0|TAMS 0x0000000703b00000, 0x0000000703b00000|
|  60|0x0000000703c00000, 0x0000000703cd7838, 0x0000000703d00000| 84%| O|  |TS  0|AC  0|TAMS 0x0000000703c00000, 0x0000000703c00000|
|  61|0x0000000703d00000, 0x0000000703d00000, 0x0000000703e00000|  0%| F|  |TS  0|AC  0|TAMS 0x0000000703d00000, 0x0000000703d00000|
|  62|0x0000000703e00000, 0x0000000703f00000, 0x0000000703f00000|100%|HS|  |TS  0|AC  0|TAMS 0x0000000703e00000, 0x0000000703e00000|
|  63|0x0000000703f00000, 0x0000000704000000, 0x0000000704000000|100%|HC|  |TS  0|AC  0|TAMS 0x0000000703f00000, 0x0000000703f00000|
|  64|0x0000000704000000, 0x0000000704000000, 0x0000000704100000|  0%| F|  |TS  0|AC  0|TAMS 0x0000000704000000, 0x0000000704000000|
|  65|0x0000000704100000, 0x0000000704100000, 0x0000000704200000|  0%| F|  |TS  0|AC  0|TAMS 0x0000000704100000, 0x0000000704100000|
|  66|0x0000000704200000, 0x0000000704200000, 0x0000000704300000|  0%| F|  |TS  0|AC  0|TAMS 0x0000000704200000, 0x0000000704200000|
|  67|0x0000000704300000, 0x0000000704300000, 0x0000000704400000|  0%| F|  |TS  0|AC  0|TAMS 0x0000000704300000, 0x0000000704300000|
|  68|0x0000000704400000, 0x0000000704400000, 0x0000000704500000|  0%| F|  |TS  0|AC  0|TAMS 0x0000000704400000, 0x0000000704400000|
|  69|0x0000000704500000, 0x0000000704500000, 0x0000000704600000|  0%| F|  |TS  0|AC  0|TAMS 0x0000000704500000, 0x0000000704500000|
|  70|0x0000000704600000, 0x0000000704700000, 0x0000000704700000|100%|HS|  |TS  0|AC  0|TAMS 0x0000000704600000, 0x0000000704600000|
|  71|0x0000000704700000, 0x0000000704800000, 0x0000000704800000|100%|HC|  |TS  0|AC  0|TAMS 0x0000000704700000, 0x0000000704700000|
|  72|0x0000000704800000, 0x0000000704900000, 0x0000000704900000|100%|HC|  |TS  0|AC  0|TAMS 0x0000000704800000, 0x0000000704800000|
|  73|0x0000000704900000, 0x0000000704a00000, 0x0000000704a00000|100%|HC|  |TS  0|AC  0|TAMS 0x0000000704900000, 0x0000000704900000|
|  74|0x0000000704a00000, 0x0000000704b00000, 0x0000000704b00000|100%|HC|  |TS  0|AC  0|TAMS 0x0000000704a00000, 0x0000000704a00000|
|  75|0x0000000704b00000, 0x0000000704c00000, 0x0000000704c00000|100%|HC|  |TS  0|AC  0|TAMS 0x0000000704b00000, 0x0000000704b00000|
|  76|0x0000000704c00000, 0x0000000704d00000, 0x0000000704d00000|100%|HC|  |TS  0|AC  0|TAMS 0x0000000704c00000, 0x0000000704c00000|
|  77|0x0000000704d00000, 0x0000000704e00000, 0x0000000704e00000|100%|HC|  |TS  0|AC  0|TAMS 0x0000000704d00000, 0x0000000704d00000|
|  78|0x0000000704e00000, 0x0000000704e00000, 0x0000000704f00000|  0%| F|  |TS  0|AC  0|TAMS 0x0000000704e00000, 0x0000000704e00000|
|  79|0x0000000704f00000, 0x0000000704f00000, 0x0000000705000000|  0%| F|  |TS  0|AC  0|TAMS 0x0000000704f00000, 0x0000000704f00000|
|  80|0x0000000705000000, 0x0000000705000000, 0x0000000705100000|  0%| F|  |TS  0|AC  0|TAMS 0x0000000705000000, 0x0000000705000000|
|  81|0x0000000705100000, 0x0000000705100000, 0x0000000705200000|  0%| F|  |TS  0|AC  0|TAMS 0x0000000705100000, 0x0000000705100000|
|  82|0x0000000705200000, 0x0000000705200000, 0x0000000705300000|  0%| F|  |TS  0|AC  0|TAMS 0x0000000705200000, 0x0000000705200000|
|  83|0x0000000705300000, 0x0000000705300000, 0x0000000705400000|  0%| F|  |TS  0|AC  0|TAMS 0x0000000705300000, 0x0000000705300000|
|  84|0x0000000705400000, 0x0000000705400000, 0x0000000705500000|  0%| F|  |TS  0|AC  0|TAMS 0x0000000705400000, 0x0000000705400000|
|  85|0x0000000705500000, 0x0000000705500000, 0x0000000705600000|  0%| F|  |TS  0|AC  0|TAMS 0x0000000705500000, 0x0000000705500000|
|  86|0x0000000705600000, 0x0000000705600000, 0x0000000705700000|  0%| F|  |TS  0|AC  0|TAMS 0x0000000705600000, 0x0000000705600000|
|  87|0x0000000705700000, 0x0000000705700000, 0x0000000705800000|  0%| F|  |TS  0|AC  0|TAMS 0x0000000705700000, 0x0000000705700000|
|  88|0x0000000705800000, 0x0000000705800000, 0x0000000705900000|  0%| F|  |TS  0|AC  0|TAMS 0x0000000705800000, 0x0000000705800000|
|  89|0x0000000705900000, 0x0000000705900000, 0x0000000705a00000|  0%| F|  |TS  0|AC  0|TAMS 0x0000000705900000, 0x0000000705900000|
|  90|0x0000000705a00000, 0x0000000705a00000, 0x0000000705b00000|  0%| F|  |TS  0|AC  0|TAMS 0x0000000705a00000, 0x0000000705a00000|
|  91|0x0000000705b00000, 0x0000000705b00000, 0x0000000705c00000|  0%| F|  |TS  0|AC  0|TAMS 0x0000000705b00000, 0x0000000705b00000|
|  92|0x0000000705c00000, 0x0000000705c00000, 0x0000000705d00000|  0%| F|  |TS  0|AC  0|TAMS 0x0000000705c00000, 0x0000000705c00000|
|  93|0x0000000705d00000, 0x0000000705d00000, 0x0000000705e00000|  0%| F|  |TS  0|AC  0|TAMS 0x0000000705d00000, 0x0000000705d00000|
|  94|0x0000000705e00000, 0x0000000705e00000, 0x0000000705f00000|  0%| F|  |TS  0|AC  0|TAMS 0x0000000705e00000, 0x0000000705e00000|
|  95|0x0000000705f00000, 0x0000000705f00000, 0x0000000706000000|  0%| F|  |TS  0|AC  0|TAMS 0x0000000705f00000, 0x0000000705f00000|
|  96|0x0000000706000000, 0x0000000706000000, 0x0000000706100000|  0%| F|  |TS  0|AC  0|TAMS 0x0000000706000000, 0x0000000706000000|
|  97|0x0000000706100000, 0x0000000706100000, 0x0000000706200000|  0%| F|  |TS  0|AC  0|TAMS 0x0000000706100000, 0x0000000706100000|
|  98|0x0000000706200000, 0x0000000706200000, 0x0000000706300000|  0%| F|  |TS  0|AC  0|TAMS 0x0000000706200000, 0x0000000706200000|
|  99|0x0000000706300000, 0x0000000706300000, 0x0000000706400000|  0%| F|  |TS  0|AC  0|TAMS 0x0000000706300000, 0x0000000706300000|
| 100|0x0000000706400000, 0x0000000706400000, 0x0000000706500000|  0%| F|  |TS  0|AC  0|TAMS 0x0000000706400000, 0x0000000706400000|
| 101|0x0000000706500000, 0x0000000706500000, 0x0000000706600000|  0%| F|  |TS  0|AC  0|TAMS 0x0000000706500000, 0x0000000706500000|
| 102|0x0000000706600000, 0x0000000706600000, 0x0000000706700000|  0%| F|  |TS  0|AC  0|TAMS 0x0000000706600000, 0x0000000706600000|
| 103|0x0000000706700000, 0x0000000706700000, 0x0000000706800000|  0%| F|  |TS  0|AC  0|TAMS 0x0000000706700000, 0x0000000706700000|
| 104|0x0000000706800000, 0x0000000706800000, 0x0000000706900000|  0%| F|  |TS  0|AC  0|TAMS 0x0000000706800000, 0x0000000706800000|
| 105|0x0000000706900000, 0x0000000706900000, 0x0000000706a00000|  0%| F|  |TS  0|AC  0|TAMS 0x0000000706900000, 0x0000000706900000|
| 106|0x0000000706a00000, 0x0000000706a00000, 0x0000000706b00000|  0%| F|  |TS  0|AC  0|TAMS 0x0000000706a00000, 0x0000000706a00000|
| 107|0x0000000706b00000, 0x0000000706b00000, 0x0000000706c00000|  0%| F|  |TS  0|AC  0|TAMS 0x0000000706b00000, 0x0000000706b00000|
| 108|0x0000000706c00000, 0x0000000706c00000, 0x0000000706d00000|  0%| F|  |TS  0|AC  0|TAMS 0x0000000706c00000, 0x0000000706c00000|
| 109|0x0000000706d00000, 0x0000000706d00000, 0x0000000706e00000|  0%| F|  |TS  0|AC  0|TAMS 0x0000000706d00000, 0x0000000706d00000|
| 110|0x0000000706e00000, 0x0000000706e00000, 0x0000000706f00000|  0%| F|  |TS  0|AC  0|TAMS 0x0000000706e00000, 0x0000000706e00000|
| 111|0x0000000706f00000, 0x0000000706f00000, 0x0000000707000000|  0%| F|  |TS  0|AC  0|TAMS 0x0000000706f00000, 0x0000000706f00000|
| 112|0x0000000707000000, 0x0000000707000000, 0x0000000707100000|  0%| F|  |TS  0|AC  0|TAMS 0x0000000707000000, 0x0000000707000000|
| 113|0x0000000707100000, 0x0000000707100000, 0x0000000707200000|  0%| F|  |TS  0|AC  0|TAMS 0x0000000707100000, 0x0000000707100000|
| 114|0x0000000707200000, 0x0000000707200000, 0x0000000707300000|  0%| F|  |TS  0|AC  0|TAMS 0x0000000707200000, 0x0000000707200000|
| 115|0x0000000707300000, 0x0000000707300000, 0x0000000707400000|  0%| F|  |TS  0|AC  0|TAMS 0x0000000707300000, 0x0000000707300000|
| 116|0x0000000707400000, 0x0000000707400000, 0x0000000707500000|  0%| F|  |TS  0|AC  0|TAMS 0x0000000707400000, 0x0000000707400000|
| 117|0x0000000707500000, 0x0000000707500000, 0x0000000707600000|  0%| F|  |TS  0|AC  0|TAMS 0x0000000707500000, 0x0000000707500000|
| 118|0x0000000707600000, 0x0000000707600000, 0x0000000707700000|  0%| F|  |TS  0|AC  0|TAMS 0x0000000707600000, 0x0000000707600000|
| 119|0x0000000707700000, 0x0000000707700000, 0x0000000707800000|  0%| F|  |TS  0|AC  0|TAMS 0x0000000707700000, 0x0000000707700000|
| 120|0x0000000707800000, 0x0000000707800000, 0x0000000707900000|  0%| F|  |TS  0|AC  0|TAMS 0x0000000707800000, 0x0000000707800000|
| 121|0x0000000707900000, 0x0000000707900000, 0x0000000707a00000|  0%| F|  |TS  0|AC  0|TAMS 0x0000000707900000, 0x0000000707900000|
| 122|0x0000000707a00000, 0x0000000707a00000, 0x0000000707b00000|  0%| F|  |TS  0|AC  0|TAMS 0x0000000707a00000, 0x0000000707a00000|
| 123|0x0000000707b00000, 0x0000000707b00000, 0x0000000707c00000|  0%| F|  |TS  0|AC  0|TAMS 0x0000000707b00000, 0x0000000707b00000|
| 124|0x0000000707c00000, 0x0000000707c00000, 0x0000000707d00000|  0%| F|  |TS  0|AC  0|TAMS 0x0000000707c00000, 0x0000000707c00000|
| 125|0x0000000707d00000, 0x0000000707d00000, 0x0000000707e00000|  0%| F|  |TS  0|AC  0|TAMS 0x0000000707d00000, 0x0000000707d00000|
| 126|0x0000000707e00000, 0x0000000707e00000, 0x0000000707f00000|  0%| F|  |TS  0|AC  0|TAMS 0x0000000707e00000, 0x0000000707e00000|
| 127|0x0000000707f00000, 0x0000000707f00000, 0x0000000708000000|  0%| F|  |TS  0|AC  0|TAMS 0x0000000707f00000, 0x0000000707f00000|
| 128|0x0000000708000000, 0x0000000708000000, 0x0000000708100000|  0%| F|  |TS  0|AC  0|TAMS 0x0000000708000000, 0x0000000708000000|
| 129|0x0000000708100000, 0x0000000708100000, 0x0000000708200000|  0%| F|  |TS  0|AC  0|TAMS 0x0000000708100000, 0x0000000708100000|
| 130|0x0000000708200000, 0x0000000708200000, 0x0000000708300000|  0%| F|  |TS  0|AC  0|TAMS 0x0000000708200000, 0x0000000708200000|
| 131|0x0000000708300000, 0x0000000708300000, 0x0000000708400000|  0%| F|  |TS  0|AC  0|TAMS 0x0000000708300000, 0x0000000708300000|
| 132|0x0000000708400000, 0x0000000708400000, 0x0000000708500000|  0%| F|  |TS  0|AC  0|TAMS 0x0000000708400000, 0x0000000708400000|
| 133|0x0000000708500000, 0x0000000708500000, 0x0000000708600000|  0%| F|  |TS  0|AC  0|TAMS 0x0000000708500000, 0x0000000708500000|
| 134|0x0000000708600000, 0x0000000708600000, 0x0000000708700000|  0%| F|  |TS  0|AC  0|TAMS 0x0000000708600000, 0x0000000708600000|
| 135|0x0000000708700000, 0x0000000708700000, 0x0000000708800000|  0%| F|  |TS  0|AC  0|TAMS 0x0000000708700000, 0x0000000708700000|
| 136|0x0000000708800000, 0x0000000708800000, 0x0000000708900000|  0%| F|  |TS  0|AC  0|TAMS 0x0000000708800000, 0x0000000708800000|
| 137|0x0000000708900000, 0x0000000708900000, 0x0000000708a00000|  0%| F|  |TS  0|AC  0|TAMS 0x0000000708900000, 0x0000000708900000|
| 138|0x0000000708a00000, 0x0000000708a00000, 0x0000000708b00000|  0%| F|  |TS  0|AC  0|TAMS 0x0000000708a00000, 0x0000000708a00000|
| 139|0x0000000708b00000, 0x0000000708b00000, 0x0000000708c00000|  0%| F|  |TS 23|AC  0|TAMS 0x0000000708b00000, 0x0000000708b00000|
| 140|0x0000000708c00000, 0x0000000708c00000, 0x0000000708d00000|  0%| F|  |TS 27|AC  0|TAMS 0x0000000708c00000, 0x0000000708c00000|
| 141|0x0000000708d00000, 0x0000000708de0008, 0x0000000708e00000| 87%| S|CS|TS 27|AC  0|TAMS 0x0000000708d00000, 0x0000000708d00000|
| 142|0x0000000708e00000, 0x0000000708e00000, 0x0000000708f00000|  0%| F|  |TS 27|AC  0|TAMS 0x0000000708e00000, 0x0000000708e00000|
| 143|0x0000000708f00000, 0x0000000708f00000, 0x0000000709000000|  0%| F|  |TS 27|AC  0|TAMS 0x0000000708f00000, 0x0000000708f00000|
| 144|0x0000000709000000, 0x0000000709000000, 0x0000000709100000|  0%| F|  |TS 27|AC  0|TAMS 0x0000000709000000, 0x0000000709000000|
| 145|0x0000000709100000, 0x0000000709100000, 0x0000000709200000|  0%| F|  |TS 27|AC  0|TAMS 0x0000000709100000, 0x0000000709100000|
| 146|0x0000000709200000, 0x0000000709200000, 0x0000000709300000|  0%| F|  |TS 27|AC  0|TAMS 0x0000000709200000, 0x0000000709200000|
| 147|0x0000000709300000, 0x0000000709300000, 0x0000000709400000|  0%| F|  |TS 27|AC  0|TAMS 0x0000000709300000, 0x0000000709300000|
| 148|0x0000000709400000, 0x0000000709400000, 0x0000000709500000|  0%| F|  |TS 27|AC  0|TAMS 0x0000000709400000, 0x0000000709400000|
| 149|0x0000000709500000, 0x0000000709500000, 0x0000000709600000|  0%| F|  |TS 27|AC  0|TAMS 0x0000000709500000, 0x0000000709500000|
| 150|0x0000000709600000, 0x0000000709600000, 0x0000000709700000|  0%| F|  |TS 27|AC  0|TAMS 0x0000000709600000, 0x0000000709600000|
| 151|0x0000000709700000, 0x0000000709700000, 0x0000000709800000|  0%| F|  |TS 27|AC  0|TAMS 0x0000000709700000, 0x0000000709700000|
| 152|0x0000000709800000, 0x0000000709800000, 0x0000000709900000|  0%| F|  |TS 27|AC  0|TAMS 0x0000000709800000, 0x0000000709800000|
| 153|0x0000000709900000, 0x0000000709900000, 0x0000000709a00000|  0%| F|  |TS 27|AC  0|TAMS 0x0000000709900000, 0x0000000709900000|
| 154|0x0000000709a00000, 0x0000000709a00000, 0x0000000709b00000|  0%| F|  |TS 27|AC  0|TAMS 0x0000000709a00000, 0x0000000709a00000|
| 155|0x0000000709b00000, 0x0000000709ba8a70, 0x0000000709c00000| 65%| E|  |TS 27|AC  0|TAMS 0x0000000709b00000, 0x0000000709b00000|
| 156|0x0000000709c00000, 0x0000000709d00000, 0x0000000709d00000|100%| E|CS|TS 27|AC  0|TAMS 0x0000000709c00000, 0x0000000709c00000|
| 157|0x0000000709d00000, 0x0000000709e00000, 0x0000000709e00000|100%| E|CS|TS 27|AC  0|TAMS 0x0000000709d00000, 0x0000000709d00000|
| 158|0x0000000709e00000, 0x0000000709f00000, 0x0000000709f00000|100%| E|CS|TS 27|AC  0|TAMS 0x0000000709e00000, 0x0000000709e00000|
| 159|0x0000000709f00000, 0x000000070a000000, 0x000000070a000000|100%| E|CS|TS 27|AC  0|TAMS 0x0000000709f00000, 0x0000000709f00000|
| 160|0x000000070a000000, 0x000000070a100000, 0x000000070a100000|100%| E|CS|TS 27|AC  0|TAMS 0x000000070a000000, 0x000000070a000000|
| 161|0x000000070a100000, 0x000000070a200000, 0x000000070a200000|100%| E|CS|TS 27|AC  0|TAMS 0x000000070a100000, 0x000000070a100000|
| 162|0x000000070a200000, 0x000000070a300000, 0x000000070a300000|100%| E|CS|TS 27|AC  0|TAMS 0x000000070a200000, 0x000000070a200000|
| 163|0x000000070a300000, 0x000000070a400000, 0x000000070a400000|100%| E|CS|TS 27|AC  0|TAMS 0x000000070a300000, 0x000000070a300000|
| 164|0x000000070a400000, 0x000000070a500000, 0x000000070a500000|100%| E|CS|TS 27|AC  0|TAMS 0x000000070a400000, 0x000000070a400000|
| 165|0x000000070a500000, 0x000000070a600000, 0x000000070a600000|100%| E|CS|TS 27|AC  0|TAMS 0x000000070a500000, 0x000000070a500000|
| 166|0x000000070a600000, 0x000000070a700000, 0x000000070a700000|100%| E|CS|TS 27|AC  0|TAMS 0x000000070a600000, 0x000000070a600000|
| 167|0x000000070a700000, 0x000000070a800000, 0x000000070a800000|100%| E|CS|TS 27|AC  0|TAMS 0x000000070a700000, 0x000000070a700000|
| 168|0x000000070a800000, 0x000000070a900000, 0x000000070a900000|100%| E|CS|TS 27|AC  0|TAMS 0x000000070a800000, 0x000000070a800000|
| 169|0x000000070a900000, 0x000000070aa00000, 0x000000070aa00000|100%| E|CS|TS 27|AC  0|TAMS 0x000000070a900000, 0x000000070a900000|
| 170|0x000000070aa00000, 0x000000070ab00000, 0x000000070ab00000|100%| E|CS|TS 27|AC  0|TAMS 0x000000070aa00000, 0x000000070aa00000|
| 171|0x000000070ab00000, 0x000000070ac00000, 0x000000070ac00000|100%| E|CS|TS 27|AC  0|TAMS 0x000000070ab00000, 0x000000070ab00000|
| 172|0x000000070ac00000, 0x000000070ad00000, 0x000000070ad00000|100%| E|CS|TS 27|AC  0|TAMS 0x000000070ac00000, 0x000000070ac00000|
| 173|0x000000070ad00000, 0x000000070ae00000, 0x000000070ae00000|100%| E|CS|TS 27|AC  0|TAMS 0x000000070ad00000, 0x000000070ad00000|
| 174|0x000000070ae00000, 0x000000070af00000, 0x000000070af00000|100%| E|CS|TS 27|AC  0|TAMS 0x000000070ae00000, 0x000000070ae00000|
| 175|0x000000070af00000, 0x000000070b000000, 0x000000070b000000|100%| E|CS|TS 27|AC  0|TAMS 0x000000070af00000, 0x000000070af00000|
| 176|0x000000070b000000, 0x000000070b100000, 0x000000070b100000|100%| E|CS|TS 27|AC  0|TAMS 0x000000070b000000, 0x000000070b000000|
| 177|0x000000070b100000, 0x000000070b200000, 0x000000070b200000|100%| E|CS|TS 27|AC  0|TAMS 0x000000070b100000, 0x000000070b100000|
| 178|0x000000070b200000, 0x000000070b300000, 0x000000070b300000|100%| E|CS|TS 27|AC  0|TAMS 0x000000070b200000, 0x000000070b200000|
| 179|0x000000070b300000, 0x000000070b400000, 0x000000070b400000|100%| E|CS|TS 27|AC  0|TAMS 0x000000070b300000, 0x000000070b300000|
| 180|0x000000070b400000, 0x000000070b500000, 0x000000070b500000|100%| E|CS|TS 27|AC  0|TAMS 0x000000070b400000, 0x000000070b400000|
| 181|0x000000070b500000, 0x000000070b600000, 0x000000070b600000|100%| E|CS|TS 27|AC  0|TAMS 0x000000070b500000, 0x000000070b500000|
| 182|0x000000070b600000, 0x000000070b700000, 0x000000070b700000|100%| E|CS|TS 27|AC  0|TAMS 0x000000070b600000, 0x000000070b600000|
| 183|0x000000070b700000, 0x000000070b800000, 0x000000070b800000|100%| E|CS|TS 27|AC  0|TAMS 0x000000070b700000, 0x000000070b700000|
| 184|0x000000070b800000, 0x000000070b900000, 0x000000070b900000|100%| E|CS|TS 27|AC  0|TAMS 0x000000070b800000, 0x000000070b800000|
| 185|0x000000070b900000, 0x000000070ba00000, 0x000000070ba00000|100%| E|CS|TS 27|AC  0|TAMS 0x000000070b900000, 0x000000070b900000|
| 186|0x000000070ba00000, 0x000000070bb00000, 0x000000070bb00000|100%| E|CS|TS 27|AC  0|TAMS 0x000000070ba00000, 0x000000070ba00000|
| 187|0x000000070bb00000, 0x000000070bc00000, 0x000000070bc00000|100%| E|CS|TS 27|AC  0|TAMS 0x000000070bb00000, 0x000000070bb00000|
| 188|0x000000070bc00000, 0x000000070bd00000, 0x000000070bd00000|100%| E|CS|TS 27|AC  0|TAMS 0x000000070bc00000, 0x000000070bc00000|
| 189|0x000000070bd00000, 0x000000070be00000, 0x000000070be00000|100%| E|CS|TS 27|AC  0|TAMS 0x000000070bd00000, 0x000000070bd00000|
| 190|0x000000070be00000, 0x000000070bf00000, 0x000000070bf00000|100%| E|CS|TS 27|AC  0|TAMS 0x000000070be00000, 0x000000070be00000|
| 191|0x000000070bf00000, 0x000000070c000000, 0x000000070c000000|100%| E|CS|TS 27|AC  0|TAMS 0x000000070bf00000, 0x000000070bf00000|
| 192|0x000000070c000000, 0x000000070c100000, 0x000000070c100000|100%| E|CS|TS 27|AC  0|TAMS 0x000000070c000000, 0x000000070c000000|
| 193|0x000000070c100000, 0x000000070c200000, 0x000000070c200000|100%| E|CS|TS 27|AC  0|TAMS 0x000000070c100000, 0x000000070c100000|
| 194|0x000000070c200000, 0x000000070c300000, 0x000000070c300000|100%| E|CS|TS 27|AC  0|TAMS 0x000000070c200000, 0x000000070c200000|
| 195|0x000000070c300000, 0x000000070c400000, 0x000000070c400000|100%| E|CS|TS 27|AC  0|TAMS 0x000000070c300000, 0x000000070c300000|
| 196|0x000000070c400000, 0x000000070c500000, 0x000000070c500000|100%| E|CS|TS 27|AC  0|TAMS 0x000000070c400000, 0x000000070c400000|
| 197|0x000000070c500000, 0x000000070c600000, 0x000000070c600000|100%| E|CS|TS 27|AC  0|TAMS 0x000000070c500000, 0x000000070c500000|
| 198|0x000000070c600000, 0x000000070c700000, 0x000000070c700000|100%| E|CS|TS 27|AC  0|TAMS 0x000000070c600000, 0x000000070c600000|
| 199|0x000000070c700000, 0x000000070c800000, 0x000000070c800000|100%| E|CS|TS 27|AC  0|TAMS 0x000000070c700000, 0x000000070c700000|
| 200|0x000000070c800000, 0x000000070c900000, 0x000000070c900000|100%| E|CS|TS 27|AC  0|TAMS 0x000000070c800000, 0x000000070c800000|

Card table byte_map: [0x00000169d24d0000,0x00000169d2ad0000] byte_map_base: 0x00000169cecd0000

Marking Bits (Prev, Next): (CMBitMap*) 0x00000169bb996720, (CMBitMap*) 0x00000169bb996758
 Prev Bits: [0x00000169d30d0000, 0x00000169d60d0000)
 Next Bits: [0x00000169d60d0000, 0x00000169d90d0000)

Polling page: 0x00000169ae310000

CodeHeap 'non-profiled nmethods': size=120000Kb used=16685Kb max_used=16685Kb free=103314Kb
 bounds [0x00000169cafa0000, 0x00000169cbff0000, 0x00000169d24d0000]
CodeHeap 'profiled nmethods': size=120000Kb used=35323Kb max_used=40351Kb free=84676Kb
 bounds [0x00000169c3a70000, 0x00000169c6200000, 0x00000169cafa0000]
CodeHeap 'non-nmethods': size=5760Kb used=1728Kb max_used=1778Kb free=4031Kb
 bounds [0x00000169c34d0000, 0x00000169c3740000, 0x00000169c3a70000]
 total_blobs=27315 nmethods=14953 adapters=1027
 compilation: enabled

Compilation events (10 events):
Event: 1942.827 Thread 0x00000169bad3c000 18980       3       ui.views.c.t.a.i::ej (47 bytes)
Event: 1942.829 Thread 0x00000169bad3c000 nmethod 18980 0x00000169c4cef010 code [0x00000169c4cef3a0, 0x00000169c4cf12c0]
Event: 1942.891 Thread 0x00000169b6679000 18981       4       java.util.LinkedHashMap::afterNodeRemoval (65 bytes)
Event: 1942.892 Thread 0x00000169bad3b800 18982       4       ui.views.c.x.a::ema (42 bytes)
Event: 1942.894 Thread 0x00000169b6679000 nmethod 18981 0x00000169cbfea010 code [0x00000169cbfea1a0, 0x00000169cbfea618]
Event: 1942.933 Thread 0x00000169bad3c000 18983       3       de.javasoft.plaf.synthetica.styles.ButtonStyle::getColor (34 bytes)
Event: 1942.933 Thread 0x00000169bad3c000 nmethod 18983 0x00000169c49fa790 code [0x00000169c49fa980, 0x00000169c49faf50]
Event: 1942.933 Thread 0x00000169bad3c000 18984       1       javax.swing.text.DefaultHighlighter$DefaultHighlightPainter::getColor (5 bytes)
Event: 1942.933 Thread 0x00000169bad3c000 nmethod 18984 0x00000169cbfea710 code [0x00000169cbfea8c0, 0x00000169cbfea9d8]
Event: 1942.940 Thread 0x00000169bad3b800 nmethod 18982 0x00000169cbfeaa90 code [0x00000169cbfead60, 0x00000169cbfec858]

GC Heap History (10 events):
Event: 1916.003 GC heap before
{Heap before GC invocations=119 (full 29):
 garbage-first heap   total 205824K, used 133016K [0x0000000700000000, 0x0000000700100648, 0x00000007c0000000)
  region size 1024K, 60 young (61440K), 1 survivors (1024K)
 Metaspace       used 79756K, capacity 84939K, committed 85040K, reserved 1122304K
  class space    used 10883K, capacity 11816K, committed 11824K, reserved 1048576K
}
Event: 1916.005 GC heap after
{Heap after GC invocations=120 (full 29):
 garbage-first heap   total 205824K, used 72496K [0x0000000700000000, 0x0000000700100648, 0x00000007c0000000)
  region size 1024K, 1 young (1024K), 1 survivors (1024K)
 Metaspace       used 79756K, capacity 84939K, committed 85040K, reserved 1122304K
  class space    used 10883K, capacity 11816K, committed 11824K, reserved 1048576K
}
Event: 1921.979 GC heap before
{Heap before GC invocations=120 (full 29):
 garbage-first heap   total 205824K, used 132912K [0x0000000700000000, 0x0000000700100648, 0x00000007c0000000)
  region size 1024K, 60 young (61440K), 1 survivors (1024K)
 Metaspace       used 79763K, capacity 84939K, committed 85040K, reserved 1122304K
  class space    used 10883K, capacity 11816K, committed 11824K, reserved 1048576K
}
Event: 1921.981 GC heap after
{Heap after GC invocations=121 (full 29):
 garbage-first heap   total 205824K, used 73101K [0x0000000700000000, 0x0000000700100648, 0x00000007c0000000)
  region size 1024K, 2 young (2048K), 2 survivors (2048K)
 Metaspace       used 79763K, capacity 84939K, committed 85040K, reserved 1122304K
  class space    used 10883K, capacity 11816K, committed 11824K, reserved 1048576K
}
Event: 1922.128 GC heap before
{Heap before GC invocations=121 (full 29):
 garbage-first heap   total 205824K, used 132493K [0x0000000700000000, 0x0000000700100648, 0x00000007c0000000)
  region size 1024K, 60 young (61440K), 2 survivors (2048K)
 Metaspace       used 79770K, capacity 84939K, committed 85040K, reserved 1122304K
  class space    used 10883K, capacity 11816K, committed 11824K, reserved 1048576K
}
Event: 1922.130 GC heap after
{Heap after GC invocations=122 (full 29):
 garbage-first heap   total 205824K, used 72650K [0x0000000700000000, 0x0000000700100648, 0x00000007c0000000)
  region size 1024K, 1 young (1024K), 1 survivors (1024K)
 Metaspace       used 79770K, capacity 84939K, committed 85040K, reserved 1122304K
  class space    used 10883K, capacity 11816K, committed 11824K, reserved 1048576K
}
Event: 1924.120 GC heap before
{Heap before GC invocations=122 (full 29):
 garbage-first heap   total 205824K, used 133066K [0x0000000700000000, 0x0000000700100648, 0x00000007c0000000)
  region size 1024K, 60 young (61440K), 1 survivors (1024K)
 Metaspace       used 79775K, capacity 84939K, committed 85040K, reserved 1122304K
  class space    used 10883K, capacity 11816K, committed 11824K, reserved 1048576K
}
Event: 1924.122 GC heap after
{Heap after GC invocations=123 (full 29):
 garbage-first heap   total 205824K, used 72421K [0x0000000700000000, 0x0000000700100648, 0x00000007c0000000)
  region size 1024K, 1 young (1024K), 1 survivors (1024K)
 Metaspace       used 79775K, capacity 84939K, committed 85040K, reserved 1122304K
  class space    used 10883K, capacity 11816K, committed 11824K, reserved 1048576K
}
Event: 1942.715 GC heap before
{Heap before GC invocations=123 (full 29):
 garbage-first heap   total 205824K, used 132837K [0x0000000700000000, 0x0000000700100648, 0x00000007c0000000)
  region size 1024K, 60 young (61440K), 1 survivors (1024K)
 Metaspace       used 79802K, capacity 85067K, committed 85296K, reserved 1122304K
  class space    used 10883K, capacity 11816K, committed 11824K, reserved 1048576K
}
Event: 1942.718 GC heap after
{Heap after GC invocations=124 (full 29):
 garbage-first heap   total 205824K, used 72713K [0x0000000700000000, 0x0000000700100648, 0x00000007c0000000)
  region size 1024K, 1 young (1024K), 1 survivors (1024K)
 Metaspace       used 79802K, capacity 85067K, committed 85296K, reserved 1122304K
  class space    used 10883K, capacity 11816K, committed 11824K, reserved 1048576K
}

Deoptimization events (10 events):
Event: 1666.418 Thread 0x00000169de05a800 Uncommon trap: reason=bimorphic_or_optimized_type_check action=maybe_recompile pc=0x00000169cba06954 method=java.util.TreeMap.put(Ljava/lang/Object;Ljava/lang/Object;)Ljava/lang/Object; @ 141 c2
Event: 1666.418 Thread 0x00000169de05a800 Uncommon trap: reason=bimorphic_or_optimized_type_check action=maybe_recompile pc=0x00000169cba06954 method=java.util.TreeMap.put(Ljava/lang/Object;Ljava/lang/Object;)Ljava/lang/Object; @ 141 c2
Event: 1666.418 Thread 0x00000169de05a800 Uncommon trap: reason=bimorphic_or_optimized_type_check action=maybe_recompile pc=0x00000169cba06954 method=java.util.TreeMap.put(Ljava/lang/Object;Ljava/lang/Object;)Ljava/lang/Object; @ 141 c2
Event: 1838.017 Thread 0x00000169de05a800 Uncommon trap: reason=unstable_if action=reinterpret pc=0x00000169cbc28c68 method=com.jidesoft.plaf.basic.BasicStyledLabelUI.buildStyledText(Lcom/jidesoft/swing/StyledLabel;)V @ 189 c2
Event: 1838.925 Thread 0x00000169de05a800 Uncommon trap: reason=unstable_if action=reinterpret pc=0x00000169cb8e8120 method=java.util.regex.Pattern$BnM.match(Ljava/util/regex/Matcher;ILjava/lang/CharSequence;)Z @ 56 c2
Event: 1838.938 Thread 0x00000169de05a800 Uncommon trap: reason=unstable_if action=reinterpret pc=0x00000169cbabddec method=java.util.LinkedHashMap.afterNodeRemoval(Ljava/util/HashMap$Node;)V @ 27 c2
Event: 1838.938 Thread 0x00000169de05a800 Uncommon trap: reason=unstable_if action=reinterpret pc=0x00000169cb9892fc method=javax.swing.text.html.parser.Parser.startTag(Ljavax/swing/text/html/parser/TagElement;)V @ 26 c2
Event: 1838.938 Thread 0x00000169de05a800 Uncommon trap: reason=unstable_if action=reinterpret pc=0x00000169cbaedec0 method=javax.swing.text.html.InlineView.setPropertiesFromAttributes()V @ 32 c2
Event: 1876.050 Thread 0x00000169de05a800 Uncommon trap: reason=bimorphic_or_optimized_type_check action=maybe_recompile pc=0x00000169cb72ad4c method=java.util.HashMap.removeNode(ILjava/lang/Object;Ljava/lang/Object;ZZ)Ljava/util/HashMap$Node; @ 143 c2
Event: 1900.048 Thread 0x00000169de05a800 Uncommon trap: reason=bimorphic_or_optimized_type_check action=maybe_recompile pc=0x00000169cb72ad4c method=java.util.HashMap.removeNode(ILjava/lang/Object;Ljava/lang/Object;ZZ)Ljava/util/HashMap$Node; @ 143 c2

Classes redefined (0 events):
No events

Internal exceptions (10 events):
Event: 365.003 Thread 0x00000169e1d13800 Exception <a 'java/lang/InterruptedException'{0x000000070c0012c0}: sleep interrupted> (0x000000070c0012c0) thrown at [t:/workspace/hotspot/src/share/vm/prims/jvm.cpp, line 3023]
Event: 373.846 Thread 0x00000169b8b82000 Exception <a 'java/lang/InterruptedException'{0x000000070c100040}: sleep interrupted> (0x000000070c100040) thrown at [t:/workspace/hotspot/src/share/vm/prims/jvm.cpp, line 3023]
Event: 373.926 Thread 0x00000169de05a800 Implicit null exception at 0x00000169cbba408c to 0x00000169cbba40f0
Event: 392.410 Thread 0x00000169de05a800 Implicit null exception at 0x00000169cba04e5b to 0x00000169cba0652d
Event: 392.738 Thread 0x00000169de05a800 Exception <a 'java/lang/NoSuchMethodError'{0x000000070b37c5c8}: java.lang.invoke.DirectMethodHandle$Holder.invokeSpecial(Ljava/lang/Object;Ljava/lang/Object;IIIIII)Ljava/lang/Object;> (0x000000070b37c5c8) thrown at [t:/workspace/hotspot/src/share/vm/inter
Event: 392.738 Thread 0x00000169de05a800 Exception <a 'java/lang/NoSuchMethodError'{0x000000070b37f818}: java.lang.invoke.DelegatingMethodHandle$Holder.reinvoke_L(Ljava/lang/Object;IIIIII)Ljava/lang/Object;> (0x000000070b37f818) thrown at [t:/workspace/hotspot/src/share/vm/interpreter/linkResolv
Event: 392.739 Thread 0x00000169de05a800 Exception <a 'java/lang/NoSuchMethodError'{0x000000070b3a2130}: java.lang.invoke.DirectMethodHandle$Holder.invokeSpecial(Ljava/lang/Object;Ljava/lang/Object;IIII)Ljava/lang/Object;> (0x000000070b3a2130) thrown at [t:/workspace/hotspot/src/share/vm/interpr
Event: 1667.086 Thread 0x00000169e1d16000 Exception <a 'java/lang/InterruptedException'{0x000000070a70d498}: sleep interrupted> (0x000000070a70d498) thrown at [t:/workspace/hotspot/src/share/vm/prims/jvm.cpp, line 2984]
Event: 1667.089 Thread 0x00000169e1d16000 Exception <a 'java/lang/InterruptedException'{0x000000070a71acb8}: sleep interrupted> (0x000000070a71acb8) thrown at [t:/workspace/hotspot/src/share/vm/prims/jvm.cpp, line 2984]
Event: 1667.980 Thread 0x00000169e1d13000 Exception <a 'java/lang/InterruptedException'{0x0000000709d80840}: sleep interrupted> (0x0000000709d80840) thrown at [t:/workspace/hotspot/src/share/vm/prims/jvm.cpp, line 3023]

Events (10 events):
Event: 1941.760 Executing VM operation: RevokeBias
Event: 1941.760 Executing VM operation: RevokeBias done
Event: 1941.761 Executing VM operation: RevokeBias
Event: 1941.761 Executing VM operation: RevokeBias done
Event: 1941.970 Thread 0x00000169e1d13000 Thread added: 0x00000169e1d13000
Event: 1941.973 Thread 0x00000169e1d13000 Thread exited: 0x00000169e1d13000
Event: 1942.715 Executing VM operation: G1IncCollectionPause
Event: 1942.718 Executing VM operation: G1IncCollectionPause done
Event: 1942.971 Thread 0x00000169e1d13000 Thread added: 0x00000169e1d13000
Event: 1942.973 Thread 0x00000169e1d13000 Thread exited: 0x00000169e1d13000


Dynamic libraries:
0x00007ff71c920000 - 0x00007ff71c950000 	F:\Xilinx\Vivado\2019.2\bin\unwrapped\win64.o\vivado.exe
0x00007ffe65bf0000 - 0x00007ffe65de8000 	C:\Windows\SYSTEM32\ntdll.dll
0x00007ffe65800000 - 0x00007ffe658bd000 	C:\Windows\System32\KERNEL32.DLL
0x00007ffe63310000 - 0x00007ffe635de000 	C:\Windows\System32\KERNELBASE.dll
0x00007ffe63940000 - 0x00007ffe63a40000 	C:\Windows\System32\ucrtbase.dll
0x00007ffe4e1a0000 - 0x00007ffe4e22d000 	C:\Windows\SYSTEM32\MSVCP140.dll
0x00007ffe54c40000 - 0x00007ffe54c54000 	F:\Xilinx\Vivado\2019.2\lib\win64.o\libboost_signals.dll
0x00007ffe2f590000 - 0x00007ffe304d3000 	F:\Xilinx\Vivado\2019.2\lib\win64.o\librdi_common.dll
0x00007ffe5bc80000 - 0x00007ffe5bc96000 	F:\Xilinx\Vivado\2019.2\lib\win64.o\librdi_commonmain.dll
0x00007ffe50880000 - 0x00007ffe5089a000 	C:\Windows\SYSTEM32\VCRUNTIME140.dll
0x00007ffe5edf0000 - 0x00007ffe5edfc000 	C:\Windows\SYSTEM32\VCRUNTIME140_1.dll
0x00007ffe658d0000 - 0x00007ffe65a70000 	C:\Windows\System32\USER32.dll
0x00007ffe4e500000 - 0x00007ffe4e526000 	F:\Xilinx\Vivado\2019.2\lib\win64.o\libboost_filesystem.dll
0x00007ffe635e0000 - 0x00007ffe63602000 	C:\Windows\System32\win32u.dll
0x00007ffe5e460000 - 0x00007ffe5e46a000 	F:\Xilinx\Vivado\2019.2\lib\win64.o\librdi_commonversion.dll
0x00007ffe64ad0000 - 0x00007ffe64b7e000 	C:\Windows\System32\ADVAPI32.dll
0x00007ffe2f220000 - 0x00007ffe2f58e000 	F:\Xilinx\Vivado\2019.2\lib\win64.o\libCOIN-all.dll
0x00007ffe65570000 - 0x00007ffe6559a000 	C:\Windows\System32\GDI32.dll
0x00007ffe63d20000 - 0x00007ffe63dbe000 	C:\Windows\System32\msvcrt.dll
0x00007ffe641d0000 - 0x00007ffe6426c000 	C:\Windows\System32\sechost.dll
0x00007ffe63800000 - 0x00007ffe6390b000 	C:\Windows\System32\gdi32full.dll
0x00007ffe32360000 - 0x00007ffe32501000 	F:\Xilinx\Vivado\2019.2\lib\win64.o\librdi_commonxillic.dll
0x00007ffe655a0000 - 0x00007ffe656c5000 	C:\Windows\System32\RPCRT4.dll
0x00007ffe51f30000 - 0x00007ffe51f44000 	F:\Xilinx\Vivado\2019.2\lib\win64.o\libboost_date_time.dll
0x00007ffe63b40000 - 0x00007ffe63bdd000 	C:\Windows\System32\msvcp_win.dll
0x00007ffe64a60000 - 0x00007ffe64acb000 	C:\Windows\System32\WS2_32.dll
0x00007ffe63910000 - 0x00007ffe63937000 	C:\Windows\System32\bcrypt.dll
0x00007ffe64e20000 - 0x00007ffe65563000 	C:\Windows\System32\SHELL32.dll
0x00000000540b0000 - 0x00000000541db000 	F:\Xilinx\Vivado\2019.2\lib\win64.o\tcl85t.dll
0x00007ffe4dc30000 - 0x00007ffe4dcaf000 	F:\Xilinx\Vivado\2019.2\lib\win64.o\libboost_program_options.dll
0x00007ffe36a80000 - 0x00007ffe36b94000 	F:\Xilinx\Vivado\2019.2\lib\win64.o\libboost_regex.dll
0x00007ffe5c940000 - 0x00007ffe5c94b000 	F:\Xilinx\Vivado\2019.2\lib\win64.o\libboost_system.dll
0x00007ffe5c560000 - 0x00007ffe5c56f000 	F:\Xilinx\Vivado\2019.2\lib\win64.o\libboost_xilinx.dll
0x00007ffe4e170000 - 0x00007ffe4e191000 	F:\Xilinx\Vivado\2019.2\lib\win64.o\libboost_thread.dll
0x00007ffe47e70000 - 0x00007ffe47ef2000 	F:\Xilinx\Vivado\2019.2\lib\win64.o\libhdlpsolve.dll
0x00007ffe43d40000 - 0x00007ffe43de5000 	F:\Xilinx\Vivado\2019.2\lib\win64.o\libhdxml.dll
0x00007ffe2e620000 - 0x00007ffe2f21c200 	F:\Xilinx\Vivado\2019.2\lib\win64.o\libisl_iostreams.dll
0x00007ffe4ce90000 - 0x00007ffe4cebe000 	F:\Xilinx\Vivado\2019.2\lib\win64.o\libisl_sysinfo.dll
0x00007ffe43b90000 - 0x00007ffe43bf5000 	F:\Xilinx\Vivado\2019.2\lib\win64.o\liblmx6.0.dll
0x00007ffe51b20000 - 0x00007ffe51b3a000 	F:\Xilinx\Vivado\2019.2\lib\win64.o\pthreadVC2.dll
0x00007ffe51a70000 - 0x00007ffe51a8c000 	F:\Xilinx\Vivado\2019.2\lib\win64.o\librdiconfig.dll
0x00007ffe4c9a0000 - 0x00007ffe4c9c1000 	F:\Xilinx\Vivado\2019.2\lib\win64.o\librdizlib.dll
0x0000000012000000 - 0x0000000012270000 	F:\Xilinx\Vivado\2019.2\lib\win64.o\xerces-c_3_1.dll
0x00007ffe2e340000 - 0x00007ffe2e61b000 	F:\Xilinx\Vivado\2019.2\lib\win64.o\libXil_lmgr11.dll
0x00007ffe64ba0000 - 0x00007ffe64c7a000 	C:\Windows\System32\COMDLG32.dll
0x00007ffe63dc0000 - 0x00007ffe64114000 	C:\Windows\System32\combase.dll
0x00007ffe64120000 - 0x00007ffe641cd000 	C:\Windows\System32\shcore.dll
0x00007ffe51b00000 - 0x00007ffe51b19000 	C:\Windows\SYSTEM32\NETAPI32.dll
0x00007ffe509b0000 - 0x00007ffe50e86000 	C:\Windows\SYSTEM32\WININET.dll
0x00007ffe57160000 - 0x00007ffe5726a000 	C:\Windows\SYSTEM32\WINHTTP.dll
0x00007ffe64530000 - 0x00007ffe64585000 	C:\Windows\System32\SHLWAPI.dll
0x00007ffe55b00000 - 0x00007ffe55cec000 	C:\Windows\SYSTEM32\urlmon.dll
0x00007ffe63c50000 - 0x00007ffe63d1d000 	C:\Windows\System32\OLEAUT32.dll
0x00007ffe5ee00000 - 0x00007ffe5ee09000 	C:\Windows\SYSTEM32\WSOCK32.dll
0x00007ffe656d0000 - 0x00007ffe657fa000 	C:\Windows\System32\ole32.dll
0x00007ffe2d4a0000 - 0x00007ffe2e331000 	F:\Xilinx\Vivado\2019.2\lib\win64.o\gurobi65.dll
0x00007ffe4c320000 - 0x00007ffe4c34e000 	C:\Windows\SYSTEM32\VCOMP140.DLL
0x00007ffe63be0000 - 0x00007ffe63c49000 	C:\Windows\System32\WINTRUST.dll
0x00007ffe636a0000 - 0x00007ffe637f6000 	C:\Windows\System32\CRYPT32.dll
0x00007ffe5c4f0000 - 0x00007ffe5c4fd000 	F:\Xilinx\Vivado\2019.2\lib\win64.o\libboost_chrono.dll
0x00007ffe4ecc0000 - 0x00007ffe4ecdb000 	F:\Xilinx\Vivado\2019.2\lib\win64.o\libboost_iostreams.dll
0x00007ffe4b6c0000 - 0x00007ffe4b6e5000 	F:\Xilinx\Vivado\2019.2\lib\win64.o\libisl_iosutils.dll
0x00007ffe57300000 - 0x00007ffe575b1000 	C:\Windows\SYSTEM32\iertutil.dll
0x00007ffe4fad0000 - 0x00007ffe4fb80000 	C:\Windows\WinSxS\amd64_microsoft.windows.common-controls_6595b64144ccf1df_5.82.19041.1110_none_792d1c772443f647\COMCTL32.dll
0x00007ffe55ad0000 - 0x00007ffe55af8000 	C:\Windows\SYSTEM32\srvcli.dll
0x00007ffe627b0000 - 0x00007ffe627bc000 	C:\Windows\SYSTEM32\netutils.dll
0x00007ffe5bdc0000 - 0x00007ffe5bddd000 	C:\Windows\SYSTEM32\dhcpcsvc.DLL
0x00007ffe65a70000 - 0x00007ffe65aa0000 	C:\Windows\System32\IMM32.DLL
0x00007ffe62f00000 - 0x00007ffe62f12000 	C:\Windows\SYSTEM32\MSASN1.dll
0x00007ffe61220000 - 0x00007ffe61232000 	C:\Windows\SYSTEM32\kernel.appcore.dll
0x00007ffe2cf80000 - 0x00007ffe2d497000 	F:\Xilinx\Vivado\2019.2\lib\win64.o\librdi_commontasks.dll
0x00007ffe57000000 - 0x00007ffe5700a000 	C:\Windows\SYSTEM32\VERSION.dll
0x0000000053680000 - 0x00000000540a5000 	F:\Xilinx\Vivado\2019.2\tps\win64\jre9.0.4\bin\server\jvm.dll
0x00007ffe2cc90000 - 0x00007ffe2cf73000 	F:\Xilinx\Vivado\2019.2\lib\win64.o\librdi_sio.dll
0x00007ffe64b90000 - 0x00007ffe64b98000 	C:\Windows\System32\PSAPI.DLL
0x00007ffe50f30000 - 0x00007ffe50f57000 	C:\Windows\SYSTEM32\WINMM.dll
0x00007ffe62770000 - 0x00007ffe627ab000 	C:\Windows\SYSTEM32\IPHLPAPI.DLL
0x00007ffe36660000 - 0x00007ffe3674f000 	F:\Xilinx\Vivado\2019.2\tps\win64\jre9.0.4\bin\MSVCR120.dll
0x00007ffe62ad0000 - 0x00007ffe62b3a000 	C:\Windows\SYSTEM32\MSWSOCK.DLL
0x00007ffe61420000 - 0x00007ffe61bb5000 	C:\Windows\SYSTEM32\windows.storage.dll
0x00007ffe62d70000 - 0x00007ffe62da0000 	C:\Windows\SYSTEM32\Wldp.dll
0x00007ffe2a540000 - 0x00007ffe2cc85000 	F:\Xilinx\Vivado\2019.2\lib\win64.o\librdi_tcltasks.dll
0x00007ffe2a080000 - 0x00007ffe2a534000 	F:\Xilinx\Vivado\2019.2\lib\win64.o\librdi_bitstream.dll
0x00007ffe31560000 - 0x00007ffe316fd000 	F:\Xilinx\Vivado\2019.2\lib\win64.o\librdi_board.dll
0x00007ffe3a660000 - 0x00007ffe3a6db000 	F:\Xilinx\Vivado\2019.2\lib\win64.o\librdi_boarddep.dll
0x00007ffe29f20000 - 0x00007ffe2a072000 	F:\Xilinx\Vivado\2019.2\lib\win64.o\librdi_cd_client.dll
0x00007ffe363e0000 - 0x00007ffe364cf000 	F:\Xilinx\Vivado\2019.2\lib\win64.o\librdi_chipscope.dll
0x00007ffe29d60000 - 0x00007ffe29f20000 	F:\Xilinx\Vivado\2019.2\lib\win64.o\librdi_chipscopeimpl.dll
0x00007ffe28280000 - 0x00007ffe29d5a000 	F:\Xilinx\Vivado\2019.2\lib\win64.o\librdi_constraints.dll
0x00007ffe05d80000 - 0x00007ffe07d70000 	F:\Xilinx\Vivado\2019.2\lib\win64.o\librdi_coregen.dll
0x00007ffe1fc30000 - 0x00007ffe20309000 	F:\Xilinx\Vivado\2019.2\lib\win64.o\librdi_coregenipxact.dll
0x00007ffe26f00000 - 0x00007ffe27224000 	F:\Xilinx\Vivado\2019.2\lib\win64.o\librdi_containers.dll
0x00007ffdecf00000 - 0x00007ffe01aab000 	F:\Xilinx\Vivado\2019.2\lib\win64.o\librdi_device.dll
0x00007ffe01ab0000 - 0x00007ffe05d7b000 	F:\Xilinx\Vivado\2019.2\lib\win64.o\librdi_designutils.dll
0x00007ffe1e8a0000 - 0x00007ffe1ee6d000 	F:\Xilinx\Vivado\2019.2\lib\win64.o\librdi_drc.dll
0x00007ffe26bb0000 - 0x00007ffe26efa000 	F:\Xilinx\Vivado\2019.2\lib\win64.o\librdi_dlyest.dll
0x00007ffe32b50000 - 0x00007ffe32c14000 	F:\Xilinx\Vivado\2019.2\lib\win64.o\librdi_dsp.dll
0x00007ffdec890000 - 0x00007ffdecefb000 	F:\Xilinx\Vivado\2019.2\lib\win64.o\librdi_filemgmt.dll
0x00007ffe16c40000 - 0x00007ffe16f50000 	F:\Xilinx\Vivado\2019.2\lib\win64.o\librdi_guitools.dll
0x00007ffe38200000 - 0x00007ffe3826a000 	F:\Xilinx\Vivado\2019.2\lib\win64.o\librdi_hdf.dll
0x00007ffe28060000 - 0x00007ffe28280000 	F:\Xilinx\Vivado\2019.2\lib\win64.o\librdi_hip_devdesign.dll
0x00007ffe276a0000 - 0x00007ffe277e8000 	F:\Xilinx\Vivado\2019.2\lib\win64.o\librdi_hip_perf_analysis.dll
0x00007ffdeb120000 - 0x00007ffdec88d000 	F:\Xilinx\Vivado\2019.2\lib\win64.o\librdi_implflow.dll
0x00007ffe34260000 - 0x00007ffe342d4000 	F:\Xilinx\Vivado\2019.2\lib\win64.o\librdi_memoryarray.dll
0x00007ffdeaae0000 - 0x00007ffdeb111000 	F:\Xilinx\Vivado\2019.2\lib\win64.o\librdi_memdata.dll
0x00007ffde7d10000 - 0x00007ffdeaadb000 	F:\Xilinx\Vivado\2019.2\lib\win64.o\librdi_mig.dll
0x00007ffde7620000 - 0x00007ffde7d03000 	F:\Xilinx\Vivado\2019.2\lib\win64.o\librdi_netlist.dll
0x00007ffde4d50000 - 0x00007ffde7617000 	F:\Xilinx\Vivado\2019.2\lib\win64.o\librdi_place.dll
0x00007ffe49df0000 - 0x00007ffe49e3c000 	F:\Xilinx\Vivado\2019.2\lib\win64.o\librdi_pfi.dll
0x00007ffe16050000 - 0x00007ffe1636b000 	F:\Xilinx\Vivado\2019.2\lib\win64.o\librdi_platform.dll
0x00007ffde4540000 - 0x00007ffde4d4b000 	F:\Xilinx\Vivado\2019.2\lib\win64.o\librdi_power.dll
0x00007ffde3f80000 - 0x00007ffde453a000 	F:\Xilinx\Vivado\2019.2\lib\win64.o\librdi_project.dll
0x00007ffde3840000 - 0x00007ffde3f73000 	F:\Xilinx\Vivado\2019.2\lib\win64.o\librdi_psta.dll
0x00007ffde3170000 - 0x00007ffde3831000 	F:\Xilinx\Vivado\2019.2\lib\win64.o\librdi_rsb.dll
0x00007ffe14960000 - 0x00007ffe14d83000 	F:\Xilinx\Vivado\2019.2\lib\win64.o\librdi_runs.dll
0x00007ffde2ef0000 - 0x00007ffde3165000 	F:\Xilinx\Vivado\2019.2\lib\win64.o\librdi_simdata.dll
0x00007ffe320a0000 - 0x00007ffe321a8000 	F:\Xilinx\Vivado\2019.2\lib\win64.o\librdi_runsbase.dll
0x00007ffde2060000 - 0x00007ffde2eed000 	F:\Xilinx\Vivado\2019.2\lib\win64.o\librdi_timing.dll
0x00007ffe1cb40000 - 0x00007ffe1cce1000 	F:\Xilinx\Vivado\2019.2\lib\win64.o\librdi_advchipscopeimpl.dll
0x00007ffe23b40000 - 0x00007ffe23ce0000 	F:\Xilinx\Vivado\2019.2\lib\win64.o\librdi_cd_protocol.dll
0x00007ffe48270000 - 0x00007ffe482bc000 	F:\Xilinx\Vivado\2019.2\lib\win64.o\libboost_serialization.dll
0x00007ffe31920000 - 0x00007ffe319f7000 	F:\Xilinx\Vivado\2019.2\lib\win64.o\librdi_ipconfig_readwrite.dll
0x00007ffe43cf0000 - 0x00007ffe43d3a000 	F:\Xilinx\Vivado\2019.2\lib\win64.o\librdi_noc_frameworks.dll
0x00007ffde0fc0000 - 0x00007ffde1b07000 	F:\Xilinx\Vivado\2019.2\lib\win64.o\libverific.dll
0x00007ffe31f30000 - 0x00007ffe31fce000 	F:\Xilinx\Vivado\2019.2\lib\win64.o\libise.dll
0x00007ffe17220000 - 0x00007ffe17404000 	F:\Xilinx\Vivado\2019.2\lib\win64.o\librdi_hip_config.dll
0x00007ffde1b10000 - 0x00007ffde205e000 	F:\Xilinx\Vivado\2019.2\lib\win64.o\librdi_xdm.dll
0x00007ffde09a0000 - 0x00007ffde0fbb000 	F:\Xilinx\Vivado\2019.2\lib\win64.o\librdi_wavedata.dll

VM Arguments:
jvm_args: -Dsun.java2d.pmoffscreen=false -Dsun.java2d.xrender=false -Dsun.java2d.d3d=false -Dsun.awt.nopixfmt=true -Dsun.java2d.dpiaware=true -Dsun.java2d.uiScale.enabled=false -Xverify:none -Dswing.aatext=true -XX:-UsePerfData -Djdk.map.althashing.threshold=512 -XX:StringTableSize=4072 --add-opens=java.base/java.nio=ALL-UNNAMED --add-opens=java.desktop/sun.swing=ALL-UNNAMED --add-opens=java.desktop/javax.swing=ALL-UNNAMED --add-opens=java.desktop/javax.swing.tree=ALL-UNNAMED --add-opens=java.desktop/javax.swing.plaf.basic=ALL-UNNAMED --add-opens=java.desktop/javax.swing.plaf.synth=ALL-UNNAMED --add-opens=java.desktop/com.sun.awt=ALL-UNNAMED -XX:NewSize=60m -XX:MaxNewSize=60m -Xms128m -Xmx3072m -Xss5m 
java_command: <unknown>
java_class_path (initial): F:/Xilinx/Vivado/2019.2\lib\classes\alloy.jar;F:/Xilinx/Vivado/2019.2\lib\classes\autoesl-common.jar;F:/Xilinx/Vivado/2019.2\lib\classes\autoesl-models.jar;F:/Xilinx/Vivado/2019.2\lib\classes\autoesl-report.jar;F:/Xilinx/Vivado/2019.2\lib\classes\autopilot.scelaborator.jar;F:/Xilinx/Vivado/2019.2\lib\classes\autopilot.sourceprocessor.jar;F:/Xilinx/Vivado/2019.2\lib\classes\autopilot.tbprocessor.jar;F:/Xilinx/Vivado/2019.2\lib\classes\batik-anim.jar;F:/Xilinx/Vivado/2019.2\lib\classes\batik-awt-util.jar;F:/Xilinx/Vivado/2019.2\lib\classes\batik-bridge.jar;F:/Xilinx/Vivado/2019.2\lib\classes\batik-codec.jar;F:/Xilinx/Vivado/2019.2\lib\classes\batik-css.jar;F:/Xilinx/Vivado/2019.2\lib\classes\batik-dom.jar;F:/Xilinx/Vivado/2019.2\lib\classes\batik-ext.jar;F:/Xilinx/Vivado/2019.2\lib\classes\batik-gui-util.jar;F:/Xilinx/Vivado/2019.2\lib\classes\batik-gvt.jar;F:/Xilinx/Vivado/2019.2\lib\classes\batik-parser.jar;F:/Xilinx/Vivado/2019.2\lib\classes\batik-script.jar;F:/Xilinx/Vivado/2019.2\lib\classes\batik-svg-dom.jar;F:/Xilinx/Vivado/2019.2\lib\classes\batik-swing.jar;F:/Xilinx/Vivado/2019.2\lib\classes\batik-transcoder.jar;F:/Xilinx/Vivado/2019.2\lib\classes\batik-util.jar;F:/Xilinx/Vivado/2019.2\lib\classes\batik-xml.jar;F:/Xilinx/Vivado/2019.2\lib\classes\com.google.gson_2.7.0.v20170129-0911.jar;F:/Xilinx/Vivado/2019.2\lib\classes\com.google.guava_21.0.0.v20170206-1425.jar;F:/Xilinx/Vivado/2019.2\lib\classes\com.ibm.icu_4.4.2.v20110208.jar;F:/Xilinx/Vivado/2019.2\lib\classes\com.sigasi.hdt.connection_4.5.0.201909241521.jar;F:/Xilinx/Vivado/2019.2\lib\classes\com.sigasi.hdt.epl_4.5.0.201909241521.jar;F:/Xilinx/Vivado/2019.2\lib\classes\com.sigasi.hdt.project_4.5.0.201909241521.jar;F:/Xilinx/Vivado/2019.2\lib\classes\com.sigasi.hdt.readonlyfilesystem_4.5.0.201909241521.jar;F:/Xilinx/Vivado/2019.2\lib\classes\com.sigasi.lcm_4.5.0.201909241521.jar;F:/Xilinx/Vivado/2019.2\lib\classes\com.sigasi.sdk.client_4.5.0.201909241521.jar;F:/Xilinx/Vivado
Launcher Type: generic

Logging:
Log output configuration:
#0: stdout all=warning uptime,level,tags
#1: stderr all=off uptime,level,tags

Environment Variables:
JAVA_HOME=F:\SpinalHDL\jdk-19
PATH=F:/Xilinx/Vivado/2019.2\gnuwin\bin;F:/Xilinx/Vivado/2019.2\gnu\microblaze\nt\bin;F:/Xilinx/Vivado/2019.2/bin;F:/Xilinx/Vivado/2019.2/lib/win64.o;F:/Xilinx/Vivado/2019.2/tps/win64/jre9.0.4/bin/server;F:/Xilinx/Vivado/2019.2/tps/win64/jre9.0.4/bin;F:/Xilinx/Vitis/2019.2/bin;F:/Xilinx/Vivado/2019.2/ids_lite/ISE/bin/nt64;F:/Xilinx/Vivado/2019.2/ids_lite/ISE/lib/nt64;C:\Program Files\Common Files\Oracle\Java\javapath;F:\VMware\VMware Workstation\bin\;C:\Windows\system32;C:\Windows;C:\Windows\System32\Wbem;C:\Windows\System32\WindowsPowerShell\v1.0\;C:\Windows\System32\OpenSSH\;F:\MATLAB\R2021a\bin;F:\Captura\ffmpeg\bin;F:\Git\cmd;F:\SpinalHDL\sbt\bin;F:\SpinalHDL\sbt_1.8.0\bin;F:\SpinalHDL\jdk-19\bin;F:\SpinalHDL\jdk-19\jre\bin;F:\Python\Python311\Scripts\;F:\Python\Python311\;C:\Users\Yuhan He\AppData\Local\Microsoft\WindowsApps;C:\Users\Yuhan He\AppData\Local\Programs\Microsoft VS Code\bin;F:\texlive\2021\bin\win32;F:\Modelsim\win64;F:\Bandizip\;F:\msys64\usr\bin;F:\msys64\mingw64\bin;F:\IntelliJ IDEA 2022.1.3\bin;;F:/Xilinx/Vivado/2019.2\tps\mingw\6.2.0\win64.o\nt\bin;F:/Xilinx/Vivado/2019.2\tps\mingw\6.2.0\win64.o\nt\libexec\gcc\x86_64-w64-mingw32\6.2.0;F:/Xilinx/Vivado/2019.2\tps\win64\python-2.7.5;F:/Xilinx/Vivado/2019.2\tps\win64\python-2.7.5\bin;F:/Xilinx/Vivado/2019.2\tps\win64\python-2.7.5\lib;F:/Xilinx/Vivado/2019.2\tps\win64\python-2.7.5\Lib\lib-tk;F:/Xilinx/Vivado/2019.2\tps\win64\python-2.7.5\lib\site-packages
USERNAME=Yuhan He
OS=Windows_NT
PROCESSOR_IDENTIFIER=Intel64 Family 6 Model 94 Stepping 3, GenuineIntel



---------------  S Y S T E M  ---------------

OS: Windows 10 , 64 bit Build 19041 (10.0.19041.1889)

CPU:total 8 (initial active 8) (4 cores per cpu, 2 threads per core) family 6 model 94 stepping 3, cmov, cx8, fxsr, mmx, sse, sse2, sse3, ssse3, sse4.1, sse4.2, popcnt, avx, avx2, aes, clmul, erms, rtm, 3dnowpref, lzcnt, ht, tsc, tscinvbit, bmi1, bmi2, adx, fma

Memory: 4k page, physical 33441912k(19413288k free), swap 38422648k(21830308k free)

vm_info: Java HotSpot(TM) 64-Bit Server VM (9.0.4+11) for windows-amd64 JRE (9.0.4+11), built on Dec 20 2017 02:18:54 by "mach5one" with MS VC++ 12.0 (VS2013)

END.
