#
# A fatal error has been detected by the Java Runtime Environment:
#
#  EXCEPTION_ACCESS_VIOLATION (0xc0000005) at pc=0x00007ffe2f70ed95, pid=16872, tid=7172
#
# JRE version: Java(TM) SE Runtime Environment (9.0+11) (build 9.0.4+11)
# Java VM: Java HotSpot(TM) 64-Bit Server VM (9.0.4+11, mixed mode, tiered, compressed oops, g1 gc, windows-amd64)
# Problematic frame:
# C  [librdi_common.dll+0x17ed95]
#
# No core dump will be written. Minidumps are not enabled by default on client versions of Windows
#
# If you would like to submit a bug report, please visit:
#   http://bugreport.java.com/bugreport/crash.jsp
# The crash happened outside the Java Virtual Machine in native code.
# See problematic frame for where to report the bug.
#

---------------  S U M M A R Y ------------

Command Line: -Dsun.java2d.pmoffscreen=false -Dsun.java2d.xrender=false -Dsun.java2d.d3d=false -Dsun.awt.nopixfmt=true -Dsun.java2d.dpiaware=true -Dsun.java2d.uiScale.enabled=false -Xverify:none -Dswing.aatext=true -XX:-UsePerfData -Djdk.map.althashing.threshold=512 -XX:StringTableSize=4072 --add-opens=java.base/java.nio=ALL-UNNAMED --add-opens=java.desktop/sun.swing=ALL-UNNAMED --add-opens=java.desktop/javax.swing=ALL-UNNAMED --add-opens=java.desktop/javax.swing.tree=ALL-UNNAMED --add-opens=java.desktop/javax.swing.plaf.basic=ALL-UNNAMED --add-opens=java.desktop/javax.swing.plaf.synth=ALL-UNNAMED --add-opens=java.desktop/com.sun.awt=ALL-UNNAMED -XX:NewSize=60m -XX:MaxNewSize=60m -Xms128m -Xmx3072m -Xss5m 

Host: Intel(R) Core(TM) i7-6700 CPU @ 3.40GHz, 8 cores, 31G,  Windows 10 , 64 bit Build 19041 (10.0.19041.1889)
Time: Sat Dec 24 16:16:53 2022 ?D1¨²¡À¨º¡Á?¨º¡À?? elapsed time: 511 seconds (0d 0h 8m 31s)

---------------  T H R E A D  ---------------

Current thread (0x0000020fce087800):  JavaThread "AWT-EventQueue-1" [_thread_in_native, id=7172, stack(0x000000c450a00000,0x000000c450f00000)]

Stack: [0x000000c450a00000,0x000000c450f00000],  sp=0x000000c450efab60,  free space=5098k
Native frames: (J=compiled Java code, j=interpreted, Vv=VM code, C=native code)
C  [librdi_common.dll+0x17ed95]
C  [librdi_common.dll+0x173b75]
C  [librdi_common.dll+0x13cd4a]
C  0x00007ffde0b821df
C  0x00007ffde0c021ef
C  0x00007ffde0c09f09
C  0x00007ffde0bda6cb
C  0x00007ffde0c16e97
C  0x0000020fdf270aba

Java frames: (J=compiled Java code, j=interpreted, Vv=VM code)
J 15815  ui.views.waveform.waveformi.WVExecutive_getTooltipTextDelayed(J)Ljava/lang/String; (0 bytes) @ 0x0000020fdf270a21 [0x0000020fdf2709e0+0x0000000000000041]
J 15810 c1 ui.views.waveform.b.a.bJ(Ljava/awt/event/MouseEvent;)V (135 bytes) @ 0x0000020fd90bd7a4 [0x0000020fd90bd100+0x00000000000006a4]
J 15176 c1 ui.views.waveform.b.a.mouseMoved(Ljava/awt/event/MouseEvent;)V (32 bytes) @ 0x0000020fd8efd36c [0x0000020fd8efce20+0x000000000000054c]
J 17088 c2 java.awt.AWTEventMulticaster.mouseMoved(Ljava/awt/event/MouseEvent;)V java.desktop@9.0.4 (27 bytes) @ 0x0000020fdeb4f874 [0x0000020fdeb4f7c0+0x00000000000000b4]
J 17946 c2 javax.swing.JComponent.processMouseMotionEvent(Ljava/awt/event/MouseEvent;)V java.desktop@9.0.4 (46 bytes) @ 0x0000020fdf561bbc [0x0000020fdf561ae0+0x00000000000000dc]
J 14531 c1 ui.frmwork.c.i.processMouseMotionEvent(Ljava/awt/event/MouseEvent;)V (131 bytes) @ 0x0000020fd8d1e6c4 [0x0000020fd8d1d800+0x0000000000000ec4]
J 18597 c2 java.awt.Container.processEvent(Ljava/awt/AWTEvent;)V java.desktop@9.0.4 (22 bytes) @ 0x0000020fdf5d414c [0x0000020fdf5d3fc0+0x000000000000018c]
J 18001 c1 java.awt.Component.dispatchEventImpl(Ljava/awt/AWTEvent;)V java.desktop@9.0.4 (739 bytes) @ 0x0000020fd957b7f4 [0x0000020fd95779c0+0x0000000000003e34]
J 18299 c1 java.awt.Container.dispatchEventImpl(Ljava/awt/AWTEvent;)V java.desktop@9.0.4 (129 bytes) @ 0x0000020fd761ef0c [0x0000020fd761ede0+0x000000000000012c]
J 16996 c2 java.awt.LightweightDispatcher.retargetMouseEvent(Ljava/awt/Component;ILjava/awt/event/MouseEvent;)V java.desktop@9.0.4 (350 bytes) @ 0x0000020fdeb525f0 [0x0000020fdeb52020+0x00000000000005d0]
J 17783 c2 java.awt.LightweightDispatcher.processMouseEvent(Ljava/awt/event/MouseEvent;)Z java.desktop@9.0.4 (265 bytes) @ 0x0000020fdf51bf38 [0x0000020fdf51b960+0x00000000000005d8]
J 12454 c1 java.awt.LightweightDispatcher.dispatchEvent(Ljava/awt/AWTEvent;)Z java.desktop@9.0.4 (73 bytes) @ 0x0000020fd82002cc [0x0000020fd81ffea0+0x000000000000042c]
J 18299 c1 java.awt.Container.dispatchEventImpl(Ljava/awt/AWTEvent;)V java.desktop@9.0.4 (129 bytes) @ 0x0000020fd761eeac [0x0000020fd761ede0+0x00000000000000cc]
J 17931 c1 java.awt.Window.dispatchEventImpl(Ljava/awt/AWTEvent;)V java.desktop@9.0.4 (23 bytes) @ 0x0000020fd951d4f4 [0x0000020fd951cf20+0x00000000000005d4]
J 15768 c2 java.awt.EventQueue$3.run()Ljava/lang/Object; java.desktop@9.0.4 (5 bytes) @ 0x0000020fdf263dbc [0x0000020fdf263c00+0x00000000000001bc]
v  ~StubRoutines::call_stub
J 5849  java.security.AccessController.doPrivileged(Ljava/security/PrivilegedAction;Ljava/security/AccessControlContext;)Ljava/lang/Object; java.base@9.0.4 (0 bytes) @ 0x0000020fde8d73c6 [0x0000020fde8d7360+0x0000000000000066]
J 17685 c2 java.awt.EventQueue$4.run()Ljava/lang/Object; java.desktop@9.0.4 (5 bytes) @ 0x0000020fdf4f8140 [0x0000020fdf4f7ee0+0x0000000000000260]
v  ~StubRoutines::call_stub
J 5849  java.security.AccessController.doPrivileged(Ljava/security/PrivilegedAction;Ljava/security/AccessControlContext;)Ljava/lang/Object; java.base@9.0.4 (0 bytes) @ 0x0000020fde8d73c6 [0x0000020fde8d7360+0x0000000000000066]
J 15058 c2 ui.frmwork.b.d.dispatchEvent(Ljava/awt/AWTEvent;)V (34 bytes) @ 0x0000020fdf16dc28 [0x0000020fdf16d800+0x0000000000000428]
J 17259 c2 java.awt.EventDispatchThread.pumpOneEventForFilters(I)V java.desktop@9.0.4 (218 bytes) @ 0x0000020fdf46cbc4 [0x0000020fdf46bf60+0x0000000000000c64]
j  java.awt.EventDispatchThread.pumpEventsForFilter(ILjava/awt/Conditional;Ljava/awt/EventFilter;)V+35 java.desktop@9.0.4
j  java.awt.EventDispatchThread.pumpEventsForHierarchy(ILjava/awt/Conditional;Ljava/awt/Component;)V+11 java.desktop@9.0.4
j  java.awt.EventDispatchThread.pumpEvents(ILjava/awt/Conditional;)V+4 java.desktop@9.0.4
j  java.awt.EventDispatchThread.pumpEvents(Ljava/awt/Conditional;)V+3 java.desktop@9.0.4
j  java.awt.EventDispatchThread.run()V+9 java.desktop@9.0.4
v  ~StubRoutines::call_stub

siginfo: EXCEPTION_ACCESS_VIOLATION (0xc0000005), reading address 0xffffffffffffffff


Register to memory mapping:

RIP=0x00007ffe2f70ed95 librdi_common.dll
RAX=0x0000020fc31d9101 is an unknown value
RBX=0x90037200a9a7a3a8 is an unknown value
RCX=0x0000020fc31d91f0 is an unknown value
RDX=0x90037200a9a7a3a8 is an unknown value
RSP=0x000000c450efab60 is pointing into the stack for thread: 0x0000020fce087800
RBP=0x000000c450efac90 is pointing into the stack for thread: 0x0000020fce087800
RSI=0x0000020f86cb1420 is an unknown value
RDI=0x000000c450efad78 is pointing into the stack for thread: 0x0000020fce087800
R8 =0x000000c450efad78 is pointing into the stack for thread: 0x0000020fce087800
R9 =0x0000000000000000 is an unknown value
R10=0x00007ffe50880000 VCRUNTIME140.dll
R11=0x28ef6f5c6e429119 is an unknown value
R12=0x000000c450efad78 is pointing into the stack for thread: 0x0000020fce087800
R13=0x0000000000000000 is an unknown value
R14=0x0000020fc1699fc0 is an unknown value
R15=0x90037200a9a7a3a8 is an unknown value


Registers:
RAX=0x0000020fc31d9101, RBX=0x90037200a9a7a3a8, RCX=0x0000020fc31d91f0, RDX=0x90037200a9a7a3a8
RSP=0x000000c450efab60, RBP=0x000000c450efac90, RSI=0x0000020f86cb1420, RDI=0x000000c450efad78
R8 =0x000000c450efad78, R9 =0x0000000000000000, R10=0x00007ffe50880000, R11=0x28ef6f5c6e429119
R12=0x000000c450efad78, R13=0x0000000000000000, R14=0x0000020fc1699fc0, R15=0x90037200a9a7a3a8
RIP=0x00007ffe2f70ed95, EFLAGS=0x0000000000010202

Top of Stack: (sp=0x000000c450efab60)
0x000000c450efab60:   000000c450efaf10 00007ffe4e1b2cf7
0x000000c450efab70:   000000c400000000 90037200a9a7a3a8
0x000000c450efab80:   90037200a9a7a3a8 00007ffe2f703b75
0x000000c450efab90:   00000000000026ee 00007ffe4e1b2f5f
0x000000c450efaba0:   00006d0dd0f48303 0000000000000000
0x000000c450efabb0:   0000020fcd435fb0 0000020ffcf03880
0x000000c450efabc0:   0000000000000002 00007ffe2f76c825
0x000000c450efabd0:   0000020ff3a83720 0000020ffcf03888
0x000000c450efabe0:   0000020ffcf038c8 0000020ffcf03880
0x000000c450efabf0:   fffffffffffffffe 00007ffe2fd28aad
0x000000c450efac00:   fffffffffffffffe 00007ffe3041dbc0
0x000000c450efac10:   0000020ffcf03880 0000020fc364e088
0x000000c450efac20:   000000c450efad78 00007ffe2f76bb16
0x000000c450efac30:   0000020ffcf03880 000000c450efad78
0x000000c450efac40:   0000020f00000002 0000000000000000
0x000000c450efac50:   fffffffffffffffe 000000000000000f 

Instructions: (pc=0x00007ffe2f70ed95)
0x00007ffe2f70ed75:   20 48 8b d9 e8 22 c4 04 00 48 8b c8 48 8b d3 e8
0x00007ffe2f70ed85:   27 0d 05 00 84 c0 75 08 33 c0 48 83 c4 20 5b c3
0x00007ffe2f70ed95:   48 8b 4b 50 48 85 c9 74 0a 48 83 c4 20 5b e9 68
0x00007ffe2f70eda5:   e2 04 00 48 8b d3 48 8d 0d 66 ce 78 00 e8 59 b7 



---------------  P R O C E S S  ---------------

Java Threads: ( => current thread )
  0x0000020f84661800 JavaThread "Relaunch Simulation Thread" [_thread_blocked, id=15356, stack(0x000000c453a00000,0x000000c453f00000)]
  0x0000020fcd8bb000 JavaThread "SyntheticaAnimation 50" daemon [_thread_blocked, id=17856, stack(0x000000c455300000,0x000000c455800000)]
  0x0000020f84661000 JavaThread "Image Animator 0" daemon [_thread_blocked, id=16940, stack(0x000000c450f00000,0x000000c451400000)]
  0x0000020f84663000 JavaThread "Monitor File Timestamp Swing Worker Thread" [_thread_blocked, id=16328, stack(0x000000c454900000,0x000000c454e00000)]
  0x0000020f84662800 JavaThread "Timer-0" [_thread_blocked, id=10928, stack(0x000000c454400000,0x000000c454900000)]
  0x0000020f84660000 JavaThread "Update Runs Swing Worker Thread" [_thread_blocked, id=10436, stack(0x000000c453f00000,0x000000c454400000)]
  0x0000020f8465d000 JavaThread "hw_ila_monitor" [_thread_blocked, id=13820, stack(0x000000c453500000,0x000000c453a00000)]
  0x0000020f8465f800 JavaThread "Refresh Filesets Swing Worker Thread" [_thread_blocked, id=11112, stack(0x000000c453000000,0x000000c453500000)]
  0x0000020fcd8b6800 JavaThread "SyntheticaAnimation 70" daemon [_thread_blocked, id=18108, stack(0x000000c452b00000,0x000000c453000000)]
  0x0000020fcd8b8800 JavaThread "SyntheticaAnimation 25" daemon [_thread_blocked, id=8280, stack(0x000000c452600000,0x000000c452b00000)]
  0x0000020fcd8b8000 JavaThread "SyntheticaAnimation 50" daemon [_thread_blocked, id=15512, stack(0x000000c452100000,0x000000c452600000)]
  0x0000020fcd8b7000 JavaThread "Monitor HEventQueue Thread" [_thread_blocked, id=16580, stack(0x000000c451c00000,0x000000c452100000)]
  0x0000020fcd8ba000 JavaThread "SyntheticaCleanerThread" daemon [_thread_blocked, id=8736, stack(0x000000c451400000,0x000000c451900000)]
  0x0000020fcd8b5800 JavaThread "Batik CleanerThread" daemon [_thread_blocked, id=8688, stack(0x000000c450000000,0x000000c450500000)]
=>0x0000020fce087800 JavaThread "AWT-EventQueue-1" [_thread_in_native, id=7172, stack(0x000000c450a00000,0x000000c450f00000)]
  0x0000020ff16fb800 JavaThread "Process Messages Thread" [_thread_blocked, id=5520, stack(0x000000c450500000,0x000000c450a00000)]
  0x0000020fce5c0800 JavaThread "Thread-1" [_thread_in_native, id=12056, stack(0x000000c449300000,0x000000c44a700000)]
  0x0000020fce092800 JavaThread "TimerQueue" daemon [_thread_blocked, id=10416, stack(0x000000c44f600000,0x000000c44fb00000)]
  0x0000020fc5ad9000 JavaThread "AWT-Windows" daemon [_thread_in_native, id=13208, stack(0x000000c44f100000,0x000000c44f600000)]
  0x0000020fc5bc7800 JavaThread "AWT-Shutdown" [_thread_blocked, id=10812, stack(0x000000c44ec00000,0x000000c44f100000)]
  0x0000020fc5bc6800 JavaThread "Java2D Disposer" daemon [_thread_blocked, id=3580, stack(0x000000c44e700000,0x000000c44ec00000)]
  0x0000020fc5a6c000 JavaThread "Service Thread" daemon [_thread_blocked, id=14936, stack(0x000000c44e100000,0x000000c44e600000)]
  0x0000020fcd0bc800 JavaThread "Common-Cleaner" daemon [_thread_blocked, id=15108, stack(0x000000c44dc00000,0x000000c44e100000)]
  0x0000020fcd8b9800 JavaThread "Sweeper thread" daemon [_thread_blocked, id=13552, stack(0x000000c44d700000,0x000000c44dc00000)]
  0x0000020fcd090800 JavaThread "C1 CompilerThread3" daemon [_thread_blocked, id=17252, stack(0x000000c44d600000,0x000000c44d700000)]
  0x0000020fcd05f800 JavaThread "C2 CompilerThread2" daemon [_thread_blocked, id=17896, stack(0x000000c44d500000,0x000000c44d600000)]
  0x0000020fcd05e800 JavaThread "C2 CompilerThread1" daemon [_thread_blocked, id=10400, stack(0x000000c44d400000,0x000000c44d500000)]
  0x0000020fcd05d000 JavaThread "C2 CompilerThread0" daemon [_thread_blocked, id=14944, stack(0x000000c44d300000,0x000000c44d400000)]
  0x0000020fcd05c000 JavaThread "Attach Listener" daemon [_thread_blocked, id=7716, stack(0x000000c44ce00000,0x000000c44d300000)]
  0x0000020fc6920800 JavaThread "Signal Dispatcher" daemon [_thread_blocked, id=17060, stack(0x000000c44c900000,0x000000c44ce00000)]
  0x0000020fcd059000 JavaThread "Finalizer" daemon [_thread_blocked, id=14664, stack(0x000000c44c400000,0x000000c44c900000)]
  0x0000020fcd054800 JavaThread "Reference Handler" daemon [_thread_blocked, id=8804, stack(0x000000c44bf00000,0x000000c44c400000)]
  0x0000020fc5c42000 JavaThread "main" [_thread_blocked, id=13088, stack(0x000000c449200000,0x000000c449300000)]

Other Threads:
  0x0000020fc5d04800 VMThread "VM Thread" [stack: 0x000000c44be00000,0x000000c44bf00000] [id=13220]
  0x0000020fc5960800 WatcherThread [stack: 0x000000c44e600000,0x000000c44e700000] [id=16628]
  0x0000020fcd3b1800 GCTaskThread "GC Thread#0" [stack: 0x000000c44aa00000,0x000000c44ab00000] [id=17352]
  0x0000020fcf634800 GCTaskThread "GC Thread#1" [stack: 0x000000c44ab00000,0x000000c44ac00000] [id=6932]
  0x0000020fc170c000 GCTaskThread "GC Thread#2" [stack: 0x000000c44ac00000,0x000000c44ad00000] [id=16820]
  0x0000020fcc121800 GCTaskThread "GC Thread#3" [stack: 0x000000c44ad00000,0x000000c44ae00000] [id=16896]
  0x0000020fcc122000 GCTaskThread "GC Thread#4" [stack: 0x000000c44ae00000,0x000000c44af00000] [id=6868]
  0x0000020fca634800 GCTaskThread "GC Thread#5" [stack: 0x000000c44af00000,0x000000c44b000000] [id=17632]
  0x0000020fc5963800 GCTaskThread "GC Thread#6" [stack: 0x000000c44b000000,0x000000c44b100000] [id=14760]
  0x0000020fc595f800 GCTaskThread "GC Thread#7" [stack: 0x000000c44b100000,0x000000c44b200000] [id=14536]
  0x0000020fccbf1000 ConcurrentGCThread "G1 Main Marker" [stack: 0x000000c44bb00000,0x000000c44bc00000] [id=3656]
  0x0000020fc5962000 ConcurrentGCThread "G1 Marker#0" [stack: 0x000000c44bc00000,0x000000c44bd00000] [id=15740]
  0x0000020fc5966000 ConcurrentGCThread "G1 Marker#1" [stack: 0x000000c44bd00000,0x000000c44be00000] [id=6864]
  0x0000020fcd383000 ConcurrentGCThread "G1 Refine#0" [stack: 0x000000c44b900000,0x000000c44ba00000] [id=8892]
  0x0000020fccf99000 ConcurrentGCThread "G1 Refine#1" [stack: 0x000000c44b800000,0x000000c44b900000] [id=12480]
  0x0000020fccf98000 ConcurrentGCThread "G1 Refine#2" [stack: 0x000000c44b700000,0x000000c44b800000] [id=7928]
  0x0000020fccbfa800 ConcurrentGCThread "G1 Refine#3" [stack: 0x000000c44b600000,0x000000c44b700000] [id=15676]
  0x0000020fcf19f000 ConcurrentGCThread "G1 Refine#4" [stack: 0x000000c44b500000,0x000000c44b600000] [id=9448]
  0x0000020fc9afb800 ConcurrentGCThread "G1 Refine#5" [stack: 0x000000c44b400000,0x000000c44b500000] [id=8584]
  0x0000020fcbade000 ConcurrentGCThread "G1 Refine#6" [stack: 0x000000c44b300000,0x000000c44b400000] [id=14324]
  0x0000020fcf69c800 ConcurrentGCThread "G1 Refine#7" [stack: 0x000000c44b200000,0x000000c44b300000] [id=14360]
  0x0000020fcd383800 ConcurrentGCThread "G1 Young RemSet Sampling" [stack: 0x000000c44ba00000,0x000000c44bb00000] [id=1604]

Threads with active compile tasks:

VM state:not at safepoint (normal execution)

VM Mutex/Monitor currently owned by a thread: None

Heap address: 0x0000000700000000, size: 3072 MB, Compressed Oops mode: Zero based, Oop shift amount: 3
Narrow klass base: 0x0000000000000000, Narrow klass shift: 3
Compressed class space size: 1073741824 Address: 0x00000007c0000000

Heap:
 garbage-first heap   total 168960K, used 70186K [0x0000000700000000, 0x0000000700100528, 0x00000007c0000000)
  region size 1024K, 4 young (4096K), 1 survivors (1024K)
 Metaspace       used 81292K, capacity 87553K, committed 87836K, reserved 1124352K
  class space    used 11200K, capacity 12281K, committed 12316K, reserved 1048576K
Heap Regions: E=young(eden), S=young(survivor), O=old, HS=humongous(starts), HC=humongous(continues), CS=collection set, F=free, A=archive, TS=gc time stamp, AC=allocation context, TAMS=top-at-mark-start (previous, next)
|   0|0x0000000700000000, 0x00000007000df300, 0x0000000700100000| 87%| O|  |TS  0|AC  0|TAMS 0x0000000700000000, 0x0000000700000000|
|   1|0x0000000700100000, 0x00000007001fe590, 0x0000000700200000| 99%| O|  |TS  0|AC  0|TAMS 0x0000000700100000, 0x0000000700100000|
|   2|0x0000000700200000, 0x00000007002ffae0, 0x0000000700300000| 99%| O|  |TS  0|AC  0|TAMS 0x0000000700200000, 0x0000000700200000|
|   3|0x0000000700300000, 0x00000007003fb740, 0x0000000700400000| 98%| O|  |TS  0|AC  0|TAMS 0x0000000700300000, 0x0000000700300000|
|   4|0x0000000700400000, 0x0000000700500000, 0x0000000700500000|100%|HS|  |TS  0|AC  0|TAMS 0x0000000700400000, 0x0000000700400000|
|   5|0x0000000700500000, 0x0000000700600000, 0x0000000700600000|100%|HC|  |TS  0|AC  0|TAMS 0x0000000700500000, 0x0000000700500000|
|   6|0x0000000700600000, 0x0000000700700000, 0x0000000700700000|100%|HS|  |TS  0|AC  0|TAMS 0x0000000700600000, 0x0000000700600000|
|   7|0x0000000700700000, 0x00000007007d8970, 0x0000000700800000| 84%| O|  |TS  0|AC  0|TAMS 0x0000000700700000, 0x0000000700700000|
|   8|0x0000000700800000, 0x00000007008ffff0, 0x0000000700900000| 99%| O|  |TS  0|AC  0|TAMS 0x0000000700800000, 0x0000000700800000|
|   9|0x0000000700900000, 0x00000007009f1520, 0x0000000700a00000| 94%| O|  |TS  0|AC  0|TAMS 0x0000000700900000, 0x0000000700900000|
|  10|0x0000000700a00000, 0x0000000700afffe0, 0x0000000700b00000| 99%| O|  |TS  0|AC  0|TAMS 0x0000000700a00000, 0x0000000700a00000|
|  11|0x0000000700b00000, 0x0000000700bfffe8, 0x0000000700c00000| 99%| O|  |TS  0|AC  0|TAMS 0x0000000700b00000, 0x0000000700b00000|
|  12|0x0000000700c00000, 0x0000000700cfffe8, 0x0000000700d00000| 99%| O|  |TS  0|AC  0|TAMS 0x0000000700c00000, 0x0000000700c00000|
|  13|0x0000000700d00000, 0x0000000700dfffb0, 0x0000000700e00000| 99%| O|  |TS  0|AC  0|TAMS 0x0000000700d00000, 0x0000000700d00000|
|  14|0x0000000700e00000, 0x0000000700eff380, 0x0000000700f00000| 99%| O|  |TS  0|AC  0|TAMS 0x0000000700e00000, 0x0000000700e00000|
|  15|0x0000000700f00000, 0x0000000700ffe730, 0x0000000701000000| 99%| O|  |TS  0|AC  0|TAMS 0x0000000700f00000, 0x0000000700f00000|
|  16|0x0000000701000000, 0x0000000701100000, 0x0000000701100000|100%| O|  |TS  0|AC  0|TAMS 0x0000000701000000, 0x0000000701000000|
|  17|0x0000000701100000, 0x00000007011b3090, 0x0000000701200000| 69%| O|  |TS  0|AC  0|TAMS 0x0000000701100000, 0x0000000701100000|
|  18|0x0000000701200000, 0x0000000701300000, 0x0000000701300000|100%| O|  |TS  0|AC  0|TAMS 0x0000000701200000, 0x0000000701200000|
|  19|0x0000000701300000, 0x00000007013ffff0, 0x0000000701400000| 99%| O|  |TS  0|AC  0|TAMS 0x0000000701300000, 0x0000000701300000|
|  20|0x0000000701400000, 0x00000007014fffe8, 0x0000000701500000| 99%| O|  |TS  0|AC  0|TAMS 0x0000000701400000, 0x0000000701400000|
|  21|0x0000000701500000, 0x00000007015ffff8, 0x0000000701600000| 99%| O|  |TS  0|AC  0|TAMS 0x0000000701500000, 0x0000000701500000|
|  22|0x0000000701600000, 0x0000000701700000, 0x0000000701700000|100%| O|  |TS  0|AC  0|TAMS 0x0000000701600000, 0x0000000701600000|
|  23|0x0000000701700000, 0x00000007017ffff0, 0x0000000701800000| 99%| O|  |TS  0|AC  0|TAMS 0x0000000701700000, 0x0000000701700000|
|  24|0x0000000701800000, 0x00000007018fffd0, 0x0000000701900000| 99%| O|  |TS  0|AC  0|TAMS 0x0000000701800000, 0x0000000701800000|
|  25|0x0000000701900000, 0x00000007019fffd0, 0x0000000701a00000| 99%| O|  |TS  0|AC  0|TAMS 0x0000000701900000, 0x0000000701900000|
|  26|0x0000000701a00000, 0x0000000701afffe8, 0x0000000701b00000| 99%| O|  |TS  0|AC  0|TAMS 0x0000000701a00000, 0x0000000701a00000|
|  27|0x0000000701b00000, 0x0000000701bffec8, 0x0000000701c00000| 99%| O|  |TS  0|AC  0|TAMS 0x0000000701b00000, 0x0000000701b00000|
|  28|0x0000000701c00000, 0x0000000701cff938, 0x0000000701d00000| 99%| O|  |TS  0|AC  0|TAMS 0x0000000701c00000, 0x0000000701c00000|
|  29|0x0000000701d00000, 0x0000000701dffff0, 0x0000000701e00000| 99%| O|  |TS  0|AC  0|TAMS 0x0000000701d00000, 0x0000000701d00000|
|  30|0x0000000701e00000, 0x0000000701f00000, 0x0000000701f00000|100%| O|  |TS  0|AC  0|TAMS 0x0000000701e00000, 0x0000000701e00000|
|  31|0x0000000701f00000, 0x0000000701fffe18, 0x0000000702000000| 99%| O|  |TS  0|AC  0|TAMS 0x0000000701f00000, 0x0000000701f00000|
|  32|0x0000000702000000, 0x00000007020ffe08, 0x0000000702100000| 99%| O|  |TS  0|AC  0|TAMS 0x0000000702000000, 0x0000000702000000|
|  33|0x0000000702100000, 0x00000007021ffff8, 0x0000000702200000| 99%| O|  |TS  0|AC  0|TAMS 0x0000000702100000, 0x0000000702100000|
|  34|0x0000000702200000, 0x00000007022ffff0, 0x0000000702300000| 99%| O|  |TS  0|AC  0|TAMS 0x0000000702200000, 0x0000000702200000|
|  35|0x0000000702300000, 0x00000007023ff480, 0x0000000702400000| 99%| O|  |TS  0|AC  0|TAMS 0x0000000702300000, 0x0000000702300000|
|  36|0x0000000702400000, 0x00000007024fffe8, 0x0000000702500000| 99%| O|  |TS  0|AC  0|TAMS 0x0000000702400000, 0x0000000702400000|
|  37|0x0000000702500000, 0x00000007025f35b0, 0x0000000702600000| 95%| O|  |TS  0|AC  0|TAMS 0x0000000702500000, 0x0000000702500000|
|  38|0x0000000702600000, 0x00000007026ffff8, 0x0000000702700000| 99%| O|  |TS  0|AC  0|TAMS 0x0000000702600000, 0x0000000702600000|
|  39|0x0000000702700000, 0x00000007027ffff8, 0x0000000702800000| 99%| O|  |TS  0|AC  0|TAMS 0x0000000702700000, 0x0000000702700000|
|  40|0x0000000702800000, 0x00000007028fffe8, 0x0000000702900000| 99%| O|  |TS  0|AC  0|TAMS 0x0000000702800000, 0x0000000702800000|
|  41|0x0000000702900000, 0x00000007029ffff8, 0x0000000702a00000| 99%| O|  |TS  0|AC  0|TAMS 0x0000000702900000, 0x0000000702900000|
|  42|0x0000000702a00000, 0x0000000702b00000, 0x0000000702b00000|100%|HS|  |TS  0|AC  0|TAMS 0x0000000702a00000, 0x0000000702a00000|
|  43|0x0000000702b00000, 0x0000000702c00000, 0x0000000702c00000|100%|HC|  |TS  0|AC  0|TAMS 0x0000000702b00000, 0x0000000702b00000|
|  44|0x0000000702c00000, 0x0000000702d00000, 0x0000000702d00000|100%|HC|  |TS  0|AC  0|TAMS 0x0000000702c00000, 0x0000000702c00000|
|  45|0x0000000702d00000, 0x0000000702e00000, 0x0000000702e00000|100%|HC|  |TS  0|AC  0|TAMS 0x0000000702d00000, 0x0000000702d00000|
|  46|0x0000000702e00000, 0x0000000702f00000, 0x0000000702f00000|100%|HC|  |TS  0|AC  0|TAMS 0x0000000702e00000, 0x0000000702e00000|
|  47|0x0000000702f00000, 0x0000000703000000, 0x0000000703000000|100%|HC|  |TS  0|AC  0|TAMS 0x0000000702f00000, 0x0000000702f00000|
|  48|0x0000000703000000, 0x0000000703100000, 0x0000000703100000|100%|HC|  |TS  0|AC  0|TAMS 0x0000000703000000, 0x0000000703000000|
|  49|0x0000000703100000, 0x0000000703200000, 0x0000000703200000|100%|HC|  |TS  0|AC  0|TAMS 0x0000000703100000, 0x0000000703100000|
|  50|0x0000000703200000, 0x00000007032ffff0, 0x0000000703300000| 99%| O|  |TS  0|AC  0|TAMS 0x0000000703200000, 0x0000000703200000|
|  51|0x0000000703300000, 0x0000000703400000, 0x0000000703400000|100%| O|  |TS  0|AC  0|TAMS 0x0000000703300000, 0x0000000703300000|
|  52|0x0000000703400000, 0x00000007034ffc08, 0x0000000703500000| 99%| O|  |TS  0|AC  0|TAMS 0x0000000703400000, 0x0000000703400000|
|  53|0x0000000703500000, 0x00000007035fffd0, 0x0000000703600000| 99%| O|  |TS  0|AC  0|TAMS 0x0000000703500000, 0x0000000703500000|
|  54|0x0000000703600000, 0x00000007036fffa0, 0x0000000703700000| 99%| O|  |TS  0|AC  0|TAMS 0x0000000703600000, 0x0000000703600000|
|  55|0x0000000703700000, 0x00000007037ffff8, 0x0000000703800000| 99%| O|  |TS  0|AC  0|TAMS 0x0000000703700000, 0x0000000703700000|
|  56|0x0000000703800000, 0x00000007038fff58, 0x0000000703900000| 99%| O|  |TS  0|AC  0|TAMS 0x0000000703800000, 0x0000000703800000|
|  57|0x0000000703900000, 0x00000007039fffe8, 0x0000000703a00000| 99%| O|  |TS  0|AC  0|TAMS 0x0000000703900000, 0x0000000703900000|
|  58|0x0000000703a00000, 0x0000000703afffe8, 0x0000000703b00000| 99%| O|  |TS  0|AC  0|TAMS 0x0000000703a00000, 0x0000000703a00000|
|  59|0x0000000703b00000, 0x0000000703c00000, 0x0000000703c00000|100%| O|  |TS  0|AC  0|TAMS 0x0000000703b00000, 0x0000000703b00000|
|  60|0x0000000703c00000, 0x0000000703cffff0, 0x0000000703d00000| 99%| O|  |TS  0|AC  0|TAMS 0x0000000703c00000, 0x0000000703c00000|
|  61|0x0000000703d00000, 0x0000000703d53968, 0x0000000703e00000| 32%| O|  |TS  0|AC  0|TAMS 0x0000000703d00000, 0x0000000703d00000|
|  62|0x0000000703e00000, 0x0000000703f00000, 0x0000000703f00000|100%|HS|  |TS  0|AC  0|TAMS 0x0000000703e00000, 0x0000000703e00000|
|  63|0x0000000703f00000, 0x0000000704000000, 0x0000000704000000|100%|HC|  |TS  0|AC  0|TAMS 0x0000000703f00000, 0x0000000703f00000|
|  64|0x0000000704000000, 0x0000000704000000, 0x0000000704100000|  0%| F|  |TS  0|AC  0|TAMS 0x0000000704000000, 0x0000000704000000|
|  65|0x0000000704100000, 0x0000000704200000, 0x0000000704200000|100%|HS|  |TS  0|AC  0|TAMS 0x0000000704100000, 0x0000000704100000|
|  66|0x0000000704200000, 0x0000000704300000, 0x0000000704300000|100%|HS|  |TS  0|AC  0|TAMS 0x0000000704200000, 0x0000000704200000|
|  67|0x0000000704300000, 0x0000000704400000, 0x0000000704400000|100%|HC|  |TS  0|AC  0|TAMS 0x0000000704300000, 0x0000000704300000|
|  68|0x0000000704400000, 0x0000000704400000, 0x0000000704500000|  0%| F|  |TS  0|AC  0|TAMS 0x0000000704400000, 0x0000000704400000|
|  69|0x0000000704500000, 0x0000000704500000, 0x0000000704600000|  0%| F|  |TS  0|AC  0|TAMS 0x0000000704500000, 0x0000000704500000|
|  70|0x0000000704600000, 0x0000000704600000, 0x0000000704700000|  0%| F|  |TS  0|AC  0|TAMS 0x0000000704600000, 0x0000000704600000|
|  71|0x0000000704700000, 0x0000000704700000, 0x0000000704800000|  0%| F|  |TS  0|AC  0|TAMS 0x0000000704700000, 0x0000000704700000|
|  72|0x0000000704800000, 0x0000000704800000, 0x0000000704900000|  0%| F|  |TS  0|AC  0|TAMS 0x0000000704800000, 0x0000000704800000|
|  73|0x0000000704900000, 0x0000000704900000, 0x0000000704a00000|  0%| F|  |TS  0|AC  0|TAMS 0x0000000704900000, 0x0000000704900000|
|  74|0x0000000704a00000, 0x0000000704a00000, 0x0000000704b00000|  0%| F|  |TS  0|AC  0|TAMS 0x0000000704a00000, 0x0000000704a00000|
|  75|0x0000000704b00000, 0x0000000704b00000, 0x0000000704c00000|  0%| F|  |TS  0|AC  0|TAMS 0x0000000704b00000, 0x0000000704b00000|
|  76|0x0000000704c00000, 0x0000000704c00000, 0x0000000704d00000|  0%| F|  |TS  0|AC  0|TAMS 0x0000000704c00000, 0x0000000704c00000|
|  77|0x0000000704d00000, 0x0000000704d00000, 0x0000000704e00000|  0%| F|  |TS  0|AC  0|TAMS 0x0000000704d00000, 0x0000000704d00000|
|  78|0x0000000704e00000, 0x0000000704e00000, 0x0000000704f00000|  0%| F|  |TS  0|AC  0|TAMS 0x0000000704e00000, 0x0000000704e00000|
|  79|0x0000000704f00000, 0x0000000704f00000, 0x0000000705000000|  0%| F|  |TS  0|AC  0|TAMS 0x0000000704f00000, 0x0000000704f00000|
|  80|0x0000000705000000, 0x0000000705000000, 0x0000000705100000|  0%| F|  |TS  0|AC  0|TAMS 0x0000000705000000, 0x0000000705000000|
|  81|0x0000000705100000, 0x0000000705100000, 0x0000000705200000|  0%| F|  |TS  0|AC  0|TAMS 0x0000000705100000, 0x0000000705100000|
|  82|0x0000000705200000, 0x0000000705200000, 0x0000000705300000|  0%| F|  |TS  0|AC  0|TAMS 0x0000000705200000, 0x0000000705200000|
|  83|0x0000000705300000, 0x0000000705300000, 0x0000000705400000|  0%| F|  |TS  0|AC  0|TAMS 0x0000000705300000, 0x0000000705300000|
|  84|0x0000000705400000, 0x0000000705400000, 0x0000000705500000|  0%| F|  |TS  0|AC  0|TAMS 0x0000000705400000, 0x0000000705400000|
|  85|0x0000000705500000, 0x0000000705500000, 0x0000000705600000|  0%| F|  |TS  0|AC  0|TAMS 0x0000000705500000, 0x0000000705500000|
|  86|0x0000000705600000, 0x0000000705600000, 0x0000000705700000|  0%| F|  |TS  0|AC  0|TAMS 0x0000000705600000, 0x0000000705600000|
|  87|0x0000000705700000, 0x0000000705700000, 0x0000000705800000|  0%| F|  |TS  0|AC  0|TAMS 0x0000000705700000, 0x0000000705700000|
|  88|0x0000000705800000, 0x0000000705800000, 0x0000000705900000|  0%| F|  |TS  0|AC  0|TAMS 0x0000000705800000, 0x0000000705800000|
|  89|0x0000000705900000, 0x0000000705900000, 0x0000000705a00000|  0%| F|  |TS  0|AC  0|TAMS 0x0000000705900000, 0x0000000705900000|
|  90|0x0000000705a00000, 0x0000000705a00000, 0x0000000705b00000|  0%| F|  |TS  0|AC  0|TAMS 0x0000000705a00000, 0x0000000705a00000|
|  91|0x0000000705b00000, 0x0000000705b00000, 0x0000000705c00000|  0%| F|  |TS  0|AC  0|TAMS 0x0000000705b00000, 0x0000000705b00000|
|  92|0x0000000705c00000, 0x0000000705c00000, 0x0000000705d00000|  0%| F|  |TS  0|AC  0|TAMS 0x0000000705c00000, 0x0000000705c00000|
|  93|0x0000000705d00000, 0x0000000705d00000, 0x0000000705e00000|  0%| F|  |TS  0|AC  0|TAMS 0x0000000705d00000, 0x0000000705d00000|
|  94|0x0000000705e00000, 0x0000000705e00000, 0x0000000705f00000|  0%| F|  |TS  0|AC  0|TAMS 0x0000000705e00000, 0x0000000705e00000|
|  95|0x0000000705f00000, 0x0000000705f00000, 0x0000000706000000|  0%| F|  |TS  0|AC  0|TAMS 0x0000000705f00000, 0x0000000705f00000|
|  96|0x0000000706000000, 0x0000000706000000, 0x0000000706100000|  0%| F|  |TS  0|AC  0|TAMS 0x0000000706000000, 0x0000000706000000|
|  97|0x0000000706100000, 0x0000000706100000, 0x0000000706200000|  0%| F|  |TS  0|AC  0|TAMS 0x0000000706100000, 0x0000000706100000|
|  98|0x0000000706200000, 0x0000000706200000, 0x0000000706300000|  0%| F|  |TS  0|AC  0|TAMS 0x0000000706200000, 0x0000000706200000|
|  99|0x0000000706300000, 0x0000000706300000, 0x0000000706400000|  0%| F|  |TS  0|AC  0|TAMS 0x0000000706300000, 0x0000000706300000|
| 100|0x0000000706400000, 0x0000000706400000, 0x0000000706500000|  0%| F|  |TS  0|AC  0|TAMS 0x0000000706400000, 0x0000000706400000|
| 101|0x0000000706500000, 0x0000000706500000, 0x0000000706600000|  0%| F|  |TS  0|AC  0|TAMS 0x0000000706500000, 0x0000000706500000|
| 102|0x0000000706600000, 0x0000000706600000, 0x0000000706700000|  0%| F|  |TS  0|AC  0|TAMS 0x0000000706600000, 0x0000000706600000|
| 103|0x0000000706700000, 0x0000000706700000, 0x0000000706800000|  0%| F|  |TS  0|AC  0|TAMS 0x0000000706700000, 0x0000000706700000|
| 104|0x0000000706800000, 0x00000007068f23f0, 0x0000000706900000| 94%| S|CS|TS 17|AC  0|TAMS 0x0000000706800000, 0x0000000706800000|
| 105|0x0000000706900000, 0x0000000706900000, 0x0000000706a00000|  0%| F|  |TS 17|AC  0|TAMS 0x0000000706900000, 0x0000000706900000|
| 106|0x0000000706a00000, 0x0000000706a00000, 0x0000000706b00000|  0%| F|  |TS 17|AC  0|TAMS 0x0000000706a00000, 0x0000000706a00000|
| 107|0x0000000706b00000, 0x0000000706b00000, 0x0000000706c00000|  0%| F|  |TS 17|AC  0|TAMS 0x0000000706b00000, 0x0000000706b00000|
| 108|0x0000000706c00000, 0x0000000706c00000, 0x0000000706d00000|  0%| F|  |TS 17|AC  0|TAMS 0x0000000706c00000, 0x0000000706c00000|
| 109|0x0000000706d00000, 0x0000000706d00000, 0x0000000706e00000|  0%| F|  |TS 17|AC  0|TAMS 0x0000000706d00000, 0x0000000706d00000|
| 110|0x0000000706e00000, 0x0000000706e00000, 0x0000000706f00000|  0%| F|  |TS 17|AC  0|TAMS 0x0000000706e00000, 0x0000000706e00000|
| 111|0x0000000706f00000, 0x0000000706f00000, 0x0000000707000000|  0%| F|  |TS 17|AC  0|TAMS 0x0000000706f00000, 0x0000000706f00000|
| 112|0x0000000707000000, 0x0000000707000000, 0x0000000707100000|  0%| F|  |TS 17|AC  0|TAMS 0x0000000707000000, 0x0000000707000000|
| 113|0x0000000707100000, 0x0000000707100000, 0x0000000707200000|  0%| F|  |TS 17|AC  0|TAMS 0x0000000707100000, 0x0000000707100000|
| 114|0x0000000707200000, 0x0000000707200000, 0x0000000707300000|  0%| F|  |TS 17|AC  0|TAMS 0x0000000707200000, 0x0000000707200000|
| 115|0x0000000707300000, 0x0000000707300000, 0x0000000707400000|  0%| F|  |TS 17|AC  0|TAMS 0x0000000707300000, 0x0000000707300000|
| 116|0x0000000707400000, 0x0000000707400000, 0x0000000707500000|  0%| F|  |TS 17|AC  0|TAMS 0x0000000707400000, 0x0000000707400000|
| 117|0x0000000707500000, 0x0000000707500000, 0x0000000707600000|  0%| F|  |TS 17|AC  0|TAMS 0x0000000707500000, 0x0000000707500000|
| 118|0x0000000707600000, 0x0000000707600000, 0x0000000707700000|  0%| F|  |TS 17|AC  0|TAMS 0x0000000707600000, 0x0000000707600000|
| 119|0x0000000707700000, 0x0000000707700000, 0x0000000707800000|  0%| F|  |TS 17|AC  0|TAMS 0x0000000707700000, 0x0000000707700000|
| 120|0x0000000707800000, 0x0000000707800000, 0x0000000707900000|  0%| F|  |TS 17|AC  0|TAMS 0x0000000707800000, 0x0000000707800000|
| 121|0x0000000707900000, 0x0000000707900000, 0x0000000707a00000|  0%| F|  |TS 17|AC  0|TAMS 0x0000000707900000, 0x0000000707900000|
| 122|0x0000000707a00000, 0x0000000707a00000, 0x0000000707b00000|  0%| F|  |TS 17|AC  0|TAMS 0x0000000707a00000, 0x0000000707a00000|
| 123|0x0000000707b00000, 0x0000000707b00000, 0x0000000707c00000|  0%| F|  |TS 17|AC  0|TAMS 0x0000000707b00000, 0x0000000707b00000|
| 124|0x0000000707c00000, 0x0000000707c00000, 0x0000000707d00000|  0%| F|  |TS 17|AC  0|TAMS 0x0000000707c00000, 0x0000000707c00000|
| 125|0x0000000707d00000, 0x0000000707d00000, 0x0000000707e00000|  0%| F|  |TS 17|AC  0|TAMS 0x0000000707d00000, 0x0000000707d00000|
| 126|0x0000000707e00000, 0x0000000707e00000, 0x0000000707f00000|  0%| F|  |TS 17|AC  0|TAMS 0x0000000707e00000, 0x0000000707e00000|
| 127|0x0000000707f00000, 0x0000000707f00000, 0x0000000708000000|  0%| F|  |TS 17|AC  0|TAMS 0x0000000707f00000, 0x0000000707f00000|
| 128|0x0000000708000000, 0x0000000708000000, 0x0000000708100000|  0%| F|  |TS 17|AC  0|TAMS 0x0000000708000000, 0x0000000708000000|
| 129|0x0000000708100000, 0x0000000708100000, 0x0000000708200000|  0%| F|  |TS 17|AC  0|TAMS 0x0000000708100000, 0x0000000708100000|
| 130|0x0000000708200000, 0x0000000708200000, 0x0000000708300000|  0%| F|  |TS 17|AC  0|TAMS 0x0000000708200000, 0x0000000708200000|
| 131|0x0000000708300000, 0x0000000708300000, 0x0000000708400000|  0%| F|  |TS 17|AC  0|TAMS 0x0000000708300000, 0x0000000708300000|
| 132|0x0000000708400000, 0x0000000708400000, 0x0000000708500000|  0%| F|  |TS 17|AC  0|TAMS 0x0000000708400000, 0x0000000708400000|
| 133|0x0000000708500000, 0x0000000708500000, 0x0000000708600000|  0%| F|  |TS 17|AC  0|TAMS 0x0000000708500000, 0x0000000708500000|
| 134|0x0000000708600000, 0x0000000708600000, 0x0000000708700000|  0%| F|  |TS 17|AC  0|TAMS 0x0000000708600000, 0x0000000708600000|
| 135|0x0000000708700000, 0x0000000708700000, 0x0000000708800000|  0%| F|  |TS 17|AC  0|TAMS 0x0000000708700000, 0x0000000708700000|
| 136|0x0000000708800000, 0x0000000708800000, 0x0000000708900000|  0%| F|  |TS 17|AC  0|TAMS 0x0000000708800000, 0x0000000708800000|
| 137|0x0000000708900000, 0x0000000708900000, 0x0000000708a00000|  0%| F|  |TS 17|AC  0|TAMS 0x0000000708900000, 0x0000000708900000|
| 138|0x0000000708a00000, 0x0000000708a00000, 0x0000000708b00000|  0%| F|  |TS 17|AC  0|TAMS 0x0000000708a00000, 0x0000000708a00000|
| 139|0x0000000708b00000, 0x0000000708b00000, 0x0000000708c00000|  0%| F|  |TS 17|AC  0|TAMS 0x0000000708b00000, 0x0000000708b00000|
| 140|0x0000000708c00000, 0x0000000708c00000, 0x0000000708d00000|  0%| F|  |TS 17|AC  0|TAMS 0x0000000708c00000, 0x0000000708c00000|
| 141|0x0000000708d00000, 0x0000000708d00000, 0x0000000708e00000|  0%| F|  |TS 17|AC  0|TAMS 0x0000000708d00000, 0x0000000708d00000|
| 142|0x0000000708e00000, 0x0000000708e00000, 0x0000000708f00000|  0%| F|  |TS 17|AC  0|TAMS 0x0000000708e00000, 0x0000000708e00000|
| 143|0x0000000708f00000, 0x0000000708f00000, 0x0000000709000000|  0%| F|  |TS 17|AC  0|TAMS 0x0000000708f00000, 0x0000000708f00000|
| 144|0x0000000709000000, 0x0000000709000000, 0x0000000709100000|  0%| F|  |TS 17|AC  0|TAMS 0x0000000709000000, 0x0000000709000000|
| 145|0x0000000709100000, 0x0000000709100000, 0x0000000709200000|  0%| F|  |TS 17|AC  0|TAMS 0x0000000709100000, 0x0000000709100000|
| 146|0x0000000709200000, 0x0000000709200000, 0x0000000709300000|  0%| F|  |TS 17|AC  0|TAMS 0x0000000709200000, 0x0000000709200000|
| 147|0x0000000709300000, 0x0000000709300000, 0x0000000709400000|  0%| F|  |TS 17|AC  0|TAMS 0x0000000709300000, 0x0000000709300000|
| 148|0x0000000709400000, 0x0000000709400000, 0x0000000709500000|  0%| F|  |TS 17|AC  0|TAMS 0x0000000709400000, 0x0000000709400000|
| 149|0x0000000709500000, 0x0000000709500000, 0x0000000709600000|  0%| F|  |TS 17|AC  0|TAMS 0x0000000709500000, 0x0000000709500000|
| 150|0x0000000709600000, 0x0000000709600000, 0x0000000709700000|  0%| F|  |TS 17|AC  0|TAMS 0x0000000709600000, 0x0000000709600000|
| 151|0x0000000709700000, 0x0000000709700000, 0x0000000709800000|  0%| F|  |TS 17|AC  0|TAMS 0x0000000709700000, 0x0000000709700000|
| 152|0x0000000709800000, 0x0000000709800000, 0x0000000709900000|  0%| F|  |TS 17|AC  0|TAMS 0x0000000709800000, 0x0000000709800000|
| 153|0x0000000709900000, 0x0000000709900000, 0x0000000709a00000|  0%| F|  |TS 17|AC  0|TAMS 0x0000000709900000, 0x0000000709900000|
| 154|0x0000000709a00000, 0x0000000709a00000, 0x0000000709b00000|  0%| F|  |TS 17|AC  0|TAMS 0x0000000709a00000, 0x0000000709a00000|
| 155|0x0000000709b00000, 0x0000000709b00000, 0x0000000709c00000|  0%| F|  |TS 17|AC  0|TAMS 0x0000000709b00000, 0x0000000709b00000|
| 156|0x0000000709c00000, 0x0000000709c00000, 0x0000000709d00000|  0%| F|  |TS 17|AC  0|TAMS 0x0000000709c00000, 0x0000000709c00000|
| 157|0x0000000709d00000, 0x0000000709d00000, 0x0000000709e00000|  0%| F|  |TS 17|AC  0|TAMS 0x0000000709d00000, 0x0000000709d00000|
| 158|0x0000000709e00000, 0x0000000709e00000, 0x0000000709f00000|  0%| F|  |TS 17|AC  0|TAMS 0x0000000709e00000, 0x0000000709e00000|
| 159|0x0000000709f00000, 0x0000000709f00000, 0x000000070a000000|  0%| F|  |TS 17|AC  0|TAMS 0x0000000709f00000, 0x0000000709f00000|
| 160|0x000000070a000000, 0x000000070a000000, 0x000000070a100000|  0%| F|  |TS 17|AC  0|TAMS 0x000000070a000000, 0x000000070a000000|
| 161|0x000000070a100000, 0x000000070a100000, 0x000000070a200000|  0%| F|  |TS 17|AC  0|TAMS 0x000000070a100000, 0x000000070a100000|
| 162|0x000000070a200000, 0x000000070a2a1128, 0x000000070a300000| 62%| E|  |TS 17|AC  0|TAMS 0x000000070a200000, 0x000000070a200000|
| 163|0x000000070a300000, 0x000000070a400000, 0x000000070a400000|100%| E|CS|TS 17|AC  0|TAMS 0x000000070a300000, 0x000000070a300000|
| 164|0x000000070a400000, 0x000000070a500000, 0x000000070a500000|100%| E|CS|TS 17|AC  0|TAMS 0x000000070a400000, 0x000000070a400000|

Card table byte_map: [0x0000020fe5a80000,0x0000020fe6080000] byte_map_base: 0x0000020fe2280000

Marking Bits (Prev, Next): (CMBitMap*) 0x0000020fcd3848b0, (CMBitMap*) 0x0000020fcd3848e8
 Prev Bits: [0x0000020fe6680000, 0x0000020fe9680000)
 Next Bits: [0x0000020fe9680000, 0x0000020fec680000)

Polling page: 0x0000020fc3220000

CodeHeap 'non-profiled nmethods': size=120000Kb used=17127Kb max_used=17127Kb free=102872Kb
 bounds [0x0000020fde550000, 0x0000020fdf610000, 0x0000020fe5a80000]
CodeHeap 'profiled nmethods': size=120000Kb used=37494Kb max_used=38385Kb free=82505Kb
 bounds [0x0000020fd7020000, 0x0000020fd95f0000, 0x0000020fde550000]
CodeHeap 'non-nmethods': size=5760Kb used=1768Kb max_used=1798Kb free=3991Kb
 bounds [0x0000020fd6a80000, 0x0000020fd6cf0000, 0x0000020fd7020000]
 total_blobs=27040 nmethods=15186 adapters=1094
 compilation: enabled

Compilation events (10 events):
Event: 511.080 Thread 0x0000020fcd090800 18708       3       javax.swing.plaf.synth.SynthDesktopIconUI::installComponents (143 bytes)
Event: 511.081 Thread 0x0000020fcd090800 nmethod 18708 0x0000020fd86afc10 code [0x0000020fd86affc0, 0x0000020fd86b1e30]
Event: 511.081 Thread 0x0000020fcd090800 18709       3       javax.swing.plaf.synth.SynthDesktopIconUI::installListeners (45 bytes)
Event: 511.081 Thread 0x0000020fcd090800 nmethod 18709 0x0000020fd7fc3890 code [0x0000020fd7fc3b00, 0x0000020fd7fc4790]
Event: 511.081 Thread 0x0000020fcd090800 18710       3       javax.swing.plaf.basic.BasicDesktopIconUI::installListeners (31 bytes)
Event: 511.081 Thread 0x0000020fcd090800 nmethod 18710 0x0000020fd7f6b290 code [0x0000020fd7f6b480, 0x0000020fd7f6bb00]
Event: 511.081 Thread 0x0000020fcd090800 18711       3       javax.swing.plaf.basic.BasicDesktopIconUI::createMouseInputListener (9 bytes)
Event: 511.081 Thread 0x0000020fcd090800 nmethod 18711 0x0000020fd7dd2790 code [0x0000020fd7dd2960, 0x0000020fd7dd2cf8]
Event: 511.083 Thread 0x0000020fcd090800 18712       3       sun.awt.image.ImageRepresentation::drawToBufImage (171 bytes)
Event: 511.084 Thread 0x0000020fcd090800 nmethod 18712 0x0000020fd8172210 code [0x0000020fd8172460, 0x0000020fd8173060]

GC Heap History (10 events):
Event: 456.414 GC heap before
{Heap before GC invocations=107 (full 25):
 garbage-first heap   total 168960K, used 128079K [0x0000000700000000, 0x0000000700100528, 0x00000007c0000000)
  region size 1024K, 60 young (61440K), 1 survivors (1024K)
 Metaspace       used 80963K, capacity 86911K, committed 86940K, reserved 1124352K
  class space    used 11140K, capacity 12170K, committed 12188K, reserved 1048576K
}
Event: 456.416 GC heap after
{Heap after GC invocations=108 (full 25):
 garbage-first heap   total 168960K, used 67717K [0x0000000700000000, 0x0000000700100528, 0x00000007c0000000)
  region size 1024K, 1 young (1024K), 1 survivors (1024K)
 Metaspace       used 80963K, capacity 86911K, committed 86940K, reserved 1124352K
  class space    used 11140K, capacity 12170K, committed 12188K, reserved 1048576K
}
Event: 460.197 GC heap before
{Heap before GC invocations=108 (full 25):
 garbage-first heap   total 168960K, used 128133K [0x0000000700000000, 0x0000000700100528, 0x00000007c0000000)
  region size 1024K, 60 young (61440K), 1 survivors (1024K)
 Metaspace       used 81001K, capacity 86917K, committed 86940K, reserved 1124352K
  class space    used 11142K, capacity 12171K, committed 12188K, reserved 1048576K
}
Event: 460.200 GC heap after
{Heap after GC invocations=109 (full 25):
 garbage-first heap   total 168960K, used 67821K [0x0000000700000000, 0x0000000700100528, 0x00000007c0000000)
  region size 1024K, 1 young (1024K), 1 survivors (1024K)
 Metaspace       used 81001K, capacity 86917K, committed 86940K, reserved 1124352K
  class space    used 11142K, capacity 12171K, committed 12188K, reserved 1048576K
}
Event: 464.671 GC heap before
{Heap before GC invocations=109 (full 25):
 garbage-first heap   total 168960K, used 128237K [0x0000000700000000, 0x0000000700100528, 0x00000007c0000000)
  region size 1024K, 60 young (61440K), 1 survivors (1024K)
 Metaspace       used 81226K, capacity 87483K, committed 87580K, reserved 1124352K
  class space    used 11200K, capacity 12280K, committed 12316K, reserved 1048576K
}
Event: 464.676 GC heap after
{Heap after GC invocations=110 (full 25):
 garbage-first heap   total 168960K, used 68182K [0x0000000700000000, 0x0000000700100528, 0x00000007c0000000)
  region size 1024K, 1 young (1024K), 1 survivors (1024K)
 Metaspace       used 81226K, capacity 87483K, committed 87580K, reserved 1124352K
  class space    used 11200K, capacity 12280K, committed 12316K, reserved 1048576K
}
Event: 509.844 GC heap before
{Heap before GC invocations=110 (full 25):
 garbage-first heap   total 168960K, used 128598K [0x0000000700000000, 0x0000000700100528, 0x00000007c0000000)
  region size 1024K, 60 young (61440K), 1 survivors (1024K)
 Metaspace       used 81274K, capacity 87483K, committed 87580K, reserved 1124352K
  class space    used 11200K, capacity 12280K, committed 12316K, reserved 1048576K
}
Event: 509.847 GC heap after
{Heap after GC invocations=111 (full 25):
 garbage-first heap   total 168960K, used 68110K [0x0000000700000000, 0x0000000700100528, 0x00000007c0000000)
  region size 1024K, 1 young (1024K), 1 survivors (1024K)
 Metaspace       used 81274K, capacity 87483K, committed 87580K, reserved 1124352K
  class space    used 11200K, capacity 12280K, committed 12316K, reserved 1048576K
}
Event: 511.104 GC heap before
{Heap before GC invocations=111 (full 25):
 garbage-first heap   total 168960K, used 128526K [0x0000000700000000, 0x0000000700100528, 0x00000007c0000000)
  region size 1024K, 60 young (61440K), 1 survivors (1024K)
 Metaspace       used 81292K, capacity 87553K, committed 87836K, reserved 1124352K
  class space    used 11200K, capacity 12281K, committed 12316K, reserved 1048576K
}
Event: 511.106 GC heap after
{Heap after GC invocations=112 (full 25):
 garbage-first heap   total 168960K, used 68138K [0x0000000700000000, 0x0000000700100528, 0x00000007c0000000)
  region size 1024K, 1 young (1024K), 1 survivors (1024K)
 Metaspace       used 81292K, capacity 87553K, committed 87836K, reserved 1124352K
  class space    used 11200K, capacity 12281K, committed 12316K, reserved 1048576K
}

Deoptimization events (10 events):
Event: 461.024 Thread 0x0000020fce087800 Uncommon trap: reason=class_check action=maybe_recompile pc=0x0000020fdeb0e448 method=java.util.HashMap.removeNode(ILjava/lang/Object;Ljava/lang/Object;ZZ)Ljava/util/HashMap$Node; @ 68 c2
Event: 461.695 Thread 0x0000020fce087800 Uncommon trap: reason=bimorphic_or_optimized_type_check action=maybe_recompile pc=0x0000020fde771ff8 method=java.util.TreeMap.getEntryUsingComparator(Ljava/lang/Object;)Ljava/util/TreeMap$Entry; @ 29 c2
Event: 461.704 Thread 0x0000020fce087800 Uncommon trap: reason=class_check action=maybe_recompile pc=0x0000020fde5be5ec method=java.lang.Throwable.<init>()V @ 24 c2
Event: 461.829 Thread 0x0000020fce087800 Uncommon trap: reason=class_check action=maybe_recompile pc=0x0000020fde64026c method=java.lang.Throwable.<init>()V @ 24 c2
Event: 509.956 Thread 0x0000020fce087800 Uncommon trap: reason=class_check action=maybe_recompile pc=0x0000020fdf0928fc method=java.awt.DefaultKeyboardFocusManager.dispatchEvent(Ljava/awt/AWTEvent;)Z @ 470 c2
Event: 509.969 Thread 0x0000020fce087800 Uncommon trap: reason=class_check action=maybe_recompile pc=0x0000020fdecd971c method=javax.swing.RepaintManager.scheduleHeavyWeightPaints()V @ 72 c2
Event: 509.974 Thread 0x0000020fce087800 Uncommon trap: reason=bimorphic_or_optimized_type_check action=maybe_recompile pc=0x0000020fdf573f04 method=javax.swing.RepaintManager$4.run()Ljava/lang/Void; @ 91 c2
Event: 509.976 Thread 0x0000020fce087800 Uncommon trap: reason=bimorphic_or_optimized_type_check action=maybe_recompile pc=0x0000020fdf0923b0 method=java.awt.DefaultKeyboardFocusManager.dispatchEvent(Ljava/awt/AWTEvent;)Z @ 1467 c2
Event: 511.022 Thread 0x0000020fce087800 Uncommon trap: reason=class_check action=maybe_recompile pc=0x0000020fdeabb608 method=javax.swing.AbstractButton.setEnabled(Z)V @ 21 c2
Event: 511.109 Thread 0x0000020fce087800 Uncommon trap: reason=class_check action=maybe_recompile pc=0x0000020fdf0928fc method=java.awt.DefaultKeyboardFocusManager.dispatchEvent(Ljava/awt/AWTEvent;)Z @ 470 c2

Classes redefined (0 events):
No events

Internal exceptions (10 events):
Event: 303.743 Thread 0x0000020fce087800 Exception <a 'java/lang/NoSuchMethodError'{0x000000070974ce70}: method resolution failed> (0x000000070974ce70) thrown at [t:/workspace/hotspot/src/share/vm/prims/methodHandles.cpp, line 1256]
Event: 303.831 Thread 0x0000020fce087800 Exception <a 'java/lang/NoSuchMethodError'{0x0000000709552d90}: method resolution failed> (0x0000000709552d90) thrown at [t:/workspace/hotspot/src/share/vm/prims/methodHandles.cpp, line 1256]
Event: 460.527 Thread 0x0000020fce087800 Exception <a 'java/lang/NoSuchMethodError'{0x000000070a069be8}: java.lang.invoke.DirectMethodHandle$Holder.invokeSpecial(Ljava/lang/Object;Ljava/lang/Object;Ljava/lang/Object;IILjava/lang/Object;Ljava/lang/Object;Ljava/lang/Object;Ljava/lang/Object;Ljava/
Event: 460.527 Thread 0x0000020fce087800 Exception <a 'java/lang/NoSuchMethodError'{0x000000070a06e680}: java.lang.invoke.DelegatingMethodHandle$Holder.reinvoke_L(Ljava/lang/Object;Ljava/lang/Object;IILjava/lang/Object;Ljava/lang/Object;Ljava/lang/Object;Ljava/lang/Object;Ljava/lang/Object;Ljava
Event: 460.529 Thread 0x0000020fce087800 Exception <a 'java/lang/NoSuchMethodError'{0x000000070a0e1a20}: java.lang.invoke.DirectMethodHandle$Holder.invokeSpecial(Ljava/lang/Object;Ljava/lang/Object;IILjava/lang/Object;Ljava/lang/Object;Ljava/lang/Object;Ljava/lang/Object;Ljava/lang/Object;Ljava/
Event: 460.529 Thread 0x0000020fce087800 Exception <a 'java/lang/NoSuchMethodError'{0x000000070a0e5c48}: java.lang.invoke.DelegatingMethodHandle$Holder.reinvoke_L(Ljava/lang/Object;IILjava/lang/Object;Ljava/lang/Object;Ljava/lang/Object;Ljava/lang/Object;Ljava/lang/Object;Ljava/lang/Object;Ljava
Event: 460.530 Thread 0x0000020fce087800 Exception <a 'java/lang/NoSuchMethodError'{0x0000000709f37948}: java.lang.invoke.DirectMethodHandle$Holder.invokeSpecial(Ljava/lang/Object;Ljava/lang/Object;Ljava/lang/Object;Ljava/lang/Object;Ljava/lang/Object;Ljava/lang/Object;Ljava/lang/Object;Ljava/la
Event: 460.532 Thread 0x0000020fce087800 Exception <a 'java/lang/NoSuchMethodError'{0x0000000709fbf980}: java.lang.invoke.DirectMethodHandle$Holder.invokeSpecial(Ljava/lang/Object;Ljava/lang/Object;IILjava/lang/Object;IILjava/lang/Object;Ljava/lang/Object;)Ljava/lang/Object;> (0x0000000709fbf980
Event: 460.532 Thread 0x0000020fce087800 Exception <a 'java/lang/NoSuchMethodError'{0x0000000709fc32b8}: java.lang.invoke.DelegatingMethodHandle$Holder.reinvoke_L(Ljava/lang/Object;IILjava/lang/Object;IILjava/lang/Object;Ljava/lang/Object;)Ljava/lang/Object;> (0x0000000709fc32b8) thrown at [t:/w
Event: 460.533 Thread 0x0000020fce087800 Exception <a 'java/lang/NoSuchMethodError'{0x0000000709e1a508}: java.lang.invoke.DirectMethodHandle$Holder.invokeSpecial(Ljava/lang/Object;Ljava/lang/Object;Ljava/lang/Object;IILjava/lang/Object;Ljava/lang/Object;)Ljava/lang/Object;> (0x0000000709e1a508) 

Events (10 events):
Event: 510.738 Thread 0x0000020f8465c800 Thread added: 0x0000020f8465c800
Event: 510.740 Thread 0x0000020f8465c800 Thread exited: 0x0000020f8465c800
Event: 511.022 Thread 0x0000020fce087800 Uncommon trap: trap_request=0xffffffde fr.pc=0x0000020fdeabb608 relative=0x00000000000001a8
Event: 511.022 Thread 0x0000020fce087800 DEOPT PACKING pc=0x0000020fdeabb608 sp=0x000000c450ef52f0
Event: 511.022 Thread 0x0000020fce087800 DEOPT UNPACKING pc=0x0000020fd6acdf29 sp=0x000000c450ef52a8 mode 2
Event: 511.104 Executing VM operation: G1IncCollectionPause
Event: 511.106 Executing VM operation: G1IncCollectionPause done
Event: 511.109 Thread 0x0000020fce087800 Uncommon trap: trap_request=0xffffffde fr.pc=0x0000020fdf0928fc relative=0x0000000000003f5c
Event: 511.109 Thread 0x0000020fce087800 DEOPT PACKING pc=0x0000020fdf0928fc sp=0x000000c450ef8540
Event: 511.109 Thread 0x0000020fce087800 DEOPT UNPACKING pc=0x0000020fd6acdf29 sp=0x000000c450ef84f8 mode 2


Dynamic libraries:
0x00007ff71c920000 - 0x00007ff71c950000 	F:\Xilinx\Vivado\2019.2\bin\unwrapped\win64.o\vivado.exe
0x00007ffe65bf0000 - 0x00007ffe65de8000 	C:\Windows\SYSTEM32\ntdll.dll
0x00007ffe65800000 - 0x00007ffe658bd000 	C:\Windows\System32\KERNEL32.DLL
0x00007ffe63310000 - 0x00007ffe635de000 	C:\Windows\System32\KERNELBASE.dll
0x00007ffe63940000 - 0x00007ffe63a40000 	C:\Windows\System32\ucrtbase.dll
0x00007ffe4e1a0000 - 0x00007ffe4e22d000 	C:\Windows\SYSTEM32\MSVCP140.dll
0x00007ffe54c40000 - 0x00007ffe54c54000 	F:\Xilinx\Vivado\2019.2\lib\win64.o\libboost_signals.dll
0x00007ffe5bc80000 - 0x00007ffe5bc96000 	F:\Xilinx\Vivado\2019.2\lib\win64.o\librdi_commonmain.dll
0x00007ffe50880000 - 0x00007ffe5089a000 	C:\Windows\SYSTEM32\VCRUNTIME140.dll
0x00007ffe2f590000 - 0x00007ffe304d3000 	F:\Xilinx\Vivado\2019.2\lib\win64.o\librdi_common.dll
0x00007ffe5edf0000 - 0x00007ffe5edfc000 	C:\Windows\SYSTEM32\VCRUNTIME140_1.dll
0x00007ffe658d0000 - 0x00007ffe65a70000 	C:\Windows\System32\USER32.dll
0x00007ffe4e500000 - 0x00007ffe4e526000 	F:\Xilinx\Vivado\2019.2\lib\win64.o\libboost_filesystem.dll
0x00007ffe635e0000 - 0x00007ffe63602000 	C:\Windows\System32\win32u.dll
0x00007ffe64ad0000 - 0x00007ffe64b7e000 	C:\Windows\System32\ADVAPI32.dll
0x00007ffe5e460000 - 0x00007ffe5e46a000 	F:\Xilinx\Vivado\2019.2\lib\win64.o\librdi_commonversion.dll
0x00007ffe65570000 - 0x00007ffe6559a000 	C:\Windows\System32\GDI32.dll
0x00007ffe63d20000 - 0x00007ffe63dbe000 	C:\Windows\System32\msvcrt.dll
0x00007ffe32360000 - 0x00007ffe32501000 	F:\Xilinx\Vivado\2019.2\lib\win64.o\librdi_commonxillic.dll
0x00007ffe63800000 - 0x00007ffe6390b000 	C:\Windows\System32\gdi32full.dll
0x00007ffe641d0000 - 0x00007ffe6426c000 	C:\Windows\System32\sechost.dll
0x00007ffe64a60000 - 0x00007ffe64acb000 	C:\Windows\System32\WS2_32.dll
0x00007ffe63b40000 - 0x00007ffe63bdd000 	C:\Windows\System32\msvcp_win.dll
0x00007ffe655a0000 - 0x00007ffe656c5000 	C:\Windows\System32\RPCRT4.dll
0x00000000540b0000 - 0x00000000541db000 	F:\Xilinx\Vivado\2019.2\lib\win64.o\tcl85t.dll
0x00007ffe63910000 - 0x00007ffe63937000 	C:\Windows\System32\bcrypt.dll
0x00007ffe64e20000 - 0x00007ffe65563000 	C:\Windows\System32\SHELL32.dll
0x00007ffe51f30000 - 0x00007ffe51f44000 	F:\Xilinx\Vivado\2019.2\lib\win64.o\libboost_date_time.dll
0x00007ffe4dc30000 - 0x00007ffe4dcaf000 	F:\Xilinx\Vivado\2019.2\lib\win64.o\libboost_program_options.dll
0x00007ffe2f220000 - 0x00007ffe2f58e000 	F:\Xilinx\Vivado\2019.2\lib\win64.o\libCOIN-all.dll
0x00007ffe36a80000 - 0x00007ffe36b94000 	F:\Xilinx\Vivado\2019.2\lib\win64.o\libboost_regex.dll
0x00007ffe5c940000 - 0x00007ffe5c94b000 	F:\Xilinx\Vivado\2019.2\lib\win64.o\libboost_system.dll
0x00007ffe4e170000 - 0x00007ffe4e191000 	F:\Xilinx\Vivado\2019.2\lib\win64.o\libboost_thread.dll
0x00007ffe5c560000 - 0x00007ffe5c56f000 	F:\Xilinx\Vivado\2019.2\lib\win64.o\libboost_xilinx.dll
0x00007ffe47e70000 - 0x00007ffe47ef2000 	F:\Xilinx\Vivado\2019.2\lib\win64.o\libhdlpsolve.dll
0x00007ffe43d40000 - 0x00007ffe43de5000 	F:\Xilinx\Vivado\2019.2\lib\win64.o\libhdxml.dll
0x00007ffe4ce90000 - 0x00007ffe4cebe000 	F:\Xilinx\Vivado\2019.2\lib\win64.o\libisl_sysinfo.dll
0x00007ffe43b90000 - 0x00007ffe43bf5000 	F:\Xilinx\Vivado\2019.2\lib\win64.o\liblmx6.0.dll
0x00007ffe51b20000 - 0x00007ffe51b3a000 	F:\Xilinx\Vivado\2019.2\lib\win64.o\pthreadVC2.dll
0x00007ffe51a70000 - 0x00007ffe51a8c000 	F:\Xilinx\Vivado\2019.2\lib\win64.o\librdiconfig.dll
0x00007ffe4c9a0000 - 0x00007ffe4c9c1000 	F:\Xilinx\Vivado\2019.2\lib\win64.o\librdizlib.dll
0x0000000012000000 - 0x0000000012270000 	F:\Xilinx\Vivado\2019.2\lib\win64.o\xerces-c_3_1.dll
0x00007ffe2e340000 - 0x00007ffe2e61b000 	F:\Xilinx\Vivado\2019.2\lib\win64.o\libXil_lmgr11.dll
0x00007ffe64ba0000 - 0x00007ffe64c7a000 	C:\Windows\System32\COMDLG32.dll
0x00007ffe63dc0000 - 0x00007ffe64114000 	C:\Windows\System32\combase.dll
0x00007ffe64120000 - 0x00007ffe641cd000 	C:\Windows\System32\shcore.dll
0x00007ffe64530000 - 0x00007ffe64585000 	C:\Windows\System32\SHLWAPI.dll
0x00007ffe63c50000 - 0x00007ffe63d1d000 	C:\Windows\System32\OLEAUT32.dll
0x00007ffe51b00000 - 0x00007ffe51b19000 	C:\Windows\SYSTEM32\NETAPI32.dll
0x00007ffe656d0000 - 0x00007ffe657fa000 	C:\Windows\System32\ole32.dll
0x00007ffe2e620000 - 0x00007ffe2f21c200 	F:\Xilinx\Vivado\2019.2\lib\win64.o\libisl_iostreams.dll
0x00007ffe509b0000 - 0x00007ffe50e86000 	C:\Windows\SYSTEM32\WININET.dll
0x00007ffe63be0000 - 0x00007ffe63c49000 	C:\Windows\System32\WINTRUST.dll
0x00007ffe636a0000 - 0x00007ffe637f6000 	C:\Windows\System32\CRYPT32.dll
0x00007ffe57160000 - 0x00007ffe5726a000 	C:\Windows\SYSTEM32\WINHTTP.dll
0x00007ffe55b00000 - 0x00007ffe55cec000 	C:\Windows\SYSTEM32\urlmon.dll
0x00007ffe5ee00000 - 0x00007ffe5ee09000 	C:\Windows\SYSTEM32\WSOCK32.dll
0x00007ffe4c320000 - 0x00007ffe4c34e000 	C:\Windows\SYSTEM32\VCOMP140.DLL
0x00007ffe2d4a0000 - 0x00007ffe2e331000 	F:\Xilinx\Vivado\2019.2\lib\win64.o\gurobi65.dll
0x00007ffe5c4f0000 - 0x00007ffe5c4fd000 	F:\Xilinx\Vivado\2019.2\lib\win64.o\libboost_chrono.dll
0x00007ffe4fad0000 - 0x00007ffe4fb80000 	C:\Windows\WinSxS\amd64_microsoft.windows.common-controls_6595b64144ccf1df_5.82.19041.1110_none_792d1c772443f647\COMCTL32.dll
0x00007ffe5bdc0000 - 0x00007ffe5bddd000 	C:\Windows\SYSTEM32\dhcpcsvc.DLL
0x00007ffe4b6c0000 - 0x00007ffe4b6e5000 	F:\Xilinx\Vivado\2019.2\lib\win64.o\libisl_iosutils.dll
0x00007ffe4ecc0000 - 0x00007ffe4ecdb000 	F:\Xilinx\Vivado\2019.2\lib\win64.o\libboost_iostreams.dll
0x00007ffe57300000 - 0x00007ffe575b1000 	C:\Windows\SYSTEM32\iertutil.dll
0x00007ffe55ad0000 - 0x00007ffe55af8000 	C:\Windows\SYSTEM32\srvcli.dll
0x00007ffe627b0000 - 0x00007ffe627bc000 	C:\Windows\SYSTEM32\netutils.dll
0x00007ffe65a70000 - 0x00007ffe65aa0000 	C:\Windows\System32\IMM32.DLL
0x00007ffe62f00000 - 0x00007ffe62f12000 	C:\Windows\SYSTEM32\MSASN1.dll
0x00007ffe61220000 - 0x00007ffe61232000 	C:\Windows\SYSTEM32\kernel.appcore.dll
0x00007ffe2cf80000 - 0x00007ffe2d497000 	F:\Xilinx\Vivado\2019.2\lib\win64.o\librdi_commontasks.dll
0x00007ffe57000000 - 0x00007ffe5700a000 	C:\Windows\SYSTEM32\VERSION.dll
0x00007ffe2cc90000 - 0x00007ffe2cf73000 	F:\Xilinx\Vivado\2019.2\lib\win64.o\librdi_sio.dll
0x0000000053680000 - 0x00000000540a5000 	F:\Xilinx\Vivado\2019.2\tps\win64\jre9.0.4\bin\server\jvm.dll
0x00007ffe64b90000 - 0x00007ffe64b98000 	C:\Windows\System32\PSAPI.DLL
0x00007ffe62770000 - 0x00007ffe627ab000 	C:\Windows\SYSTEM32\IPHLPAPI.DLL
0x00007ffe50f30000 - 0x00007ffe50f57000 	C:\Windows\SYSTEM32\WINMM.dll
0x00007ffe36660000 - 0x00007ffe3674f000 	F:\Xilinx\Vivado\2019.2\tps\win64\jre9.0.4\bin\MSVCR120.dll
0x00007ffe62ad0000 - 0x00007ffe62b3a000 	C:\Windows\SYSTEM32\MSWSOCK.DLL
0x00007ffe61420000 - 0x00007ffe61bb5000 	C:\Windows\SYSTEM32\windows.storage.dll
0x00007ffe62d70000 - 0x00007ffe62da0000 	C:\Windows\SYSTEM32\Wldp.dll
0x00007ffe2a540000 - 0x00007ffe2cc85000 	F:\Xilinx\Vivado\2019.2\lib\win64.o\librdi_tcltasks.dll
0x00007ffe3a660000 - 0x00007ffe3a6db000 	F:\Xilinx\Vivado\2019.2\lib\win64.o\librdi_boarddep.dll
0x00007ffe29f20000 - 0x00007ffe2a072000 	F:\Xilinx\Vivado\2019.2\lib\win64.o\librdi_cd_client.dll
0x00007ffe2a080000 - 0x00007ffe2a534000 	F:\Xilinx\Vivado\2019.2\lib\win64.o\librdi_bitstream.dll
0x00007ffe31560000 - 0x00007ffe316fd000 	F:\Xilinx\Vivado\2019.2\lib\win64.o\librdi_board.dll
0x00007ffe363e0000 - 0x00007ffe364cf000 	F:\Xilinx\Vivado\2019.2\lib\win64.o\librdi_chipscope.dll
0x00007ffe29d60000 - 0x00007ffe29f20000 	F:\Xilinx\Vivado\2019.2\lib\win64.o\librdi_chipscopeimpl.dll
0x00007ffe26f00000 - 0x00007ffe27224000 	F:\Xilinx\Vivado\2019.2\lib\win64.o\librdi_containers.dll
0x00007ffe1fc30000 - 0x00007ffe20309000 	F:\Xilinx\Vivado\2019.2\lib\win64.o\librdi_coregenipxact.dll
0x00007ffe28280000 - 0x00007ffe29d5a000 	F:\Xilinx\Vivado\2019.2\lib\win64.o\librdi_constraints.dll
0x00007ffe26bb0000 - 0x00007ffe26efa000 	F:\Xilinx\Vivado\2019.2\lib\win64.o\librdi_dlyest.dll
0x00007ffe01ab0000 - 0x00007ffe05d7b000 	F:\Xilinx\Vivado\2019.2\lib\win64.o\librdi_designutils.dll
0x00007ffe05d80000 - 0x00007ffe07d70000 	F:\Xilinx\Vivado\2019.2\lib\win64.o\librdi_coregen.dll
0x00007ffe32b50000 - 0x00007ffe32c14000 	F:\Xilinx\Vivado\2019.2\lib\win64.o\librdi_dsp.dll
0x00007ffe16c40000 - 0x00007ffe16f50000 	F:\Xilinx\Vivado\2019.2\lib\win64.o\librdi_guitools.dll
0x00007ffe1e8a0000 - 0x00007ffe1ee6d000 	F:\Xilinx\Vivado\2019.2\lib\win64.o\librdi_drc.dll
0x00007ffe38200000 - 0x00007ffe3826a000 	F:\Xilinx\Vivado\2019.2\lib\win64.o\librdi_hdf.dll
0x00007ffdecf00000 - 0x00007ffe01aab000 	F:\Xilinx\Vivado\2019.2\lib\win64.o\librdi_device.dll
0x00007ffe28060000 - 0x00007ffe28280000 	F:\Xilinx\Vivado\2019.2\lib\win64.o\librdi_hip_devdesign.dll
0x00007ffdec890000 - 0x00007ffdecefb000 	F:\Xilinx\Vivado\2019.2\lib\win64.o\librdi_filemgmt.dll
0x00007ffe276a0000 - 0x00007ffe277e8000 	F:\Xilinx\Vivado\2019.2\lib\win64.o\librdi_hip_perf_analysis.dll
0x00007ffe34260000 - 0x00007ffe342d4000 	F:\Xilinx\Vivado\2019.2\lib\win64.o\librdi_memoryarray.dll
0x00007ffdeaae0000 - 0x00007ffdeb111000 	F:\Xilinx\Vivado\2019.2\lib\win64.o\librdi_memdata.dll
0x00007ffe49df0000 - 0x00007ffe49e3c000 	F:\Xilinx\Vivado\2019.2\lib\win64.o\librdi_pfi.dll
0x00007ffdeb120000 - 0x00007ffdec88d000 	F:\Xilinx\Vivado\2019.2\lib\win64.o\librdi_implflow.dll
0x00007ffde7620000 - 0x00007ffde7d03000 	F:\Xilinx\Vivado\2019.2\lib\win64.o\librdi_netlist.dll
0x00007ffe16050000 - 0x00007ffe1636b000 	F:\Xilinx\Vivado\2019.2\lib\win64.o\librdi_platform.dll
0x00007ffde3f80000 - 0x00007ffde453a000 	F:\Xilinx\Vivado\2019.2\lib\win64.o\librdi_project.dll
0x00007ffde4540000 - 0x00007ffde4d4b000 	F:\Xilinx\Vivado\2019.2\lib\win64.o\librdi_power.dll
0x00007ffde3170000 - 0x00007ffde3831000 	F:\Xilinx\Vivado\2019.2\lib\win64.o\librdi_rsb.dll
0x00007ffde3840000 - 0x00007ffde3f73000 	F:\Xilinx\Vivado\2019.2\lib\win64.o\librdi_psta.dll
0x00007ffe320a0000 - 0x00007ffe321a8000 	F:\Xilinx\Vivado\2019.2\lib\win64.o\librdi_runsbase.dll
0x00007ffe14960000 - 0x00007ffe14d83000 	F:\Xilinx\Vivado\2019.2\lib\win64.o\librdi_runs.dll
0x00007ffde2ef0000 - 0x00007ffde3165000 	F:\Xilinx\Vivado\2019.2\lib\win64.o\librdi_simdata.dll
0x00007ffe23b40000 - 0x00007ffe23ce0000 	F:\Xilinx\Vivado\2019.2\lib\win64.o\librdi_cd_protocol.dll
0x00007ffde4d50000 - 0x00007ffde7617000 	F:\Xilinx\Vivado\2019.2\lib\win64.o\librdi_place.dll
0x00007ffe1cb40000 - 0x00007ffe1cce1000 	F:\Xilinx\Vivado\2019.2\lib\win64.o\librdi_advchipscopeimpl.dll
0x00007ffde2060000 - 0x00007ffde2eed000 	F:\Xilinx\Vivado\2019.2\lib\win64.o\librdi_timing.dll
0x00007ffe48270000 - 0x00007ffe482bc000 	F:\Xilinx\Vivado\2019.2\lib\win64.o\libboost_serialization.dll
0x00007ffe31920000 - 0x00007ffe319f7000 	F:\Xilinx\Vivado\2019.2\lib\win64.o\librdi_ipconfig_readwrite.dll
0x00007ffe43cf0000 - 0x00007ffe43d3a000 	F:\Xilinx\Vivado\2019.2\lib\win64.o\librdi_noc_frameworks.dll
0x00007ffe31f30000 - 0x00007ffe31fce000 	F:\Xilinx\Vivado\2019.2\lib\win64.o\libise.dll
0x00007ffde7d10000 - 0x00007ffdeaadb000 	F:\Xilinx\Vivado\2019.2\lib\win64.o\librdi_mig.dll
0x00007ffe17220000 - 0x00007ffe17404000 	F:\Xilinx\Vivado\2019.2\lib\win64.o\librdi_hip_config.dll
0x00007ffde1b10000 - 0x00007ffde205e000 	F:\Xilinx\Vivado\2019.2\lib\win64.o\librdi_xdm.dll
0x00007ffe43b40000 - 0x00007ffe43b8a000 	F:\Xilinx\Vivado\2019.2\lib\win64.o\librdi_wavedata_SimpleApi.dll
0x00007ffde0fc0000 - 0x00007ffde1b07000 	F:\Xilinx\Vivado\2019.2\lib\win64.o\libverific.dll

VM Arguments:
jvm_args: -Dsun.java2d.pmoffscreen=false -Dsun.java2d.xrender=false -Dsun.java2d.d3d=false -Dsun.awt.nopixfmt=true -Dsun.java2d.dpiaware=true -Dsun.java2d.uiScale.enabled=false -Xverify:none -Dswing.aatext=true -XX:-UsePerfData -Djdk.map.althashing.threshold=512 -XX:StringTableSize=4072 --add-opens=java.base/java.nio=ALL-UNNAMED --add-opens=java.desktop/sun.swing=ALL-UNNAMED --add-opens=java.desktop/javax.swing=ALL-UNNAMED --add-opens=java.desktop/javax.swing.tree=ALL-UNNAMED --add-opens=java.desktop/javax.swing.plaf.basic=ALL-UNNAMED --add-opens=java.desktop/javax.swing.plaf.synth=ALL-UNNAMED --add-opens=java.desktop/com.sun.awt=ALL-UNNAMED -XX:NewSize=60m -XX:MaxNewSize=60m -Xms128m -Xmx3072m -Xss5m 
java_command: <unknown>
java_class_path (initial): F:/Xilinx/Vivado/2019.2\lib\classes\alloy.jar;F:/Xilinx/Vivado/2019.2\lib\classes\autoesl-common.jar;F:/Xilinx/Vivado/2019.2\lib\classes\autoesl-models.jar;F:/Xilinx/Vivado/2019.2\lib\classes\autoesl-report.jar;F:/Xilinx/Vivado/2019.2\lib\classes\autopilot.scelaborator.jar;F:/Xilinx/Vivado/2019.2\lib\classes\autopilot.sourceprocessor.jar;F:/Xilinx/Vivado/2019.2\lib\classes\autopilot.tbprocessor.jar;F:/Xilinx/Vivado/2019.2\lib\classes\batik-anim.jar;F:/Xilinx/Vivado/2019.2\lib\classes\batik-awt-util.jar;F:/Xilinx/Vivado/2019.2\lib\classes\batik-bridge.jar;F:/Xilinx/Vivado/2019.2\lib\classes\batik-codec.jar;F:/Xilinx/Vivado/2019.2\lib\classes\batik-css.jar;F:/Xilinx/Vivado/2019.2\lib\classes\batik-dom.jar;F:/Xilinx/Vivado/2019.2\lib\classes\batik-ext.jar;F:/Xilinx/Vivado/2019.2\lib\classes\batik-gui-util.jar;F:/Xilinx/Vivado/2019.2\lib\classes\batik-gvt.jar;F:/Xilinx/Vivado/2019.2\lib\classes\batik-parser.jar;F:/Xilinx/Vivado/2019.2\lib\classes\batik-script.jar;F:/Xilinx/Vivado/2019.2\lib\classes\batik-svg-dom.jar;F:/Xilinx/Vivado/2019.2\lib\classes\batik-swing.jar;F:/Xilinx/Vivado/2019.2\lib\classes\batik-transcoder.jar;F:/Xilinx/Vivado/2019.2\lib\classes\batik-util.jar;F:/Xilinx/Vivado/2019.2\lib\classes\batik-xml.jar;F:/Xilinx/Vivado/2019.2\lib\classes\com.google.gson_2.7.0.v20170129-0911.jar;F:/Xilinx/Vivado/2019.2\lib\classes\com.google.guava_21.0.0.v20170206-1425.jar;F:/Xilinx/Vivado/2019.2\lib\classes\com.ibm.icu_4.4.2.v20110208.jar;F:/Xilinx/Vivado/2019.2\lib\classes\com.sigasi.hdt.connection_4.5.0.201909241521.jar;F:/Xilinx/Vivado/2019.2\lib\classes\com.sigasi.hdt.epl_4.5.0.201909241521.jar;F:/Xilinx/Vivado/2019.2\lib\classes\com.sigasi.hdt.project_4.5.0.201909241521.jar;F:/Xilinx/Vivado/2019.2\lib\classes\com.sigasi.hdt.readonlyfilesystem_4.5.0.201909241521.jar;F:/Xilinx/Vivado/2019.2\lib\classes\com.sigasi.lcm_4.5.0.201909241521.jar;F:/Xilinx/Vivado/2019.2\lib\classes\com.sigasi.sdk.client_4.5.0.201909241521.jar;F:/Xilinx/Vivado
Launcher Type: generic

Logging:
Log output configuration:
#0: stdout all=warning uptime,level,tags
#1: stderr all=off uptime,level,tags

Environment Variables:
JAVA_HOME=F:\SpinalHDL\jdk-19
PATH=F:/Xilinx/Vivado/2019.2\gnuwin\bin;F:/Xilinx/Vivado/2019.2\gnu\microblaze\nt\bin;F:/Xilinx/Vivado/2019.2/bin;F:/Xilinx/Vivado/2019.2/lib/win64.o;F:/Xilinx/Vivado/2019.2/tps/win64/jre9.0.4/bin/server;F:/Xilinx/Vivado/2019.2/tps/win64/jre9.0.4/bin;F:/Xilinx/Vitis/2019.2/bin;F:/Xilinx/Vivado/2019.2/ids_lite/ISE/bin/nt64;F:/Xilinx/Vivado/2019.2/ids_lite/ISE/lib/nt64;C:\Program Files\Common Files\Oracle\Java\javapath;F:\VMware\VMware Workstation\bin\;C:\Windows\system32;C:\Windows;C:\Windows\System32\Wbem;C:\Windows\System32\WindowsPowerShell\v1.0\;C:\Windows\System32\OpenSSH\;F:\MATLAB\R2021a\bin;F:\Captura\ffmpeg\bin;F:\Git\cmd;F:\SpinalHDL\sbt\bin;F:\SpinalHDL\sbt_1.8.0\bin;F:\SpinalHDL\jdk-19\bin;F:\SpinalHDL\jdk-19\jre\bin;F:\Python\Python311\Scripts\;F:\Python\Python311\;C:\Users\Yuhan He\AppData\Local\Microsoft\WindowsApps;C:\Users\Yuhan He\AppData\Local\Programs\Microsoft VS Code\bin;F:\texlive\2021\bin\win32;F:\Modelsim\win64;F:\Bandizip\;F:\msys64\usr\bin;F:\msys64\mingw64\bin;F:\IntelliJ IDEA 2022.1.3\bin;;F:/Xilinx/Vivado/2019.2\tps\mingw\6.2.0\win64.o\nt\bin;F:/Xilinx/Vivado/2019.2\tps\mingw\6.2.0\win64.o\nt\libexec\gcc\x86_64-w64-mingw32\6.2.0;F:/Xilinx/Vivado/2019.2\tps\win64\python-2.7.5;F:/Xilinx/Vivado/2019.2\tps\win64\python-2.7.5\bin;F:/Xilinx/Vivado/2019.2\tps\win64\python-2.7.5\lib;F:/Xilinx/Vivado/2019.2\tps\win64\python-2.7.5\Lib\lib-tk;F:/Xilinx/Vivado/2019.2\tps\win64\python-2.7.5\lib\site-packages
USERNAME=Yuhan He
OS=Windows_NT
PROCESSOR_IDENTIFIER=Intel64 Family 6 Model 94 Stepping 3, GenuineIntel



---------------  S Y S T E M  ---------------

OS: Windows 10 , 64 bit Build 19041 (10.0.19041.1889)

CPU:total 8 (initial active 8) (4 cores per cpu, 2 threads per core) family 6 model 94 stepping 3, cmov, cx8, fxsr, mmx, sse, sse2, sse3, ssse3, sse4.1, sse4.2, popcnt, avx, avx2, aes, clmul, erms, rtm, 3dnowpref, lzcnt, ht, tsc, tscinvbit, bmi1, bmi2, adx, fma

Memory: 4k page, physical 33441912k(19998972k free), swap 38422648k(22631620k free)

vm_info: Java HotSpot(TM) 64-Bit Server VM (9.0.4+11) for windows-amd64 JRE (9.0.4+11), built on Dec 20 2017 02:18:54 by "mach5one" with MS VC++ 12.0 (VS2013)

END.
